Mono path[0] = '/home/andrei/Duaro_ws/Unity_env/exe-env/env8/env8_Data/Managed'
Mono config path = '/home/andrei/Duaro_ws/Unity_env/exe-env/env8/env8_Data/MonoBleedingEdge/etc'
PlayerConnection initialized from /home/andrei/Duaro_ws/Unity_env/exe-env/env8/env8_Data (debug = 0)
PlayerConnection initialized network socket : 0.0.0.0 55003
Multi-casting "[IP] 172.26.51.175 [Port] 55003 [Flags] 2 [Guid] 992691055 [EditorId] 4113913451 [Version] 1048832 [Id] LinuxPlayer(172.26.51.175) [Debug] 0 [PackageName] LinuxPlayer [ProjectName] Duaro" to [225.0.0.222:54997]...
Started listening to [0.0.0.0:55003]
Preloaded 'lib_burst_generated.so'
Preloaded 'libassimp.so'
Preloaded 'libgrpc_csharp_ext.x64.so'
Preloaded 'liblibvhacd.so'
PlayerConnection already initialized - listening to [0.0.0.0:55003]
Initialize engine version: 2020.3.29f1 (2ff179115da0)
[Subsystems] Discovering subsystems at path /home/andrei/Duaro_ws/Unity_env/exe-env/env8/env8_Data/UnitySubsystems
Forcing GfxDevice: Null
GfxDevice: creating device client; threaded=0
NullGfxDevice:
    Version:  NULL 1.0 [1.0]
    Renderer: Null Device
    Vendor:   Unity Technologies
ALSA lib pcm_dmix.c:1089:(snd_pcm_dmix_open) unable to open slave
FMOD failed to initialize the output device.: "Error initializing output device. " (60)
Forced to initialize FMOD to to the device driver's system output rate 48000, this may impact performance and/or give inconsistent experiences compared to selected sample rate 48000
ALSA lib pcm_dmix.c:1089:(snd_pcm_dmix_open) unable to open slave
FMOD failed to initialize the output device.: "Error initializing output device. " (60)
FMOD initialized on nosound output
Caught fatal signal - signo:11 code:1 errno:0 addr:0x28
/proc/self/maps:
00200000-00201000 r--p 00000000 08:02 1859291                            /home/andrei/Duaro_ws/Unity_env/exe-env/env8/env8.x86_64
00201000-00202000 r-xp 00001000 08:02 1859291                            /home/andrei/Duaro_ws/Unity_env/exe-env/env8/env8.x86_64
00202000-00203000 r--p 00002000 08:02 1859291                            /home/andrei/Duaro_ws/Unity_env/exe-env/env8/env8.x86_64
00203000-00204000 rw-p 00003000 08:02 1859291                            /home/andrei/Duaro_ws/Unity_env/exe-env/env8/env8.x86_64
01689000-01aba000 rw-p 00000000 00:00 0                                  [heap]
405d8000-405e8000 rwxp 00000000 00:00 0 
410b1000-410c1000 rwxp 00000000 00:00 0 
7fe290000000-7fe291000000 rw-p 00000000 00:00 0 
7fe291000000-7fe2a0000000 ---p 00000000 00:00 0 
7fe2a8000000-7fe2a8021000 rw-p 00000000 00:00 0 
7fe2a8021000-7fe2ac000000 ---p 00000000 00:00 0 
7fe2ac7f1000-7fe2ac7f2000 ---p 00000000 00:00 0 
7fe2ac7f2000-7fe2acff2000 rw-p 00000000 00:00 0 
7fe2acff2000-7fe2acff3000 ---p 00000000 00:00 0 
7fe2acff3000-7fe2ad7f3000 rw-p 00000000 00:00 0 
7fe2ad7f3000-7fe2ad7f4000 ---p 00000000 00:00 0 
7fe2ad7f4000-7fe2adff4000 rw-p 00000000 00:00 0 
7fe2adff4000-7fe2adff5000 ---p 00000000 00:00 0 
7fe2adff5000-7fe2ae7f5000 rw-p 00000000 00:00 0 
7fe2ae7f5000-7fe2ae7f6000 ---p 00000000 00:00 0 
7fe2ae7f6000-7fe2aeff6000 rw-p 00000000 00:00 0 
7fe2aeff6000-7fe2aeff7000 ---p 00000000 00:00 0 
7fe2aeff7000-7fe2af7f7000 rw-p 00000000 00:00 0 
7fe2af7f7000-7fe2af7f8000 ---p 00000000 00:00 0 
7fe2af7f8000-7fe2afff8000 rw-p 00000000 00:00 0 
7fe2afff8000-7fe2afff9000 ---p 00000000 00:00 0 
7fe2afff9000-7fe2b07f9000 rw-p 00000000 00:00 0 
7fe2b07f9000-7fe2b07fa000 ---p 00000000 00:00 0 
7fe2b07fa000-7fe2b0ffa000 rw-p 00000000 00:00 0 
7fe2b0ffa000-7fe2b0ffb000 ---p 00000000 00:00 0 
7fe2b0ffb000-7fe2b17fb000 rw-p 00000000 00:00 0 
7fe2b17fb000-7fe2b17fc000 ---p 00000000 00:00 0 
7fe2b17fc000-7fe2b1ffc000 rw-p 00000000 00:00 0 
7fe2b1ffc000-7fe2b1ffd000 ---p 00000000 00:00 0 
7fe2b1ffd000-7fe2b27fd000 rw-p 00000000 00:00 0 
7fe2b27fd000-7fe2b27fe000 ---p 00000000 00:00 0 
7fe2b27fe000-7fe2b2ffe000 rw-p 00000000 00:00 0 
7fe2b2ffe000-7fe2b2fff000 ---p 00000000 00:00 0 
7fe2b2fff000-7fe2b37ff000 rw-p 00000000 00:00 0 
7fe2b37ff000-7fe2b3800000 ---p 00000000 00:00 0 
7fe2b3800000-7fe2b4000000 rw-p 00000000 00:00 0 
7fe2b4000000-7fe2b4021000 rw-p 00000000 00:00 0 
7fe2b4021000-7fe2b8000000 ---p 00000000 00:00 0 
7fe2b85fd000-7fe2b85fe000 ---p 00000000 00:00 0 
7fe2b85fe000-7fe2b86fe000 rw-p 00000000 00:00 0 
7fe2b86fe000-7fe2b8728000 r--p 00000000 08:02 8915485                    /usr/lib/x86_64-linux-gnu/libasound.so.2.0.0
7fe2b8728000-7fe2b87b7000 r-xp 0002a000 08:02 8915485                    /usr/lib/x86_64-linux-gnu/libasound.so.2.0.0
7fe2b87b7000-7fe2b87f1000 r--p 000b9000 08:02 8915485                    /usr/lib/x86_64-linux-gnu/libasound.so.2.0.0
7fe2b87f1000-7fe2b87f8000 r--p 000f2000 08:02 8915485                    /usr/lib/x86_64-linux-gnu/libasound.so.2.0.0
7fe2b87f8000-7fe2b87f9000 rw-p 000f9000 08:02 8915485                    /usr/lib/x86_64-linux-gnu/libasound.so.2.0.0
7fe2b87f9000-7fe2b87fa000 ---p 00000000 00:00 0 
7fe2b87fa000-7fe2b8ffa000 rw-p 00000000 00:00 0 
7fe2b8ffa000-7fe2b8ffb000 ---p 00000000 00:00 0 
7fe2b8ffb000-7fe2b97fb000 rw-p 00000000 00:00 0 
7fe2b97fb000-7fe2b97fc000 ---p 00000000 00:00 0 
7fe2b97fc000-7fe2b9ffc000 rw-p 00000000 00:00 0 
7fe2b9ffc000-7fe2b9ffd000 ---p 00000000 00:00 0 
7fe2b9ffd000-7fe2ba7fd000 rw-p 00000000 00:00 0 
7fe2ba7fd000-7fe2ba7fe000 ---p 00000000 00:00 0 
7fe2ba7fe000-7fe2baffe000 rw-p 00000000 00:00 0 
7fe2baffe000-7fe2bafff000 ---p 00000000 00:00 0 
7fe2bafff000-7fe2bb7ff000 rw-p 00000000 00:00 0 
7fe2bb7ff000-7fe2bb800000 ---p 00000000 00:00 0 
7fe2bb800000-7fe2bc000000 rw-p 00000000 00:00 0 
7fe2bc000000-7fe2bc021000 rw-p 00000000 00:00 0 
7fe2bc021000-7fe2c0000000 ---p 00000000 00:00 0 
7fe2c0000000-7fe2c0021000 rw-p 00000000 00:00 0 
7fe2c0021000-7fe2c4000000 ---p 00000000 00:00 0 
7fe2c4000000-7fe2c4021000 rw-p 00000000 00:00 0 
7fe2c4021000-7fe2c8000000 ---p 00000000 00:00 0 
7fe2c80c0000-7fe2c80c4000 r--p 00000000 08:02 8920851                    /usr/lib/x86_64-linux-gnu/libgpg-error.so.0.28.0
7fe2c80c4000-7fe2c80d7000 r-xp 00004000 08:02 8920851                    /usr/lib/x86_64-linux-gnu/libgpg-error.so.0.28.0
7fe2c80d7000-7fe2c80e1000 r--p 00017000 08:02 8920851                    /usr/lib/x86_64-linux-gnu/libgpg-error.so.0.28.0
7fe2c80e1000-7fe2c80e2000 r--p 00020000 08:02 8920851                    /usr/lib/x86_64-linux-gnu/libgpg-error.so.0.28.0
7fe2c80e2000-7fe2c80e3000 rw-p 00021000 08:02 8920851                    /usr/lib/x86_64-linux-gnu/libgpg-error.so.0.28.0
7fe2c80e3000-7fe2c80e7000 r--p 00000000 08:02 8914186                    /usr/lib/x86_64-linux-gnu/libresolv-2.31.so
7fe2c80e7000-7fe2c80f7000 r-xp 00004000 08:02 8914186                    /usr/lib/x86_64-linux-gnu/libresolv-2.31.so
7fe2c80f7000-7fe2c80fb000 r--p 00014000 08:02 8914186                    /usr/lib/x86_64-linux-gnu/libresolv-2.31.so
7fe2c80fb000-7fe2c80fc000 r--p 00017000 08:02 8914186                    /usr/lib/x86_64-linux-gnu/libresolv-2.31.so
7fe2c80fc000-7fe2c80fd000 rw-p 00018000 08:02 8914186                    /usr/lib/x86_64-linux-gnu/libresolv-2.31.so
7fe2c80fd000-7fe2c80ff000 rw-p 00000000 00:00 0 
7fe2c80ff000-7fe2c8113000 r--p 00000000 08:02 8921695                    /usr/lib/x86_64-linux-gnu/libvorbisenc.so.2.0.11
7fe2c8113000-7fe2c8116000 r-xp 00014000 08:02 8921695                    /usr/lib/x86_64-linux-gnu/libvorbisenc.so.2.0.11
7fe2c8116000-7fe2c818d000 r--p 00017000 08:02 8921695                    /usr/lib/x86_64-linux-gnu/libvorbisenc.so.2.0.11
7fe2c818d000-7fe2c81a9000 r--p 0008d000 08:02 8921695                    /usr/lib/x86_64-linux-gnu/libvorbisenc.so.2.0.11
7fe2c81a9000-7fe2c81aa000 rw-p 000a9000 08:02 8921695                    /usr/lib/x86_64-linux-gnu/libvorbisenc.so.2.0.11
7fe2c81aa000-7fe2c81ad000 r--p 00000000 08:02 8921693                    /usr/lib/x86_64-linux-gnu/libvorbis.so.0.4.8
7fe2c81ad000-7fe2c81c4000 r-xp 00003000 08:02 8921693                    /usr/lib/x86_64-linux-gnu/libvorbis.so.0.4.8
7fe2c81c4000-7fe2c81d5000 r--p 0001a000 08:02 8921693                    /usr/lib/x86_64-linux-gnu/libvorbis.so.0.4.8
7fe2c81d5000-7fe2c81d6000 ---p 0002b000 08:02 8921693                    /usr/lib/x86_64-linux-gnu/libvorbis.so.0.4.8
7fe2c81d6000-7fe2c81d7000 r--p 0002b000 08:02 8921693                    /usr/lib/x86_64-linux-gnu/libvorbis.so.0.4.8
7fe2c81d7000-7fe2c81d8000 rw-p 0002c000 08:02 8921693                    /usr/lib/x86_64-linux-gnu/libvorbis.so.0.4.8
7fe2c81d8000-7fe2c81e0000 r--p 00000000 08:02 8920258                    /usr/lib/x86_64-linux-gnu/libFLAC.so.8.3.0
7fe2c81e0000-7fe2c8209000 r-xp 00008000 08:02 8920258                    /usr/lib/x86_64-linux-gnu/libFLAC.so.8.3.0
7fe2c8209000-7fe2c8213000 r--p 00031000 08:02 8920258                    /usr/lib/x86_64-linux-gnu/libFLAC.so.8.3.0
7fe2c8213000-7fe2c8214000 ---p 0003b000 08:02 8920258                    /usr/lib/x86_64-linux-gnu/libFLAC.so.8.3.0
7fe2c8214000-7fe2c8215000 r--p 0003b000 08:02 8920258                    /usr/lib/x86_64-linux-gnu/libFLAC.so.8.3.0
7fe2c8215000-7fe2c8216000 rw-p 0003c000 08:02 8920258                    /usr/lib/x86_64-linux-gnu/libFLAC.so.8.3.0
7fe2c8216000-7fe2c821a000 r--p 00000000 08:02 8914027                    /usr/lib/x86_64-linux-gnu/libnsl-2.31.so
7fe2c821a000-7fe2c822a000 r-xp 00004000 08:02 8914027                    /usr/lib/x86_64-linux-gnu/libnsl-2.31.so
7fe2c822a000-7fe2c822f000 r--p 00014000 08:02 8914027                    /usr/lib/x86_64-linux-gnu/libnsl-2.31.so
7fe2c822f000-7fe2c8230000 r--p 00018000 08:02 8914027                    /usr/lib/x86_64-linux-gnu/libnsl-2.31.so
7fe2c8230000-7fe2c8231000 rw-p 00019000 08:02 8914027                    /usr/lib/x86_64-linux-gnu/libnsl-2.31.so
7fe2c8231000-7fe2c8233000 rw-p 00000000 00:00 0 
7fe2c8233000-7fe2c823f000 r--p 00000000 08:02 8913669                    /usr/lib/x86_64-linux-gnu/libgcrypt.so.20.2.5
7fe2c823f000-7fe2c830d000 r-xp 0000c000 08:02 8913669                    /usr/lib/x86_64-linux-gnu/libgcrypt.so.20.2.5
7fe2c830d000-7fe2c834a000 r--p 000da000 08:02 8913669                    /usr/lib/x86_64-linux-gnu/libgcrypt.so.20.2.5
7fe2c834a000-7fe2c834c000 r--p 00116000 08:02 8913669                    /usr/lib/x86_64-linux-gnu/libgcrypt.so.20.2.5
7fe2c834c000-7fe2c8351000 rw-p 00118000 08:02 8913669                    /usr/lib/x86_64-linux-gnu/libgcrypt.so.20.2.5
7fe2c8351000-7fe2c8353000 r--p 00000000 08:02 8921116                    /usr/lib/x86_64-linux-gnu/liblz4.so.1.9.2
7fe2c8353000-7fe2c836d000 r-xp 00002000 08:02 8921116                    /usr/lib/x86_64-linux-gnu/liblz4.so.1.9.2
7fe2c836d000-7fe2c8370000 r--p 0001c000 08:02 8921116                    /usr/lib/x86_64-linux-gnu/liblz4.so.1.9.2
7fe2c8370000-7fe2c8371000 r--p 0001e000 08:02 8921116                    /usr/lib/x86_64-linux-gnu/liblz4.so.1.9.2
7fe2c8371000-7fe2c8372000 rw-p 0001f000 08:02 8921116                    /usr/lib/x86_64-linux-gnu/liblz4.so.1.9.2
7fe2c8372000-7fe2c8377000 r-xp 00000000 08:02 8920382                    /usr/lib/x86_64-linux-gnu/libasyncns.so.0.3.1
7fe2c8377000-7fe2c8576000 ---p 00005000 08:02 8920382                    /usr/lib/x86_64-linux-gnu/libasyncns.so.0.3.1
7fe2c8576000-7fe2c8577000 r--p 00004000 08:02 8920382                    /usr/lib/x86_64-linux-gnu/libasyncns.so.0.3.1
7fe2c8577000-7fe2c8578000 rw-p 00005000 08:02 8920382                    /usr/lib/x86_64-linux-gnu/libasyncns.so.0.3.1
7fe2c8578000-7fe2c857f000 r--p 00000000 08:02 8921524                    /usr/lib/x86_64-linux-gnu/libsndfile.so.1.0.28
7fe2c857f000-7fe2c85d2000 r-xp 00007000 08:02 8921524                    /usr/lib/x86_64-linux-gnu/libsndfile.so.1.0.28
7fe2c85d2000-7fe2c85ef000 r--p 0005a000 08:02 8921524                    /usr/lib/x86_64-linux-gnu/libsndfile.so.1.0.28
7fe2c85ef000-7fe2c85f0000 ---p 00077000 08:02 8921524                    /usr/lib/x86_64-linux-gnu/libsndfile.so.1.0.28
7fe2c85f0000-7fe2c85f3000 r--p 00077000 08:02 8921524                    /usr/lib/x86_64-linux-gnu/libsndfile.so.1.0.28
7fe2c85f3000-7fe2c85f4000 rw-p 0007a000 08:02 8921524                    /usr/lib/x86_64-linux-gnu/libsndfile.so.1.0.28
7fe2c85f4000-7fe2c85f6000 rw-p 00000000 00:00 0 
7fe2c85f6000-7fe2c8606000 r--p 00000000 08:02 8913004                    /usr/lib/x86_64-linux-gnu/libsystemd.so.0.28.0
7fe2c8606000-7fe2c867b000 r-xp 00010000 08:02 8913004                    /usr/lib/x86_64-linux-gnu/libsystemd.so.0.28.0
7fe2c867b000-7fe2c86a0000 r--p 00085000 08:02 8913004                    /usr/lib/x86_64-linux-gnu/libsystemd.so.0.28.0
7fe2c86a0000-7fe2c86a3000 r--p 000a9000 08:02 8913004                    /usr/lib/x86_64-linux-gnu/libsystemd.so.0.28.0
7fe2c86a3000-7fe2c86a4000 rw-p 000ac000 08:02 8913004                    /usr/lib/x86_64-linux-gnu/libsystemd.so.0.28.0
7fe2c86a4000-7fe2c86a5000 rw-p 00000000 00:00 0 
7fe2c86a5000-7fe2c86b0000 r--p 00000000 08:02 8920573                    /usr/lib/x86_64-linux-gnu/libdbus-1.so.3.19.11
7fe2c86b0000-7fe2c86de000 r-xp 0000b000 08:02 8920573                    /usr/lib/x86_64-linux-gnu/libdbus-1.so.3.19.11
7fe2c86de000-7fe2c86f3000 r--p 00039000 08:02 8920573                    /usr/lib/x86_64-linux-gnu/libdbus-1.so.3.19.11
7fe2c86f3000-7fe2c86f4000 ---p 0004e000 08:02 8920573                    /usr/lib/x86_64-linux-gnu/libdbus-1.so.3.19.11
7fe2c86f4000-7fe2c86f5000 r--p 0004e000 08:02 8920573                    /usr/lib/x86_64-linux-gnu/libdbus-1.so.3.19.11
7fe2c86f5000-7fe2c86f6000 rw-p 0004f000 08:02 8920573                    /usr/lib/x86_64-linux-gnu/libdbus-1.so.3.19.11
7fe2c86f6000-7fe2c86f7000 ---p 00000000 00:00 0 
7fe2c86f7000-7fe2c8ef7000 rw-p 00000000 00:00 0 
7fe2c8ef7000-7fe2c8ef8000 ---p 00000000 00:00 0 
7fe2c8ef8000-7fe2c96f8000 rw-p 00000000 00:00 0 
7fe2c96f8000-7fe2c96f9000 ---p 00000000 00:00 0 
7fe2c96f9000-7fe2c9ef9000 rw-p 00000000 00:00 0 
7fe2c9ef9000-7fe2c9efa000 ---p 00000000 00:00 0 
7fe2c9efa000-7fe2ca6fa000 rw-p 00000000 00:00 0 
7fe2ca6fa000-7fe2ca6fb000 ---p 00000000 00:00 0 
7fe2ca6fb000-7fe2caefb000 rw-p 00000000 00:00 0 
7fe2caefb000-7fe2caefc000 ---p 00000000 00:00 0 
7fe2caefc000-7fe2cb6fc000 rw-p 00000000 00:00 0 
7fe2cb6fc000-7fe2cb79b000 r-xp 00000000 08:02 1859287                    /home/andrei/Duaro_ws/Unity_env/exe-env/env8/env8_Data/Plugins/liblibvhacd.so
7fe2cb79b000-7fe2cb99b000 ---p 0009f000 08:02 1859287                    /home/andrei/Duaro_ws/Unity_env/exe-env/env8/env8_Data/Plugins/liblibvhacd.so
7fe2cb99b000-7fe2cb99c000 r--p 0009f000 08:02 1859287                    /home/andrei/Duaro_ws/Unity_env/exe-env/env8/env8_Data/Plugins/liblibvhacd.so
7fe2cb99c000-7fe2cb99f000 rw-p 000a0000 08:02 1859287                    /home/andrei/Duaro_ws/Unity_env/exe-env/env8/env8_Data/Plugins/liblibvhacd.so
7fe2cb99f000-7fe2cbbd4000 r-xp 00000000 08:02 1859288                    /home/andrei/Duaro_ws/Unity_env/exe-env/env8/env8_Data/Plugins/libgrpc_csharp_ext.x64.so
7fe2cbbd4000-7fe2cbdd4000 ---p 00235000 08:02 1859288                    /home/andrei/Duaro_ws/Unity_env/exe-env/env8/env8_Data/Plugins/libgrpc_csharp_ext.x64.so
7fe2cbdd4000-7fe2cbdef000 rw-p 00235000 08:02 1859288                    /home/andrei/Duaro_ws/Unity_env/exe-env/env8/env8_Data/Plugins/libgrpc_csharp_ext.x64.so
7fe2cbdef000-7fe2cbdf5000 rw-p 00000000 00:00 0 
7fe2cbdf5000-7fe2cbdff000 r-xp 00000000 08:02 8922868                    /usr/lib/x86_64-linux-gnu/libminizip.so.1.0.0
7fe2cbdff000-7fe2cbffe000 ---p 0000a000 08:02 8922868                    /usr/lib/x86_64-linux-gnu/libminizip.so.1.0.0
7fe2cbffe000-7fe2cbfff000 r--p 00009000 08:02 8922868                    /usr/lib/x86_64-linux-gnu/libminizip.so.1.0.0
7fe2cbfff000-7fe2cc000000 rw-p 0000a000 08:02 8922868                    /usr/lib/x86_64-linux-gnu/libminizip.so.1.0.0
7fe2cc000000-7fe2cc021000 rw-p 00000000 00:00 0 
7fe2cc021000-7fe2d0000000 ---p 00000000 00:00 0 
7fe2d0000000-7fe2d0021000 rw-p 00000000 00:00 0 
7fe2d0021000-7fe2d4000000 ---p 00000000 00:00 0 
7fe2d4000000-7fe2d4021000 rw-p 00000000 00:00 0 
7fe2d4021000-7fe2d8000000 ---p 00000000 00:00 0 
7fe2d8000000-7fe2d8021000 rw-p 00000000 00:00 0 
7fe2d8021000-7fe2dc000000 ---p 00000000 00:00 0 
7fe2dc000000-7fe2dc021000 rw-p 00000000 00:00 0 
7fe2dc021000-7fe2e0000000 ---p 00000000 00:00 0 
7fe2e0000000-7fe2e0021000 rw-p 00000000 00:00 0 
7fe2e0021000-7fe2e4000000 ---p 00000000 00:00 0 
7fe2e4000000-7fe2e4021000 rw-p 00000000 00:00 0 
7fe2e4021000-7fe2e8000000 ---p 00000000 00:00 0 
7fe2e8000000-7fe2e8021000 rw-p 00000000 00:00 0 
7fe2e8021000-7fe2ec000000 ---p 00000000 00:00 0 
7fe2ec00b000-7fe2ec00e000 r--p 00000000 08:02 8923942                    /usr/lib/x86_64-linux-gnu/liblzma.so.5.2.4
7fe2ec00e000-7fe2ec026000 r-xp 00003000 08:02 8923942                    /usr/lib/x86_64-linux-gnu/liblzma.so.5.2.4
7fe2ec026000-7fe2ec031000 r--p 0001b000 08:02 8923942                    /usr/lib/x86_64-linux-gnu/liblzma.so.5.2.4
7fe2ec031000-7fe2ec032000 ---p 00026000 08:02 8923942                    /usr/lib/x86_64-linux-gnu/liblzma.so.5.2.4
7fe2ec032000-7fe2ec033000 r--p 00026000 08:02 8923942                    /usr/lib/x86_64-linux-gnu/liblzma.so.5.2.4
7fe2ec033000-7fe2ec034000 rw-p 00027000 08:02 8923942                    /usr/lib/x86_64-linux-gnu/liblzma.so.5.2.4
7fe2ec034000-7fe2ec045000 r--p 00000000 08:02 9568377                    /usr/lib/x86_64-linux-gnu/pulseaudio/libpulsecommon-13.99.so
7fe2ec045000-7fe2ec08d000 r-xp 00011000 08:02 9568377                    /usr/lib/x86_64-linux-gnu/pulseaudio/libpulsecommon-13.99.so
7fe2ec08d000-7fe2ec0b2000 r--p 00059000 08:02 9568377                    /usr/lib/x86_64-linux-gnu/pulseaudio/libpulsecommon-13.99.so
7fe2ec0b2000-7fe2ec0b3000 ---p 0007e000 08:02 9568377                    /usr/lib/x86_64-linux-gnu/pulseaudio/libpulsecommon-13.99.so
7fe2ec0b3000-7fe2ec0b5000 r--p 0007e000 08:02 9568377                    /usr/lib/x86_64-linux-gnu/pulseaudio/libpulsecommon-13.99.so
7fe2ec0b5000-7fe2ec0b6000 rw-p 00080000 08:02 9568377                    /usr/lib/x86_64-linux-gnu/pulseaudio/libpulsecommon-13.99.so
7fe2ec0b6000-7fe2ec0c2000 r--p 00000000 08:02 8913770                    /usr/lib/x86_64-linux-gnu/libpulse.so.0.21.2
7fe2ec0c2000-7fe2ec0f2000 r-xp 0000c000 08:02 8913770                    /usr/lib/x86_64-linux-gnu/libpulse.so.0.21.2
7fe2ec0f2000-7fe2ec108000 r--p 0003c000 08:02 8913770                    /usr/lib/x86_64-linux-gnu/libpulse.so.0.21.2
7fe2ec108000-7fe2ec10a000 r--p 00051000 08:02 8913770                    /usr/lib/x86_64-linux-gnu/libpulse.so.0.21.2
7fe2ec10a000-7fe2ec10b000 rw-p 00053000 08:02 8913770                    /usr/lib/x86_64-linux-gnu/libpulse.so.0.21.2
7fe2ec10b000-7fe2ec114000 r--p 00000000 08:02 8920849                    /usr/lib/x86_64-linux-gnu/libgomp.so.1.0.0
7fe2ec114000-7fe2ec13f000 r-xp 00009000 08:02 8920849                    /usr/lib/x86_64-linux-gnu/libgomp.so.1.0.0
7fe2ec13f000-7fe2ec14b000 r--p 00034000 08:02 8920849                    /usr/lib/x86_64-linux-gnu/libgomp.so.1.0.0
7fe2ec14b000-7fe2ec14c000 r--p 0003f000 08:02 8920849                    /usr/lib/x86_64-linux-gnu/libgomp.so.1.0.0
7fe2ec14c000-7fe2ec14d000 rw-p 00040000 08:02 8920849                    /usr/lib/x86_64-linux-gnu/libgomp.so.1.0.0
7fe2ec150000-7fe2ec151000 ---p 00000000 00:00 0 
7fe2ec151000-7fe2ec191000 rw-p 00000000 00:00 0 
7fe2ec191000-7fe2ec881000 r-xp 00000000 08:02 1859289                    /home/andrei/Duaro_ws/Unity_env/exe-env/env8/env8_Data/Plugins/libassimp.so
7fe2ec881000-7fe2eca81000 ---p 006f0000 08:02 1859289                    /home/andrei/Duaro_ws/Unity_env/exe-env/env8/env8_Data/Plugins/libassimp.so
7fe2eca81000-7fe2ecb53000 r--p 006f0000 08:02 1859289                    /home/andrei/Duaro_ws/Unity_env/exe-env/env8/env8_Data/Plugins/libassimp.so
7fe2ecb53000-7fe2ecb55000 rw-p 007c2000 08:02 1859289                    /home/andrei/Duaro_ws/Unity_env/exe-env/env8/env8_Data/Plugins/libassimp.so
7fe2ecb55000-7fe2ecb5c000 rw-p 00000000 00:00 0 
7fe2ecb5c000-7fe2ecb6b000 r--p 00000000 08:02 1859293                    /home/andrei/Duaro_ws/Unity_env/exe-env/env8/env8_Data/Plugins/lib_burst_generated.so
7fe2ecb6b000-7fe2ecb9f000 r-xp 0000e000 08:02 1859293                    /home/andrei/Duaro_ws/Unity_env/exe-env/env8/env8_Data/Plugins/lib_burst_generated.so
7fe2ecb9f000-7fe2ecba0000 r--p 00041000 08:02 1859293                    /home/andrei/Duaro_ws/Unity_env/exe-env/env8/env8_Data/Plugins/lib_burst_generated.so
7fe2ecba0000-7fe2ecba1000 rw-p 00041000 08:02 1859293                    /home/andrei/Duaro_ws/Unity_env/exe-env/env8/env8_Data/Plugins/lib_burst_generated.so
7fe2ecba1000-7fe2ecf5b000 r--p 00000000 08:02 1859277                    /home/andrei/Duaro_ws/Unity_env/exe-env/env8/env8_Data/Managed/mscorlib.dll
7fe2ecf5b000-7fe2ecf5c000 rw-p 00000000 00:00 0 
7fe2ecf5c000-7fe2ecfbb000 ---p 00000000 00:00 0 
7fe2ecfbb000-7fe2ed07b000 rw-p 00000000 00:00 0 
7fe2ed07b000-7fe2ed3d2000 r-xp 00000000 08:02 1859315                    /home/andrei/Duaro_ws/Unity_env/exe-env/env8/env8_Data/MonoBleedingEdge/x86_64/libmonobdwgc-2.0.so
7fe2ed3d2000-7fe2ed5d2000 ---p 00357000 08:02 1859315                    /home/andrei/Duaro_ws/Unity_env/exe-env/env8/env8_Data/MonoBleedingEdge/x86_64/libmonobdwgc-2.0.so
7fe2ed5d2000-7fe2ed5d9000 r--p 00357000 08:02 1859315                    /home/andrei/Duaro_ws/Unity_env/exe-env/env8/env8_Data/MonoBleedingEdge/x86_64/libmonobdwgc-2.0.so
7fe2ed5d9000-7fe2ed5e0000 rw-p 0035e000 08:02 1859315                    /home/andrei/Duaro_ws/Unity_env/exe-env/env8/env8_Data/MonoBleedingEdge/x86_64/libmonobdwgc-2.0.so
7fe2ed5e0000-7fe2ed7fb000 rw-p 00000000 00:00 0 
7fe2ed7fb000-7fe2ed7fc000 ---p 00000000 00:00 0 
7fe2ed7fc000-7fe2ed7fd000 rw-p 00000000 00:00 0 
7fe2ed7fd000-7fe2ed805000 ---p 00000000 00:00 0 
7fe2ed805000-7fe2edffc000 rw-p 00000000 00:00 0 
7fe2edffc000-7fe2edffd000 ---p 00000000 00:00 0 
7fe2edffd000-7fe2ee7fd000 rw-p 00000000 00:00 0 
7fe2ee7fd000-7fe2ee7fe000 ---p 00000000 00:00 0 
7fe2ee7fe000-7fe2eeffe000 rw-p 00000000 00:00 0 
7fe2eeffe000-7fe2eefff000 ---p 00000000 00:00 0 
7fe2eefff000-7fe2ef7ff000 rw-p 00000000 00:00 0 
7fe2ef7ff000-7fe2ef800000 ---p 00000000 00:00 0 
7fe2ef800000-7fe2f0000000 rw-p 00000000 00:00 0 
7fe2f0000000-7fe2f0038000 rw-p 00000000 00:00 0 
7fe2f0038000-7fe2f4000000 ---p 00000000 00:00 0 
7fe2f4000000-7fe2f4021000 rw-p 00000000 00:00 0 
7fe2f4021000-7fe2f8000000 ---p 00000000 00:00 0 
7fe2f8000000-7fe2f8021000 rw-p 00000000 00:00 0 
7fe2f8021000-7fe2fc000000 ---p 00000000 00:00 0 
7fe2fc000000-7fe2fc021000 rw-p 00000000 00:00 0 
7fe2fc021000-7fe300000000 ---p 00000000 00:00 0 
7fe300000000-7fe301000000 rw-p 00000000 00:00 0 
7fe301000000-7fe310000000 ---p 00000000 00:00 0 
7fe310000000-7fe311000000 rw-p 00000000 00:00 0 
7fe311000000-7fe320000000 ---p 00000000 00:00 0 
7fe320000000-7fe321000000 rw-p 00000000 00:00 0 
7fe321000000-7fe330000000 ---p 00000000 00:00 0 
7fe330000000-7fe330800000 rw-p 00000000 00:00 0 
7fe330800000-7fe340000000 ---p 00000000 00:00 0 
7fe340000000-7fe341000000 rw-p 00000000 00:00 0 
7fe341000000-7fe350000000 ---p 00000000 00:00 0 
7fe350000000-7fe350400000 rw-p 00000000 00:00 0 
7fe350400000-7fe350800000 ---p 00000000 00:00 0 
7fe350800000-7fe350810000 rw-p 00000000 00:00 0 
7fe350810000-7fe350820000 ---p 00000000 00:00 0 
7fe350820000-7fe350860000 rw-p 00000000 00:00 0 
7fe350860000-7fe3508a0000 ---p 00000000 00:00 0 
7fe3508a0000-7fe3508e0000 rw-p 00000000 00:00 0 
7fe3508e0000-7fe350920000 ---p 00000000 00:00 0 
7fe350920000-7fe350960000 rw-p 00000000 00:00 0 
7fe350960000-7fe3509a0000 ---p 00000000 00:00 0 
7fe3509a0000-7fe3509e0000 rw-p 00000000 00:00 0 
7fe3509e0000-7fe350a20000 ---p 00000000 00:00 0 
7fe350a20000-7fe350a60000 rw-p 00000000 00:00 0 
7fe350a60000-7fe350aa0000 ---p 00000000 00:00 0 
7fe350aa0000-7fe350ae0000 rw-p 00000000 00:00 0 
7fe350ae0000-7fe350b20000 ---p 00000000 00:00 0 
7fe350b20000-7fe350b60000 rw-p 00000000 00:00 0 
7fe350b60000-7fe350ba0000 ---p 00000000 00:00 0 
7fe350ba0000-7fe350be0000 rw-p 00000000 00:00 0 
7fe350be0000-7fe350c20000 ---p 00000000 00:00 0 
7fe350c20000-7fe350c60000 rw-p 00000000 00:00 0 
7fe350c60000-7fe350ca0000 ---p 00000000 00:00 0 
7fe350ca0000-7fe350ce0000 rw-p 00000000 00:00 0 
7fe350ce0000-7fe350d20000 ---p 00000000 00:00 0 
7fe350d20000-7fe350d60000 rw-p 00000000 00:00 0 
7fe350d60000-7fe350da0000 ---p 00000000 00:00 0 
7fe350da0000-7fe350da8000 rw-p 00000000 00:00 0 
7fe350da8000-7fe350db0000 ---p 00000000 00:00 0 
7fe350db0000-7fe350db8000 rw-p 00000000 00:00 0 
7fe350db8000-7fe350dc0000 ---p 00000000 00:00 0 
7fe350dc0000-7fe350dc8000 rw-p 00000000 00:00 0 
7fe350dc8000-7fe350dd0000 ---p 00000000 00:00 0 
7fe350dd0000-7fe350dd8000 rw-p 00000000 00:00 0 
7fe350dd8000-7fe350de0000 ---p 00000000 00:00 0 
7fe350de0000-7fe350de8000 rw-p 00000000 00:00 0 
7fe350de8000-7fe350df0000 ---p 00000000 00:00 0 
7fe350df0000-7fe350df8000 rw-p 00000000 00:00 0 
7fe350df8000-7fe350e00000 ---p 00000000 00:00 0 
7fe350e00000-7fe350e08000 rw-p 00000000 00:00 0 
7fe350e08000-7fe350e10000 ---p 00000000 00:00 0 
7fe350e10000-7fe350e18000 rw-p 00000000 00:00 0 
7fe350e18000-7fe350e20000 ---p 00000000 00:00 0 
7fe350e20000-7fe350e28000 rw-p 00000000 00:00 0 
7fe350e28000-7fe350e30000 ---p 00000000 00:00 0 
7fe350e30000-7fe350e38000 rw-p 00000000 00:00 0 
7fe350e38000-7fe350e40000 ---p 00000000 00:00 0 
7fe350e40000-7fe350e48000 rw-p 00000000 00:00 0 
7fe350e48000-7fe350e50000 ---p 00000000 00:00 0 
7fe350e50000-7fe350e58000 rw-p 00000000 00:00 0 
7fe350e58000-7fe350e60000 ---p 00000000 00:00 0 
7fe350e60000-7fe350e68000 rw-p 00000000 00:00 0 
7fe350e68000-7fe350e70000 ---p 00000000 00:00 0 
7fe350e70000-7fe350e78000 rw-p 00000000 00:00 0 
7fe350e78000-7fe350e80000 ---p 00000000 00:00 0 
7fe350e80000-7fe350e88000 rw-p 00000000 00:00 0 
7fe350e88000-7fe350e90000 ---p 00000000 00:00 0 
7fe350e90000-7fe350e98000 rw-p 00000000 00:00 0 
7fe350e98000-7fe350ea0000 ---p 00000000 00:00 0 
7fe350ea0000-7fe350eb0000 rw-p 00000000 00:00 0 
7fe350eb0000-7fe350ec0000 ---p 00000000 00:00 0 
7fe350ec0000-7fe350ed0000 rw-p 00000000 00:00 0 
7fe350ed0000-7fe360000000 ---p 00000000 00:00 0 
7fe360000000-7fe363000000 rw-p 00000000 00:00 0 
7fe363000000-7fe370000000 ---p 00000000 00:00 0 
7fe370000000-7fe371001000 rw-p 00000000 00:00 0 
7fe371001000-7fe380000000 ---p 00000000 00:00 0 
7fe380000000-7fe380102000 rw-p 00000000 00:00 0 
7fe380102000-7fe390000000 ---p 00000000 00:00 0 
7fe390000000-7fe390102000 rw-p 00000000 00:00 0 
7fe390102000-7fe3a0000000 ---p 00000000 00:00 0 
7fe3a0000000-7fe3a0102000 rw-p 00000000 00:00 0 
7fe3a0102000-7fe3b0000000 ---p 00000000 00:00 0 
7fe3b0000000-7fe3b0102000 rw-p 00000000 00:00 0 
7fe3b0102000-7fe3c0000000 ---p 00000000 00:00 0 
7fe3c0000000-7fe3c0100000 rw-p 00000000 00:00 0 
7fe3c0100000-7fe3d0000000 ---p 00000000 00:00 0 
7fe3d0002000-7fe3d0004000 r--p 00000000 08:02 8921271                    /usr/lib/x86_64-linux-gnu/libogg.so.0.8.4
7fe3d0004000-7fe3d0009000 r-xp 00002000 08:02 8921271                    /usr/lib/x86_64-linux-gnu/libogg.so.0.8.4
7fe3d0009000-7fe3d000c000 r--p 00007000 08:02 8921271                    /usr/lib/x86_64-linux-gnu/libogg.so.0.8.4
7fe3d000c000-7fe3d000d000 ---p 0000a000 08:02 8921271                    /usr/lib/x86_64-linux-gnu/libogg.so.0.8.4
7fe3d000d000-7fe3d000e000 r--p 0000a000 08:02 8921271                    /usr/lib/x86_64-linux-gnu/libogg.so.0.8.4
7fe3d000e000-7fe3d000f000 rw-p 0000b000 08:02 8921271                    /usr/lib/x86_64-linux-gnu/libogg.so.0.8.4
7fe3d000f000-7fe3d0012000 r--p 00000000 08:02 8920361                    /usr/lib/x86_64-linux-gnu/libapparmor.so.1.6.1
7fe3d0012000-7fe3d001b000 r-xp 00003000 08:02 8920361                    /usr/lib/x86_64-linux-gnu/libapparmor.so.1.6.1
7fe3d001b000-7fe3d0022000 r--p 0000c000 08:02 8920361                    /usr/lib/x86_64-linux-gnu/libapparmor.so.1.6.1
7fe3d0022000-7fe3d0023000 r--p 00012000 08:02 8920361                    /usr/lib/x86_64-linux-gnu/libapparmor.so.1.6.1
7fe3d0023000-7fe3d0024000 rw-p 00013000 08:02 8920361                    /usr/lib/x86_64-linux-gnu/libapparmor.so.1.6.1
7fe3d0024000-7fe3d0027000 r--p 00000000 08:02 8921756                    /usr/lib/x86_64-linux-gnu/libwrap.so.0.7.6
7fe3d0027000-7fe3d002c000 r-xp 00003000 08:02 8921756                    /usr/lib/x86_64-linux-gnu/libwrap.so.0.7.6
7fe3d002c000-7fe3d002e000 r--p 00008000 08:02 8921756                    /usr/lib/x86_64-linux-gnu/libwrap.so.0.7.6
7fe3d002e000-7fe3d002f000 r--p 00009000 08:02 8921756                    /usr/lib/x86_64-linux-gnu/libwrap.so.0.7.6
7fe3d002f000-7fe3d0030000 rw-p 0000a000 08:02 8921756                    /usr/lib/x86_64-linux-gnu/libwrap.so.0.7.6
7fe3d0030000-7fe3d0032000 r--p 00000000 08:02 8913769                    /usr/lib/x86_64-linux-gnu/libpulse-simple.so.0.1.1
7fe3d0032000-7fe3d0034000 r-xp 00002000 08:02 8913769                    /usr/lib/x86_64-linux-gnu/libpulse-simple.so.0.1.1
7fe3d0034000-7fe3d0035000 r--p 00004000 08:02 8913769                    /usr/lib/x86_64-linux-gnu/libpulse-simple.so.0.1.1
7fe3d0035000-7fe3d0036000 r--p 00004000 08:02 8913769                    /usr/lib/x86_64-linux-gnu/libpulse-simple.so.0.1.1
7fe3d0036000-7fe3d0037000 rw-p 00005000 08:02 8913769                    /usr/lib/x86_64-linux-gnu/libpulse-simple.so.0.1.1
7fe3d0037000-7fe3d0077000 rw-p 00000000 00:00 0 
7fe3d0077000-7fe3d0277000 rw-s 145331000 00:05 707                       /dev/dri/renderD128
7fe3d0277000-7fe3d0477000 rw-s 13feb1000 00:05 707                       /dev/dri/renderD128
7fe3d0477000-7fe3d0677000 rw-s 1400b1000 00:05 707                       /dev/dri/renderD128
7fe3d0677000-7fe3d0678000 ---p 00000000 00:00 0 
7fe3d0678000-7fe3d0e78000 rw-p 00000000 00:00 0 
7fe3d0e78000-7fe3d0e79000 ---p 00000000 00:00 0 
7fe3d0e79000-7fe3d1679000 rw-p 00000000 00:00 0 
7fe3d1679000-7fe3d167a000 ---p 00000000 00:00 0 
7fe3d167a000-7fe3d1e7a000 rw-p 00000000 00:00 0 
7fe3d1e7a000-7fe3d1e7b000 ---p 00000000 00:00 0 
7fe3d1e7b000-7fe3d267b000 rw-p 00000000 00:00 0 
7fe3d267b000-7fe3d267c000 ---p 00000000 00:00 0 
7fe3d267c000-7fe3d2e7c000 rw-p 00000000 00:00 0 
7fe3d2e7c000-7fe3d2e7d000 ---p 00000000 00:00 0 
7fe3d2e7d000-7fe3d367d000 rw-p 00000000 00:00 0 
7fe3d367d000-7fe3d367e000 ---p 00000000 00:00 0 
7fe3d367e000-7fe3d3e7e000 rw-p 00000000 00:00 0 
7fe3d3e7e000-7fe3d3e7f000 ---p 00000000 00:00 0 
7fe3d3e7f000-7fe3d467f000 rw-p 00000000 00:00 0 
7fe3d467f000-7fe3d4680000 ---p 00000000 00:00 0 
7fe3d4680000-7fe3d4e80000 rw-p 00000000 00:00 0 
7fe3d4e80000-7fe3d4e81000 ---p 00000000 00:00 0 
7fe3d4e81000-7fe3d5681000 rw-p 00000000 00:00 0 
7fe3d5681000-7fe3d57c2000 rw-s 00000000 08:02 1310754                    /home/andrei/.cache/mesa_shader_cache/index
7fe3d57c2000-7fe3d57c5000 r--p 00000000 08:02 8914055                    /usr/lib/x86_64-linux-gnu/libnss_files-2.31.so
7fe3d57c5000-7fe3d57cc000 r-xp 00003000 08:02 8914055                    /usr/lib/x86_64-linux-gnu/libnss_files-2.31.so
7fe3d57cc000-7fe3d57ce000 r--p 0000a000 08:02 8914055                    /usr/lib/x86_64-linux-gnu/libnss_files-2.31.so
7fe3d57ce000-7fe3d57cf000 r--p 0000b000 08:02 8914055                    /usr/lib/x86_64-linux-gnu/libnss_files-2.31.so
7fe3d57cf000-7fe3d57d0000 rw-p 0000c000 08:02 8914055                    /usr/lib/x86_64-linux-gnu/libnss_files-2.31.so
7fe3d57d0000-7fe3d57d6000 rw-p 00000000 00:00 0 
7fe3d57d6000-7fe3d57d7000 ---p 00000000 00:00 0 
7fe3d57d7000-7fe3d5fd7000 rw-p 00000000 00:00 0 
7fe3d5fd7000-7fe3d5fe5000 r--p 00000000 08:02 8921606                    /usr/lib/x86_64-linux-gnu/libtinfo.so.6.2
7fe3d5fe5000-7fe3d5ff4000 r-xp 0000e000 08:02 8921606                    /usr/lib/x86_64-linux-gnu/libtinfo.so.6.2
7fe3d5ff4000-7fe3d6002000 r--p 0001d000 08:02 8921606                    /usr/lib/x86_64-linux-gnu/libtinfo.so.6.2
7fe3d6002000-7fe3d6006000 r--p 0002a000 08:02 8921606                    /usr/lib/x86_64-linux-gnu/libtinfo.so.6.2
7fe3d6006000-7fe3d6007000 rw-p 0002e000 08:02 8921606                    /usr/lib/x86_64-linux-gnu/libtinfo.so.6.2
7fe3d6007000-7fe3d600f000 r--p 00000000 08:02 8920653                    /usr/lib/x86_64-linux-gnu/libedit.so.2.0.63
7fe3d600f000-7fe3d602a000 r-xp 00008000 08:02 8920653                    /usr/lib/x86_64-linux-gnu/libedit.so.2.0.63
7fe3d602a000-7fe3d6038000 r--p 00023000 08:02 8920653                    /usr/lib/x86_64-linux-gnu/libedit.so.2.0.63
7fe3d6038000-7fe3d603a000 r--p 00030000 08:02 8920653                    /usr/lib/x86_64-linux-gnu/libedit.so.2.0.63
7fe3d603a000-7fe3d603b000 rw-p 00032000 08:02 8920653                    /usr/lib/x86_64-linux-gnu/libedit.so.2.0.63
7fe3d603b000-7fe3d603f000 rw-p 00000000 00:00 0 
7fe3d603f000-7fe3d6041000 r--p 00000000 08:02 8920703                    /usr/lib/x86_64-linux-gnu/libffi.so.7.1.0
7fe3d6041000-7fe3d6047000 r-xp 00002000 08:02 8920703                    /usr/lib/x86_64-linux-gnu/libffi.so.7.1.0
7fe3d6047000-7fe3d6048000 r--p 00008000 08:02 8920703                    /usr/lib/x86_64-linux-gnu/libffi.so.7.1.0
7fe3d6048000-7fe3d6049000 ---p 00009000 08:02 8920703                    /usr/lib/x86_64-linux-gnu/libffi.so.7.1.0
7fe3d6049000-7fe3d604a000 r--p 00009000 08:02 8920703                    /usr/lib/x86_64-linux-gnu/libffi.so.7.1.0
7fe3d604a000-7fe3d604b000 rw-p 0000a000 08:02 8920703                    /usr/lib/x86_64-linux-gnu/libffi.so.7.1.0
7fe3d604b000-7fe3d60e1000 r--p 00000000 08:02 8921563                    /usr/lib/x86_64-linux-gnu/libstdc++.so.6.0.28
7fe3d60e1000-7fe3d61d2000 r-xp 00096000 08:02 8921563                    /usr/lib/x86_64-linux-gnu/libstdc++.so.6.0.28
7fe3d61d2000-7fe3d621b000 r--p 00187000 08:02 8921563                    /usr/lib/x86_64-linux-gnu/libstdc++.so.6.0.28
7fe3d621b000-7fe3d621c000 ---p 001d0000 08:02 8921563                    /usr/lib/x86_64-linux-gnu/libstdc++.so.6.0.28
7fe3d621c000-7fe3d6227000 r--p 001d0000 08:02 8921563                    /usr/lib/x86_64-linux-gnu/libstdc++.so.6.0.28
7fe3d6227000-7fe3d622a000 rw-p 001db000 08:02 8921563                    /usr/lib/x86_64-linux-gnu/libstdc++.so.6.0.28
7fe3d622a000-7fe3d622d000 rw-p 00000000 00:00 0 
7fe3d622d000-7fe3d623c000 r--p 00000000 08:02 8921704                    /usr/lib/x86_64-linux-gnu/libvulkan.so.1.2.131
7fe3d623c000-7fe3d626e000 r-xp 0000f000 08:02 8921704                    /usr/lib/x86_64-linux-gnu/libvulkan.so.1.2.131
7fe3d626e000-7fe3d6281000 r--p 00041000 08:02 8921704                    /usr/lib/x86_64-linux-gnu/libvulkan.so.1.2.131
7fe3d6281000-7fe3d6282000 r--p 00053000 08:02 8921704                    /usr/lib/x86_64-linux-gnu/libvulkan.so.1.2.131
7fe3d6282000-7fe3d6283000 rw-p 00054000 08:02 8921704                    /usr/lib/x86_64-linux-gnu/libvulkan.so.1.2.131
7fe3d6283000-7fe3d6285000 r--p 00000000 08:02 8913259                    /usr/lib/x86_64-linux-gnu/libdrm_nouveau.so.2.0.0
7fe3d6285000-7fe3d628a000 r-xp 00002000 08:02 8913259                    /usr/lib/x86_64-linux-gnu/libdrm_nouveau.so.2.0.0
7fe3d628a000-7fe3d628c000 r--p 00007000 08:02 8913259                    /usr/lib/x86_64-linux-gnu/libdrm_nouveau.so.2.0.0
7fe3d628c000-7fe3d628d000 r--p 00008000 08:02 8913259                    /usr/lib/x86_64-linux-gnu/libdrm_nouveau.so.2.0.0
7fe3d628d000-7fe3d628e000 rw-p 00009000 08:02 8913259                    /usr/lib/x86_64-linux-gnu/libdrm_nouveau.so.2.0.0
7fe3d628e000-7fe3d6291000 r--p 00000000 08:02 8913112                    /usr/lib/x86_64-linux-gnu/libdrm_amdgpu.so.1.0.0
7fe3d6291000-7fe3d6296000 r-xp 00003000 08:02 8913112                    /usr/lib/x86_64-linux-gnu/libdrm_amdgpu.so.1.0.0
7fe3d6296000-7fe3d6298000 r--p 00008000 08:02 8913112                    /usr/lib/x86_64-linux-gnu/libdrm_amdgpu.so.1.0.0
7fe3d6298000-7fe3d6299000 r--p 00009000 08:02 8913112                    /usr/lib/x86_64-linux-gnu/libdrm_amdgpu.so.1.0.0
7fe3d6299000-7fe3d629a000 rw-p 0000a000 08:02 8913112                    /usr/lib/x86_64-linux-gnu/libdrm_amdgpu.so.1.0.0
7fe3d629a000-7fe3d629d000 r--p 00000000 08:02 8920658                    /usr/lib/x86_64-linux-gnu/libelf-0.176.so
7fe3d629d000-7fe3d62af000 r-xp 00003000 08:02 8920658                    /usr/lib/x86_64-linux-gnu/libelf-0.176.so
7fe3d62af000-7fe3d62b4000 r--p 00015000 08:02 8920658                    /usr/lib/x86_64-linux-gnu/libelf-0.176.so
7fe3d62b4000-7fe3d62b5000 r--p 00019000 08:02 8920658                    /usr/lib/x86_64-linux-gnu/libelf-0.176.so
7fe3d62b5000-7fe3d62b6000 rw-p 0001a000 08:02 8920658                    /usr/lib/x86_64-linux-gnu/libelf-0.176.so
7fe3d62b6000-7fe3d62b8000 r--p 00000000 08:02 8913261                    /usr/lib/x86_64-linux-gnu/libdrm_radeon.so.1.0.1
7fe3d62b8000-7fe3d62bf000 r-xp 00002000 08:02 8913261                    /usr/lib/x86_64-linux-gnu/libdrm_radeon.so.1.0.1
7fe3d62bf000-7fe3d62c3000 r--p 00009000 08:02 8913261                    /usr/lib/x86_64-linux-gnu/libdrm_radeon.so.1.0.1
7fe3d62c3000-7fe3d62c4000 r--p 0000c000 08:02 8913261                    /usr/lib/x86_64-linux-gnu/libdrm_radeon.so.1.0.1
7fe3d62c4000-7fe3d62c5000 rw-p 0000d000 08:02 8913261                    /usr/lib/x86_64-linux-gnu/libdrm_radeon.so.1.0.1
7fe3d62c5000-7fe3d62c8000 r--p 00000000 08:02 8921493                    /usr/lib/x86_64-linux-gnu/libsensors.so.5.0.0
7fe3d62c8000-7fe3d62cf000 r-xp 00003000 08:02 8921493                    /usr/lib/x86_64-linux-gnu/libsensors.so.5.0.0
7fe3d62cf000-7fe3d62d4000 r--p 0000a000 08:02 8921493                    /usr/lib/x86_64-linux-gnu/libsensors.so.5.0.0
7fe3d62d4000-7fe3d62d5000 r--p 0000e000 08:02 8921493                    /usr/lib/x86_64-linux-gnu/libsensors.so.5.0.0
7fe3d62d5000-7fe3d62d6000 rw-p 0000f000 08:02 8921493                    /usr/lib/x86_64-linux-gnu/libsensors.so.5.0.0
7fe3d62d6000-7fe3d62da000 r--p 00000000 08:02 8921828                    /usr/lib/x86_64-linux-gnu/libzstd.so.1.4.4
7fe3d62da000-7fe3d636c000 r-xp 00004000 08:02 8921828                    /usr/lib/x86_64-linux-gnu/libzstd.so.1.4.4
7fe3d636c000-7fe3d637d000 r--p 00096000 08:02 8921828                    /usr/lib/x86_64-linux-gnu/libzstd.so.1.4.4
7fe3d637d000-7fe3d637e000 r--p 000a6000 08:02 8921828                    /usr/lib/x86_64-linux-gnu/libzstd.so.1.4.4
7fe3d637e000-7fe3d637f000 rw-p 000a7000 08:02 8921828                    /usr/lib/x86_64-linux-gnu/libzstd.so.1.4.4
7fe3d637f000-7fe3d6381000 r--p 00000000 08:02 8919282                    /usr/lib/x86_64-linux-gnu/libz.so.1.2.11
7fe3d6381000-7fe3d6392000 r-xp 00002000 08:02 8919282                    /usr/lib/x86_64-linux-gnu/libz.so.1.2.11
7fe3d6392000-7fe3d6398000 r--p 00013000 08:02 8919282                    /usr/lib/x86_64-linux-gnu/libz.so.1.2.11
7fe3d6398000-7fe3d6399000 ---p 00019000 08:02 8919282                    /usr/lib/x86_64-linux-gnu/libz.so.1.2.11
7fe3d6399000-7fe3d639a000 r--p 00019000 08:02 8919282                    /usr/lib/x86_64-linux-gnu/libz.so.1.2.11
7fe3d639a000-7fe3d639b000 rw-p 0001a000 08:02 8919282                    /usr/lib/x86_64-linux-gnu/libz.so.1.2.11
7fe3d639b000-7fe3db5bc000 r-xp 00000000 08:02 8919001                    /usr/lib/x86_64-linux-gnu/libLLVM-12.so.1
7fe3db5bc000-7fe3dbad5000 r--p 05220000 08:02 8919001                    /usr/lib/x86_64-linux-gnu/libLLVM-12.so.1
7fe3dbad5000-7fe3dbadc000 rw-p 05739000 08:02 8919001                    /usr/lib/x86_64-linux-gnu/libLLVM-12.so.1
7fe3dbadc000-7fe3dbb51000 rw-p 00000000 00:00 0 
7fe3dbb51000-7fe3dbce7000 r--p 00000000 08:02 9568713                    /usr/lib/x86_64-linux-gnu/dri/radeonsi_dri.so
7fe3dbce7000-7fe3dcd92000 r-xp 00196000 08:02 9568713                    /usr/lib/x86_64-linux-gnu/dri/radeonsi_dri.so
7fe3dcd92000-7fe3dd258000 r--p 01241000 08:02 9568713                    /usr/lib/x86_64-linux-gnu/dri/radeonsi_dri.so
7fe3dd258000-7fe3dd386000 r--p 01706000 08:02 9568713                    /usr/lib/x86_64-linux-gnu/dri/radeonsi_dri.so
7fe3dd386000-7fe3dd4be000 rw-p 01834000 08:02 9568713                    /usr/lib/x86_64-linux-gnu/dri/radeonsi_dri.so
7fe3dd4be000-7fe3dd6dc000 rw-p 00000000 00:00 0 
7fe3dd6dc000-7fe3dd6df000 r--p 00000000 08:02 8921790                    /usr/lib/x86_64-linux-gnu/libxcb-xfixes.so.0.0.0
7fe3dd6df000-7fe3dd6e2000 r-xp 00003000 08:02 8921790                    /usr/lib/x86_64-linux-gnu/libxcb-xfixes.so.0.0.0
7fe3dd6e2000-7fe3dd6e3000 r--p 00006000 08:02 8921790                    /usr/lib/x86_64-linux-gnu/libxcb-xfixes.so.0.0.0
7fe3dd6e3000-7fe3dd6e4000 ---p 00007000 08:02 8921790                    /usr/lib/x86_64-linux-gnu/libxcb-xfixes.so.0.0.0
7fe3dd6e4000-7fe3dd6e5000 r--p 00007000 08:02 8921790                    /usr/lib/x86_64-linux-gnu/libxcb-xfixes.so.0.0.0
7fe3dd6e5000-7fe3dd6e6000 rw-p 00008000 08:02 8921790                    /usr/lib/x86_64-linux-gnu/libxcb-xfixes.so.0.0.0
7fe3dd6e6000-7fe3dd6e7000 r-xp 00000000 08:02 8921814                    /usr/lib/x86_64-linux-gnu/libxshmfence.so.1.0.0
7fe3dd6e7000-7fe3dd8e6000 ---p 00001000 08:02 8921814                    /usr/lib/x86_64-linux-gnu/libxshmfence.so.1.0.0
7fe3dd8e6000-7fe3dd8e7000 r--p 00000000 08:02 8921814                    /usr/lib/x86_64-linux-gnu/libxshmfence.so.1.0.0
7fe3dd8e7000-7fe3dd8e8000 rw-p 00001000 08:02 8921814                    /usr/lib/x86_64-linux-gnu/libxshmfence.so.1.0.0
7fe3dd8e8000-7fe3dd8eb000 r--p 00000000 08:02 8921786                    /usr/lib/x86_64-linux-gnu/libxcb-sync.so.1.0.0
7fe3dd8eb000-7fe3dd8ee000 r-xp 00003000 08:02 8921786                    /usr/lib/x86_64-linux-gnu/libxcb-sync.so.1.0.0
7fe3dd8ee000-7fe3dd8ef000 r--p 00006000 08:02 8921786                    /usr/lib/x86_64-linux-gnu/libxcb-sync.so.1.0.0
7fe3dd8ef000-7fe3dd8f0000 ---p 00007000 08:02 8921786                    /usr/lib/x86_64-linux-gnu/libxcb-sync.so.1.0.0
7fe3dd8f0000-7fe3dd8f1000 r--p 00007000 08:02 8921786                    /usr/lib/x86_64-linux-gnu/libxcb-sync.so.1.0.0
7fe3dd8f1000-7fe3dd8f2000 rw-p 00008000 08:02 8921786                    /usr/lib/x86_64-linux-gnu/libxcb-sync.so.1.0.0
7fe3dd8f2000-7fe3dd8f3000 r--p 00000000 08:02 8921772                    /usr/lib/x86_64-linux-gnu/libxcb-present.so.0.0.0
7fe3dd8f3000-7fe3dd8f4000 r-xp 00001000 08:02 8921772                    /usr/lib/x86_64-linux-gnu/libxcb-present.so.0.0.0
7fe3dd8f4000-7fe3dd8f5000 r--p 00002000 08:02 8921772                    /usr/lib/x86_64-linux-gnu/libxcb-present.so.0.0.0
7fe3dd8f5000-7fe3dd8f6000 r--p 00002000 08:02 8921772                    /usr/lib/x86_64-linux-gnu/libxcb-present.so.0.0.0
7fe3dd8f6000-7fe3dd8f7000 rw-p 00003000 08:02 8921772                    /usr/lib/x86_64-linux-gnu/libxcb-present.so.0.0.0
7fe3dd8f7000-7fe3dd8f9000 r--p 00000000 08:02 8921762                    /usr/lib/x86_64-linux-gnu/libxcb-dri3.so.0.0.0
7fe3dd8f9000-7fe3dd8fa000 r-xp 00002000 08:02 8921762                    /usr/lib/x86_64-linux-gnu/libxcb-dri3.so.0.0.0
7fe3dd8fa000-7fe3dd8fb000 r--p 00003000 08:02 8921762                    /usr/lib/x86_64-linux-gnu/libxcb-dri3.so.0.0.0
7fe3dd8fb000-7fe3dd8fc000 r--p 00003000 08:02 8921762                    /usr/lib/x86_64-linux-gnu/libxcb-dri3.so.0.0.0
7fe3dd8fc000-7fe3dd8fd000 rw-p 00004000 08:02 8921762                    /usr/lib/x86_64-linux-gnu/libxcb-dri3.so.0.0.0
7fe3dd8fd000-7fe3dd901000 r--p 00000000 08:02 8933051                    /usr/lib/x86_64-linux-gnu/libexpat.so.1.6.11
7fe3dd901000-7fe3dd91d000 r-xp 00004000 08:02 8933051                    /usr/lib/x86_64-linux-gnu/libexpat.so.1.6.11
7fe3dd91d000-7fe3dd927000 r--p 00020000 08:02 8933051                    /usr/lib/x86_64-linux-gnu/libexpat.so.1.6.11
7fe3dd927000-7fe3dd928000 ---p 0002a000 08:02 8933051                    /usr/lib/x86_64-linux-gnu/libexpat.so.1.6.11
7fe3dd928000-7fe3dd92a000 r--p 0002a000 08:02 8933051                    /usr/lib/x86_64-linux-gnu/libexpat.so.1.6.11
7fe3dd92a000-7fe3dd92b000 rw-p 0002c000 08:02 8933051                    /usr/lib/x86_64-linux-gnu/libexpat.so.1.6.11
7fe3dd92b000-7fe3dd92c000 r--p 00000000 08:02 8921784                    /usr/lib/x86_64-linux-gnu/libxcb-shm.so.0.0.0
7fe3dd92c000-7fe3dd92d000 r-xp 00001000 08:02 8921784                    /usr/lib/x86_64-linux-gnu/libxcb-shm.so.0.0.0
7fe3dd92d000-7fe3dd92e000 r--p 00002000 08:02 8921784                    /usr/lib/x86_64-linux-gnu/libxcb-shm.so.0.0.0
7fe3dd92e000-7fe3dd92f000 r--p 00002000 08:02 8921784                    /usr/lib/x86_64-linux-gnu/libxcb-shm.so.0.0.0
7fe3dd92f000-7fe3dd930000 rw-p 00003000 08:02 8921784                    /usr/lib/x86_64-linux-gnu/libxcb-shm.so.0.0.0
7fe3dd930000-7fe3dd93b000 r--p 00000000 08:02 8921764                    /usr/lib/x86_64-linux-gnu/libxcb-glx.so.0.0.0
7fe3dd93b000-7fe3dd944000 r-xp 0000b000 08:02 8921764                    /usr/lib/x86_64-linux-gnu/libxcb-glx.so.0.0.0
7fe3dd944000-7fe3dd949000 r--p 00014000 08:02 8921764                    /usr/lib/x86_64-linux-gnu/libxcb-glx.so.0.0.0
7fe3dd949000-7fe3dd94a000 ---p 00019000 08:02 8921764                    /usr/lib/x86_64-linux-gnu/libxcb-glx.so.0.0.0
7fe3dd94a000-7fe3dd94c000 r--p 00019000 08:02 8921764                    /usr/lib/x86_64-linux-gnu/libxcb-glx.so.0.0.0
7fe3dd94c000-7fe3dd94d000 rw-p 0001b000 08:02 8921764                    /usr/lib/x86_64-linux-gnu/libxcb-glx.so.0.0.0
7fe3dd94d000-7fe3dd9c1000 rw-p 00000000 00:00 0 
7fe3dd9c5000-7fe3dd9c7000 r--p 00000000 08:02 8921760                    /usr/lib/x86_64-linux-gnu/libxcb-dri2.so.0.0.0
7fe3dd9c7000-7fe3dd9c9000 r-xp 00002000 08:02 8921760                    /usr/lib/x86_64-linux-gnu/libxcb-dri2.so.0.0.0
7fe3dd9c9000-7fe3dd9ca000 r--p 00004000 08:02 8921760                    /usr/lib/x86_64-linux-gnu/libxcb-dri2.so.0.0.0
7fe3dd9ca000-7fe3dd9cb000 r--p 00004000 08:02 8921760                    /usr/lib/x86_64-linux-gnu/libxcb-dri2.so.0.0.0
7fe3dd9cb000-7fe3dd9cc000 rw-p 00005000 08:02 8921760                    /usr/lib/x86_64-linux-gnu/libxcb-dri2.so.0.0.0
7fe3dd9cc000-7fe3dd9cd000 r--p 00000000 08:02 8920288                    /usr/lib/x86_64-linux-gnu/libX11-xcb.so.1.0.0
7fe3dd9cd000-7fe3dd9ce000 r-xp 00001000 08:02 8920288                    /usr/lib/x86_64-linux-gnu/libX11-xcb.so.1.0.0
7fe3dd9ce000-7fe3dd9cf000 r--p 00002000 08:02 8920288                    /usr/lib/x86_64-linux-gnu/libX11-xcb.so.1.0.0
7fe3dd9cf000-7fe3dd9d0000 r--p 00002000 08:02 8920288                    /usr/lib/x86_64-linux-gnu/libX11-xcb.so.1.0.0
7fe3dd9d0000-7fe3dd9d1000 rw-p 00003000 08:02 8920288                    /usr/lib/x86_64-linux-gnu/libX11-xcb.so.1.0.0
7fe3dd9d1000-7fe3dd9d6000 r--p 00000000 08:02 8919164                    /usr/lib/x86_64-linux-gnu/libdrm.so.2.4.0
7fe3dd9d6000-7fe3dd9e1000 r-xp 00005000 08:02 8919164                    /usr/lib/x86_64-linux-gnu/libdrm.so.2.4.0
7fe3dd9e1000-7fe3dd9e5000 r--p 00010000 08:02 8919164                    /usr/lib/x86_64-linux-gnu/libdrm.so.2.4.0
7fe3dd9e5000-7fe3dd9e6000 r--p 00013000 08:02 8919164                    /usr/lib/x86_64-linux-gnu/libdrm.so.2.4.0
7fe3dd9e6000-7fe3dd9e7000 rw-p 00014000 08:02 8919164                    /usr/lib/x86_64-linux-gnu/libdrm.so.2.4.0
7fe3dd9e7000-7fe3dd9f4000 r--p 00000000 08:02 8919005                    /usr/lib/x86_64-linux-gnu/libglapi.so.0.0.0
7fe3dd9f4000-7fe3dda02000 r-xp 0000d000 08:02 8919005                    /usr/lib/x86_64-linux-gnu/libglapi.so.0.0.0
7fe3dda02000-7fe3dda1b000 r--p 0001b000 08:02 8919005                    /usr/lib/x86_64-linux-gnu/libglapi.so.0.0.0
7fe3dda1b000-7fe3dda1c000 ---p 00034000 08:02 8919005                    /usr/lib/x86_64-linux-gnu/libglapi.so.0.0.0
7fe3dda1c000-7fe3dda20000 r--p 00034000 08:02 8919005                    /usr/lib/x86_64-linux-gnu/libglapi.so.0.0.0
7fe3dda20000-7fe3dda21000 rw-p 00038000 08:02 8919005                    /usr/lib/x86_64-linux-gnu/libglapi.so.0.0.0
7fe3dda21000-7fe3dda22000 rw-p 00000000 00:00 0 
7fe3dda22000-7fe3dda3b000 r--p 00000000 08:02 8919003                    /usr/lib/x86_64-linux-gnu/libGLX_mesa.so.0.0.0
7fe3dda3b000-7fe3dda7f000 r-xp 00019000 08:02 8919003                    /usr/lib/x86_64-linux-gnu/libGLX_mesa.so.0.0.0
7fe3dda7f000-7fe3dda96000 r--p 0005d000 08:02 8919003                    /usr/lib/x86_64-linux-gnu/libGLX_mesa.so.0.0.0
7fe3dda96000-7fe3dda99000 r--p 00073000 08:02 8919003                    /usr/lib/x86_64-linux-gnu/libGLX_mesa.so.0.0.0
7fe3dda99000-7fe3dda9a000 rw-p 00076000 08:02 8919003                    /usr/lib/x86_64-linux-gnu/libGLX_mesa.so.0.0.0
7fe3dda9a000-7fe3dda9b000 rw-p 00000000 00:00 0 
7fe3dda9b000-7fe3de2d7000 r--p 00000000 08:02 8913049                    /usr/lib/locale/locale-archive
7fe3de2d7000-7fe3de2d8000 r--p 00000000 08:02 8920343                    /usr/lib/x86_64-linux-gnu/libXxf86vm.so.1.0.0
7fe3de2d8000-7fe3de2db000 r-xp 00001000 08:02 8920343                    /usr/lib/x86_64-linux-gnu/libXxf86vm.so.1.0.0
7fe3de2db000-7fe3de2dc000 r--p 00004000 08:02 8920343                    /usr/lib/x86_64-linux-gnu/libXxf86vm.so.1.0.0
7fe3de2dc000-7fe3de2dd000 r--p 00004000 08:02 8920343                    /usr/lib/x86_64-linux-gnu/libXxf86vm.so.1.0.0
7fe3de2dd000-7fe3de2de000 rw-p 00005000 08:02 8920343                    /usr/lib/x86_64-linux-gnu/libXxf86vm.so.1.0.0
7fe3de2de000-7fe3de2df000 r--p 00000000 08:02 8920329                    /usr/lib/x86_64-linux-gnu/libXss.so.1.0.0
7fe3de2df000-7fe3de2e0000 r-xp 00001000 08:02 8920329                    /usr/lib/x86_64-linux-gnu/libXss.so.1.0.0
7fe3de2e0000-7fe3de2e1000 r--p 00002000 08:02 8920329                    /usr/lib/x86_64-linux-gnu/libXss.so.1.0.0
7fe3de2e1000-7fe3de2e2000 r--p 00002000 08:02 8920329                    /usr/lib/x86_64-linux-gnu/libXss.so.1.0.0
7fe3de2e2000-7fe3de2e3000 rw-p 00003000 08:02 8920329                    /usr/lib/x86_64-linux-gnu/libXss.so.1.0.0
7fe3de2e3000-7fe3de2e5000 r--p 00000000 08:02 8920325                    /usr/lib/x86_64-linux-gnu/libXrandr.so.2.2.0
7fe3de2e5000-7fe3de2ec000 r-xp 00002000 08:02 8920325                    /usr/lib/x86_64-linux-gnu/libXrandr.so.2.2.0
7fe3de2ec000-7fe3de2ee000 r--p 00009000 08:02 8920325                    /usr/lib/x86_64-linux-gnu/libXrandr.so.2.2.0
7fe3de2ee000-7fe3de2ef000 r--p 0000a000 08:02 8920325                    /usr/lib/x86_64-linux-gnu/libXrandr.so.2.2.0
7fe3de2ef000-7fe3de2f0000 rw-p 0000b000 08:02 8920325                    /usr/lib/x86_64-linux-gnu/libXrandr.so.2.2.0
7fe3de2f0000-7fe3de2f2000 r--p 00000000 08:02 8920315                    /usr/lib/x86_64-linux-gnu/libXi.so.6.1.0
7fe3de2f2000-7fe3de2fd000 r-xp 00002000 08:02 8920315                    /usr/lib/x86_64-linux-gnu/libXi.so.6.1.0
7fe3de2fd000-7fe3de300000 r--p 0000d000 08:02 8920315                    /usr/lib/x86_64-linux-gnu/libXi.so.6.1.0
7fe3de300000-7fe3de301000 r--p 0000f000 08:02 8920315                    /usr/lib/x86_64-linux-gnu/libXi.so.6.1.0
7fe3de301000-7fe3de302000 rw-p 00010000 08:02 8920315                    /usr/lib/x86_64-linux-gnu/libXi.so.6.1.0
7fe3de302000-7fe3de303000 r--p 00000000 08:02 8920317                    /usr/lib/x86_64-linux-gnu/libXinerama.so.1.0.0
7fe3de303000-7fe3de304000 r-xp 00001000 08:02 8920317                    /usr/lib/x86_64-linux-gnu/libXinerama.so.1.0.0
7fe3de304000-7fe3de305000 r--p 00002000 08:02 8920317                    /usr/lib/x86_64-linux-gnu/libXinerama.so.1.0.0
7fe3de305000-7fe3de306000 r--p 00002000 08:02 8920317                    /usr/lib/x86_64-linux-gnu/libXinerama.so.1.0.0
7fe3de306000-7fe3de307000 rw-p 00003000 08:02 8920317                    /usr/lib/x86_64-linux-gnu/libXinerama.so.1.0.0
7fe3de307000-7fe3de309000 r--p 00000000 08:02 8920309                    /usr/lib/x86_64-linux-gnu/libXfixes.so.3.1.0
7fe3de309000-7fe3de30c000 r-xp 00002000 08:02 8920309                    /usr/lib/x86_64-linux-gnu/libXfixes.so.3.1.0
7fe3de30c000-7fe3de30d000 r--p 00005000 08:02 8920309                    /usr/lib/x86_64-linux-gnu/libXfixes.so.3.1.0
7fe3de30d000-7fe3de30e000 r--p 00005000 08:02 8920309                    /usr/lib/x86_64-linux-gnu/libXfixes.so.3.1.0
7fe3de30e000-7fe3de30f000 rw-p 00006000 08:02 8920309                    /usr/lib/x86_64-linux-gnu/libXfixes.so.3.1.0
7fe3de30f000-7fe3de318000 r-xp 00000000 08:02 8920327                    /usr/lib/x86_64-linux-gnu/libXrender.so.1.3.0
7fe3de318000-7fe3de517000 ---p 00009000 08:02 8920327                    /usr/lib/x86_64-linux-gnu/libXrender.so.1.3.0
7fe3de517000-7fe3de518000 r--p 00008000 08:02 8920327                    /usr/lib/x86_64-linux-gnu/libXrender.so.1.3.0
7fe3de518000-7fe3de519000 rw-p 00009000 08:02 8920327                    /usr/lib/x86_64-linux-gnu/libXrender.so.1.3.0
7fe3de519000-7fe3de51c000 r--p 00000000 08:02 8920301                    /usr/lib/x86_64-linux-gnu/libXcursor.so.1.0.2
7fe3de51c000-7fe3de522000 r-xp 00003000 08:02 8920301                    /usr/lib/x86_64-linux-gnu/libXcursor.so.1.0.2
7fe3de522000-7fe3de524000 r--p 00009000 08:02 8920301                    /usr/lib/x86_64-linux-gnu/libXcursor.so.1.0.2
7fe3de524000-7fe3de525000 r--p 0000a000 08:02 8920301                    /usr/lib/x86_64-linux-gnu/libXcursor.so.1.0.2
7fe3de525000-7fe3de526000 rw-p 0000b000 08:02 8920301                    /usr/lib/x86_64-linux-gnu/libXcursor.so.1.0.2
7fe3de526000-7fe3de52a000 r--p 00000000 08:02 8920307                    /usr/lib/x86_64-linux-gnu/libXext.so.6.4.0
7fe3de52a000-7fe3de535000 r-xp 00004000 08:02 8920307                    /usr/lib/x86_64-linux-gnu/libXext.so.6.4.0
7fe3de535000-7fe3de539000 r--p 0000f000 08:02 8920307                    /usr/lib/x86_64-linux-gnu/libXext.so.6.4.0
7fe3de539000-7fe3de53a000 r--p 00012000 08:02 8920307                    /usr/lib/x86_64-linux-gnu/libXext.so.6.4.0
7fe3de53a000-7fe3de53b000 rw-p 00013000 08:02 8920307                    /usr/lib/x86_64-linux-gnu/libXext.so.6.4.0
7fe3de53b000-7fe3de53c000 ---p 00000000 00:00 0 
7fe3de53c000-7fe3ded3c000 rw-p 00000000 00:00 0 
7fe3ded3c000-7fe3ded3d000 ---p 00000000 00:00 0 
7fe3ded3d000-7fe3df543000 rw-p 00000000 00:00 0 
7fe3df543000-7fe3df547000 r--p 00000000 08:02 8920463                    /usr/lib/x86_64-linux-gnu/libbsd.so.0.10.0
7fe3df547000-7fe3df556000 r-xp 00004000 08:02 8920463                    /usr/lib/x86_64-linux-gnu/libbsd.so.0.10.0
7fe3df556000-7fe3df559000 r--p 00013000 08:02 8920463                    /usr/lib/x86_64-linux-gnu/libbsd.so.0.10.0
7fe3df559000-7fe3df55a000 ---p 00016000 08:02 8920463                    /usr/lib/x86_64-linux-gnu/libbsd.so.0.10.0
7fe3df55a000-7fe3df55b000 r--p 00016000 08:02 8920463                    /usr/lib/x86_64-linux-gnu/libbsd.so.0.10.0
7fe3df55b000-7fe3df55c000 rw-p 00017000 08:02 8920463                    /usr/lib/x86_64-linux-gnu/libbsd.so.0.10.0
7fe3df55c000-7fe3df55d000 rw-p 00000000 00:00 0 
7fe3df55d000-7fe3df55f000 r--p 00000000 08:02 8920305                    /usr/lib/x86_64-linux-gnu/libXdmcp.so.6.0.0
7fe3df55f000-7fe3df561000 r-xp 00002000 08:02 8920305                    /usr/lib/x86_64-linux-gnu/libXdmcp.so.6.0.0
7fe3df561000-7fe3df563000 r--p 00004000 08:02 8920305                    /usr/lib/x86_64-linux-gnu/libXdmcp.so.6.0.0
7fe3df563000-7fe3df564000 r--p 00005000 08:02 8920305                    /usr/lib/x86_64-linux-gnu/libXdmcp.so.6.0.0
7fe3df564000-7fe3df565000 rw-p 00006000 08:02 8920305                    /usr/lib/x86_64-linux-gnu/libXdmcp.so.6.0.0
7fe3df565000-7fe3df566000 r--p 00000000 08:02 8920294                    /usr/lib/x86_64-linux-gnu/libXau.so.6.0.0
7fe3df566000-7fe3df568000 r-xp 00001000 08:02 8920294                    /usr/lib/x86_64-linux-gnu/libXau.so.6.0.0
7fe3df568000-7fe3df569000 r--p 00003000 08:02 8920294                    /usr/lib/x86_64-linux-gnu/libXau.so.6.0.0
7fe3df569000-7fe3df56a000 r--p 00003000 08:02 8920294                    /usr/lib/x86_64-linux-gnu/libXau.so.6.0.0
7fe3df56a000-7fe3df56b000 rw-p 00004000 08:02 8920294                    /usr/lib/x86_64-linux-gnu/libXau.so.6.0.0
7fe3df56b000-7fe3df576000 r--p 00000000 08:02 8921796                    /usr/lib/x86_64-linux-gnu/libxcb.so.1.1.0
7fe3df576000-7fe3df58a000 r-xp 0000b000 08:02 8921796                    /usr/lib/x86_64-linux-gnu/libxcb.so.1.1.0
7fe3df58a000-7fe3df593000 r--p 0001f000 08:02 8921796                    /usr/lib/x86_64-linux-gnu/libxcb.so.1.1.0
7fe3df593000-7fe3df594000 r--p 00027000 08:02 8921796                    /usr/lib/x86_64-linux-gnu/libxcb.so.1.1.0
7fe3df594000-7fe3df595000 rw-p 00028000 08:02 8921796                    /usr/lib/x86_64-linux-gnu/libxcb.so.1.1.0
7fe3df595000-7fe3df5ad000 r--p 00000000 08:02 8920290                    /usr/lib/x86_64-linux-gnu/libX11.so.6.3.0
7fe3df5ad000-7fe3df638000 r-xp 00018000 08:02 8920290                    /usr/lib/x86_64-linux-gnu/libX11.so.6.3.0
7fe3df638000-7fe3df6cc000 r--p 000a3000 08:02 8920290                    /usr/lib/x86_64-linux-gnu/libX11.so.6.3.0
7fe3df6cc000-7fe3df6cd000 ---p 00137000 08:02 8920290                    /usr/lib/x86_64-linux-gnu/libX11.so.6.3.0
7fe3df6cd000-7fe3df6ce000 r--p 00137000 08:02 8920290                    /usr/lib/x86_64-linux-gnu/libX11.so.6.3.0
7fe3df6ce000-7fe3df6d2000 rw-p 00138000 08:02 8920290                    /usr/lib/x86_64-linux-gnu/libX11.so.6.3.0
7fe3df6d2000-7fe3df6d4000 rw-p 00000000 00:00 0 
7fe3df6d4000-7fe3df6d7000 r--p 00000000 08:02 8915341                    /usr/lib/x86_64-linux-gnu/libGLX.so.0.0.0
7fe3df6d7000-7fe3df6f2000 r-xp 00003000 08:02 8915341                    /usr/lib/x86_64-linux-gnu/libGLX.so.0.0.0
7fe3df6f2000-7fe3df6f6000 r--p 0001e000 08:02 8915341                    /usr/lib/x86_64-linux-gnu/libGLX.so.0.0.0
7fe3df6f6000-7fe3df6f7000 r--p 00021000 08:02 8915341                    /usr/lib/x86_64-linux-gnu/libGLX.so.0.0.0
7fe3df6f7000-7fe3df6f8000 rw-p 00022000 08:02 8915341                    /usr/lib/x86_64-linux-gnu/libGLX.so.0.0.0
7fe3df6f8000-7fe3df708000 rw-p 00000000 00:00 0 
7fe3df708000-7fe3df748000 r--p 00000000 08:02 8920253                    /usr/lib/x86_64-linux-gnu/libGLdispatch.so.0.0.0
7fe3df748000-7fe3df787000 r-xp 00040000 08:02 8920253                    /usr/lib/x86_64-linux-gnu/libGLdispatch.so.0.0.0
7fe3df787000-7fe3df79b000 r--p 0007f000 08:02 8920253                    /usr/lib/x86_64-linux-gnu/libGLdispatch.so.0.0.0
7fe3df79b000-7fe3df7b7000 r--p 00092000 08:02 8920253                    /usr/lib/x86_64-linux-gnu/libGLdispatch.so.0.0.0
7fe3df7b7000-7fe3df7b8000 rw-p 000ae000 08:02 8920253                    /usr/lib/x86_64-linux-gnu/libGLdispatch.so.0.0.0
7fe3df7b8000-7fe3df7c0000 rw-p 00000000 00:00 0 
7fe3df7c0000-7fe3df7c2000 r--p 00000000 08:02 8914197                    /usr/lib/x86_64-linux-gnu/librt-2.31.so
7fe3df7c2000-7fe3df7c6000 r-xp 00002000 08:02 8914197                    /usr/lib/x86_64-linux-gnu/librt-2.31.so
7fe3df7c6000-7fe3df7c8000 r--p 00006000 08:02 8914197                    /usr/lib/x86_64-linux-gnu/librt-2.31.so
7fe3df7c8000-7fe3df7c9000 r--p 00007000 08:02 8914197                    /usr/lib/x86_64-linux-gnu/librt-2.31.so
7fe3df7c9000-7fe3df7ca000 rw-p 00008000 08:02 8914197                    /usr/lib/x86_64-linux-gnu/librt-2.31.so
7fe3df7ca000-7fe3df7cb000 r--p 00000000 08:02 8913979                    /usr/lib/x86_64-linux-gnu/libdl-2.31.so
7fe3df7cb000-7fe3df7cd000 r-xp 00001000 08:02 8913979                    /usr/lib/x86_64-linux-gnu/libdl-2.31.so
7fe3df7cd000-7fe3df7ce000 r--p 00003000 08:02 8913979                    /usr/lib/x86_64-linux-gnu/libdl-2.31.so
7fe3df7ce000-7fe3df7cf000 r--p 00003000 08:02 8913979                    /usr/lib/x86_64-linux-gnu/libdl-2.31.so
7fe3df7cf000-7fe3df7d0000 rw-p 00004000 08:02 8913979                    /usr/lib/x86_64-linux-gnu/libdl-2.31.so
7fe3df7d0000-7fe3df813000 r--p 00000000 08:02 8915339                    /usr/lib/x86_64-linux-gnu/libGL.so.1.7.0
7fe3df813000-7fe3df833000 r-xp 00043000 08:02 8915339                    /usr/lib/x86_64-linux-gnu/libGL.so.1.7.0
7fe3df833000-7fe3df848000 r--p 00063000 08:02 8915339                    /usr/lib/x86_64-linux-gnu/libGL.so.1.7.0
7fe3df848000-7fe3df856000 r--p 00077000 08:02 8915339                    /usr/lib/x86_64-linux-gnu/libGL.so.1.7.0
7fe3df856000-7fe3df857000 rw-p 00085000 08:02 8915339                    /usr/lib/x86_64-linux-gnu/libGL.so.1.7.0
7fe3df857000-7fe3df858000 rw-p 00000000 00:00 0 
7fe3df858000-7fe3df87a000 r--p 00000000 08:02 8913928                    /usr/lib/x86_64-linux-gnu/libc-2.31.so
7fe3df87a000-7fe3df9f2000 r-xp 00022000 08:02 8913928                    /usr/lib/x86_64-linux-gnu/libc-2.31.so
7fe3df9f2000-7fe3dfa40000 r--p 0019a000 08:02 8913928                    /usr/lib/x86_64-linux-gnu/libc-2.31.so
7fe3dfa40000-7fe3dfa44000 r--p 001e7000 08:02 8913928                    /usr/lib/x86_64-linux-gnu/libc-2.31.so
7fe3dfa44000-7fe3dfa46000 rw-p 001eb000 08:02 8913928                    /usr/lib/x86_64-linux-gnu/libc-2.31.so
7fe3dfa46000-7fe3dfa4c000 rw-p 00000000 00:00 0 
7fe3dfa4c000-7fe3dfa52000 r--p 00000000 08:02 8914147                    /usr/lib/x86_64-linux-gnu/libpthread-2.31.so
7fe3dfa52000-7fe3dfa63000 r-xp 00006000 08:02 8914147                    /usr/lib/x86_64-linux-gnu/libpthread-2.31.so
7fe3dfa63000-7fe3dfa69000 r--p 00017000 08:02 8914147                    /usr/lib/x86_64-linux-gnu/libpthread-2.31.so
7fe3dfa69000-7fe3dfa6a000 r--p 0001c000 08:02 8914147                    /usr/lib/x86_64-linux-gnu/libpthread-2.31.so
7fe3dfa6a000-7fe3dfa6b000 rw-p 0001d000 08:02 8914147                    /usr/lib/x86_64-linux-gnu/libpthread-2.31.so
7fe3dfa6b000-7fe3dfa6f000 rw-p 00000000 00:00 0 
7fe3dfa6f000-7fe3dfa72000 r--p 00000000 08:02 8920760                    /usr/lib/x86_64-linux-gnu/libgcc_s.so.1
7fe3dfa72000-7fe3dfa84000 r-xp 00003000 08:02 8920760                    /usr/lib/x86_64-linux-gnu/libgcc_s.so.1
7fe3dfa84000-7fe3dfa88000 r--p 00015000 08:02 8920760                    /usr/lib/x86_64-linux-gnu/libgcc_s.so.1
7fe3dfa88000-7fe3dfa89000 r--p 00018000 08:02 8920760                    /usr/lib/x86_64-linux-gnu/libgcc_s.so.1
7fe3dfa89000-7fe3dfa8a000 rw-p 00019000 08:02 8920760                    /usr/lib/x86_64-linux-gnu/libgcc_s.so.1
7fe3dfa8a000-7fe3dfa97000 r--p 00000000 08:02 8913984                    /usr/lib/x86_64-linux-gnu/libm-2.31.so
7fe3dfa97000-7fe3dfb3e000 r-xp 0000d000 08:02 8913984                    /usr/lib/x86_64-linux-gnu/libm-2.31.so
7fe3dfb3e000-7fe3dfbd7000 r--p 000b4000 08:02 8913984                    /usr/lib/x86_64-linux-gnu/libm-2.31.so
7fe3dfbd7000-7fe3dfbd8000 r--p 0014c000 08:02 8913984                    /usr/lib/x86_64-linux-gnu/libm-2.31.so
7fe3dfbd8000-7fe3dfbd9000 rw-p 0014d000 08:02 8913984                    /usr/lib/x86_64-linux-gnu/libm-2.31.so
7fe3dfbdc000-7fe3dfbe7000 rw-p 00000000 00:00 0 
7fe3dfbe7000-7fe3dfbec000 r--p 00000000 08:02 8914086                    /usr/lib/x86_64-linux-gnu/libudev.so.1.6.17
7fe3dfbec000-7fe3dfc08000 r-xp 00005000 08:02 8914086                    /usr/lib/x86_64-linux-gnu/libudev.so.1.6.17
7fe3dfc08000-7fe3dfc12000 r--p 00021000 08:02 8914086                    /usr/lib/x86_64-linux-gnu/libudev.so.1.6.17
7fe3dfc12000-7fe3dfc13000 r--p 0002a000 08:02 8914086                    /usr/lib/x86_64-linux-gnu/libudev.so.1.6.17
7fe3dfc13000-7fe3dfc14000 rw-p 0002b000 08:02 8914086                    /usr/lib/x86_64-linux-gnu/libudev.so.1.6.17
7fe3dfc14000-7fe3dfc1b000 r--s 00000000 08:02 9579809                    /usr/lib/x86_64-linux-gnu/gconv/gconv-modules.cache
7fe3dfc1b000-7fe3dfc1c000 rwxp 00000000 00:00 0 
7fe3dfc1c000-7fe3dfc1d000 rw-s 00000000 00:1a 27596                      /dev/shm/mono.38086
7fe3dfc1d000-7fe3e0855000 r--p 00000000 08:02 1859294                    /home/andrei/Duaro_ws/Unity_env/exe-env/env8/UnityPlayer.so
7fe3e0855000-7fe3e28b5000 r-xp 00c38000 08:02 1859294                    /home/andrei/Duaro_ws/Unity_env/exe-env/env8/UnityPlayer.so
7fe3e28b5000-7fe3e29d9000 r--p 02c98000 08:02 1859294                    /home/andrei/Duaro_ws/Unity_env/exe-env/env8/UnityPlayer.so
7fe3e29d9000-7fe3e2a1d000 rw-p 02dbc000 08:02 1859294                    /home/andrei/Duaro_ws/Unity_env/exe-env/env8/UnityPlayer.so
7fe3e2a1d000-7fe3e2b85000 rw-p 00000000 00:00 0 
7fe3e2b85000-7fe3e2bd8000 r--p 00000000 08:02 8923676                    /usr/lib/x86_64-linux-gnu/libGLEW.so.2.1.0
7fe3e2bd8000-7fe3e2c06000 r-xp 00053000 08:02 8923676                    /usr/lib/x86_64-linux-gnu/libGLEW.so.2.1.0
7fe3e2c06000-7fe3e2c1e000 r--p 00081000 08:02 8923676                    /usr/lib/x86_64-linux-gnu/libGLEW.so.2.1.0
7fe3e2c1e000-7fe3e2c29000 r--p 00098000 08:02 8923676                    /usr/lib/x86_64-linux-gnu/libGLEW.so.2.1.0
7fe3e2c29000-7fe3e2c2a000 rw-p 000a3000 08:02 8923676                    /usr/lib/x86_64-linux-gnu/libGLEW.so.2.1.0
7fe3e2c2a000-7fe3e2c31000 rw-p 00000000 00:00 0 
7fe3e2c31000-7fe3e2c32000 r--p 00000000 08:02 8913556                    /usr/lib/x86_64-linux-gnu/ld-2.31.so
7fe3e2c32000-7fe3e2c55000 r-xp 00001000 08:02 8913556                    /usr/lib/x86_64-linux-gnu/ld-2.31.so
7fe3e2c55000-7fe3e2c5d000 r--p 00024000 08:02 8913556                    /usr/lib/x86_64-linux-gnu/ld-2.31.so
7fe3e2c5d000-7fe3e2c5e000 rw-s 13c1ec000 00:05 707                       /dev/dri/renderD128
7fe3e2c5e000-7fe3e2c5f000 r--p 0002c000 08:02 8913556                    /usr/lib/x86_64-linux-gnu/ld-2.31.so
7fe3e2c5f000-7fe3e2c60000 rw-p 0002d000 08:02 8913556                    /usr/lib/x86_64-linux-gnu/ld-2.31.so
7fe3e2c60000-7fe3e2c61000 rw-p 00000000 00:00 0 
7ffc38bf3000-7ffc38bfb000 ---p 00000000 00:00 0 
7ffc393d0000-7ffc393f2000 rw-p 00000000 00:00 0                          [stack]
7ffc393f7000-7ffc393fb000 r--p 00000000 00:00 0                          [vvar]
7ffc393fb000-7ffc393fd000 r-xp 00000000 00:00 0                          [vdso]
ffffffffff600000-ffffffffff601000 --xp 00000000 00:00 0                  [vsyscall]

Native stacktrace:

	/home/andrei/Duaro_ws/Unity_env/exe-env/env8/env8_Data/MonoBleedingEdge/x86_64/libmonobdwgc-2.0.so(+0xd8194) [0x7fe2ed153194]
	/home/andrei/Duaro_ws/Unity_env/exe-env/env8/env8_Data/MonoBleedingEdge/x86_64/libmonobdwgc-2.0.so(+0x5bf37) [0x7fe2ed0d6f37]
	/lib/x86_64-linux-gnu/libpthread.so.0(+0x143c0) [0x7fe3dfa603c0]
	/home/andrei/Duaro_ws/Unity_env/exe-env/env8/UnityPlayer.so(+0x19a87a8) [0x7fe3e15c57a8]
	/home/andrei/Duaro_ws/Unity_env/exe-env/env8/UnityPlayer.so(+0x12e18c7) [0x7fe3e0efe8c7]
	/home/andrei/Duaro_ws/Unity_env/exe-env/env8/UnityPlayer.so(+0x12e243d) [0x7fe3e0eff43d]
	/home/andrei/Duaro_ws/Unity_env/exe-env/env8/UnityPlayer.so(+0x12d2def) [0x7fe3e0eefdef]
	/home/andrei/Duaro_ws/Unity_env/exe-env/env8/UnityPlayer.so(+0x12d158e) [0x7fe3e0eee58e]
	/home/andrei/Duaro_ws/Unity_env/exe-env/env8/UnityPlayer.so(+0x12f87c7) [0x7fe3e0f157c7]
	/home/andrei/Duaro_ws/Unity_env/exe-env/env8/UnityPlayer.so(+0x1d33947) [0x7fe3e1950947]
	/home/andrei/Duaro_ws/Unity_env/exe-env/env8/UnityPlayer.so(+0x1d33887) [0x7fe3e1950887]
	/home/andrei/Duaro_ws/Unity_env/exe-env/env8/UnityPlayer.so(+0x28a0604) [0x7fe3e24bd604]
	/lib/x86_64-linux-gnu/libpthread.so.0(+0x8609) [0x7fe3dfa54609]
	/lib/x86_64-linux-gnu/libc.so.6(clone+0x43) [0x7fe3df977163]

Debug info from gdb:

Caught fatal signal - signo:11 code:1 errno:0 addr:0x28
Obtained 12 stack frames.
#0  0x007fe3dfa603c0 in funlockfile
#1  0x007fe3e15c57a8 in AtomicStack::Pop()
#2  0x007fe3e0efe8c7 in BucketAllocator::Allocate(unsigned long, int)
#3  0x007fe3e0eff43d in DualThreadAllocator<DynamicHeapAllocator>::Allocate(unsigned long, int)
#4  0x007fe3e0eefdef in MemoryManager::Allocate(unsigned long, unsigned long, MemLabelId const&, AllocateOptions, char const*, int)
#5  0x007fe3e0eee58e in operator new(unsigned long, MemLabelId const&, unsigned long, char const*, int)
#6  0x007fe3e0f157c7 in TLSAllocator::ThreadInitialize(unsigned long)
#7  0x007fe3e1950947 in AudioManager::EngineThreadStarted(char const*)
#8  0x007fe3e1950887 in AudioManager::systemCallback(FMOD_SYSTEM*, FMOD_SYSTEM_CALLBACKTYPE, void*, void*)
#9  0x007fe3e24bd604 in FMOD::Thread::callback(void*)
#10 0x007fe3dfa54609 in start_thread
#11 0x007fe3df977163 in clone
/tmp/mono-gdb-commands.DCHgfo:1: Error in sourced command file:
Unable to attach: program terminated with signal SIGSEGV, Segmentation fault.
