Mono path[0] = '/home/andrei/Duaro_ws/Unity_env/exe-env/env8/env8_Data/Managed'
Mono config path = '/home/andrei/Duaro_ws/Unity_env/exe-env/env8/env8_Data/MonoBleedingEdge/etc'
PlayerConnection initialized from /home/andrei/Duaro_ws/Unity_env/exe-env/env8/env8_Data (debug = 0)
PlayerConnection initialized network socket : 0.0.0.0 55054
Multi-casting "[IP] 172.26.51.175 [Port] 55054 [Flags] 2 [Guid] 2445653613 [EditorId] 4113913451 [Version] 1048832 [Id] LinuxPlayer(172.26.51.175) [Debug] 0 [PackageName] LinuxPlayer [ProjectName] Duaro" to [225.0.0.222:54997]...
Started listening to [0.0.0.0:55054]
Preloaded 'lib_burst_generated.so'
Preloaded 'libassimp.so'
Preloaded 'libgrpc_csharp_ext.x64.so'
Preloaded 'liblibvhacd.so'
PlayerConnection already initialized - listening to [0.0.0.0:55054]
Initialize engine version: 2020.3.29f1 (2ff179115da0)
[Subsystems] Discovering subsystems at path /home/andrei/Duaro_ws/Unity_env/exe-env/env8/env8_Data/UnitySubsystems
Forcing GfxDevice: Null
GfxDevice: creating device client; threaded=0
NullGfxDevice:
    Version:  NULL 1.0 [1.0]
    Renderer: Null Device
    Vendor:   Unity Technologies
FMOD failed to initialize the output device.: "An error occured that wasn't supposed to.  Contact support. " (33)
Forced to initialize FMOD to to the device driver's system output rate 48000, this may impact performance and/or give inconsistent experiences compared to selected sample rate 48000
ALSA lib pcm_dmix.c:1089:(snd_pcm_dmix_open) unable to open slave
FMOD failed to initialize the output device.: "Error initializing output device. " (60)
FMOD initialized on nosound output
Caught fatal signal - signo:11 code:1 errno:0 addr:0x28
/proc/self/maps:
Caught fatal signal - signo:11 code:1 errno:0 addr:0x28
00200000-00201000 r--p 00000000 08:02 1859291                            /home/andrei/Duaro_ws/Unity_env/exe-env/env8/env8.x86_64
00201000-00202000 r-xp 00001000 08:02 1859291                            /home/andrei/Duaro_ws/Unity_env/exe-env/env8/env8.x86_64
00202000-00203000 r--p 00002000 08:02 1859291                            /home/andrei/Duaro_ws/Unity_env/exe-env/env8/env8.x86_64
00203000-00204000 rw-p 00003000 08:02 1859291                            /home/andrei/Duaro_ws/Unity_env/exe-env/env8/env8.x86_64
01e20000-0222c000 rw-p 00000000 00:00 0                                  [heap]
41569000-41579000 rwxp 00000000 00:00 0 
41e02000-41e12000 rwxp 00000000 00:00 0 
7f1d70000000-7f1d71000000 rw-p 00000000 00:00 0 
7f1d71000000-7f1d80000000 ---p 00000000 00:00 0 
7f1d84000000-7f1d84021000 rw-p 00000000 00:00 0 
7f1d84021000-7f1d88000000 ---p 00000000 00:00 0 
7f1d8b3d9000-7f1d8b3da000 ---p 00000000 00:00 0 
7f1d8b3da000-7f1d8bbda000 rw-p 00000000 00:00 0 
7f1d8f9de000-7f1d8f9df000 ---p 00000000 00:00 0 
7f1d8f9df000-7f1d8fadf000 rw-p 00000000 00:00 0 
7f1d8fadf000-7f1d8fb09000 r--p 00000000 08:02 8915485                    /usr/lib/x86_64-linux-gnu/libasound.so.2.0.0
7f1d8fb09000-7f1d8fb98000 r-xp 0002a000 08:02 8915485                    /usr/lib/x86_64-linux-gnu/libasound.so.2.0.0
7f1d8fb98000-7f1d8fbd2000 r--p 000b9000 08:02 8915485                    /usr/lib/x86_64-linux-gnu/libasound.so.2.0.0
7f1d8fbd2000-7f1d8fbd9000 r--p 000f2000 08:02 8915485                    /usr/lib/x86_64-linux-gnu/libasound.so.2.0.0
7f1d8fbd9000-7f1d8fbda000 rw-p 000f9000 08:02 8915485                    /usr/lib/x86_64-linux-gnu/libasound.so.2.0.0
7f1d8fbda000-7f1d8fbde000 r--p 00000000 08:02 8920851                    /usr/lib/x86_64-linux-gnu/libgpg-error.so.0.28.0
7f1d8fbde000-7f1d8fbf1000 r-xp 00004000 08:02 8920851                    /usr/lib/x86_64-linux-gnu/libgpg-error.so.0.28.0
7f1d8fbf1000-7f1d8fbfb000 r--p 00017000 08:02 8920851                    /usr/lib/x86_64-linux-gnu/libgpg-error.so.0.28.0
7f1d8fbfb000-7f1d8fbfc000 r--p 00020000 08:02 8920851                    /usr/lib/x86_64-linux-gnu/libgpg-error.so.0.28.0
7f1d8fbfc000-7f1d8fbfd000 rw-p 00021000 08:02 8920851                    /usr/lib/x86_64-linux-gnu/libgpg-error.so.0.28.0
7f1d8fbfd000-7f1d8fc01000 r--p 00000000 08:02 8914186                    /usr/lib/x86_64-linux-gnu/libresolv-2.31.so
7f1d8fc01000-7f1d8fc11000 r-xp 00004000 08:02 8914186                    /usr/lib/x86_64-linux-gnu/libresolv-2.31.so
7f1d8fc11000-7f1d8fc15000 r--p 00014000 08:02 8914186                    /usr/lib/x86_64-linux-gnu/libresolv-2.31.so
7f1d8fc15000-7f1d8fc16000 r--p 00017000 08:02 8914186                    /usr/lib/x86_64-linux-gnu/libresolv-2.31.so
7f1d8fc16000-7f1d8fc17000 rw-p 00018000 08:02 8914186                    /usr/lib/x86_64-linux-gnu/libresolv-2.31.so
7f1d8fc17000-7f1d8fc19000 rw-p 00000000 00:00 0 
7f1d8fc19000-7f1d8fc2d000 r--p 00000000 08:02 8921695                    /usr/lib/x86_64-linux-gnu/libvorbisenc.so.2.0.11
7f1d8fc2d000-7f1d8fc30000 r-xp 00014000 08:02 8921695                    /usr/lib/x86_64-linux-gnu/libvorbisenc.so.2.0.11
7f1d8fc30000-7f1d8fca7000 r--p 00017000 08:02 8921695                    /usr/lib/x86_64-linux-gnu/libvorbisenc.so.2.0.11
7f1d8fca7000-7f1d8fcc3000 r--p 0008d000 08:02 8921695                    /usr/lib/x86_64-linux-gnu/libvorbisenc.so.2.0.11
7f1d8fcc3000-7f1d8fcc4000 rw-p 000a9000 08:02 8921695                    /usr/lib/x86_64-linux-gnu/libvorbisenc.so.2.0.11
7f1d8fcc4000-7f1d8fcd0000 r--p 00000000 08:02 8913669                    /usr/lib/x86_64-linux-gnu/libgcrypt.so.20.2.5
7f1d8fcd0000-7f1d8fd9e000 r-xp 0000c000 08:02 8913669                    /usr/lib/x86_64-linux-gnu/libgcrypt.so.20.2.5
7f1d8fd9e000-7f1d8fddb000 r--p 000da000 08:02 8913669                    /usr/lib/x86_64-linux-gnu/libgcrypt.so.20.2.5
7f1d8fddb000-7f1d8fddd000 r--p 00116000 08:02 8913669                    /usr/lib/x86_64-linux-gnu/libgcrypt.so.20.2.5
7f1d8fddd000-7f1d8fde2000 rw-p 00118000 08:02 8913669                    /usr/lib/x86_64-linux-gnu/libgcrypt.so.20.2.5
7f1d8fde2000-7f1d8fde7000 r-xp 00000000 08:02 8920382                    /usr/lib/x86_64-linux-gnu/libasyncns.so.0.3.1
7f1d8fde7000-7f1d8ffe6000 ---p 00005000 08:02 8920382                    /usr/lib/x86_64-linux-gnu/libasyncns.so.0.3.1
7f1d8ffe6000-7f1d8ffe7000 r--p 00004000 08:02 8920382                    /usr/lib/x86_64-linux-gnu/libasyncns.so.0.3.1
7f1d8ffe7000-7f1d8ffe8000 rw-p 00005000 08:02 8920382                    /usr/lib/x86_64-linux-gnu/libasyncns.so.0.3.1
7f1d8ffe8000-7f1d8ffe9000 ---p 00000000 00:00 0 
7f1d8ffe9000-7f1d907e9000 rw-p 00000000 00:00 0 
7f1d907e9000-7f1d907ea000 ---p 00000000 00:00 0 
7f1d907ea000-7f1d90fea000 rw-p 00000000 00:00 0 
7f1d90fea000-7f1d90feb000 ---p 00000000 00:00 0 
7f1d90feb000-7f1d917eb000 rw-p 00000000 00:00 0 
7f1d917eb000-7f1d917ec000 ---p 00000000 00:00 0 
7f1d917ec000-7f1d91fec000 rw-p 00000000 00:00 0 
7f1d91fec000-7f1d91fed000 ---p 00000000 00:00 0 
7f1d91fed000-7f1d927ed000 rw-p 00000000 00:00 0 
7f1d927ed000-7f1d927ee000 ---p 00000000 00:00 0 
7f1d927ee000-7f1d92fee000 rw-p 00000000 00:00 0 
7f1d92fee000-7f1d92fef000 ---p 00000000 00:00 0 
7f1d92fef000-7f1d937ef000 rw-p 00000000 00:00 0 
7f1d937ef000-7f1d937f0000 ---p 00000000 00:00 0 
7f1d937f0000-7f1d93ff0000 rw-p 00000000 00:00 0 
7f1d93ff0000-7f1d93ff1000 ---p 00000000 00:00 0 
7f1d93ff1000-7f1d947f1000 rw-p 00000000 00:00 0 
7f1d947f1000-7f1d947f2000 ---p 00000000 00:00 0 
7f1d947f2000-7f1d94ff2000 rw-p 00000000 00:00 0 
7f1d94ff2000-7f1d94ff3000 ---p 00000000 00:00 0 
7f1d94ff3000-7f1d957f3000 rw-p 00000000 00:00 0 
7f1d957f3000-7f1d957f4000 ---p 00000000 00:00 0 
7f1d957f4000-7f1d95ff4000 rw-p 00000000 00:00 0 
7f1d95ff4000-7f1d95ff5000 ---p 00000000 00:00 0 
7f1d95ff5000-7f1d967f5000 rw-p 00000000 00:00 0 
7f1d967f5000-7f1d967f6000 ---p 00000000 00:00 0 
7f1d967f6000-7f1d96ff6000 rw-p 00000000 00:00 0 
7f1d96ff6000-7f1d96ff7000 ---p 00000000 00:00 0 
7f1d96ff7000-7f1d977f7000 rw-p 00000000 00:00 0 
7f1d977f7000-7f1d977f8000 ---p 00000000 00:00 0 
7f1d977f8000-7f1d97ff8000 rw-p 00000000 00:00 0 
7f1d97ff8000-7f1d97ff9000 ---p 00000000 00:00 0 
7f1d97ff9000-7f1d987f9000 rw-p 00000000 00:00 0 
7f1d987f9000-7f1d987fa000 ---p 00000000 00:00 0 
7f1d987fa000-7f1d98ffa000 rw-p 00000000 00:00 0 
7f1d98ffa000-7f1d98ffb000 ---p 00000000 00:00 0 
7f1d98ffb000-7f1d997fb000 rw-p 00000000 00:00 0 
7f1d997fb000-7f1d997fc000 ---p 00000000 00:00 0 
7f1d997fc000-7f1d99ffc000 rw-p 00000000 00:00 0 
7f1d99ffc000-7f1d99ffd000 ---p 00000000 00:00 0 
7f1d99ffd000-7f1d9a7fd000 rw-p 00000000 00:00 0 
7f1d9a7fd000-7f1d9a7fe000 ---p 00000000 00:00 0 
7f1d9a7fe000-7f1d9affe000 rw-p 00000000 00:00 0 
7f1d9affe000-7f1d9afff000 ---p 00000000 00:00 0 
7f1d9afff000-7f1d9b7ff000 rw-p 00000000 00:00 0 
7f1d9b7ff000-7f1d9b800000 ---p 00000000 00:00 0 
7f1d9b800000-7f1d9c000000 rw-p 00000000 00:00 0 
7f1d9c000000-7f1d9c021000 rw-p 00000000 00:00 0 
7f1d9c021000-7f1da0000000 ---p 00000000 00:00 0 
7f1da0000000-7f1da0021000 rw-p 00000000 00:00 0 
7f1da0021000-7f1da4000000 ---p 00000000 00:00 0 
7f1da4000000-7f1da4021000 rw-p 00000000 00:00 0 
7f1da4021000-7f1da8000000 ---p 00000000 00:00 0 
7f1da8000000-7f1da8021000 rw-p 00000000 00:00 0 
7f1da8021000-7f1dac000000 ---p 00000000 00:00 0 
7f1dac000000-7f1dac021000 rw-p 00000000 00:00 0 
7f1dac021000-7f1db0000000 ---p 00000000 00:00 0 
7f1db0000000-7f1db0021000 rw-p 00000000 00:00 0 
7f1db0021000-7f1db4000000 ---p 00000000 00:00 0 
7f1db4000000-7f1db4021000 rw-p 00000000 00:00 0 
7f1db4021000-7f1db8000000 ---p 00000000 00:00 0 
7f1db8000000-7f1db8021000 rw-p 00000000 00:00 0 
7f1db8021000-7f1dbc000000 ---p 00000000 00:00 0 
7f1dbc000000-7f1dbc021000 rw-p 00000000 00:00 0 
7f1dbc021000-7f1dc0000000 ---p 00000000 00:00 0 
7f1dc0000000-7f1dc0021000 rw-p 00000000 00:00 0 
7f1dc0021000-7f1dc4000000 ---p 00000000 00:00 0 
7f1dc4000000-7f1dc4021000 rw-p 00000000 00:00 0 
7f1dc4021000-7f1dc8000000 ---p 00000000 00:00 0 
7f1dc8000000-7f1dc8021000 rw-p 00000000 00:00 0 
7f1dc8021000-7f1dcc000000 ---p 00000000 00:00 0 
7f1dcc000000-7f1dcc021000 rw-p 00000000 00:00 0 
7f1dcc021000-7f1dd0000000 ---p 00000000 00:00 0 
7f1dd0000000-7f1dd0021000 rw-p 00000000 00:00 0 
7f1dd0021000-7f1dd4000000 ---p 00000000 00:00 0 
7f1dd400b000-7f1dd4013000 r--p 00000000 08:02 8920258                    /usr/lib/x86_64-linux-gnu/libFLAC.so.8.3.0
7f1dd4013000-7f1dd403c000 r-xp 00008000 08:02 8920258                    /usr/lib/x86_64-linux-gnu/libFLAC.so.8.3.0
7f1dd403c000-7f1dd4046000 r--p 00031000 08:02 8920258                    /usr/lib/x86_64-linux-gnu/libFLAC.so.8.3.0
7f1dd4046000-7f1dd4047000 ---p 0003b000 08:02 8920258                    /usr/lib/x86_64-linux-gnu/libFLAC.so.8.3.0
7f1dd4047000-7f1dd4048000 r--p 0003b000 08:02 8920258                    /usr/lib/x86_64-linux-gnu/libFLAC.so.8.3.0
7f1dd4048000-7f1dd4049000 rw-p 0003c000 08:02 8920258                    /usr/lib/x86_64-linux-gnu/libFLAC.so.8.3.0
7f1dd4049000-7f1dd4059000 r--p 00000000 08:02 8913004                    /usr/lib/x86_64-linux-gnu/libsystemd.so.0.28.0
7f1dd4059000-7f1dd40ce000 r-xp 00010000 08:02 8913004                    /usr/lib/x86_64-linux-gnu/libsystemd.so.0.28.0
7f1dd40ce000-7f1dd40f3000 r--p 00085000 08:02 8913004                    /usr/lib/x86_64-linux-gnu/libsystemd.so.0.28.0
7f1dd40f3000-7f1dd40f6000 r--p 000a9000 08:02 8913004                    /usr/lib/x86_64-linux-gnu/libsystemd.so.0.28.0
7f1dd40f6000-7f1dd40f7000 rw-p 000ac000 08:02 8913004                    /usr/lib/x86_64-linux-gnu/libsystemd.so.0.28.0
7f1dd40f7000-7f1dd40f8000 rw-p 00000000 00:00 0 
7f1dd40f8000-7f1dd40f9000 ---p 00000000 00:00 0 
7f1dd40f9000-7f1dd48f9000 rw-p 00000000 00:00 0 
7f1dd48f9000-7f1dd48fa000 ---p 00000000 00:00 0 
7f1dd48fa000-7f1dd50fa000 rw-p 00000000 00:00 0 
7f1dd50fa000-7f1dd50fb000 ---p 00000000 00:00 0 
7f1dd50fb000-7f1dd58fb000 rw-p 00000000 00:00 0 
7f1dd58fb000-7f1dd58fc000 ---p 00000000 00:00 0 
7f1dd58fc000-7f1dd60fc000 rw-p 00000000 00:00 0 
7f1dd60fc000-7f1dd619b000 r-xp 00000000 08:02 1859287                    /home/andrei/Duaro_ws/Unity_env/exe-env/env8/env8_Data/Plugins/liblibvhacd.so
7f1dd619b000-7f1dd639b000 ---p 0009f000 08:02 1859287                    /home/andrei/Duaro_ws/Unity_env/exe-env/env8/env8_Data/Plugins/liblibvhacd.so
7f1dd639b000-7f1dd639c000 r--p 0009f000 08:02 1859287                    /home/andrei/Duaro_ws/Unity_env/exe-env/env8/env8_Data/Plugins/liblibvhacd.so
7f1dd639c000-7f1dd639f000 rw-p 000a0000 08:02 1859287                    /home/andrei/Duaro_ws/Unity_env/exe-env/env8/env8_Data/Plugins/liblibvhacd.so
7f1dd639f000-7f1dd65d4000 r-xp 00000000 08:02 1859288                    /home/andrei/Duaro_ws/Unity_env/exe-env/env8/env8_Data/Plugins/libgrpc_csharp_ext.x64.so
7f1dd65d4000-7f1dd67d4000 ---p 00235000 08:02 1859288                    /home/andrei/Duaro_ws/Unity_env/exe-env/env8/env8_Data/Plugins/libgrpc_csharp_ext.x64.so
7f1dd67d4000-7f1dd67ef000 rw-p 00235000 08:02 1859288                    /home/andrei/Duaro_ws/Unity_env/exe-env/env8/env8_Data/Plugins/libgrpc_csharp_ext.x64.so
7f1dd67ef000-7f1dd67f5000 rw-p 00000000 00:00 0 
7f1dd67f5000-7f1dd67f6000 ---p 00000000 00:00 0 
7f1dd67f6000-7f1dd6ff6000 rw-p 00000000 00:00 0 
7f1dd7004000-7f1dd7007000 r--p 00000000 08:02 8921693                    /usr/lib/x86_64-linux-gnu/libvorbis.so.0.4.8
7f1dd7007000-7f1dd701e000 r-xp 00003000 08:02 8921693                    /usr/lib/x86_64-linux-gnu/libvorbis.so.0.4.8
7f1dd701e000-7f1dd702f000 r--p 0001a000 08:02 8921693                    /usr/lib/x86_64-linux-gnu/libvorbis.so.0.4.8
7f1dd702f000-7f1dd7030000 ---p 0002b000 08:02 8921693                    /usr/lib/x86_64-linux-gnu/libvorbis.so.0.4.8
7f1dd7030000-7f1dd7031000 r--p 0002b000 08:02 8921693                    /usr/lib/x86_64-linux-gnu/libvorbis.so.0.4.8
7f1dd7031000-7f1dd7032000 rw-p 0002c000 08:02 8921693                    /usr/lib/x86_64-linux-gnu/libvorbis.so.0.4.8
7f1dd7032000-7f1dd7036000 r--p 00000000 08:02 8914027                    /usr/lib/x86_64-linux-gnu/libnsl-2.31.so
7f1dd7036000-7f1dd7046000 r-xp 00004000 08:02 8914027                    /usr/lib/x86_64-linux-gnu/libnsl-2.31.so
7f1dd7046000-7f1dd704b000 r--p 00014000 08:02 8914027                    /usr/lib/x86_64-linux-gnu/libnsl-2.31.so
7f1dd704b000-7f1dd704c000 r--p 00018000 08:02 8914027                    /usr/lib/x86_64-linux-gnu/libnsl-2.31.so
7f1dd704c000-7f1dd704d000 rw-p 00019000 08:02 8914027                    /usr/lib/x86_64-linux-gnu/libnsl-2.31.so
7f1dd704d000-7f1dd704f000 rw-p 00000000 00:00 0 
7f1dd704f000-7f1dd7051000 r--p 00000000 08:02 8921116                    /usr/lib/x86_64-linux-gnu/liblz4.so.1.9.2
7f1dd7051000-7f1dd706b000 r-xp 00002000 08:02 8921116                    /usr/lib/x86_64-linux-gnu/liblz4.so.1.9.2
7f1dd706b000-7f1dd706e000 r--p 0001c000 08:02 8921116                    /usr/lib/x86_64-linux-gnu/liblz4.so.1.9.2
7f1dd706e000-7f1dd706f000 r--p 0001e000 08:02 8921116                    /usr/lib/x86_64-linux-gnu/liblz4.so.1.9.2
7f1dd706f000-7f1dd7070000 rw-p 0001f000 08:02 8921116                    /usr/lib/x86_64-linux-gnu/liblz4.so.1.9.2
7f1dd7070000-7f1dd707a000 r-xp 00000000 08:02 8922868                    /usr/lib/x86_64-linux-gnu/libminizip.so.1.0.0
7f1dd707a000-7f1dd7279000 ---p 0000a000 08:02 8922868                    /usr/lib/x86_64-linux-gnu/libminizip.so.1.0.0
7f1dd7279000-7f1dd727a000 r--p 00009000 08:02 8922868                    /usr/lib/x86_64-linux-gnu/libminizip.so.1.0.0
7f1dd727a000-7f1dd727b000 rw-p 0000a000 08:02 8922868                    /usr/lib/x86_64-linux-gnu/libminizip.so.1.0.0
7f1dd727b000-7f1dd796b000 r-xp 00000000 08:02 1859289                    /home/andrei/Duaro_ws/Unity_env/exe-env/env8/env8_Data/Plugins/libassimp.so
7f1dd796b000-7f1dd7b6b000 ---p 006f0000 08:02 1859289                    /home/andrei/Duaro_ws/Unity_env/exe-env/env8/env8_Data/Plugins/libassimp.so
7f1dd7b6b000-7f1dd7c3d000 r--p 006f0000 08:02 1859289                    /home/andrei/Duaro_ws/Unity_env/exe-env/env8/env8_Data/Plugins/libassimp.so
7f1dd7c3d000-7f1dd7c3f000 rw-p 007c2000 08:02 1859289                    /home/andrei/Duaro_ws/Unity_env/exe-env/env8/env8_Data/Plugins/libassimp.so
7f1dd7c3f000-7f1dd7c46000 rw-p 00000000 00:00 0 
7f1dd7c46000-7f1dd8000000 r--p 00000000 08:02 1859277                    /home/andrei/Duaro_ws/Unity_env/exe-env/env8/env8_Data/Managed/mscorlib.dll
7f1dd8000000-7f1dd8038000 rw-p 00000000 00:00 0 
7f1dd8038000-7f1ddc000000 ---p 00000000 00:00 0 
7f1ddc001000-7f1ddc008000 r--p 00000000 08:02 8921524                    /usr/lib/x86_64-linux-gnu/libsndfile.so.1.0.28
7f1ddc008000-7f1ddc05b000 r-xp 00007000 08:02 8921524                    /usr/lib/x86_64-linux-gnu/libsndfile.so.1.0.28
7f1ddc05b000-7f1ddc078000 r--p 0005a000 08:02 8921524                    /usr/lib/x86_64-linux-gnu/libsndfile.so.1.0.28
7f1ddc078000-7f1ddc079000 ---p 00077000 08:02 8921524                    /usr/lib/x86_64-linux-gnu/libsndfile.so.1.0.28
7f1ddc079000-7f1ddc07c000 r--p 00077000 08:02 8921524                    /usr/lib/x86_64-linux-gnu/libsndfile.so.1.0.28
7f1ddc07c000-7f1ddc07d000 rw-p 0007a000 08:02 8921524                    /usr/lib/x86_64-linux-gnu/libsndfile.so.1.0.28
7f1ddc07d000-7f1ddc07f000 rw-p 00000000 00:00 0 
7f1ddc07f000-7f1ddc08a000 r--p 00000000 08:02 8920573                    /usr/lib/x86_64-linux-gnu/libdbus-1.so.3.19.11
7f1ddc08a000-7f1ddc0b8000 r-xp 0000b000 08:02 8920573                    /usr/lib/x86_64-linux-gnu/libdbus-1.so.3.19.11
7f1ddc0b8000-7f1ddc0cd000 r--p 00039000 08:02 8920573                    /usr/lib/x86_64-linux-gnu/libdbus-1.so.3.19.11
7f1ddc0cd000-7f1ddc0ce000 ---p 0004e000 08:02 8920573                    /usr/lib/x86_64-linux-gnu/libdbus-1.so.3.19.11
7f1ddc0ce000-7f1ddc0cf000 r--p 0004e000 08:02 8920573                    /usr/lib/x86_64-linux-gnu/libdbus-1.so.3.19.11
7f1ddc0cf000-7f1ddc0d0000 rw-p 0004f000 08:02 8920573                    /usr/lib/x86_64-linux-gnu/libdbus-1.so.3.19.11
7f1ddc0d0000-7f1ddc0e1000 r--p 00000000 08:02 9568377                    /usr/lib/x86_64-linux-gnu/pulseaudio/libpulsecommon-13.99.so
7f1ddc0e1000-7f1ddc129000 r-xp 00011000 08:02 9568377                    /usr/lib/x86_64-linux-gnu/pulseaudio/libpulsecommon-13.99.so
7f1ddc129000-7f1ddc14e000 r--p 00059000 08:02 9568377                    /usr/lib/x86_64-linux-gnu/pulseaudio/libpulsecommon-13.99.so
7f1ddc14e000-7f1ddc14f000 ---p 0007e000 08:02 9568377                    /usr/lib/x86_64-linux-gnu/pulseaudio/libpulsecommon-13.99.so
7f1ddc14f000-7f1ddc151000 r--p 0007e000 08:02 9568377                    /usr/lib/x86_64-linux-gnu/pulseaudio/libpulsecommon-13.99.so
7f1ddc151000-7f1ddc152000 rw-p 00080000 08:02 9568377                    /usr/lib/x86_64-linux-gnu/pulseaudio/libpulsecommon-13.99.so
7f1ddc152000-7f1ddc15e000 r--p 00000000 08:02 8913770                    /usr/lib/x86_64-linux-gnu/libpulse.so.0.21.2
7f1ddc15e000-7f1ddc18e000 r-xp 0000c000 08:02 8913770                    /usr/lib/x86_64-linux-gnu/libpulse.so.0.21.2
7f1ddc18e000-7f1ddc1a4000 r--p 0003c000 08:02 8913770                    /usr/lib/x86_64-linux-gnu/libpulse.so.0.21.2
7f1ddc1a4000-7f1ddc1a6000 r--p 00051000 08:02 8913770                    /usr/lib/x86_64-linux-gnu/libpulse.so.0.21.2
7f1ddc1a6000-7f1ddc1a7000 rw-p 00053000 08:02 8913770                    /usr/lib/x86_64-linux-gnu/libpulse.so.0.21.2
7f1ddc1a7000-7f1ddc1b0000 r--p 00000000 08:02 8920849                    /usr/lib/x86_64-linux-gnu/libgomp.so.1.0.0
7f1ddc1b0000-7f1ddc1db000 r-xp 00009000 08:02 8920849                    /usr/lib/x86_64-linux-gnu/libgomp.so.1.0.0
7f1ddc1db000-7f1ddc1e7000 r--p 00034000 08:02 8920849                    /usr/lib/x86_64-linux-gnu/libgomp.so.1.0.0
7f1ddc1e7000-7f1ddc1e8000 r--p 0003f000 08:02 8920849                    /usr/lib/x86_64-linux-gnu/libgomp.so.1.0.0
7f1ddc1e8000-7f1ddc1e9000 rw-p 00040000 08:02 8920849                    /usr/lib/x86_64-linux-gnu/libgomp.so.1.0.0
7f1ddc1ec000-7f1ddc1ed000 ---p 00000000 00:00 0 
7f1ddc1ed000-7f1ddc22d000 rw-p 00000000 00:00 0 
7f1ddc22d000-7f1ddc23c000 r--p 00000000 08:02 1859293                    /home/andrei/Duaro_ws/Unity_env/exe-env/env8/env8_Data/Plugins/lib_burst_generated.so
7f1ddc23c000-7f1ddc270000 r-xp 0000e000 08:02 1859293                    /home/andrei/Duaro_ws/Unity_env/exe-env/env8/env8_Data/Plugins/lib_burst_generated.so
7f1ddc270000-7f1ddc271000 r--p 00041000 08:02 1859293                    /home/andrei/Duaro_ws/Unity_env/exe-env/env8/env8_Data/Plugins/lib_burst_generated.so
7f1ddc271000-7f1ddc272000 rw-p 00041000 08:02 1859293                    /home/andrei/Duaro_ws/Unity_env/exe-env/env8/env8_Data/Plugins/lib_burst_generated.so
7f1ddc272000-7f1ddc5c9000 r-xp 00000000 08:02 1859315                    /home/andrei/Duaro_ws/Unity_env/exe-env/env8/env8_Data/MonoBleedingEdge/x86_64/libmonobdwgc-2.0.so
7f1ddc5c9000-7f1ddc7c9000 ---p 00357000 08:02 1859315                    /home/andrei/Duaro_ws/Unity_env/exe-env/env8/env8_Data/MonoBleedingEdge/x86_64/libmonobdwgc-2.0.so
7f1ddc7c9000-7f1ddc7d0000 r--p 00357000 08:02 1859315                    /home/andrei/Duaro_ws/Unity_env/exe-env/env8/env8_Data/MonoBleedingEdge/x86_64/libmonobdwgc-2.0.so
7f1ddc7d0000-7f1ddc7d7000 rw-p 0035e000 08:02 1859315                    /home/andrei/Duaro_ws/Unity_env/exe-env/env8/env8_Data/MonoBleedingEdge/x86_64/libmonobdwgc-2.0.so
7f1ddc7d7000-7f1ddc9f2000 rw-p 00000000 00:00 0 
7f1ddc9f2000-7f1ddcbf2000 rw-s 13c706000 00:05 707                       /dev/dri/renderD128
7f1ddcbf2000-7f1ddcbf3000 ---p 00000000 00:00 0 
7f1ddcbf3000-7f1ddcbf4000 rw-p 00000000 00:00 0 
7f1ddcbf4000-7f1ddcbfc000 ---p 00000000 00:00 0 
7f1ddcbfc000-7f1ddd3f3000 rw-p 00000000 00:00 0 
7f1ddd3f3000-7f1ddd5f3000 rw-s 133e28000 00:05 707                       /dev/dri/renderD128
7f1ddd5f3000-7f1ddd7f3000 rw-s 10ea5b000 00:05 707                       /dev/dri/renderD128
7f1ddd7f3000-7f1ddd7f4000 ---p 00000000 00:00 0 
7f1ddd7f4000-7f1dddff4000 rw-p 00000000 00:00 0 
7f1dddff4000-7f1dddff5000 ---p 00000000 00:00 0 
7f1dddff5000-7f1dde7f5000 rw-p 00000000 00:00 0 
7f1dde7f5000-7f1dde7f6000 ---p 00000000 00:00 0 
7f1dde7f6000-7f1ddeff6000 rw-p 00000000 00:00 0 
7f1ddeff6000-7f1ddeff7000 ---p 00000000 00:00 0 
7f1ddeff7000-7f1ddf7f7000 rw-p 00000000 00:00 0 
7f1ddf7f7000-7f1ddf7f8000 ---p 00000000 00:00 0 
7f1ddf7f8000-7f1ddfff8000 rw-p 00000000 00:00 0 
7f1ddfff8000-7f1ddfff9000 ---p 00000000 00:00 0 
7f1ddfff9000-7f1de07f9000 rw-p 00000000 00:00 0 
7f1de07f9000-7f1de07fa000 ---p 00000000 00:00 0 
7f1de07fa000-7f1de0ffa000 rw-p 00000000 00:00 0 
7f1de0ffa000-7f1de0ffb000 ---p 00000000 00:00 0 
7f1de0ffb000-7f1de17fb000 rw-p 00000000 00:00 0 
7f1de17fb000-7f1de17fc000 ---p 00000000 00:00 0 
7f1de17fc000-7f1de1ffc000 rw-p 00000000 00:00 0 
7f1de1ffc000-7f1de1ffd000 ---p 00000000 00:00 0 
7f1de1ffd000-7f1de27fd000 rw-p 00000000 00:00 0 
7f1de27fd000-7f1de27fe000 ---p 00000000 00:00 0 
7f1de27fe000-7f1de2ffe000 rw-p 00000000 00:00 0 
7f1de2ffe000-7f1de2fff000 ---p 00000000 00:00 0 
7f1de2fff000-7f1de37ff000 rw-p 00000000 00:00 0 
7f1de37ff000-7f1de3800000 ---p 00000000 00:00 0 
7f1de3800000-7f1de4000000 rw-p 00000000 00:00 0 
7f1de4000000-7f1de4021000 rw-p 00000000 00:00 0 
7f1de4021000-7f1de8000000 ---p 00000000 00:00 0 
7f1de8012000-7f1de8015000 r--p 00000000 08:02 8923942                    /usr/lib/x86_64-linux-gnu/liblzma.so.5.2.4
7f1de8015000-7f1de802d000 r-xp 00003000 08:02 8923942                    /usr/lib/x86_64-linux-gnu/liblzma.so.5.2.4
7f1de802d000-7f1de8038000 r--p 0001b000 08:02 8923942                    /usr/lib/x86_64-linux-gnu/liblzma.so.5.2.4
7f1de8038000-7f1de8039000 ---p 00026000 08:02 8923942                    /usr/lib/x86_64-linux-gnu/liblzma.so.5.2.4
7f1de8039000-7f1de803a000 r--p 00026000 08:02 8923942                    /usr/lib/x86_64-linux-gnu/liblzma.so.5.2.4
7f1de803a000-7f1de803b000 rw-p 00027000 08:02 8923942                    /usr/lib/x86_64-linux-gnu/liblzma.so.5.2.4
7f1de803b000-7f1de803c000 rw-p 00000000 00:00 0 
7f1de803c000-7f1de809b000 ---p 00000000 00:00 0 
7f1de809b000-7f1de819b000 rw-p 00000000 00:00 0 
7f1de819b000-7f1de82dc000 rw-s 00000000 08:02 1310754                    /home/andrei/.cache/mesa_shader_cache/index
7f1de82dc000-7f1de82dd000 ---p 00000000 00:00 0 
7f1de82dd000-7f1de8add000 rw-p 00000000 00:00 0 
7f1de8add000-7f1de8b73000 r--p 00000000 08:02 8921563                    /usr/lib/x86_64-linux-gnu/libstdc++.so.6.0.28
7f1de8b73000-7f1de8c64000 r-xp 00096000 08:02 8921563                    /usr/lib/x86_64-linux-gnu/libstdc++.so.6.0.28
7f1de8c64000-7f1de8cad000 r--p 00187000 08:02 8921563                    /usr/lib/x86_64-linux-gnu/libstdc++.so.6.0.28
7f1de8cad000-7f1de8cae000 ---p 001d0000 08:02 8921563                    /usr/lib/x86_64-linux-gnu/libstdc++.so.6.0.28
7f1de8cae000-7f1de8cb9000 r--p 001d0000 08:02 8921563                    /usr/lib/x86_64-linux-gnu/libstdc++.so.6.0.28
7f1de8cb9000-7f1de8cbc000 rw-p 001db000 08:02 8921563                    /usr/lib/x86_64-linux-gnu/libstdc++.so.6.0.28
7f1de8cbc000-7f1de8cbf000 rw-p 00000000 00:00 0 
7f1de8cbf000-7f1dedee0000 r-xp 00000000 08:02 8919001                    /usr/lib/x86_64-linux-gnu/libLLVM-12.so.1
7f1dedee0000-7f1dee3f9000 r--p 05220000 08:02 8919001                    /usr/lib/x86_64-linux-gnu/libLLVM-12.so.1
7f1dee3f9000-7f1dee400000 rw-p 05739000 08:02 8919001                    /usr/lib/x86_64-linux-gnu/libLLVM-12.so.1
7f1dee400000-7f1dee475000 rw-p 00000000 00:00 0 
7f1dee475000-7f1dee60b000 r--p 00000000 08:02 9568713                    /usr/lib/x86_64-linux-gnu/dri/radeonsi_dri.so
7f1dee60b000-7f1def6b6000 r-xp 00196000 08:02 9568713                    /usr/lib/x86_64-linux-gnu/dri/radeonsi_dri.so
7f1def6b6000-7f1defb7c000 r--p 01241000 08:02 9568713                    /usr/lib/x86_64-linux-gnu/dri/radeonsi_dri.so
7f1defb7c000-7f1defcaa000 r--p 01706000 08:02 9568713                    /usr/lib/x86_64-linux-gnu/dri/radeonsi_dri.so
7f1defcaa000-7f1defde2000 rw-p 01834000 08:02 9568713                    /usr/lib/x86_64-linux-gnu/dri/radeonsi_dri.so
7f1defde2000-7f1df1000000 rw-p 00000000 00:00 0 
7f1df1000000-7f1e00000000 ---p 00000000 00:00 0 
7f1e00000000-7f1e01000000 rw-p 00000000 00:00 0 
7f1e01000000-7f1e10000000 ---p 00000000 00:00 0 
7f1e10000000-7f1e11000000 rw-p 00000000 00:00 0 
7f1e11000000-7f1e20000000 ---p 00000000 00:00 0 
7f1e20000000-7f1e20800000 rw-p 00000000 00:00 0 
7f1e20800000-7f1e30000000 ---p 00000000 00:00 0 
7f1e30000000-7f1e31000000 rw-p 00000000 00:00 0 
7f1e31000000-7f1e40000000 ---p 00000000 00:00 0 
7f1e40000000-7f1e40400000 rw-p 00000000 00:00 0 
7f1e40400000-7f1e40800000 ---p 00000000 00:00 0 
7f1e40800000-7f1e40810000 rw-p 00000000 00:00 0 
7f1e40810000-7f1e40820000 ---p 00000000 00:00 0 
7f1e40820000-7f1e40860000 rw-p 00000000 00:00 0 
7f1e40860000-7f1e408a0000 ---p 00000000 00:00 0 
7f1e408a0000-7f1e408e0000 rw-p 00000000 00:00 0 
7f1e408e0000-7f1e40920000 ---p 00000000 00:00 0 
7f1e40920000-7f1e40960000 rw-p 00000000 00:00 0 
7f1e40960000-7f1e409a0000 ---p 00000000 00:00 0 
7f1e409a0000-7f1e409e0000 rw-p 00000000 00:00 0 
7f1e409e0000-7f1e40a20000 ---p 00000000 00:00 0 
7f1e40a20000-7f1e40a60000 rw-p 00000000 00:00 0 
7f1e40a60000-7f1e40aa0000 ---p 00000000 00:00 0 
7f1e40aa0000-7f1e40ae0000 rw-p 00000000 00:00 0 
7f1e40ae0000-7f1e40b20000 ---p 00000000 00:00 0 
7f1e40b20000-7f1e40b60000 rw-p 00000000 00:00 0 
7f1e40b60000-7f1e40ba0000 ---p 00000000 00:00 0 
7f1e40ba0000-7f1e40be0000 rw-p 00000000 00:00 0 
7f1e40be0000-7f1e40c20000 ---p 00000000 00:00 0 
7f1e40c20000-7f1e40c60000 rw-p 00000000 00:00 0 
7f1e40c60000-7f1e40ca0000 ---p 00000000 00:00 0 
7f1e40ca0000-7f1e40ce0000 rw-p 00000000 00:00 0 
7f1e40ce0000-7f1e40d20000 ---p 00000000 00:00 0 
7f1e40d20000-7f1e40d60000 rw-p 00000000 00:00 0 
7f1e40d60000-7f1e40da0000 ---p 00000000 00:00 0 
7f1e40da0000-7f1e40da8000 rw-p 00000000 00:00 0 
7f1e40da8000-7f1e40db0000 ---p 00000000 00:00 0 
7f1e40db0000-7f1e40db8000 rw-p 00000000 00:00 0 
7f1e40db8000-7f1e40dc0000 ---p 00000000 00:00 0 
7f1e40dc0000-7f1e40dc8000 rw-p 00000000 00:00 0 
7f1e40dc8000-7f1e40dd0000 ---p 00000000 00:00 0 
7f1e40dd0000-7f1e40dd8000 rw-p 00000000 00:00 0 
7f1e40dd8000-7f1e40de0000 ---p 00000000 00:00 0 
7f1e40de0000-7f1e40de8000 rw-p 00000000 00:00 0 
7f1e40de8000-7f1e40df0000 ---p 00000000 00:00 0 
7f1e40df0000-7f1e40df8000 rw-p 00000000 00:00 0 
7f1e40df8000-7f1e40e00000 ---p 00000000 00:00 0 
7f1e40e00000-7f1e40e08000 rw-p 00000000 00:00 0 
7f1e40e08000-7f1e40e10000 ---p 00000000 00:00 0 
7f1e40e10000-7f1e40e18000 rw-p 00000000 00:00 0 
7f1e40e18000-7f1e40e20000 ---p 00000000 00:00 0 
7f1e40e20000-7f1e40e28000 rw-p 00000000 00:00 0 
7f1e40e28000-7f1e40e30000 ---p 00000000 00:00 0 
7f1e40e30000-7f1e40e38000 rw-p 00000000 00:00 0 
7f1e40e38000-7f1e40e40000 ---p 00000000 00:00 0 
7f1e40e40000-7f1e40e48000 rw-p 00000000 00:00 0 
7f1e40e48000-7f1e40e50000 ---p 00000000 00:00 0 
7f1e40e50000-7f1e40e58000 rw-p 00000000 00:00 0 
7f1e40e58000-7f1e40e60000 ---p 00000000 00:00 0 
7f1e40e60000-7f1e40e68000 rw-p 00000000 00:00 0 
7f1e40e68000-7f1e40e70000 ---p 00000000 00:00 0 
7f1e40e70000-7f1e40e78000 rw-p 00000000 00:00 0 
7f1e40e78000-7f1e40e80000 ---p 00000000 00:00 0 
7f1e40e80000-7f1e40e88000 rw-p 00000000 00:00 0 
7f1e40e88000-7f1e40e90000 ---p 00000000 00:00 0 
7f1e40e90000-7f1e40e98000 rw-p 00000000 00:00 0 
7f1e40e98000-7f1e40ea0000 ---p 00000000 00:00 0 
7f1e40ea0000-7f1e40eb0000 rw-p 00000000 00:00 0 
7f1e40eb0000-7f1e40ec0000 ---p 00000000 00:00 0 
7f1e40ec0000-7f1e40ed0000 rw-p 00000000 00:00 0 
7f1e40ed0000-7f1e40ee0000 ---p 00000000 00:00 0 
7f1e40ee0000-7f1e40ef0000 rw-p 00000000 00:00 0 
7f1e40ef0000-7f1e50000000 ---p 00000000 00:00 0 
7f1e50000000-7f1e53000000 rw-p 00000000 00:00 0 
7f1e53000000-7f1e60000000 ---p 00000000 00:00 0 
7f1e60000000-7f1e61001000 rw-p 00000000 00:00 0 
7f1e61001000-7f1e70000000 ---p 00000000 00:00 0 
7f1e70000000-7f1e70102000 rw-p 00000000 00:00 0 
7f1e70102000-7f1e80000000 ---p 00000000 00:00 0 
7f1e80000000-7f1e80102000 rw-p 00000000 00:00 0 
7f1e80102000-7f1e90000000 ---p 00000000 00:00 0 
7f1e90000000-7f1e90102000 rw-p 00000000 00:00 0 
7f1e90102000-7f1ea0000000 ---p 00000000 00:00 0 
7f1ea0000000-7f1ea0102000 rw-p 00000000 00:00 0 
7f1ea0102000-7f1eb0000000 ---p 00000000 00:00 0 
7f1eb0000000-7f1eb0100000 rw-p 00000000 00:00 0 
7f1eb0100000-7f1ec0000000 ---p 00000000 00:00 0 
7f1ec0009000-7f1ec000b000 r--p 00000000 08:02 8921271                    /usr/lib/x86_64-linux-gnu/libogg.so.0.8.4
7f1ec000b000-7f1ec0010000 r-xp 00002000 08:02 8921271                    /usr/lib/x86_64-linux-gnu/libogg.so.0.8.4
7f1ec0010000-7f1ec0013000 r--p 00007000 08:02 8921271                    /usr/lib/x86_64-linux-gnu/libogg.so.0.8.4
7f1ec0013000-7f1ec0014000 ---p 0000a000 08:02 8921271                    /usr/lib/x86_64-linux-gnu/libogg.so.0.8.4
7f1ec0014000-7f1ec0015000 r--p 0000a000 08:02 8921271                    /usr/lib/x86_64-linux-gnu/libogg.so.0.8.4
7f1ec0015000-7f1ec0016000 rw-p 0000b000 08:02 8921271                    /usr/lib/x86_64-linux-gnu/libogg.so.0.8.4
7f1ec0016000-7f1ec0019000 r--p 00000000 08:02 8920361                    /usr/lib/x86_64-linux-gnu/libapparmor.so.1.6.1
7f1ec0019000-7f1ec0022000 r-xp 00003000 08:02 8920361                    /usr/lib/x86_64-linux-gnu/libapparmor.so.1.6.1
7f1ec0022000-7f1ec0029000 r--p 0000c000 08:02 8920361                    /usr/lib/x86_64-linux-gnu/libapparmor.so.1.6.1
7f1ec0029000-7f1ec002a000 r--p 00012000 08:02 8920361                    /usr/lib/x86_64-linux-gnu/libapparmor.so.1.6.1
7f1ec002a000-7f1ec002b000 rw-p 00013000 08:02 8920361                    /usr/lib/x86_64-linux-gnu/libapparmor.so.1.6.1
7f1ec002b000-7f1ec002e000 r--p 00000000 08:02 8921756                    /usr/lib/x86_64-linux-gnu/libwrap.so.0.7.6
7f1ec002e000-7f1ec0033000 r-xp 00003000 08:02 8921756                    /usr/lib/x86_64-linux-gnu/libwrap.so.0.7.6
7f1ec0033000-7f1ec0035000 r--p 00008000 08:02 8921756                    /usr/lib/x86_64-linux-gnu/libwrap.so.0.7.6
7f1ec0035000-7f1ec0036000 r--p 00009000 08:02 8921756                    /usr/lib/x86_64-linux-gnu/libwrap.so.0.7.6
7f1ec0036000-7f1ec0037000 rw-p 0000a000 08:02 8921756                    /usr/lib/x86_64-linux-gnu/libwrap.so.0.7.6
7f1ec0037000-7f1ec0039000 r--p 00000000 08:02 8913769                    /usr/lib/x86_64-linux-gnu/libpulse-simple.so.0.1.1
7f1ec0039000-7f1ec003b000 r-xp 00002000 08:02 8913769                    /usr/lib/x86_64-linux-gnu/libpulse-simple.so.0.1.1
7f1ec003b000-7f1ec003c000 r--p 00004000 08:02 8913769                    /usr/lib/x86_64-linux-gnu/libpulse-simple.so.0.1.1
7f1ec003c000-7f1ec003d000 r--p 00004000 08:02 8913769                    /usr/lib/x86_64-linux-gnu/libpulse-simple.so.0.1.1
7f1ec003d000-7f1ec003e000 rw-p 00005000 08:02 8913769                    /usr/lib/x86_64-linux-gnu/libpulse-simple.so.0.1.1
7f1ec003e000-7f1ec0041000 r--p 00000000 08:02 8914055                    /usr/lib/x86_64-linux-gnu/libnss_files-2.31.so
7f1ec0041000-7f1ec0048000 r-xp 00003000 08:02 8914055                    /usr/lib/x86_64-linux-gnu/libnss_files-2.31.so
7f1ec0048000-7f1ec004a000 r--p 0000a000 08:02 8914055                    /usr/lib/x86_64-linux-gnu/libnss_files-2.31.so
7f1ec004a000-7f1ec004b000 r--p 0000b000 08:02 8914055                    /usr/lib/x86_64-linux-gnu/libnss_files-2.31.so
7f1ec004b000-7f1ec004c000 rw-p 0000c000 08:02 8914055                    /usr/lib/x86_64-linux-gnu/libnss_files-2.31.so
7f1ec004c000-7f1ec0052000 rw-p 00000000 00:00 0 
7f1ec0052000-7f1ec0060000 r--p 00000000 08:02 8921606                    /usr/lib/x86_64-linux-gnu/libtinfo.so.6.2
7f1ec0060000-7f1ec006f000 r-xp 0000e000 08:02 8921606                    /usr/lib/x86_64-linux-gnu/libtinfo.so.6.2
7f1ec006f000-7f1ec007d000 r--p 0001d000 08:02 8921606                    /usr/lib/x86_64-linux-gnu/libtinfo.so.6.2
7f1ec007d000-7f1ec0081000 r--p 0002a000 08:02 8921606                    /usr/lib/x86_64-linux-gnu/libtinfo.so.6.2
7f1ec0081000-7f1ec0082000 rw-p 0002e000 08:02 8921606                    /usr/lib/x86_64-linux-gnu/libtinfo.so.6.2
7f1ec0082000-7f1ec008a000 r--p 00000000 08:02 8920653                    /usr/lib/x86_64-linux-gnu/libedit.so.2.0.63
7f1ec008a000-7f1ec00a5000 r-xp 00008000 08:02 8920653                    /usr/lib/x86_64-linux-gnu/libedit.so.2.0.63
7f1ec00a5000-7f1ec00b3000 r--p 00023000 08:02 8920653                    /usr/lib/x86_64-linux-gnu/libedit.so.2.0.63
7f1ec00b3000-7f1ec00b5000 r--p 00030000 08:02 8920653                    /usr/lib/x86_64-linux-gnu/libedit.so.2.0.63
7f1ec00b5000-7f1ec00b6000 rw-p 00032000 08:02 8920653                    /usr/lib/x86_64-linux-gnu/libedit.so.2.0.63
7f1ec00b6000-7f1ec00ba000 rw-p 00000000 00:00 0 
7f1ec00ba000-7f1ec00bc000 r--p 00000000 08:02 8920703                    /usr/lib/x86_64-linux-gnu/libffi.so.7.1.0
7f1ec00bc000-7f1ec00c2000 r-xp 00002000 08:02 8920703                    /usr/lib/x86_64-linux-gnu/libffi.so.7.1.0
7f1ec00c2000-7f1ec00c3000 r--p 00008000 08:02 8920703                    /usr/lib/x86_64-linux-gnu/libffi.so.7.1.0
7f1ec00c3000-7f1ec00c4000 ---p 00009000 08:02 8920703                    /usr/lib/x86_64-linux-gnu/libffi.so.7.1.0
7f1ec00c4000-7f1ec00c5000 r--p 00009000 08:02 8920703                    /usr/lib/x86_64-linux-gnu/libffi.so.7.1.0
7f1ec00c5000-7f1ec00c6000 rw-p 0000a000 08:02 8920703                    /usr/lib/x86_64-linux-gnu/libffi.so.7.1.0
7f1ec00c6000-7f1ec00d5000 r--p 00000000 08:02 8921704                    /usr/lib/x86_64-linux-gnu/libvulkan.so.1.2.131
7f1ec00d5000-7f1ec0107000 r-xp 0000f000 08:02 8921704                    /usr/lib/x86_64-linux-gnu/libvulkan.so.1.2.131
7f1ec0107000-7f1ec011a000 r--p 00041000 08:02 8921704                    /usr/lib/x86_64-linux-gnu/libvulkan.so.1.2.131
7f1ec011a000-7f1ec011b000 r--p 00053000 08:02 8921704                    /usr/lib/x86_64-linux-gnu/libvulkan.so.1.2.131
7f1ec011b000-7f1ec011c000 rw-p 00054000 08:02 8921704                    /usr/lib/x86_64-linux-gnu/libvulkan.so.1.2.131
7f1ec011c000-7f1ec011e000 r--p 00000000 08:02 8913259                    /usr/lib/x86_64-linux-gnu/libdrm_nouveau.so.2.0.0
7f1ec011e000-7f1ec0123000 r-xp 00002000 08:02 8913259                    /usr/lib/x86_64-linux-gnu/libdrm_nouveau.so.2.0.0
7f1ec0123000-7f1ec0125000 r--p 00007000 08:02 8913259                    /usr/lib/x86_64-linux-gnu/libdrm_nouveau.so.2.0.0
7f1ec0125000-7f1ec0126000 r--p 00008000 08:02 8913259                    /usr/lib/x86_64-linux-gnu/libdrm_nouveau.so.2.0.0
7f1ec0126000-7f1ec0127000 rw-p 00009000 08:02 8913259                    /usr/lib/x86_64-linux-gnu/libdrm_nouveau.so.2.0.0
7f1ec0127000-7f1ec012a000 r--p 00000000 08:02 8913112                    /usr/lib/x86_64-linux-gnu/libdrm_amdgpu.so.1.0.0
7f1ec012a000-7f1ec012f000 r-xp 00003000 08:02 8913112                    /usr/lib/x86_64-linux-gnu/libdrm_amdgpu.so.1.0.0
7f1ec012f000-7f1ec0131000 r--p 00008000 08:02 8913112                    /usr/lib/x86_64-linux-gnu/libdrm_amdgpu.so.1.0.0
7f1ec0131000-7f1ec0132000 r--p 00009000 08:02 8913112                    /usr/lib/x86_64-linux-gnu/libdrm_amdgpu.so.1.0.0
7f1ec0132000-7f1ec0133000 rw-p 0000a000 08:02 8913112                    /usr/lib/x86_64-linux-gnu/libdrm_amdgpu.so.1.0.0
7f1ec0133000-7f1ec0136000 r--p 00000000 08:02 8920658                    /usr/lib/x86_64-linux-gnu/libelf-0.176.so
7f1ec0136000-7f1ec0148000 r-xp 00003000 08:02 8920658                    /usr/lib/x86_64-linux-gnu/libelf-0.176.so
7f1ec0148000-7f1ec014d000 r--p 00015000 08:02 8920658                    /usr/lib/x86_64-linux-gnu/libelf-0.176.so
7f1ec014d000-7f1ec014e000 r--p 00019000 08:02 8920658                    /usr/lib/x86_64-linux-gnu/libelf-0.176.so
7f1ec014e000-7f1ec014f000 rw-p 0001a000 08:02 8920658                    /usr/lib/x86_64-linux-gnu/libelf-0.176.so
7f1ec014f000-7f1ec0151000 r--p 00000000 08:02 8913261                    /usr/lib/x86_64-linux-gnu/libdrm_radeon.so.1.0.1
7f1ec0151000-7f1ec0158000 r-xp 00002000 08:02 8913261                    /usr/lib/x86_64-linux-gnu/libdrm_radeon.so.1.0.1
7f1ec0158000-7f1ec015c000 r--p 00009000 08:02 8913261                    /usr/lib/x86_64-linux-gnu/libdrm_radeon.so.1.0.1
7f1ec015c000-7f1ec015d000 r--p 0000c000 08:02 8913261                    /usr/lib/x86_64-linux-gnu/libdrm_radeon.so.1.0.1
7f1ec015d000-7f1ec015e000 rw-p 0000d000 08:02 8913261                    /usr/lib/x86_64-linux-gnu/libdrm_radeon.so.1.0.1
7f1ec015e000-7f1ec0161000 r--p 00000000 08:02 8921493                    /usr/lib/x86_64-linux-gnu/libsensors.so.5.0.0
7f1ec0161000-7f1ec0168000 r-xp 00003000 08:02 8921493                    /usr/lib/x86_64-linux-gnu/libsensors.so.5.0.0
7f1ec0168000-7f1ec016d000 r--p 0000a000 08:02 8921493                    /usr/lib/x86_64-linux-gnu/libsensors.so.5.0.0
7f1ec016d000-7f1ec016e000 r--p 0000e000 08:02 8921493                    /usr/lib/x86_64-linux-gnu/libsensors.so.5.0.0
7f1ec016e000-7f1ec016f000 rw-p 0000f000 08:02 8921493                    /usr/lib/x86_64-linux-gnu/libsensors.so.5.0.0
7f1ec016f000-7f1ec0173000 r--p 00000000 08:02 8921828                    /usr/lib/x86_64-linux-gnu/libzstd.so.1.4.4
7f1ec0173000-7f1ec0205000 r-xp 00004000 08:02 8921828                    /usr/lib/x86_64-linux-gnu/libzstd.so.1.4.4
7f1ec0205000-7f1ec0216000 r--p 00096000 08:02 8921828                    /usr/lib/x86_64-linux-gnu/libzstd.so.1.4.4
7f1ec0216000-7f1ec0217000 r--p 000a6000 08:02 8921828                    /usr/lib/x86_64-linux-gnu/libzstd.so.1.4.4
7f1ec0217000-7f1ec0218000 rw-p 000a7000 08:02 8921828                    /usr/lib/x86_64-linux-gnu/libzstd.so.1.4.4
7f1ec0218000-7f1ec021a000 r--p 00000000 08:02 8919282                    /usr/lib/x86_64-linux-gnu/libz.so.1.2.11
7f1ec021a000-7f1ec022b000 r-xp 00002000 08:02 8919282                    /usr/lib/x86_64-linux-gnu/libz.so.1.2.11
7f1ec022b000-7f1ec0231000 r--p 00013000 08:02 8919282                    /usr/lib/x86_64-linux-gnu/libz.so.1.2.11
7f1ec0231000-7f1ec0232000 ---p 00019000 08:02 8919282                    /usr/lib/x86_64-linux-gnu/libz.so.1.2.11
7f1ec0232000-7f1ec0233000 r--p 00019000 08:02 8919282                    /usr/lib/x86_64-linux-gnu/libz.so.1.2.11
7f1ec0233000-7f1ec0234000 rw-p 0001a000 08:02 8919282                    /usr/lib/x86_64-linux-gnu/libz.so.1.2.11
7f1ec0234000-7f1ec0237000 r--p 00000000 08:02 8921790                    /usr/lib/x86_64-linux-gnu/libxcb-xfixes.so.0.0.0
7f1ec0237000-7f1ec023a000 r-xp 00003000 08:02 8921790                    /usr/lib/x86_64-linux-gnu/libxcb-xfixes.so.0.0.0
7f1ec023a000-7f1ec023b000 r--p 00006000 08:02 8921790                    /usr/lib/x86_64-linux-gnu/libxcb-xfixes.so.0.0.0
7f1ec023b000-7f1ec023c000 ---p 00007000 08:02 8921790                    /usr/lib/x86_64-linux-gnu/libxcb-xfixes.so.0.0.0
7f1ec023c000-7f1ec023d000 r--p 00007000 08:02 8921790                    /usr/lib/x86_64-linux-gnu/libxcb-xfixes.so.0.0.0
7f1ec023d000-7f1ec023e000 rw-p 00008000 08:02 8921790                    /usr/lib/x86_64-linux-gnu/libxcb-xfixes.so.0.0.0
7f1ec023e000-7f1ec023f000 r-xp 00000000 08:02 8921814                    /usr/lib/x86_64-linux-gnu/libxshmfence.so.1.0.0
7f1ec023f000-7f1ec043e000 ---p 00001000 08:02 8921814                    /usr/lib/x86_64-linux-gnu/libxshmfence.so.1.0.0
7f1ec043e000-7f1ec043f000 r--p 00000000 08:02 8921814                    /usr/lib/x86_64-linux-gnu/libxshmfence.so.1.0.0
7f1ec043f000-7f1ec0440000 rw-p 00001000 08:02 8921814                    /usr/lib/x86_64-linux-gnu/libxshmfence.so.1.0.0
7f1ec0440000-7f1ec0443000 r--p 00000000 08:02 8921786                    /usr/lib/x86_64-linux-gnu/libxcb-sync.so.1.0.0
7f1ec0443000-7f1ec0446000 r-xp 00003000 08:02 8921786                    /usr/lib/x86_64-linux-gnu/libxcb-sync.so.1.0.0
7f1ec0446000-7f1ec0447000 r--p 00006000 08:02 8921786                    /usr/lib/x86_64-linux-gnu/libxcb-sync.so.1.0.0
7f1ec0447000-7f1ec0448000 ---p 00007000 08:02 8921786                    /usr/lib/x86_64-linux-gnu/libxcb-sync.so.1.0.0
7f1ec0448000-7f1ec0449000 r--p 00007000 08:02 8921786                    /usr/lib/x86_64-linux-gnu/libxcb-sync.so.1.0.0
7f1ec0449000-7f1ec044a000 rw-p 00008000 08:02 8921786                    /usr/lib/x86_64-linux-gnu/libxcb-sync.so.1.0.0
7f1ec044a000-7f1ec044b000 r--p 00000000 08:02 8921772                    /usr/lib/x86_64-linux-gnu/libxcb-present.so.0.0.0
7f1ec044b000-7f1ec044c000 r-xp 00001000 08:02 8921772                    /usr/lib/x86_64-linux-gnu/libxcb-present.so.0.0.0
7f1ec044c000-7f1ec044d000 r--p 00002000 08:02 8921772                    /usr/lib/x86_64-linux-gnu/libxcb-present.so.0.0.0
7f1ec044d000-7f1ec044e000 r--p 00002000 08:02 8921772                    /usr/lib/x86_64-linux-gnu/libxcb-present.so.0.0.0
7f1ec044e000-7f1ec044f000 rw-p 00003000 08:02 8921772                    /usr/lib/x86_64-linux-gnu/libxcb-present.so.0.0.0
7f1ec044f000-7f1ec0451000 r--p 00000000 08:02 8921762                    /usr/lib/x86_64-linux-gnu/libxcb-dri3.so.0.0.0
7f1ec0451000-7f1ec0452000 r-xp 00002000 08:02 8921762                    /usr/lib/x86_64-linux-gnu/libxcb-dri3.so.0.0.0
7f1ec0452000-7f1ec0453000 r--p 00003000 08:02 8921762                    /usr/lib/x86_64-linux-gnu/libxcb-dri3.so.0.0.0
7f1ec0453000-7f1ec0454000 r--p 00003000 08:02 8921762                    /usr/lib/x86_64-linux-gnu/libxcb-dri3.so.0.0.0
7f1ec0454000-7f1ec0455000 rw-p 00004000 08:02 8921762                    /usr/lib/x86_64-linux-gnu/libxcb-dri3.so.0.0.0
7f1ec0455000-7f1ec0459000 r--p 00000000 08:02 8933051                    /usr/lib/x86_64-linux-gnu/libexpat.so.1.6.11
7f1ec0459000-7f1ec0475000 r-xp 00004000 08:02 8933051                    /usr/lib/x86_64-linux-gnu/libexpat.so.1.6.11
7f1ec0475000-7f1ec047f000 r--p 00020000 08:02 8933051                    /usr/lib/x86_64-linux-gnu/libexpat.so.1.6.11
7f1ec047f000-7f1ec0480000 ---p 0002a000 08:02 8933051                    /usr/lib/x86_64-linux-gnu/libexpat.so.1.6.11
7f1ec0480000-7f1ec0482000 r--p 0002a000 08:02 8933051                    /usr/lib/x86_64-linux-gnu/libexpat.so.1.6.11
7f1ec0482000-7f1ec0483000 rw-p 0002c000 08:02 8933051                    /usr/lib/x86_64-linux-gnu/libexpat.so.1.6.11
7f1ec0483000-7f1ec0484000 r--p 00000000 08:02 8921784                    /usr/lib/x86_64-linux-gnu/libxcb-shm.so.0.0.0
7f1ec0484000-7f1ec0485000 r-xp 00001000 08:02 8921784                    /usr/lib/x86_64-linux-gnu/libxcb-shm.so.0.0.0
7f1ec0485000-7f1ec0486000 r--p 00002000 08:02 8921784                    /usr/lib/x86_64-linux-gnu/libxcb-shm.so.0.0.0
7f1ec0486000-7f1ec0487000 r--p 00002000 08:02 8921784                    /usr/lib/x86_64-linux-gnu/libxcb-shm.so.0.0.0
7f1ec0487000-7f1ec0488000 rw-p 00003000 08:02 8921784                    /usr/lib/x86_64-linux-gnu/libxcb-shm.so.0.0.0
7f1ec0488000-7f1ec0493000 r--p 00000000 08:02 8921764                    /usr/lib/x86_64-linux-gnu/libxcb-glx.so.0.0.0
7f1ec0493000-7f1ec049c000 r-xp 0000b000 08:02 8921764                    /usr/lib/x86_64-linux-gnu/libxcb-glx.so.0.0.0
7f1ec049c000-7f1ec04a1000 r--p 00014000 08:02 8921764                    /usr/lib/x86_64-linux-gnu/libxcb-glx.so.0.0.0
7f1ec04a1000-7f1ec04a2000 ---p 00019000 08:02 8921764                    /usr/lib/x86_64-linux-gnu/libxcb-glx.so.0.0.0
7f1ec04a2000-7f1ec04a4000 r--p 00019000 08:02 8921764                    /usr/lib/x86_64-linux-gnu/libxcb-glx.so.0.0.0
7f1ec04a4000-7f1ec04a5000 rw-p 0001b000 08:02 8921764                    /usr/lib/x86_64-linux-gnu/libxcb-glx.so.0.0.0
7f1ec04a5000-7f1ec0519000 rw-p 00000000 00:00 0 
7f1ec051d000-7f1ec051f000 r--p 00000000 08:02 8921760                    /usr/lib/x86_64-linux-gnu/libxcb-dri2.so.0.0.0
7f1ec051f000-7f1ec0521000 r-xp 00002000 08:02 8921760                    /usr/lib/x86_64-linux-gnu/libxcb-dri2.so.0.0.0
7f1ec0521000-7f1ec0522000 r--p 00004000 08:02 8921760                    /usr/lib/x86_64-linux-gnu/libxcb-dri2.so.0.0.0
7f1ec0522000-7f1ec0523000 r--p 00004000 08:02 8921760                    /usr/lib/x86_64-linux-gnu/libxcb-dri2.so.0.0.0
7f1ec0523000-7f1ec0524000 rw-p 00005000 08:02 8921760                    /usr/lib/x86_64-linux-gnu/libxcb-dri2.so.0.0.0
7f1ec0524000-7f1ec0525000 r--p 00000000 08:02 8920288                    /usr/lib/x86_64-linux-gnu/libX11-xcb.so.1.0.0
7f1ec0525000-7f1ec0526000 r-xp 00001000 08:02 8920288                    /usr/lib/x86_64-linux-gnu/libX11-xcb.so.1.0.0
7f1ec0526000-7f1ec0527000 r--p 00002000 08:02 8920288                    /usr/lib/x86_64-linux-gnu/libX11-xcb.so.1.0.0
7f1ec0527000-7f1ec0528000 r--p 00002000 08:02 8920288                    /usr/lib/x86_64-linux-gnu/libX11-xcb.so.1.0.0
7f1ec0528000-7f1ec0529000 rw-p 00003000 08:02 8920288                    /usr/lib/x86_64-linux-gnu/libX11-xcb.so.1.0.0
7f1ec0529000-7f1ec052e000 r--p 00000000 08:02 8919164                    /usr/lib/x86_64-linux-gnu/libdrm.so.2.4.0
7f1ec052e000-7f1ec0539000 r-xp 00005000 08:02 8919164                    /usr/lib/x86_64-linux-gnu/libdrm.so.2.4.0
7f1ec0539000-7f1ec053d000 r--p 00010000 08:02 8919164                    /usr/lib/x86_64-linux-gnu/libdrm.so.2.4.0
7f1ec053d000-7f1ec053e000 r--p 00013000 08:02 8919164                    /usr/lib/x86_64-linux-gnu/libdrm.so.2.4.0
7f1ec053e000-7f1ec053f000 rw-p 00014000 08:02 8919164                    /usr/lib/x86_64-linux-gnu/libdrm.so.2.4.0
7f1ec053f000-7f1ec054c000 r--p 00000000 08:02 8919005                    /usr/lib/x86_64-linux-gnu/libglapi.so.0.0.0
7f1ec054c000-7f1ec055a000 r-xp 0000d000 08:02 8919005                    /usr/lib/x86_64-linux-gnu/libglapi.so.0.0.0
7f1ec055a000-7f1ec0573000 r--p 0001b000 08:02 8919005                    /usr/lib/x86_64-linux-gnu/libglapi.so.0.0.0
7f1ec0573000-7f1ec0574000 ---p 00034000 08:02 8919005                    /usr/lib/x86_64-linux-gnu/libglapi.so.0.0.0
7f1ec0574000-7f1ec0578000 r--p 00034000 08:02 8919005                    /usr/lib/x86_64-linux-gnu/libglapi.so.0.0.0
7f1ec0578000-7f1ec0579000 rw-p 00038000 08:02 8919005                    /usr/lib/x86_64-linux-gnu/libglapi.so.0.0.0
7f1ec0579000-7f1ec057a000 rw-p 00000000 00:00 0 
7f1ec057a000-7f1ec0593000 r--p 00000000 08:02 8919003                    /usr/lib/x86_64-linux-gnu/libGLX_mesa.so.0.0.0
7f1ec0593000-7f1ec05d7000 r-xp 00019000 08:02 8919003                    /usr/lib/x86_64-linux-gnu/libGLX_mesa.so.0.0.0
7f1ec05d7000-7f1ec05ee000 r--p 0005d000 08:02 8919003                    /usr/lib/x86_64-linux-gnu/libGLX_mesa.so.0.0.0
7f1ec05ee000-7f1ec05f1000 r--p 00073000 08:02 8919003                    /usr/lib/x86_64-linux-gnu/libGLX_mesa.so.0.0.0
7f1ec05f1000-7f1ec05f2000 rw-p 00076000 08:02 8919003                    /usr/lib/x86_64-linux-gnu/libGLX_mesa.so.0.0.0
7f1ec05f2000-7f1ec05f3000 rw-p 00000000 00:00 0 
7f1ec05f3000-7f1ec0e2f000 r--p 00000000 08:02 8913049                    /usr/lib/locale/locale-archive
7f1ec0e2f000-7f1ec0e30000 r--p 00000000 08:02 8920343                    /usr/lib/x86_64-linux-gnu/libXxf86vm.so.1.0.0
7f1ec0e30000-7f1ec0e33000 r-xp 00001000 08:02 8920343                    /usr/lib/x86_64-linux-gnu/libXxf86vm.so.1.0.0
7f1ec0e33000-7f1ec0e34000 r--p 00004000 08:02 8920343                    /usr/lib/x86_64-linux-gnu/libXxf86vm.so.1.0.0
7f1ec0e34000-7f1ec0e35000 r--p 00004000 08:02 8920343                    /usr/lib/x86_64-linux-gnu/libXxf86vm.so.1.0.0
7f1ec0e35000-7f1ec0e36000 rw-p 00005000 08:02 8920343                    /usr/lib/x86_64-linux-gnu/libXxf86vm.so.1.0.0
7f1ec0e36000-7f1ec0e37000 r--p 00000000 08:02 8920329                    /usr/lib/x86_64-linux-gnu/libXss.so.1.0.0
7f1ec0e37000-7f1ec0e38000 r-xp 00001000 08:02 8920329                    /usr/lib/x86_64-linux-gnu/libXss.so.1.0.0
7f1ec0e38000-7f1ec0e39000 r--p 00002000 08:02 8920329                    /usr/lib/x86_64-linux-gnu/libXss.so.1.0.0
7f1ec0e39000-7f1ec0e3a000 r--p 00002000 08:02 8920329                    /usr/lib/x86_64-linux-gnu/libXss.so.1.0.0
7f1ec0e3a000-7f1ec0e3b000 rw-p 00003000 08:02 8920329                    /usr/lib/x86_64-linux-gnu/libXss.so.1.0.0
7f1ec0e3b000-7f1ec0e3d000 r--p 00000000 08:02 8920325                    /usr/lib/x86_64-linux-gnu/libXrandr.so.2.2.0
7f1ec0e3d000-7f1ec0e44000 r-xp 00002000 08:02 8920325                    /usr/lib/x86_64-linux-gnu/libXrandr.so.2.2.0
7f1ec0e44000-7f1ec0e46000 r--p 00009000 08:02 8920325                    /usr/lib/x86_64-linux-gnu/libXrandr.so.2.2.0
7f1ec0e46000-7f1ec0e47000 r--p 0000a000 08:02 8920325                    /usr/lib/x86_64-linux-gnu/libXrandr.so.2.2.0
7f1ec0e47000-7f1ec0e48000 rw-p 0000b000 08:02 8920325                    /usr/lib/x86_64-linux-gnu/libXrandr.so.2.2.0
7f1ec0e48000-7f1ec0e4a000 r--p 00000000 08:02 8920315                    /usr/lib/x86_64-linux-gnu/libXi.so.6.1.0
7f1ec0e4a000-7f1ec0e55000 r-xp 00002000 08:02 8920315                    /usr/lib/x86_64-linux-gnu/libXi.so.6.1.0
7f1ec0e55000-7f1ec0e58000 r--p 0000d000 08:02 8920315                    /usr/lib/x86_64-linux-gnu/libXi.so.6.1.0
7f1ec0e58000-7f1ec0e59000 r--p 0000f000 08:02 8920315                    /usr/lib/x86_64-linux-gnu/libXi.so.6.1.0
7f1ec0e59000-7f1ec0e5a000 rw-p 00010000 08:02 8920315                    /usr/lib/x86_64-linux-gnu/libXi.so.6.1.0
7f1ec0e5a000-7f1ec0e5b000 r--p 00000000 08:02 8920317                    /usr/lib/x86_64-linux-gnu/libXinerama.so.1.0.0
7f1ec0e5b000-7f1ec0e5c000 r-xp 00001000 08:02 8920317                    /usr/lib/x86_64-linux-gnu/libXinerama.so.1.0.0
7f1ec0e5c000-7f1ec0e5d000 r--p 00002000 08:02 8920317                    /usr/lib/x86_64-linux-gnu/libXinerama.so.1.0.0
7f1ec0e5d000-7f1ec0e5e000 r--p 00002000 08:02 8920317                    /usr/lib/x86_64-linux-gnu/libXinerama.so.1.0.0
7f1ec0e5e000-7f1ec0e5f000 rw-p 00003000 08:02 8920317                    /usr/lib/x86_64-linux-gnu/libXinerama.so.1.0.0
7f1ec0e5f000-7f1ec0e61000 r--p 00000000 08:02 8920309                    /usr/lib/x86_64-linux-gnu/libXfixes.so.3.1.0
7f1ec0e61000-7f1ec0e64000 r-xp 00002000 08:02 8920309                    /usr/lib/x86_64-linux-gnu/libXfixes.so.3.1.0
7f1ec0e64000-7f1ec0e65000 r--p 00005000 08:02 8920309                    /usr/lib/x86_64-linux-gnu/libXfixes.so.3.1.0
7f1ec0e65000-7f1ec0e66000 r--p 00005000 08:02 8920309                    /usr/lib/x86_64-linux-gnu/libXfixes.so.3.1.0
7f1ec0e66000-7f1ec0e67000 rw-p 00006000 08:02 8920309                    /usr/lib/x86_64-linux-gnu/libXfixes.so.3.1.0
7f1ec0e67000-7f1ec0e70000 r-xp 00000000 08:02 8920327                    /usr/lib/x86_64-linux-gnu/libXrender.so.1.3.0
7f1ec0e70000-7f1ec106f000 ---p 00009000 08:02 8920327                    /usr/lib/x86_64-linux-gnu/libXrender.so.1.3.0
7f1ec106f000-7f1ec1070000 r--p 00008000 08:02 8920327                    /usr/lib/x86_64-linux-gnu/libXrender.so.1.3.0
7f1ec1070000-7f1ec1071000 rw-p 00009000 08:02 8920327                    /usr/lib/x86_64-linux-gnu/libXrender.so.1.3.0
7f1ec1071000-7f1ec1074000 r--p 00000000 08:02 8920301                    /usr/lib/x86_64-linux-gnu/libXcursor.so.1.0.2
7f1ec1074000-7f1ec107a000 r-xp 00003000 08:02 8920301                    /usr/lib/x86_64-linux-gnu/libXcursor.so.1.0.2
7f1ec107a000-7f1ec107c000 r--p 00009000 08:02 8920301                    /usr/lib/x86_64-linux-gnu/libXcursor.so.1.0.2
7f1ec107c000-7f1ec107d000 r--p 0000a000 08:02 8920301                    /usr/lib/x86_64-linux-gnu/libXcursor.so.1.0.2
7f1ec107d000-7f1ec107e000 rw-p 0000b000 08:02 8920301                    /usr/lib/x86_64-linux-gnu/libXcursor.so.1.0.2
7f1ec107e000-7f1ec1082000 r--p 00000000 08:02 8920307                    /usr/lib/x86_64-linux-gnu/libXext.so.6.4.0
7f1ec1082000-7f1ec108d000 r-xp 00004000 08:02 8920307                    /usr/lib/x86_64-linux-gnu/libXext.so.6.4.0
7f1ec108d000-7f1ec1091000 r--p 0000f000 08:02 8920307                    /usr/lib/x86_64-linux-gnu/libXext.so.6.4.0
7f1ec1091000-7f1ec1092000 r--p 00012000 08:02 8920307                    /usr/lib/x86_64-linux-gnu/libXext.so.6.4.0
7f1ec1092000-7f1ec1093000 rw-p 00013000 08:02 8920307                    /usr/lib/x86_64-linux-gnu/libXext.so.6.4.0
7f1ec1093000-7f1ec1094000 ---p 00000000 00:00 0 
7f1ec1094000-7f1ec1894000 rw-p 00000000 00:00 0 
7f1ec1894000-7f1ec1895000 ---p 00000000 00:00 0 
7f1ec1895000-7f1ec209b000 rw-p 00000000 00:00 0 
7f1ec209b000-7f1ec209f000 r--p 00000000 08:02 8920463                    /usr/lib/x86_64-linux-gnu/libbsd.so.0.10.0
7f1ec209f000-7f1ec20ae000 r-xp 00004000 08:02 8920463                    /usr/lib/x86_64-linux-gnu/libbsd.so.0.10.0
7f1ec20ae000-7f1ec20b1000 r--p 00013000 08:02 8920463                    /usr/lib/x86_64-linux-gnu/libbsd.so.0.10.0
7f1ec20b1000-7f1ec20b2000 ---p 00016000 08:02 8920463                    /usr/lib/x86_64-linux-gnu/libbsd.so.0.10.0
7f1ec20b2000-7f1ec20b3000 r--p 00016000 08:02 8920463                    /usr/lib/x86_64-linux-gnu/libbsd.so.0.10.0
7f1ec20b3000-7f1ec20b4000 rw-p 00017000 08:02 8920463                    /usr/lib/x86_64-linux-gnu/libbsd.so.0.10.0
7f1ec20b4000-7f1ec20b5000 rw-p 00000000 00:00 0 
7f1ec20b5000-7f1ec20b7000 r--p 00000000 08:02 8920305                    /usr/lib/x86_64-linux-gnu/libXdmcp.so.6.0.0
7f1ec20b7000-7f1ec20b9000 r-xp 00002000 08:02 8920305                    /usr/lib/x86_64-linux-gnu/libXdmcp.so.6.0.0
7f1ec20b9000-7f1ec20bb000 r--p 00004000 08:02 8920305                    /usr/lib/x86_64-linux-gnu/libXdmcp.so.6.0.0
7f1ec20bb000-7f1ec20bc000 r--p 00005000 08:02 8920305                    /usr/lib/x86_64-linux-gnu/libXdmcp.so.6.0.0
7f1ec20bc000-7f1ec20bd000 rw-p 00006000 08:02 8920305                    /usr/lib/x86_64-linux-gnu/libXdmcp.so.6.0.0
7f1ec20bd000-7f1ec20be000 r--p 00000000 08:02 8920294                    /usr/lib/x86_64-linux-gnu/libXau.so.6.0.0
7f1ec20be000-7f1ec20c0000 r-xp 00001000 08:02 8920294                    /usr/lib/x86_64-linux-gnu/libXau.so.6.0.0
7f1ec20c0000-7f1ec20c1000 r--p 00003000 08:02 8920294                    /usr/lib/x86_64-linux-gnu/libXau.so.6.0.0
7f1ec20c1000-7f1ec20c2000 r--p 00003000 08:02 8920294                    /usr/lib/x86_64-linux-gnu/libXau.so.6.0.0
7f1ec20c2000-7f1ec20c3000 rw-p 00004000 08:02 8920294                    /usr/lib/x86_64-linux-gnu/libXau.so.6.0.0
7f1ec20c3000-7f1ec20ce000 r--p 00000000 08:02 8921796                    /usr/lib/x86_64-linux-gnu/libxcb.so.1.1.0
7f1ec20ce000-7f1ec20e2000 r-xp 0000b000 08:02 8921796                    /usr/lib/x86_64-linux-gnu/libxcb.so.1.1.0
7f1ec20e2000-7f1ec20eb000 r--p 0001f000 08:02 8921796                    /usr/lib/x86_64-linux-gnu/libxcb.so.1.1.0
7f1ec20eb000-7f1ec20ec000 r--p 00027000 08:02 8921796                    /usr/lib/x86_64-linux-gnu/libxcb.so.1.1.0
7f1ec20ec000-7f1ec20ed000 rw-p 00028000 08:02 8921796                    /usr/lib/x86_64-linux-gnu/libxcb.so.1.1.0
7f1ec20ed000-7f1ec2105000 r--p 00000000 08:02 8920290                    /usr/lib/x86_64-linux-gnu/libX11.so.6.3.0
7f1ec2105000-7f1ec2190000 r-xp 00018000 08:02 8920290                    /usr/lib/x86_64-linux-gnu/libX11.so.6.3.0
7f1ec2190000-7f1ec2224000 r--p 000a3000 08:02 8920290                    /usr/lib/x86_64-linux-gnu/libX11.so.6.3.0
7f1ec2224000-7f1ec2225000 ---p 00137000 08:02 8920290                    /usr/lib/x86_64-linux-gnu/libX11.so.6.3.0
7f1ec2225000-7f1ec2226000 r--p 00137000 08:02 8920290                    /usr/lib/x86_64-linux-gnu/libX11.so.6.3.0
7f1ec2226000-7f1ec222a000 rw-p 00138000 08:02 8920290                    /usr/lib/x86_64-linux-gnu/libX11.so.6.3.0
7f1ec222a000-7f1ec222c000 rw-p 00000000 00:00 0 
7f1ec222c000-7f1ec222f000 r--p 00000000 08:02 8915341                    /usr/lib/x86_64-linux-gnu/libGLX.so.0.0.0
7f1ec222f000-7f1ec224a000 r-xp 00003000 08:02 8915341                    /usr/lib/x86_64-linux-gnu/libGLX.so.0.0.0
7f1ec224a000-7f1ec224e000 r--p 0001e000 08:02 8915341                    /usr/lib/x86_64-linux-gnu/libGLX.so.0.0.0
7f1ec224e000-7f1ec224f000 r--p 00021000 08:02 8915341                    /usr/lib/x86_64-linux-gnu/libGLX.so.0.0.0
7f1ec224f000-7f1ec2250000 rw-p 00022000 08:02 8915341                    /usr/lib/x86_64-linux-gnu/libGLX.so.0.0.0
7f1ec2250000-7f1ec2260000 rw-p 00000000 00:00 0 
7f1ec2260000-7f1ec22a0000 r--p 00000000 08:02 8920253                    /usr/lib/x86_64-linux-gnu/libGLdispatch.so.0.0.0
7f1ec22a0000-7f1ec22df000 r-xp 00040000 08:02 8920253                    /usr/lib/x86_64-linux-gnu/libGLdispatch.so.0.0.0
7f1ec22df000-7f1ec22f3000 r--p 0007f000 08:02 8920253                    /usr/lib/x86_64-linux-gnu/libGLdispatch.so.0.0.0
7f1ec22f3000-7f1ec230f000 r--p 00092000 08:02 8920253                    /usr/lib/x86_64-linux-gnu/libGLdispatch.so.0.0.0
7f1ec230f000-7f1ec2310000 rw-p 000ae000 08:02 8920253                    /usr/lib/x86_64-linux-gnu/libGLdispatch.so.0.0.0
7f1ec2310000-7f1ec2318000 rw-p 00000000 00:00 0 
7f1ec2318000-7f1ec231a000 r--p 00000000 08:02 8914197                    /usr/lib/x86_64-linux-gnu/librt-2.31.so
7f1ec231a000-7f1ec231e000 r-xp 00002000 08:02 8914197                    /usr/lib/x86_64-linux-gnu/librt-2.31.so
7f1ec231e000-7f1ec2320000 r--p 00006000 08:02 8914197                    /usr/lib/x86_64-linux-gnu/librt-2.31.so
7f1ec2320000-7f1ec2321000 r--p 00007000 08:02 8914197                    /usr/lib/x86_64-linux-gnu/librt-2.31.so
7f1ec2321000-7f1ec2322000 rw-p 00008000 08:02 8914197                    /usr/lib/x86_64-linux-gnu/librt-2.31.so
7f1ec2322000-7f1ec2323000 r--p 00000000 08:02 8913979                    /usr/lib/x86_64-linux-gnu/libdl-2.31.so
7f1ec2323000-7f1ec2325000 r-xp 00001000 08:02 8913979                    /usr/lib/x86_64-linux-gnu/libdl-2.31.so
7f1ec2325000-7f1ec2326000 r--p 00003000 08:02 8913979                    /usr/lib/x86_64-linux-gnu/libdl-2.31.so
7f1ec2326000-7f1ec2327000 r--p 00003000 08:02 8913979                    /usr/lib/x86_64-linux-gnu/libdl-2.31.so
7f1ec2327000-7f1ec2328000 rw-p 00004000 08:02 8913979                    /usr/lib/x86_64-linux-gnu/libdl-2.31.so
7f1ec2328000-7f1ec236b000 r--p 00000000 08:02 8915339                    /usr/lib/x86_64-linux-gnu/libGL.so.1.7.0
7f1ec236b000-7f1ec238b000 r-xp 00043000 08:02 8915339                    /usr/lib/x86_64-linux-gnu/libGL.so.1.7.0
7f1ec238b000-7f1ec23a0000 r--p 00063000 08:02 8915339                    /usr/lib/x86_64-linux-gnu/libGL.so.1.7.0
7f1ec23a0000-7f1ec23ae000 r--p 00077000 08:02 8915339                    /usr/lib/x86_64-linux-gnu/libGL.so.1.7.0
7f1ec23ae000-7f1ec23af000 rw-p 00085000 08:02 8915339                    /usr/lib/x86_64-linux-gnu/libGL.so.1.7.0
7f1ec23af000-7f1ec23b0000 rw-p 00000000 00:00 0 
7f1ec23b0000-7f1ec23d2000 r--p 00000000 08:02 8913928                    /usr/lib/x86_64-linux-gnu/libc-2.31.so
7f1ec23d2000-7f1ec254a000 r-xp 00022000 08:02 8913928                    /usr/lib/x86_64-linux-gnu/libc-2.31.so
7f1ec254a000-7f1ec2598000 r--p 0019a000 08:02 8913928                    /usr/lib/x86_64-linux-gnu/libc-2.31.so
7f1ec2598000-7f1ec259c000 r--p 001e7000 08:02 8913928                    /usr/lib/x86_64-linux-gnu/libc-2.31.so
7f1ec259c000-7f1ec259e000 rw-p 001eb000 08:02 8913928                    /usr/lib/x86_64-linux-gnu/libc-2.31.so
7f1ec259e000-7f1ec25a4000 rw-p 00000000 00:00 0 
7f1ec25a4000-7f1ec25aa000 r--p 00000000 08:02 8914147                    /usr/lib/x86_64-linux-gnu/libpthread-2.31.so
7f1ec25aa000-7f1ec25bb000 r-xp 00006000 08:02 8914147                    /usr/lib/x86_64-linux-gnu/libpthread-2.31.so
7f1ec25bb000-7f1ec25c1000 r--p 00017000 08:02 8914147                    /usr/lib/x86_64-linux-gnu/libpthread-2.31.so
7f1ec25c1000-7f1ec25c2000 r--p 0001c000 08:02 8914147                    /usr/lib/x86_64-linux-gnu/libpthread-2.31.so
7f1ec25c2000-7f1ec25c3000 rw-p 0001d000 08:02 8914147                    /usr/lib/x86_64-linux-gnu/libpthread-2.31.so
7f1ec25c3000-7f1ec25c7000 rw-p 00000000 00:00 0 
7f1ec25c7000-7f1ec25ca000 r--p 00000000 08:02 8920760                    /usr/lib/x86_64-linux-gnu/libgcc_s.so.1
7f1ec25ca000-7f1ec25dc000 r-xp 00003000 08:02 8920760                    /usr/lib/x86_64-linux-gnu/libgcc_s.so.1
7f1ec25dc000-7f1ec25e0000 r--p 00015000 08:02 8920760                    /usr/lib/x86_64-linux-gnu/libgcc_s.so.1
7f1ec25e0000-7f1ec25e1000 r--p 00018000 08:02 8920760                    /usr/lib/x86_64-linux-gnu/libgcc_s.so.1
7f1ec25e1000-7f1ec25e2000 rw-p 00019000 08:02 8920760                    /usr/lib/x86_64-linux-gnu/libgcc_s.so.1
7f1ec25e2000-7f1ec25ef000 r--p 00000000 08:02 8913984                    /usr/lib/x86_64-linux-gnu/libm-2.31.so
7f1ec25ef000-7f1ec2696000 r-xp 0000d000 08:02 8913984                    /usr/lib/x86_64-linux-gnu/libm-2.31.so
7f1ec2696000-7f1ec272f000 r--p 000b4000 08:02 8913984                    /usr/lib/x86_64-linux-gnu/libm-2.31.so
7f1ec272f000-7f1ec2730000 r--p 0014c000 08:02 8913984                    /usr/lib/x86_64-linux-gnu/libm-2.31.so
7f1ec2730000-7f1ec2731000 rw-p 0014d000 08:02 8913984                    /usr/lib/x86_64-linux-gnu/libm-2.31.so
7f1ec2734000-7f1ec273f000 rw-p 00000000 00:00 0 
7f1ec273f000-7f1ec2744000 r--p 00000000 08:02 8914086                    /usr/lib/x86_64-linux-gnu/libudev.so.1.6.17
7f1ec2744000-7f1ec2760000 r-xp 00005000 08:02 8914086                    /usr/lib/x86_64-linux-gnu/libudev.so.1.6.17
7f1ec2760000-7f1ec276a000 r--p 00021000 08:02 8914086                    /usr/lib/x86_64-linux-gnu/libudev.so.1.6.17
7f1ec276a000-7f1ec276b000 r--p 0002a000 08:02 8914086                    /usr/lib/x86_64-linux-gnu/libudev.so.1.6.17
7f1ec276b000-7f1ec276c000 rw-p 0002b000 08:02 8914086                    /usr/lib/x86_64-linux-gnu/libudev.so.1.6.17
7f1ec276c000-7f1ec2773000 r--s 00000000 08:02 9579809                    /usr/lib/x86_64-linux-gnu/gconv/gconv-modules.cache
7f1ec2773000-7f1ec2774000 rwxp 00000000 00:00 0 
7f1ec2774000-7f1ec2775000 rw-s 00000000 00:1a 27583                      /dev/shm/mono.37963
7f1ec2775000-7f1ec33ad000 r--p 00000000 08:02 1859294                    /home/andrei/Duaro_ws/Unity_env/exe-env/env8/UnityPlayer.so
7f1ec33ad000-7f1ec540d000 r-xp 00c38000 08:02 1859294                    /home/andrei/Duaro_ws/Unity_env/exe-env/env8/UnityPlayer.so
7f1ec540d000-7f1ec5531000 r--p 02c98000 08:02 1859294                    /home/andrei/Duaro_ws/Unity_env/exe-env/env8/UnityPlayer.so
7f1ec5531000-7f1ec5575000 rw-p 02dbc000 08:02 1859294                    /home/andrei/Duaro_ws/Unity_env/exe-env/env8/UnityPlayer.so
7f1ec5575000-7f1ec56dd000 rw-p 00000000 00:00 0 
7f1ec56dd000-7f1ec5730000 r--p 00000000 08:02 8923676                    /usr/lib/x86_64-linux-gnu/libGLEW.so.2.1.0
7f1ec5730000-7f1ec575e000 r-xp 00053000 08:02 8923676                    /usr/lib/x86_64-linux-gnu/libGLEW.so.2.1.0
7f1ec575e000-7f1ec5776000 r--p 00081000 08:02 8923676                    /usr/lib/x86_64-linux-gnu/libGLEW.so.2.1.0
7f1ec5776000-7f1ec5781000 r--p 00098000 08:02 8923676                    /usr/lib/x86_64-linux-gnu/libGLEW.so.2.1.0
7f1ec5781000-7f1ec5782000 rw-p 000a3000 08:02 8923676                    /usr/lib/x86_64-linux-gnu/libGLEW.so.2.1.0
7f1ec5782000-7f1ec5789000 rw-p 00000000 00:00 0 
7f1ec5789000-7f1ec578a000 r--p 00000000 08:02 8913556                    /usr/lib/x86_64-linux-gnu/ld-2.31.so
7f1ec578a000-7f1ec57ad000 r-xp 00001000 08:02 8913556                    /usr/lib/x86_64-linux-gnu/ld-2.31.so
7f1ec57ad000-7f1ec57b5000 r--p 00024000 08:02 8913556                    /usr/lib/x86_64-linux-gnu/ld-2.31.so
7f1ec57b5000-7f1ec57b6000 rw-s 117d10000 00:05 707                       /dev/dri/renderD128
7f1ec57b6000-7f1ec57b7000 r--p 0002c000 08:02 8913556                    /usr/lib/x86_64-linux-gnu/ld-2.31.so
7f1ec57b7000-7f1ec57b8000 rw-p 0002d000 08:02 8913556                    /usr/lib/x86_64-linux-gnu/ld-2.31.so
7f1ec57b8000-7f1ec57b9000 rw-p 00000000 00:00 0 
7fffdf2a0000-7fffdf2a8000 ---p 00000000 00:00 0 
7fffdfa7d000-7fffdfa9f000 rw-p 00000000 00:00 0                          [stack]
7fffdfb82000-7fffdfb86000 r--p 00000000 00:00 0                          [vvar]
7fffdfb86000-7fffdfb88000 r-xp 00000000 00:00 0                          [vdso]
ffffffffff600000-ffffffffff601000 --xp 00000000 00:00 0                  [vsyscall]

Native stacktrace:

	/home/andrei/Duaro_ws/Unity_env/exe-env/env8/env8_Data/MonoBleedingEdge/x86_64/libmonobdwgc-2.0.so(+0xd8194) [0x7f1ddc34a194]
	/home/andrei/Duaro_ws/Unity_env/exe-env/env8/env8_Data/MonoBleedingEdge/x86_64/libmonobdwgc-2.0.so(+0x5bf37) [0x7f1ddc2cdf37]
	/lib/x86_64-linux-gnu/libpthread.so.0(+0x143c0) [0x7f1ec25b83c0]
	/home/andrei/Duaro_ws/Unity_env/exe-env/env8/UnityPlayer.so(+0x19a87a8) [0x7f1ec411d7a8]
	/home/andrei/Duaro_ws/Unity_env/exe-env/env8/UnityPlayer.so(+0x12e18c7) [0x7f1ec3a568c7]
	/home/andrei/Duaro_ws/Unity_env/exe-env/env8/UnityPlayer.so(+0x12e243d) [0x7f1ec3a5743d]
	/home/andrei/Duaro_ws/Unity_env/exe-env/env8/UnityPlayer.so(+0x12d2def) [0x7f1ec3a47def]
	/home/andrei/Duaro_ws/Unity_env/exe-env/env8/UnityPlayer.so(+0x12d158e) [0x7f1ec3a4658e]
	/home/andrei/Duaro_ws/Unity_env/exe-env/env8/UnityPlayer.so(+0x12f87c7) [0x7f1ec3a6d7c7]
	/home/andrei/Duaro_ws/Unity_env/exe-env/env8/UnityPlayer.so(+0x1d33947) [0x7f1ec44a8947]
	/home/andrei/Duaro_ws/Unity_env/exe-env/env8/UnityPlayer.so(+0x1d33887) [0x7f1ec44a8887]
	/home/andrei/Duaro_ws/Unity_env/exe-env/env8/UnityPlayer.so(+0x28a0604) [0x7f1ec5015604]
	/lib/x86_64-linux-gnu/libpthread.so.0(+0x8609) [0x7f1ec25ac609]
	/lib/x86_64-linux-gnu/libc.so.6(clone+0x43) [0x7f1ec24cf163]

Debug info from gdb:

Obtained 20 stack frames.
#0  0x007f1ec25b83c0 in funlockfile
#1  0x007f1ec411d7a8 in AtomicStack::Pop()
#2  0x007f1ec3a568c7 in BucketAllocator::Allocate(unsigned long, int)
#3  0x007f1ec3a5743d in DualThreadAllocator<DynamicHeapAllocator>::Allocate(unsigned long, int)
#4  0x007f1ec3a47def in MemoryManager::Allocate(unsigned long, unsigned long, MemLabelId const&, AllocateOptions, char const*, int)
#5  0x007f1ec3a42961 in malloc_internal(unsigned long, unsigned long, MemLabelId const&, AllocateOptions, char const*, int)
#6  0x007f1ec33ee24b in core::StringStorageDefault<char>::reallocate(unsigned long)
#7  0x007f1ec33f9646 in void StreamedBinaryRead::TransferSTLStyleArray<core::basic_string<char, core::StringStorageDefault<char> > >(core::basic_string<char, core::StringStorageDefault<char> >&, TransferMetaFlags)
#8  0x007f1ec4006f0b in void StreamedBinaryRead::TransferSTLStyleMap<std::map<PPtr<Shader>, core::basic_string<char, core::StringStorageDefault<char> >, std::less<PPtr<Shader> >, std::allocator<std::pair<PPtr<Shader> const, core::basic_string<char, core::StringStorageDefault<char> > > > > >(std::map<PPtr<Shader>, core::basic_string<char, core::StringStorageDefault<char> >, std::less<PPtr<Shader> >, std::allocator<std::pair<PPtr<Shader> const, core::basic_string<char, core::StringStorageDefault<char> > > > >&, TransferMetaFlags)
#9  0x007f1ec3ffad16 in ScriptMapper::VirtualRedirectTransfer(StreamedBinaryRead&)
#10 0x007f1ec42ba646 in SerializedFile::ReadObject(long, ObjectCreationMode, bool, TypeTree const**, bool*, Object&)
#11 0x007f1ec42a57ee in PersistentManager::ReadAndActivateObjectThreaded(int, SerializedObjectIdentifier const&, SerializedFile*, bool, bool, PersistentManager::LockFlags)
#12 0x007f1ec42a4db5 in PersistentManager::ReadObjectThreaded(int, PersistentManager::LockFlags)
#13 0x007f1ec42a4c60 in PersistentManager::ReadObject(int, AwakeFromLoadMode)
#14 0x007f1ec3a968b9 in LoadManager(core::basic_string<char, core::StringStorageDefault<char> > const&, int)
#15 0x007f1ec3a96997 in PlayerLoadGlobalManagers(char const*, char const*, unsigned int)
#16 0x007f1ec3f80039 in PlayerInitEngineGraphics(bool)
#17 0x007f1ec42da8a3 in PlayerMain(int, char**)
#18 0x007f1ec23d40b3 in __libc_start_main
#19 0x00000000201029 in _start
/tmp/mono-gdb-commands.Q7GWgs:1: Error in sourced command file:
Unable to attach: program terminated with signal SIGSEGV, Segmentation fault.
