Mono path[0] = '/home/andrei/Duaro_ws/Unity_env/exe-env/env8/env8_Data/Managed'
Mono config path = '/home/andrei/Duaro_ws/Unity_env/exe-env/env8/env8_Data/MonoBleedingEdge/etc'
PlayerConnection initialized from /home/andrei/Duaro_ws/Unity_env/exe-env/env8/env8_Data (debug = 0)
PlayerConnection initialized network socket : 0.0.0.0 55193
Multi-casting "[IP] 172.26.51.175 [Port] 55193 [Flags] 2 [Guid] 3370728735 [EditorId] 4113913451 [Version] 1048832 [Id] LinuxPlayer(172.26.51.175) [Debug] 0 [PackageName] LinuxPlayer [ProjectName] Duaro" to [225.0.0.222:54997]...
Started listening to [0.0.0.0:55193]
Preloaded 'lib_burst_generated.so'
Preloaded 'libassimp.so'
Preloaded 'libgrpc_csharp_ext.x64.so'
Preloaded 'liblibvhacd.so'
PlayerConnection already initialized - listening to [0.0.0.0:55193]
Initialize engine version: 2020.3.29f1 (2ff179115da0)
[Subsystems] Discovering subsystems at path /home/andrei/Duaro_ws/Unity_env/exe-env/env8/env8_Data/UnitySubsystems
Forcing GfxDevice: Null
GfxDevice: creating device client; threaded=0
NullGfxDevice:
    Version:  NULL 1.0 [1.0]
    Renderer: Null Device
    Vendor:   Unity Technologies
ALSA lib pcm_dmix.c:1089:(snd_pcm_dmix_open) unable to open slave
FMOD failed to initialize the output device.: "Error initializing output device. " (60)
Forced to initialize FMOD to to the device driver's system output rate 48000, this may impact performance and/or give inconsistent experiences compared to selected sample rate 48000
Caught fatal signal - signo:11 code:1 errno:0 addr:0x24
/proc/self/maps:
00200000-00201000 r--p 00000000 08:02 1859291                            /home/andrei/Duaro_ws/Unity_env/exe-env/env8/env8.x86_64
00201000-00202000 r-xp 00001000 08:02 1859291                            /home/andrei/Duaro_ws/Unity_env/exe-env/env8/env8.x86_64
00202000-00203000 r--p 00002000 08:02 1859291                            /home/andrei/Duaro_ws/Unity_env/exe-env/env8/env8.x86_64
00203000-00204000 rw-p 00003000 08:02 1859291                            /home/andrei/Duaro_ws/Unity_env/exe-env/env8/env8.x86_64
011b0000-015c0000 rw-p 00000000 00:00 0                                  [heap]
4091b000-4092b000 rwxp 00000000 00:00 0 
41b59000-41b69000 rwxp 00000000 00:00 0 
7f55fc000000-7f55fc021000 rw-p 00000000 00:00 0 
7f55fc021000-7f5600000000 ---p 00000000 00:00 0 
7f5600000000-7f5600021000 rw-p 00000000 00:00 0 
7f5600021000-7f5604000000 ---p 00000000 00:00 0 
7f5608000000-7f560c000000 rw-s 00000000 00:01 5334                       /memfd:pulseaudio (deleted)
7f560c000000-7f5610000000 rw-s 00000000 00:01 5121                       /memfd:pulseaudio (deleted)
7f5610000000-7f5611000000 rw-p 00000000 00:00 0 
7f5611000000-7f5620000000 ---p 00000000 00:00 0 
7f5620000000-7f5624000000 rw-s 00000000 00:01 9363                       /memfd:pulseaudio (deleted)
7f5624000000-7f5624021000 rw-p 00000000 00:00 0 
7f5624021000-7f5628000000 ---p 00000000 00:00 0 
7f562b6e6000-7f562b6e7000 ---p 00000000 00:00 0 
7f562b6e7000-7f562b7e7000 rw-p 00000000 00:00 0 
7f562b7e7000-7f562b7e8000 ---p 00000000 00:00 0 
7f562b7e8000-7f562bfe8000 rw-p 00000000 00:00 0 
7f562bfe8000-7f562ffe8000 rw-s 00000000 00:01 9363                       /memfd:pulseaudio (deleted)
7f562ffe8000-7f562ffe9000 ---p 00000000 00:00 0 
7f562ffe9000-7f56307e9000 rw-p 00000000 00:00 0 
7f56307e9000-7f56307ea000 ---p 00000000 00:00 0 
7f56307ea000-7f5630fea000 rw-p 00000000 00:00 0 
7f5630fea000-7f5630feb000 ---p 00000000 00:00 0 
7f5630feb000-7f56317eb000 rw-p 00000000 00:00 0 
7f56317eb000-7f56317ec000 ---p 00000000 00:00 0 
7f56317ec000-7f5631fec000 rw-p 00000000 00:00 0 
7f5631fec000-7f5631fed000 ---p 00000000 00:00 0 
7f5631fed000-7f56327ed000 rw-p 00000000 00:00 0 
7f56327ed000-7f56327ee000 ---p 00000000 00:00 0 
7f56327ee000-7f5632fee000 rw-p 00000000 00:00 0 
7f5632fee000-7f5632fef000 ---p 00000000 00:00 0 
7f5632fef000-7f56337ef000 rw-p 00000000 00:00 0 
7f56337ef000-7f56337f0000 ---p 00000000 00:00 0 
7f56337f0000-7f5633ff0000 rw-p 00000000 00:00 0 
7f5633ff0000-7f5633ff1000 ---p 00000000 00:00 0 
7f5633ff1000-7f56347f1000 rw-p 00000000 00:00 0 
7f56347f1000-7f56347f2000 ---p 00000000 00:00 0 
7f56347f2000-7f5634ff2000 rw-p 00000000 00:00 0 
7f5634ff2000-7f5634ff3000 ---p 00000000 00:00 0 
7f5634ff3000-7f56357f3000 rw-p 00000000 00:00 0 
7f56357f3000-7f56357f4000 ---p 00000000 00:00 0 
7f56357f4000-7f5635ff4000 rw-p 00000000 00:00 0 
7f5635ff4000-7f5635ff5000 ---p 00000000 00:00 0 
7f5635ff5000-7f56367f5000 rw-p 00000000 00:00 0 
7f56367f5000-7f56367f6000 ---p 00000000 00:00 0 
7f56367f6000-7f5636ff6000 rw-p 00000000 00:00 0 
7f5636ff6000-7f5636ff7000 ---p 00000000 00:00 0 
7f5636ff7000-7f56377f7000 rw-p 00000000 00:00 0 
7f56377f7000-7f56377f8000 ---p 00000000 00:00 0 
7f56377f8000-7f5637ff8000 rw-p 00000000 00:00 0 
7f5637ff8000-7f5637ff9000 ---p 00000000 00:00 0 
7f5637ff9000-7f56387f9000 rw-p 00000000 00:00 0 
7f56387f9000-7f56387fa000 ---p 00000000 00:00 0 
7f56387fa000-7f5638ffa000 rw-p 00000000 00:00 0 
7f5638ffa000-7f5638ffb000 ---p 00000000 00:00 0 
7f5638ffb000-7f56397fb000 rw-p 00000000 00:00 0 
7f56397fb000-7f56397fc000 ---p 00000000 00:00 0 
7f56397fc000-7f5639ffc000 rw-p 00000000 00:00 0 
7f5639ffc000-7f5639ffd000 ---p 00000000 00:00 0 
7f5639ffd000-7f563a7fd000 rw-p 00000000 00:00 0 
7f563a7fd000-7f563a7fe000 ---p 00000000 00:00 0 
7f563a7fe000-7f563affe000 rw-p 00000000 00:00 0 
7f563affe000-7f563afff000 ---p 00000000 00:00 0 
7f563afff000-7f563b7ff000 rw-p 00000000 00:00 0 
7f563b7ff000-7f563b800000 ---p 00000000 00:00 0 
7f563b800000-7f563c000000 rw-p 00000000 00:00 0 
7f563c000000-7f563c021000 rw-p 00000000 00:00 0 
7f563c021000-7f5640000000 ---p 00000000 00:00 0 
7f5640000000-7f5640021000 rw-p 00000000 00:00 0 
7f5640021000-7f5644000000 ---p 00000000 00:00 0 
7f5644095000-7f56440bf000 r--p 00000000 08:02 8915485                    /usr/lib/x86_64-linux-gnu/libasound.so.2.0.0
7f56440bf000-7f564414e000 r-xp 0002a000 08:02 8915485                    /usr/lib/x86_64-linux-gnu/libasound.so.2.0.0
7f564414e000-7f5644188000 r--p 000b9000 08:02 8915485                    /usr/lib/x86_64-linux-gnu/libasound.so.2.0.0
7f5644188000-7f564418f000 r--p 000f2000 08:02 8915485                    /usr/lib/x86_64-linux-gnu/libasound.so.2.0.0
7f564418f000-7f5644190000 rw-p 000f9000 08:02 8915485                    /usr/lib/x86_64-linux-gnu/libasound.so.2.0.0
7f5644190000-7f5644194000 r--p 00000000 08:02 8920851                    /usr/lib/x86_64-linux-gnu/libgpg-error.so.0.28.0
7f5644194000-7f56441a7000 r-xp 00004000 08:02 8920851                    /usr/lib/x86_64-linux-gnu/libgpg-error.so.0.28.0
7f56441a7000-7f56441b1000 r--p 00017000 08:02 8920851                    /usr/lib/x86_64-linux-gnu/libgpg-error.so.0.28.0
7f56441b1000-7f56441b2000 r--p 00020000 08:02 8920851                    /usr/lib/x86_64-linux-gnu/libgpg-error.so.0.28.0
7f56441b2000-7f56441b3000 rw-p 00021000 08:02 8920851                    /usr/lib/x86_64-linux-gnu/libgpg-error.so.0.28.0
7f56441b3000-7f56441b7000 r--p 00000000 08:02 8914186                    /usr/lib/x86_64-linux-gnu/libresolv-2.31.so
7f56441b7000-7f56441c7000 r-xp 00004000 08:02 8914186                    /usr/lib/x86_64-linux-gnu/libresolv-2.31.so
7f56441c7000-7f56441cb000 r--p 00014000 08:02 8914186                    /usr/lib/x86_64-linux-gnu/libresolv-2.31.so
7f56441cb000-7f56441cc000 r--p 00017000 08:02 8914186                    /usr/lib/x86_64-linux-gnu/libresolv-2.31.so
7f56441cc000-7f56441cd000 rw-p 00018000 08:02 8914186                    /usr/lib/x86_64-linux-gnu/libresolv-2.31.so
7f56441cd000-7f56441cf000 rw-p 00000000 00:00 0 
7f56441cf000-7f56441e3000 r--p 00000000 08:02 8921695                    /usr/lib/x86_64-linux-gnu/libvorbisenc.so.2.0.11
7f56441e3000-7f56441e6000 r-xp 00014000 08:02 8921695                    /usr/lib/x86_64-linux-gnu/libvorbisenc.so.2.0.11
7f56441e6000-7f564425d000 r--p 00017000 08:02 8921695                    /usr/lib/x86_64-linux-gnu/libvorbisenc.so.2.0.11
7f564425d000-7f5644279000 r--p 0008d000 08:02 8921695                    /usr/lib/x86_64-linux-gnu/libvorbisenc.so.2.0.11
7f5644279000-7f564427a000 rw-p 000a9000 08:02 8921695                    /usr/lib/x86_64-linux-gnu/libvorbisenc.so.2.0.11
7f564427a000-7f564427d000 r--p 00000000 08:02 8921693                    /usr/lib/x86_64-linux-gnu/libvorbis.so.0.4.8
7f564427d000-7f5644294000 r-xp 00003000 08:02 8921693                    /usr/lib/x86_64-linux-gnu/libvorbis.so.0.4.8
7f5644294000-7f56442a5000 r--p 0001a000 08:02 8921693                    /usr/lib/x86_64-linux-gnu/libvorbis.so.0.4.8
7f56442a5000-7f56442a6000 ---p 0002b000 08:02 8921693                    /usr/lib/x86_64-linux-gnu/libvorbis.so.0.4.8
7f56442a6000-7f56442a7000 r--p 0002b000 08:02 8921693                    /usr/lib/x86_64-linux-gnu/libvorbis.so.0.4.8
7f56442a7000-7f56442a8000 rw-p 0002c000 08:02 8921693                    /usr/lib/x86_64-linux-gnu/libvorbis.so.0.4.8
7f56442a8000-7f56442b0000 r--p 00000000 08:02 8920258                    /usr/lib/x86_64-linux-gnu/libFLAC.so.8.3.0
7f56442b0000-7f56442d9000 r-xp 00008000 08:02 8920258                    /usr/lib/x86_64-linux-gnu/libFLAC.so.8.3.0
7f56442d9000-7f56442e3000 r--p 00031000 08:02 8920258                    /usr/lib/x86_64-linux-gnu/libFLAC.so.8.3.0
7f56442e3000-7f56442e4000 ---p 0003b000 08:02 8920258                    /usr/lib/x86_64-linux-gnu/libFLAC.so.8.3.0
7f56442e4000-7f56442e5000 r--p 0003b000 08:02 8920258                    /usr/lib/x86_64-linux-gnu/libFLAC.so.8.3.0
7f56442e5000-7f56442e6000 rw-p 0003c000 08:02 8920258                    /usr/lib/x86_64-linux-gnu/libFLAC.so.8.3.0
7f56442e6000-7f56442f2000 r--p 00000000 08:02 8913669                    /usr/lib/x86_64-linux-gnu/libgcrypt.so.20.2.5
7f56442f2000-7f56443c0000 r-xp 0000c000 08:02 8913669                    /usr/lib/x86_64-linux-gnu/libgcrypt.so.20.2.5
7f56443c0000-7f56443fd000 r--p 000da000 08:02 8913669                    /usr/lib/x86_64-linux-gnu/libgcrypt.so.20.2.5
7f56443fd000-7f56443ff000 r--p 00116000 08:02 8913669                    /usr/lib/x86_64-linux-gnu/libgcrypt.so.20.2.5
7f56443ff000-7f5644404000 rw-p 00118000 08:02 8913669                    /usr/lib/x86_64-linux-gnu/libgcrypt.so.20.2.5
7f5644404000-7f5644409000 r-xp 00000000 08:02 8920382                    /usr/lib/x86_64-linux-gnu/libasyncns.so.0.3.1
7f5644409000-7f5644608000 ---p 00005000 08:02 8920382                    /usr/lib/x86_64-linux-gnu/libasyncns.so.0.3.1
7f5644608000-7f5644609000 r--p 00004000 08:02 8920382                    /usr/lib/x86_64-linux-gnu/libasyncns.so.0.3.1
7f5644609000-7f564460a000 rw-p 00005000 08:02 8920382                    /usr/lib/x86_64-linux-gnu/libasyncns.so.0.3.1
7f564460a000-7f5644611000 r--p 00000000 08:02 8921524                    /usr/lib/x86_64-linux-gnu/libsndfile.so.1.0.28
7f5644611000-7f5644664000 r-xp 00007000 08:02 8921524                    /usr/lib/x86_64-linux-gnu/libsndfile.so.1.0.28
7f5644664000-7f5644681000 r--p 0005a000 08:02 8921524                    /usr/lib/x86_64-linux-gnu/libsndfile.so.1.0.28
7f5644681000-7f5644682000 ---p 00077000 08:02 8921524                    /usr/lib/x86_64-linux-gnu/libsndfile.so.1.0.28
7f5644682000-7f5644685000 r--p 00077000 08:02 8921524                    /usr/lib/x86_64-linux-gnu/libsndfile.so.1.0.28
7f5644685000-7f5644686000 rw-p 0007a000 08:02 8921524                    /usr/lib/x86_64-linux-gnu/libsndfile.so.1.0.28
7f5644686000-7f5644688000 rw-p 00000000 00:00 0 
7f5644688000-7f5644698000 r--p 00000000 08:02 8913004                    /usr/lib/x86_64-linux-gnu/libsystemd.so.0.28.0
7f5644698000-7f564470d000 r-xp 00010000 08:02 8913004                    /usr/lib/x86_64-linux-gnu/libsystemd.so.0.28.0
7f564470d000-7f5644732000 r--p 00085000 08:02 8913004                    /usr/lib/x86_64-linux-gnu/libsystemd.so.0.28.0
7f5644732000-7f5644735000 r--p 000a9000 08:02 8913004                    /usr/lib/x86_64-linux-gnu/libsystemd.so.0.28.0
7f5644735000-7f5644736000 rw-p 000ac000 08:02 8913004                    /usr/lib/x86_64-linux-gnu/libsystemd.so.0.28.0
7f5644736000-7f5644737000 rw-p 00000000 00:00 0 
7f5644737000-7f5644738000 ---p 00000000 00:00 0 
7f5644738000-7f5644f38000 rw-p 00000000 00:00 0 
7f5644f38000-7f5644f39000 ---p 00000000 00:00 0 
7f5644f39000-7f5645739000 rw-p 00000000 00:00 0 
7f5645739000-7f564573a000 ---p 00000000 00:00 0 
7f564573a000-7f5645f3a000 rw-p 00000000 00:00 0 
7f5645f3a000-7f5645f3b000 ---p 00000000 00:00 0 
7f5645f3b000-7f564673b000 rw-p 00000000 00:00 0 
7f564673b000-7f56467da000 r-xp 00000000 08:02 1859287                    /home/andrei/Duaro_ws/Unity_env/exe-env/env8/env8_Data/Plugins/liblibvhacd.so
7f56467da000-7f56469da000 ---p 0009f000 08:02 1859287                    /home/andrei/Duaro_ws/Unity_env/exe-env/env8/env8_Data/Plugins/liblibvhacd.so
7f56469da000-7f56469db000 r--p 0009f000 08:02 1859287                    /home/andrei/Duaro_ws/Unity_env/exe-env/env8/env8_Data/Plugins/liblibvhacd.so
7f56469db000-7f56469de000 rw-p 000a0000 08:02 1859287                    /home/andrei/Duaro_ws/Unity_env/exe-env/env8/env8_Data/Plugins/liblibvhacd.so
7f56469de000-7f5646c13000 r-xp 00000000 08:02 1859288                    /home/andrei/Duaro_ws/Unity_env/exe-env/env8/env8_Data/Plugins/libgrpc_csharp_ext.x64.so
Caught fatal signal - signo:11 code:1 errno:0 addr:0x24
7f5646c13000-7f5646e13000 ---p 00235000 08:02 1859288                    /home/andrei/Duaro_ws/Unity_env/exe-env/env8/env8_Data/Plugins/libgrpc_csharp_ext.x64.so
7f5646e13000-7f5646e2e000 rw-p 00235000 08:02 1859288                    /home/andrei/Duaro_ws/Unity_env/exe-env/env8/env8_Data/Plugins/libgrpc_csharp_ext.x64.so
7f5646e2e000-7f5646e34000 rw-p 00000000 00:00 0 
7f5646e34000-7f5647524000 r-xp 00000000 08:02 1859289                    /home/andrei/Duaro_ws/Unity_env/exe-env/env8/env8_Data/Plugins/libassimp.so
7f5647524000-7f5647724000 ---p 006f0000 08:02 1859289                    /home/andrei/Duaro_ws/Unity_env/exe-env/env8/env8_Data/Plugins/libassimp.so
7f5647724000-7f56477f6000 r--p 006f0000 08:02 1859289                    /home/andrei/Duaro_ws/Unity_env/exe-env/env8/env8_Data/Plugins/libassimp.so
7f56477f6000-7f56477f8000 rw-p 007c2000 08:02 1859289                    /home/andrei/Duaro_ws/Unity_env/exe-env/env8/env8_Data/Plugins/libassimp.so
7f56477f8000-7f56477ff000 rw-p 00000000 00:00 0 
7f56477ff000-7f5647800000 ---p 00000000 00:00 0 
7f5647800000-7f5647801000 rw-p 00000000 00:00 0 
7f5647801000-7f5647809000 ---p 00000000 00:00 0 
7f5647809000-7f5648000000 rw-p 00000000 00:00 0 
7f5648000000-7f5648021000 rw-p 00000000 00:00 0 
7f5648021000-7f564c000000 ---p 00000000 00:00 0 
7f564c000000-7f564c021000 rw-p 00000000 00:00 0 
7f564c021000-7f5650000000 ---p 00000000 00:00 0 
7f5650000000-7f5650021000 rw-p 00000000 00:00 0 
7f5650021000-7f5654000000 ---p 00000000 00:00 0 
7f5654000000-7f5654021000 rw-p 00000000 00:00 0 
7f5654021000-7f5658000000 ---p 00000000 00:00 0 
7f5658000000-7f5658021000 rw-p 00000000 00:00 0 
7f5658021000-7f565c000000 ---p 00000000 00:00 0 
7f565c000000-7f565c021000 rw-p 00000000 00:00 0 
7f565c021000-7f5660000000 ---p 00000000 00:00 0 
7f5660000000-7f5660021000 rw-p 00000000 00:00 0 
7f5660021000-7f5664000000 ---p 00000000 00:00 0 
7f5664000000-7f5664021000 rw-p 00000000 00:00 0 
7f5664021000-7f5668000000 ---p 00000000 00:00 0 
7f5668003000-7f5668007000 r--p 00000000 08:02 8914027                    /usr/lib/x86_64-linux-gnu/libnsl-2.31.so
7f5668007000-7f5668017000 r-xp 00004000 08:02 8914027                    /usr/lib/x86_64-linux-gnu/libnsl-2.31.so
7f5668017000-7f566801c000 r--p 00014000 08:02 8914027                    /usr/lib/x86_64-linux-gnu/libnsl-2.31.so
7f566801c000-7f566801d000 r--p 00018000 08:02 8914027                    /usr/lib/x86_64-linux-gnu/libnsl-2.31.so
7f566801d000-7f566801e000 rw-p 00019000 08:02 8914027                    /usr/lib/x86_64-linux-gnu/libnsl-2.31.so
7f566801e000-7f5668020000 rw-p 00000000 00:00 0 
7f5668020000-7f5668022000 r--p 00000000 08:02 8921116                    /usr/lib/x86_64-linux-gnu/liblz4.so.1.9.2
7f5668022000-7f566803c000 r-xp 00002000 08:02 8921116                    /usr/lib/x86_64-linux-gnu/liblz4.so.1.9.2
7f566803c000-7f566803f000 r--p 0001c000 08:02 8921116                    /usr/lib/x86_64-linux-gnu/liblz4.so.1.9.2
7f566803f000-7f5668040000 r--p 0001e000 08:02 8921116                    /usr/lib/x86_64-linux-gnu/liblz4.so.1.9.2
7f5668040000-7f5668041000 rw-p 0001f000 08:02 8921116                    /usr/lib/x86_64-linux-gnu/liblz4.so.1.9.2
7f5668041000-7f566804c000 r--p 00000000 08:02 8920573                    /usr/lib/x86_64-linux-gnu/libdbus-1.so.3.19.11
7f566804c000-7f566807a000 r-xp 0000b000 08:02 8920573                    /usr/lib/x86_64-linux-gnu/libdbus-1.so.3.19.11
7f566807a000-7f566808f000 r--p 00039000 08:02 8920573                    /usr/lib/x86_64-linux-gnu/libdbus-1.so.3.19.11
7f566808f000-7f5668090000 ---p 0004e000 08:02 8920573                    /usr/lib/x86_64-linux-gnu/libdbus-1.so.3.19.11
7f5668090000-7f5668091000 r--p 0004e000 08:02 8920573                    /usr/lib/x86_64-linux-gnu/libdbus-1.so.3.19.11
7f5668091000-7f5668092000 rw-p 0004f000 08:02 8920573                    /usr/lib/x86_64-linux-gnu/libdbus-1.so.3.19.11
7f5668092000-7f56680a3000 r--p 00000000 08:02 9568377                    /usr/lib/x86_64-linux-gnu/pulseaudio/libpulsecommon-13.99.so
7f56680a3000-7f56680eb000 r-xp 00011000 08:02 9568377                    /usr/lib/x86_64-linux-gnu/pulseaudio/libpulsecommon-13.99.so
7f56680eb000-7f5668110000 r--p 00059000 08:02 9568377                    /usr/lib/x86_64-linux-gnu/pulseaudio/libpulsecommon-13.99.so
7f5668110000-7f5668111000 ---p 0007e000 08:02 9568377                    /usr/lib/x86_64-linux-gnu/pulseaudio/libpulsecommon-13.99.so
7f5668111000-7f5668113000 r--p 0007e000 08:02 9568377                    /usr/lib/x86_64-linux-gnu/pulseaudio/libpulsecommon-13.99.so
7f5668113000-7f5668114000 rw-p 00080000 08:02 9568377                    /usr/lib/x86_64-linux-gnu/pulseaudio/libpulsecommon-13.99.so
7f5668114000-7f5668120000 r--p 00000000 08:02 8913770                    /usr/lib/x86_64-linux-gnu/libpulse.so.0.21.2
7f5668120000-7f5668150000 r-xp 0000c000 08:02 8913770                    /usr/lib/x86_64-linux-gnu/libpulse.so.0.21.2
7f5668150000-7f5668166000 r--p 0003c000 08:02 8913770                    /usr/lib/x86_64-linux-gnu/libpulse.so.0.21.2
7f5668166000-7f5668168000 r--p 00051000 08:02 8913770                    /usr/lib/x86_64-linux-gnu/libpulse.so.0.21.2
7f5668168000-7f5668169000 rw-p 00053000 08:02 8913770                    /usr/lib/x86_64-linux-gnu/libpulse.so.0.21.2
7f5668169000-7f5668172000 r--p 00000000 08:02 8920849                    /usr/lib/x86_64-linux-gnu/libgomp.so.1.0.0
7f5668172000-7f566819d000 r-xp 00009000 08:02 8920849                    /usr/lib/x86_64-linux-gnu/libgomp.so.1.0.0
7f566819d000-7f56681a9000 r--p 00034000 08:02 8920849                    /usr/lib/x86_64-linux-gnu/libgomp.so.1.0.0
7f56681a9000-7f56681aa000 r--p 0003f000 08:02 8920849                    /usr/lib/x86_64-linux-gnu/libgomp.so.1.0.0
7f56681aa000-7f56681ab000 rw-p 00040000 08:02 8920849                    /usr/lib/x86_64-linux-gnu/libgomp.so.1.0.0
7f56681ab000-7f56681b5000 r-xp 00000000 08:02 8922868                    /usr/lib/x86_64-linux-gnu/libminizip.so.1.0.0
7f56681b5000-7f56683b4000 ---p 0000a000 08:02 8922868                    /usr/lib/x86_64-linux-gnu/libminizip.so.1.0.0
7f56683b4000-7f56683b5000 r--p 00009000 08:02 8922868                    /usr/lib/x86_64-linux-gnu/libminizip.so.1.0.0
7f56683b5000-7f56683b6000 rw-p 0000a000 08:02 8922868                    /usr/lib/x86_64-linux-gnu/libminizip.so.1.0.0
7f56683b9000-7f56683ba000 ---p 00000000 00:00 0 
7f56683ba000-7f56683fa000 rw-p 00000000 00:00 0 
7f56683fa000-7f5668409000 r--p 00000000 08:02 1859293                    /home/andrei/Duaro_ws/Unity_env/exe-env/env8/env8_Data/Plugins/lib_burst_generated.so
7f5668409000-7f566843d000 r-xp 0000e000 08:02 1859293                    /home/andrei/Duaro_ws/Unity_env/exe-env/env8/env8_Data/Plugins/lib_burst_generated.so
7f566843d000-7f566843e000 r--p 00041000 08:02 1859293                    /home/andrei/Duaro_ws/Unity_env/exe-env/env8/env8_Data/Plugins/lib_burst_generated.so
7f566843e000-7f566843f000 rw-p 00041000 08:02 1859293                    /home/andrei/Duaro_ws/Unity_env/exe-env/env8/env8_Data/Plugins/lib_burst_generated.so
7f566843f000-7f56687f9000 r--p 00000000 08:02 1859277                    /home/andrei/Duaro_ws/Unity_env/exe-env/env8/env8_Data/Managed/mscorlib.dll
7f56687f9000-7f56687fa000 ---p 00000000 00:00 0 
7f56687fa000-7f5668ffa000 rw-p 00000000 00:00 0 
7f5668ffa000-7f5668ffb000 ---p 00000000 00:00 0 
7f5668ffb000-7f56697fb000 rw-p 00000000 00:00 0 
7f56697fb000-7f56697fc000 ---p 00000000 00:00 0 
7f56697fc000-7f5669ffc000 rw-p 00000000 00:00 0 
7f5669ffc000-7f5669ffd000 ---p 00000000 00:00 0 
7f5669ffd000-7f566a7fd000 rw-p 00000000 00:00 0 
7f566a7fd000-7f566a7fe000 ---p 00000000 00:00 0 
7f566a7fe000-7f566affe000 rw-p 00000000 00:00 0 
7f566affe000-7f566afff000 ---p 00000000 00:00 0 
7f566afff000-7f566b7ff000 rw-p 00000000 00:00 0 
7f566b7ff000-7f566b800000 ---p 00000000 00:00 0 
7f566b800000-7f566c000000 rw-p 00000000 00:00 0 
7f566c000000-7f566c021000 rw-p 00000000 00:00 0 
7f566c021000-7f5670000000 ---p 00000000 00:00 0 
7f5670000000-7f5670021000 rw-p 00000000 00:00 0 
7f5670021000-7f5674000000 ---p 00000000 00:00 0 
7f5674000000-7f5674038000 rw-p 00000000 00:00 0 
7f5674038000-7f5678000000 ---p 00000000 00:00 0 
7f5678000000-7f5678021000 rw-p 00000000 00:00 0 
7f5678021000-7f567c000000 ---p 00000000 00:00 0 
7f567c000000-7f567c021000 rw-p 00000000 00:00 0 
7f567c021000-7f5680000000 ---p 00000000 00:00 0 
7f5680019000-7f568001a000 rw-p 00000000 00:00 0 
7f568001a000-7f5680079000 ---p 00000000 00:00 0 
7f5680079000-7f56803d0000 r-xp 00000000 08:02 1859315                    /home/andrei/Duaro_ws/Unity_env/exe-env/env8/env8_Data/MonoBleedingEdge/x86_64/libmonobdwgc-2.0.so
7f56803d0000-7f56805d0000 ---p 00357000 08:02 1859315                    /home/andrei/Duaro_ws/Unity_env/exe-env/env8/env8_Data/MonoBleedingEdge/x86_64/libmonobdwgc-2.0.so
7f56805d0000-7f56805d7000 r--p 00357000 08:02 1859315                    /home/andrei/Duaro_ws/Unity_env/exe-env/env8/env8_Data/MonoBleedingEdge/x86_64/libmonobdwgc-2.0.so
7f56805d7000-7f56805de000 rw-p 0035e000 08:02 1859315                    /home/andrei/Duaro_ws/Unity_env/exe-env/env8/env8_Data/MonoBleedingEdge/x86_64/libmonobdwgc-2.0.so
7f56805de000-7f56807f9000 rw-p 00000000 00:00 0 
7f56807f9000-7f56807fa000 ---p 00000000 00:00 0 
7f56807fa000-7f5680ffa000 rw-p 00000000 00:00 0 
7f5680ffa000-7f5680ffb000 ---p 00000000 00:00 0 
7f5680ffb000-7f56817fb000 rw-p 00000000 00:00 0 
7f56817fb000-7f56817fc000 ---p 00000000 00:00 0 
7f56817fc000-7f5681ffc000 rw-p 00000000 00:00 0 
7f5681ffc000-7f5681ffd000 ---p 00000000 00:00 0 
7f5681ffd000-7f56827fd000 rw-p 00000000 00:00 0 
7f56827fd000-7f56827fe000 ---p 00000000 00:00 0 
7f56827fe000-7f5682ffe000 rw-p 00000000 00:00 0 
7f5682ffe000-7f5682fff000 ---p 00000000 00:00 0 
7f5682fff000-7f56837ff000 rw-p 00000000 00:00 0 
7f56837ff000-7f5683800000 ---p 00000000 00:00 0 
7f5683800000-7f5684000000 rw-p 00000000 00:00 0 
7f5684000000-7f5684021000 rw-p 00000000 00:00 0 
7f5684021000-7f5688000000 ---p 00000000 00:00 0 
7f5688008000-7f568800a000 r--p 00000000 08:02 8921271                    /usr/lib/x86_64-linux-gnu/libogg.so.0.8.4
7f568800a000-7f568800f000 r-xp 00002000 08:02 8921271                    /usr/lib/x86_64-linux-gnu/libogg.so.0.8.4
7f568800f000-7f5688012000 r--p 00007000 08:02 8921271                    /usr/lib/x86_64-linux-gnu/libogg.so.0.8.4
7f5688012000-7f5688013000 ---p 0000a000 08:02 8921271                    /usr/lib/x86_64-linux-gnu/libogg.so.0.8.4
7f5688013000-7f5688014000 r--p 0000a000 08:02 8921271                    /usr/lib/x86_64-linux-gnu/libogg.so.0.8.4
7f5688014000-7f5688015000 rw-p 0000b000 08:02 8921271                    /usr/lib/x86_64-linux-gnu/libogg.so.0.8.4
7f5688015000-7f5688018000 r--p 00000000 08:02 8923942                    /usr/lib/x86_64-linux-gnu/liblzma.so.5.2.4
7f5688018000-7f5688030000 r-xp 00003000 08:02 8923942                    /usr/lib/x86_64-linux-gnu/liblzma.so.5.2.4
7f5688030000-7f568803b000 r--p 0001b000 08:02 8923942                    /usr/lib/x86_64-linux-gnu/liblzma.so.5.2.4
7f568803b000-7f568803c000 ---p 00026000 08:02 8923942                    /usr/lib/x86_64-linux-gnu/liblzma.so.5.2.4
7f568803c000-7f568803d000 r--p 00026000 08:02 8923942                    /usr/lib/x86_64-linux-gnu/liblzma.so.5.2.4
7f568803d000-7f568803e000 rw-p 00027000 08:02 8923942                    /usr/lib/x86_64-linux-gnu/liblzma.so.5.2.4
7f568803e000-7f56880be000 rw-p 00000000 00:00 0 
7f56880be000-7f56882be000 rw-s 129b1b000 00:05 707                       /dev/dri/renderD128
7f56882be000-7f56884be000 rw-s 107e8b000 00:05 707                       /dev/dri/renderD128
7f56884be000-7f56884bf000 ---p 00000000 00:00 0 
7f56884bf000-7f5688cbf000 rw-p 00000000 00:00 0 
7f5688cbf000-7f568dee0000 r-xp 00000000 08:02 8919001                    /usr/lib/x86_64-linux-gnu/libLLVM-12.so.1
7f568dee0000-7f568e3f9000 r--p 05220000 08:02 8919001                    /usr/lib/x86_64-linux-gnu/libLLVM-12.so.1
7f568e3f9000-7f568e400000 rw-p 05739000 08:02 8919001                    /usr/lib/x86_64-linux-gnu/libLLVM-12.so.1
7f568e400000-7f568e475000 rw-p 00000000 00:00 0 
7f568e475000-7f568e60b000 r--p 00000000 08:02 9568713                    /usr/lib/x86_64-linux-gnu/dri/radeonsi_dri.so
7f568e60b000-7f568f6b6000 r-xp 00196000 08:02 9568713                    /usr/lib/x86_64-linux-gnu/dri/radeonsi_dri.so
7f568f6b6000-7f568fb7c000 r--p 01241000 08:02 9568713                    /usr/lib/x86_64-linux-gnu/dri/radeonsi_dri.so
7f568fb7c000-7f568fcaa000 r--p 01706000 08:02 9568713                    /usr/lib/x86_64-linux-gnu/dri/radeonsi_dri.so
7f568fcaa000-7f568fde2000 rw-p 01834000 08:02 9568713                    /usr/lib/x86_64-linux-gnu/dri/radeonsi_dri.so
7f568fde2000-7f5691000000 rw-p 00000000 00:00 0 
7f5691000000-7f56a0000000 ---p 00000000 00:00 0 
7f56a0000000-7f56a1000000 rw-p 00000000 00:00 0 
7f56a1000000-7f56b0000000 ---p 00000000 00:00 0 
7f56b0000000-7f56b1000000 rw-p 00000000 00:00 0 
7f56b1000000-7f56c0000000 ---p 00000000 00:00 0 
7f56c0000000-7f56c0800000 rw-p 00000000 00:00 0 
7f56c0800000-7f56d0000000 ---p 00000000 00:00 0 
7f56d0000000-7f56d1000000 rw-p 00000000 00:00 0 
7f56d1000000-7f56e0000000 ---p 00000000 00:00 0 
7f56e0000000-7f56e0400000 rw-p 00000000 00:00 0 
7f56e0400000-7f56e0800000 ---p 00000000 00:00 0 
7f56e0800000-7f56e0810000 rw-p 00000000 00:00 0 
7f56e0810000-7f56e0820000 ---p 00000000 00:00 0 
7f56e0820000-7f56e0860000 rw-p 00000000 00:00 0 
7f56e0860000-7f56e08a0000 ---p 00000000 00:00 0 
7f56e08a0000-7f56e08e0000 rw-p 00000000 00:00 0 
7f56e08e0000-7f56e0920000 ---p 00000000 00:00 0 
7f56e0920000-7f56e0960000 rw-p 00000000 00:00 0 
7f56e0960000-7f56e09a0000 ---p 00000000 00:00 0 
7f56e09a0000-7f56e09e0000 rw-p 00000000 00:00 0 
7f56e09e0000-7f56e0a20000 ---p 00000000 00:00 0 
7f56e0a20000-7f56e0a60000 rw-p 00000000 00:00 0 
7f56e0a60000-7f56e0aa0000 ---p 00000000 00:00 0 
7f56e0aa0000-7f56e0ae0000 rw-p 00000000 00:00 0 
7f56e0ae0000-7f56e0b20000 ---p 00000000 00:00 0 
7f56e0b20000-7f56e0b60000 rw-p 00000000 00:00 0 
7f56e0b60000-7f56e0ba0000 ---p 00000000 00:00 0 
7f56e0ba0000-7f56e0be0000 rw-p 00000000 00:00 0 
7f56e0be0000-7f56e0c20000 ---p 00000000 00:00 0 
7f56e0c20000-7f56e0c60000 rw-p 00000000 00:00 0 
7f56e0c60000-7f56e0ca0000 ---p 00000000 00:00 0 
7f56e0ca0000-7f56e0ce0000 rw-p 00000000 00:00 0 
7f56e0ce0000-7f56e0d20000 ---p 00000000 00:00 0 
7f56e0d20000-7f56e0d60000 rw-p 00000000 00:00 0 
7f56e0d60000-7f56e0da0000 ---p 00000000 00:00 0 
7f56e0da0000-7f56e0da8000 rw-p 00000000 00:00 0 
7f56e0da8000-7f56e0db0000 ---p 00000000 00:00 0 
7f56e0db0000-7f56e0db8000 rw-p 00000000 00:00 0 
7f56e0db8000-7f56e0dc0000 ---p 00000000 00:00 0 
7f56e0dc0000-7f56e0dc8000 rw-p 00000000 00:00 0 
7f56e0dc8000-7f56e0dd0000 ---p 00000000 00:00 0 
7f56e0dd0000-7f56e0dd8000 rw-p 00000000 00:00 0 
7f56e0dd8000-7f56e0de0000 ---p 00000000 00:00 0 
7f56e0de0000-7f56e0de8000 rw-p 00000000 00:00 0 
7f56e0de8000-7f56e0df0000 ---p 00000000 00:00 0 
7f56e0df0000-7f56e0df8000 rw-p 00000000 00:00 0 
7f56e0df8000-7f56e0e00000 ---p 00000000 00:00 0 
7f56e0e00000-7f56e0e08000 rw-p 00000000 00:00 0 
7f56e0e08000-7f56e0e10000 ---p 00000000 00:00 0 
7f56e0e10000-7f56e0e18000 rw-p 00000000 00:00 0 
7f56e0e18000-7f56e0e20000 ---p 00000000 00:00 0 
7f56e0e20000-7f56e0e28000 rw-p 00000000 00:00 0 
7f56e0e28000-7f56e0e30000 ---p 00000000 00:00 0 
7f56e0e30000-7f56e0e38000 rw-p 00000000 00:00 0 
7f56e0e38000-7f56e0e40000 ---p 00000000 00:00 0 
7f56e0e40000-7f56e0e48000 rw-p 00000000 00:00 0 
7f56e0e48000-7f56e0e50000 ---p 00000000 00:00 0 
7f56e0e50000-7f56e0e58000 rw-p 00000000 00:00 0 
7f56e0e58000-7f56e0e60000 ---p 00000000 00:00 0 
7f56e0e60000-7f56e0e68000 rw-p 00000000 00:00 0 
7f56e0e68000-7f56e0e70000 ---p 00000000 00:00 0 
7f56e0e70000-7f56e0e78000 rw-p 00000000 00:00 0 
7f56e0e78000-7f56e0e80000 ---p 00000000 00:00 0 
7f56e0e80000-7f56e0e88000 rw-p 00000000 00:00 0 
7f56e0e88000-7f56e0e90000 ---p 00000000 00:00 0 
7f56e0e90000-7f56e0e98000 rw-p 00000000 00:00 0 
7f56e0e98000-7f56e0ea0000 ---p 00000000 00:00 0 
7f56e0ea0000-7f56e0eb0000 rw-p 00000000 00:00 0 
7f56e0eb0000-7f56e0ec0000 ---p 00000000 00:00 0 
7f56e0ec0000-7f56e0ed0000 rw-p 00000000 00:00 0 
7f56e0ed0000-7f56e0ee0000 ---p 00000000 00:00 0 
7f56e0ee0000-7f56e0ef0000 rw-p 00000000 00:00 0 
7f56e0ef0000-7f56f0000000 ---p 00000000 00:00 0 
7f56f0000000-7f56f3000000 rw-p 00000000 00:00 0 
7f56f3000000-7f5700000000 ---p 00000000 00:00 0 
7f5700000000-7f5701001000 rw-p 00000000 00:00 0 
7f5701001000-7f5710000000 ---p 00000000 00:00 0 
7f5710000000-7f5710102000 rw-p 00000000 00:00 0 
7f5710102000-7f5720000000 ---p 00000000 00:00 0 
7f5720000000-7f5720102000 rw-p 00000000 00:00 0 
7f5720102000-7f5730000000 ---p 00000000 00:00 0 
7f5730000000-7f5730102000 rw-p 00000000 00:00 0 
7f5730102000-7f5740000000 ---p 00000000 00:00 0 
7f5740000000-7f5740102000 rw-p 00000000 00:00 0 
7f5740102000-7f5750000000 ---p 00000000 00:00 0 
7f5750000000-7f5750100000 rw-p 00000000 00:00 0 
7f5750100000-7f5760000000 ---p 00000000 00:00 0 
7f5760007000-7f576000a000 r--p 00000000 08:02 8920361                    /usr/lib/x86_64-linux-gnu/libapparmor.so.1.6.1
7f576000a000-7f5760013000 r-xp 00003000 08:02 8920361                    /usr/lib/x86_64-linux-gnu/libapparmor.so.1.6.1
7f5760013000-7f576001a000 r--p 0000c000 08:02 8920361                    /usr/lib/x86_64-linux-gnu/libapparmor.so.1.6.1
7f576001a000-7f576001b000 r--p 00012000 08:02 8920361                    /usr/lib/x86_64-linux-gnu/libapparmor.so.1.6.1
7f576001b000-7f576001c000 rw-p 00013000 08:02 8920361                    /usr/lib/x86_64-linux-gnu/libapparmor.so.1.6.1
7f576001c000-7f576001f000 r--p 00000000 08:02 8921756                    /usr/lib/x86_64-linux-gnu/libwrap.so.0.7.6
7f576001f000-7f5760024000 r-xp 00003000 08:02 8921756                    /usr/lib/x86_64-linux-gnu/libwrap.so.0.7.6
7f5760024000-7f5760026000 r--p 00008000 08:02 8921756                    /usr/lib/x86_64-linux-gnu/libwrap.so.0.7.6
7f5760026000-7f5760027000 r--p 00009000 08:02 8921756                    /usr/lib/x86_64-linux-gnu/libwrap.so.0.7.6
7f5760027000-7f5760028000 rw-p 0000a000 08:02 8921756                    /usr/lib/x86_64-linux-gnu/libwrap.so.0.7.6
7f5760028000-7f576002a000 r--p 00000000 08:02 8913769                    /usr/lib/x86_64-linux-gnu/libpulse-simple.so.0.1.1
7f576002a000-7f576002c000 r-xp 00002000 08:02 8913769                    /usr/lib/x86_64-linux-gnu/libpulse-simple.so.0.1.1
7f576002c000-7f576002d000 r--p 00004000 08:02 8913769                    /usr/lib/x86_64-linux-gnu/libpulse-simple.so.0.1.1
7f576002d000-7f576002e000 r--p 00004000 08:02 8913769                    /usr/lib/x86_64-linux-gnu/libpulse-simple.so.0.1.1
7f576002e000-7f576002f000 rw-p 00005000 08:02 8913769                    /usr/lib/x86_64-linux-gnu/libpulse-simple.so.0.1.1
7f576002f000-7f57600af000 rw-p 00000000 00:00 0 
7f57600af000-7f57602af000 rw-s 10808b000 00:05 707                       /dev/dri/renderD128
7f57602af000-7f57603f0000 rw-s 00000000 08:02 1310754                    /home/andrei/.cache/mesa_shader_cache/index
7f57603f0000-7f57603f3000 r--p 00000000 08:02 8914055                    /usr/lib/x86_64-linux-gnu/libnss_files-2.31.so
7f57603f3000-7f57603fa000 r-xp 00003000 08:02 8914055                    /usr/lib/x86_64-linux-gnu/libnss_files-2.31.so
7f57603fa000-7f57603fc000 r--p 0000a000 08:02 8914055                    /usr/lib/x86_64-linux-gnu/libnss_files-2.31.so
7f57603fc000-7f57603fd000 r--p 0000b000 08:02 8914055                    /usr/lib/x86_64-linux-gnu/libnss_files-2.31.so
7f57603fd000-7f57603fe000 rw-p 0000c000 08:02 8914055                    /usr/lib/x86_64-linux-gnu/libnss_files-2.31.so
7f57603fe000-7f5760404000 rw-p 00000000 00:00 0 
7f5760404000-7f5760412000 r--p 00000000 08:02 8921606                    /usr/lib/x86_64-linux-gnu/libtinfo.so.6.2
7f5760412000-7f5760421000 r-xp 0000e000 08:02 8921606                    /usr/lib/x86_64-linux-gnu/libtinfo.so.6.2
7f5760421000-7f576042f000 r--p 0001d000 08:02 8921606                    /usr/lib/x86_64-linux-gnu/libtinfo.so.6.2
7f576042f000-7f5760433000 r--p 0002a000 08:02 8921606                    /usr/lib/x86_64-linux-gnu/libtinfo.so.6.2
7f5760433000-7f5760434000 rw-p 0002e000 08:02 8921606                    /usr/lib/x86_64-linux-gnu/libtinfo.so.6.2
7f5760434000-7f576043c000 r--p 00000000 08:02 8920653                    /usr/lib/x86_64-linux-gnu/libedit.so.2.0.63
7f576043c000-7f5760457000 r-xp 00008000 08:02 8920653                    /usr/lib/x86_64-linux-gnu/libedit.so.2.0.63
7f5760457000-7f5760465000 r--p 00023000 08:02 8920653                    /usr/lib/x86_64-linux-gnu/libedit.so.2.0.63
7f5760465000-7f5760467000 r--p 00030000 08:02 8920653                    /usr/lib/x86_64-linux-gnu/libedit.so.2.0.63
7f5760467000-7f5760468000 rw-p 00032000 08:02 8920653                    /usr/lib/x86_64-linux-gnu/libedit.so.2.0.63
7f5760468000-7f576046c000 rw-p 00000000 00:00 0 
7f576046c000-7f576046e000 r--p 00000000 08:02 8920703                    /usr/lib/x86_64-linux-gnu/libffi.so.7.1.0
7f576046e000-7f5760474000 r-xp 00002000 08:02 8920703                    /usr/lib/x86_64-linux-gnu/libffi.so.7.1.0
7f5760474000-7f5760475000 r--p 00008000 08:02 8920703                    /usr/lib/x86_64-linux-gnu/libffi.so.7.1.0
7f5760475000-7f5760476000 ---p 00009000 08:02 8920703                    /usr/lib/x86_64-linux-gnu/libffi.so.7.1.0
7f5760476000-7f5760477000 r--p 00009000 08:02 8920703                    /usr/lib/x86_64-linux-gnu/libffi.so.7.1.0
7f5760477000-7f5760478000 rw-p 0000a000 08:02 8920703                    /usr/lib/x86_64-linux-gnu/libffi.so.7.1.0
7f5760478000-7f576050e000 r--p 00000000 08:02 8921563                    /usr/lib/x86_64-linux-gnu/libstdc++.so.6.0.28
7f576050e000-7f57605ff000 r-xp 00096000 08:02 8921563                    /usr/lib/x86_64-linux-gnu/libstdc++.so.6.0.28
7f57605ff000-7f5760648000 r--p 00187000 08:02 8921563                    /usr/lib/x86_64-linux-gnu/libstdc++.so.6.0.28
7f5760648000-7f5760649000 ---p 001d0000 08:02 8921563                    /usr/lib/x86_64-linux-gnu/libstdc++.so.6.0.28
7f5760649000-7f5760654000 r--p 001d0000 08:02 8921563                    /usr/lib/x86_64-linux-gnu/libstdc++.so.6.0.28
7f5760654000-7f5760657000 rw-p 001db000 08:02 8921563                    /usr/lib/x86_64-linux-gnu/libstdc++.so.6.0.28
7f5760657000-7f576065a000 rw-p 00000000 00:00 0 
7f576065a000-7f5760669000 r--p 00000000 08:02 8921704                    /usr/lib/x86_64-linux-gnu/libvulkan.so.1.2.131
7f5760669000-7f576069b000 r-xp 0000f000 08:02 8921704                    /usr/lib/x86_64-linux-gnu/libvulkan.so.1.2.131
7f576069b000-7f57606ae000 r--p 00041000 08:02 8921704                    /usr/lib/x86_64-linux-gnu/libvulkan.so.1.2.131
7f57606ae000-7f57606af000 r--p 00053000 08:02 8921704                    /usr/lib/x86_64-linux-gnu/libvulkan.so.1.2.131
7f57606af000-7f57606b0000 rw-p 00054000 08:02 8921704                    /usr/lib/x86_64-linux-gnu/libvulkan.so.1.2.131
7f57606b0000-7f57606b2000 r--p 00000000 08:02 8913259                    /usr/lib/x86_64-linux-gnu/libdrm_nouveau.so.2.0.0
7f57606b2000-7f57606b7000 r-xp 00002000 08:02 8913259                    /usr/lib/x86_64-linux-gnu/libdrm_nouveau.so.2.0.0
7f57606b7000-7f57606b9000 r--p 00007000 08:02 8913259                    /usr/lib/x86_64-linux-gnu/libdrm_nouveau.so.2.0.0
7f57606b9000-7f57606ba000 r--p 00008000 08:02 8913259                    /usr/lib/x86_64-linux-gnu/libdrm_nouveau.so.2.0.0
7f57606ba000-7f57606bb000 rw-p 00009000 08:02 8913259                    /usr/lib/x86_64-linux-gnu/libdrm_nouveau.so.2.0.0
7f57606bb000-7f57606be000 r--p 00000000 08:02 8913112                    /usr/lib/x86_64-linux-gnu/libdrm_amdgpu.so.1.0.0
7f57606be000-7f57606c3000 r-xp 00003000 08:02 8913112                    /usr/lib/x86_64-linux-gnu/libdrm_amdgpu.so.1.0.0
7f57606c3000-7f57606c5000 r--p 00008000 08:02 8913112                    /usr/lib/x86_64-linux-gnu/libdrm_amdgpu.so.1.0.0
7f57606c5000-7f57606c6000 r--p 00009000 08:02 8913112                    /usr/lib/x86_64-linux-gnu/libdrm_amdgpu.so.1.0.0
7f57606c6000-7f57606c7000 rw-p 0000a000 08:02 8913112                    /usr/lib/x86_64-linux-gnu/libdrm_amdgpu.so.1.0.0
7f57606c7000-7f57606ca000 r--p 00000000 08:02 8920658                    /usr/lib/x86_64-linux-gnu/libelf-0.176.so
7f57606ca000-7f57606dc000 r-xp 00003000 08:02 8920658                    /usr/lib/x86_64-linux-gnu/libelf-0.176.so
7f57606dc000-7f57606e1000 r--p 00015000 08:02 8920658                    /usr/lib/x86_64-linux-gnu/libelf-0.176.so
7f57606e1000-7f57606e2000 r--p 00019000 08:02 8920658                    /usr/lib/x86_64-linux-gnu/libelf-0.176.so
7f57606e2000-7f57606e3000 rw-p 0001a000 08:02 8920658                    /usr/lib/x86_64-linux-gnu/libelf-0.176.so
7f57606e3000-7f57606e5000 r--p 00000000 08:02 8913261                    /usr/lib/x86_64-linux-gnu/libdrm_radeon.so.1.0.1
7f57606e5000-7f57606ec000 r-xp 00002000 08:02 8913261                    /usr/lib/x86_64-linux-gnu/libdrm_radeon.so.1.0.1
7f57606ec000-7f57606f0000 r--p 00009000 08:02 8913261                    /usr/lib/x86_64-linux-gnu/libdrm_radeon.so.1.0.1
7f57606f0000-7f57606f1000 r--p 0000c000 08:02 8913261                    /usr/lib/x86_64-linux-gnu/libdrm_radeon.so.1.0.1
7f57606f1000-7f57606f2000 rw-p 0000d000 08:02 8913261                    /usr/lib/x86_64-linux-gnu/libdrm_radeon.so.1.0.1
7f57606f2000-7f57606f5000 r--p 00000000 08:02 8921493                    /usr/lib/x86_64-linux-gnu/libsensors.so.5.0.0
7f57606f5000-7f57606fc000 r-xp 00003000 08:02 8921493                    /usr/lib/x86_64-linux-gnu/libsensors.so.5.0.0
7f57606fc000-7f5760701000 r--p 0000a000 08:02 8921493                    /usr/lib/x86_64-linux-gnu/libsensors.so.5.0.0
7f5760701000-7f5760702000 r--p 0000e000 08:02 8921493                    /usr/lib/x86_64-linux-gnu/libsensors.so.5.0.0
7f5760702000-7f5760703000 rw-p 0000f000 08:02 8921493                    /usr/lib/x86_64-linux-gnu/libsensors.so.5.0.0
7f5760703000-7f5760707000 r--p 00000000 08:02 8921828                    /usr/lib/x86_64-linux-gnu/libzstd.so.1.4.4
7f5760707000-7f5760799000 r-xp 00004000 08:02 8921828                    /usr/lib/x86_64-linux-gnu/libzstd.so.1.4.4
7f5760799000-7f57607aa000 r--p 00096000 08:02 8921828                    /usr/lib/x86_64-linux-gnu/libzstd.so.1.4.4
7f57607aa000-7f57607ab000 r--p 000a6000 08:02 8921828                    /usr/lib/x86_64-linux-gnu/libzstd.so.1.4.4
7f57607ab000-7f57607ac000 rw-p 000a7000 08:02 8921828                    /usr/lib/x86_64-linux-gnu/libzstd.so.1.4.4
7f57607ac000-7f57607ae000 r--p 00000000 08:02 8919282                    /usr/lib/x86_64-linux-gnu/libz.so.1.2.11
7f57607ae000-7f57607bf000 r-xp 00002000 08:02 8919282                    /usr/lib/x86_64-linux-gnu/libz.so.1.2.11
7f57607bf000-7f57607c5000 r--p 00013000 08:02 8919282                    /usr/lib/x86_64-linux-gnu/libz.so.1.2.11
7f57607c5000-7f57607c6000 ---p 00019000 08:02 8919282                    /usr/lib/x86_64-linux-gnu/libz.so.1.2.11
7f57607c6000-7f57607c7000 r--p 00019000 08:02 8919282                    /usr/lib/x86_64-linux-gnu/libz.so.1.2.11
7f57607c7000-7f57607c8000 rw-p 0001a000 08:02 8919282                    /usr/lib/x86_64-linux-gnu/libz.so.1.2.11
7f57607c8000-7f57607cb000 r--p 00000000 08:02 8921790                    /usr/lib/x86_64-linux-gnu/libxcb-xfixes.so.0.0.0
7f57607cb000-7f57607ce000 r-xp 00003000 08:02 8921790                    /usr/lib/x86_64-linux-gnu/libxcb-xfixes.so.0.0.0
7f57607ce000-7f57607cf000 r--p 00006000 08:02 8921790                    /usr/lib/x86_64-linux-gnu/libxcb-xfixes.so.0.0.0
7f57607cf000-7f57607d0000 ---p 00007000 08:02 8921790                    /usr/lib/x86_64-linux-gnu/libxcb-xfixes.so.0.0.0
7f57607d0000-7f57607d1000 r--p 00007000 08:02 8921790                    /usr/lib/x86_64-linux-gnu/libxcb-xfixes.so.0.0.0
7f57607d1000-7f57607d2000 rw-p 00008000 08:02 8921790                    /usr/lib/x86_64-linux-gnu/libxcb-xfixes.so.0.0.0
7f57607d2000-7f57607d3000 r-xp 00000000 08:02 8921814                    /usr/lib/x86_64-linux-gnu/libxshmfence.so.1.0.0
7f57607d3000-7f57609d2000 ---p 00001000 08:02 8921814                    /usr/lib/x86_64-linux-gnu/libxshmfence.so.1.0.0
7f57609d2000-7f57609d3000 r--p 00000000 08:02 8921814                    /usr/lib/x86_64-linux-gnu/libxshmfence.so.1.0.0
7f57609d3000-7f57609d4000 rw-p 00001000 08:02 8921814                    /usr/lib/x86_64-linux-gnu/libxshmfence.so.1.0.0
7f57609d4000-7f57609d7000 r--p 00000000 08:02 8921786                    /usr/lib/x86_64-linux-gnu/libxcb-sync.so.1.0.0
7f57609d7000-7f57609da000 r-xp 00003000 08:02 8921786                    /usr/lib/x86_64-linux-gnu/libxcb-sync.so.1.0.0
7f57609da000-7f57609db000 r--p 00006000 08:02 8921786                    /usr/lib/x86_64-linux-gnu/libxcb-sync.so.1.0.0
7f57609db000-7f57609dc000 ---p 00007000 08:02 8921786                    /usr/lib/x86_64-linux-gnu/libxcb-sync.so.1.0.0
7f57609dc000-7f57609dd000 r--p 00007000 08:02 8921786                    /usr/lib/x86_64-linux-gnu/libxcb-sync.so.1.0.0
7f57609dd000-7f57609de000 rw-p 00008000 08:02 8921786                    /usr/lib/x86_64-linux-gnu/libxcb-sync.so.1.0.0
7f57609de000-7f57609df000 r--p 00000000 08:02 8921772                    /usr/lib/x86_64-linux-gnu/libxcb-present.so.0.0.0
7f57609df000-7f57609e0000 r-xp 00001000 08:02 8921772                    /usr/lib/x86_64-linux-gnu/libxcb-present.so.0.0.0
7f57609e0000-7f57609e1000 r--p 00002000 08:02 8921772                    /usr/lib/x86_64-linux-gnu/libxcb-present.so.0.0.0
7f57609e1000-7f57609e2000 r--p 00002000 08:02 8921772                    /usr/lib/x86_64-linux-gnu/libxcb-present.so.0.0.0
7f57609e2000-7f57609e3000 rw-p 00003000 08:02 8921772                    /usr/lib/x86_64-linux-gnu/libxcb-present.so.0.0.0
7f57609e3000-7f57609e5000 r--p 00000000 08:02 8921762                    /usr/lib/x86_64-linux-gnu/libxcb-dri3.so.0.0.0
7f57609e5000-7f57609e6000 r-xp 00002000 08:02 8921762                    /usr/lib/x86_64-linux-gnu/libxcb-dri3.so.0.0.0
7f57609e6000-7f57609e7000 r--p 00003000 08:02 8921762                    /usr/lib/x86_64-linux-gnu/libxcb-dri3.so.0.0.0
7f57609e7000-7f57609e8000 r--p 00003000 08:02 8921762                    /usr/lib/x86_64-linux-gnu/libxcb-dri3.so.0.0.0
7f57609e8000-7f57609e9000 rw-p 00004000 08:02 8921762                    /usr/lib/x86_64-linux-gnu/libxcb-dri3.so.0.0.0
7f57609e9000-7f57609ed000 r--p 00000000 08:02 8933051                    /usr/lib/x86_64-linux-gnu/libexpat.so.1.6.11
7f57609ed000-7f5760a09000 r-xp 00004000 08:02 8933051                    /usr/lib/x86_64-linux-gnu/libexpat.so.1.6.11
7f5760a09000-7f5760a13000 r--p 00020000 08:02 8933051                    /usr/lib/x86_64-linux-gnu/libexpat.so.1.6.11
7f5760a13000-7f5760a14000 ---p 0002a000 08:02 8933051                    /usr/lib/x86_64-linux-gnu/libexpat.so.1.6.11
7f5760a14000-7f5760a16000 r--p 0002a000 08:02 8933051                    /usr/lib/x86_64-linux-gnu/libexpat.so.1.6.11
7f5760a16000-7f5760a17000 rw-p 0002c000 08:02 8933051                    /usr/lib/x86_64-linux-gnu/libexpat.so.1.6.11
7f5760a17000-7f5760a18000 r--p 00000000 08:02 8921784                    /usr/lib/x86_64-linux-gnu/libxcb-shm.so.0.0.0
7f5760a18000-7f5760a19000 r-xp 00001000 08:02 8921784                    /usr/lib/x86_64-linux-gnu/libxcb-shm.so.0.0.0
7f5760a19000-7f5760a1a000 r--p 00002000 08:02 8921784                    /usr/lib/x86_64-linux-gnu/libxcb-shm.so.0.0.0
7f5760a1a000-7f5760a1b000 r--p 00002000 08:02 8921784                    /usr/lib/x86_64-linux-gnu/libxcb-shm.so.0.0.0
7f5760a1b000-7f5760a1c000 rw-p 00003000 08:02 8921784                    /usr/lib/x86_64-linux-gnu/libxcb-shm.so.0.0.0
7f5760a1c000-7f5760a27000 r--p 00000000 08:02 8921764                    /usr/lib/x86_64-linux-gnu/libxcb-glx.so.0.0.0
7f5760a27000-7f5760a30000 r-xp 0000b000 08:02 8921764                    /usr/lib/x86_64-linux-gnu/libxcb-glx.so.0.0.0
7f5760a30000-7f5760a35000 r--p 00014000 08:02 8921764                    /usr/lib/x86_64-linux-gnu/libxcb-glx.so.0.0.0
7f5760a35000-7f5760a36000 ---p 00019000 08:02 8921764                    /usr/lib/x86_64-linux-gnu/libxcb-glx.so.0.0.0
7f5760a36000-7f5760a38000 r--p 00019000 08:02 8921764                    /usr/lib/x86_64-linux-gnu/libxcb-glx.so.0.0.0
7f5760a38000-7f5760a39000 rw-p 0001b000 08:02 8921764                    /usr/lib/x86_64-linux-gnu/libxcb-glx.so.0.0.0
7f5760a39000-7f5760aad000 rw-p 00000000 00:00 0 
7f5760ab1000-7f5760ab3000 r--p 00000000 08:02 8921760                    /usr/lib/x86_64-linux-gnu/libxcb-dri2.so.0.0.0
7f5760ab3000-7f5760ab5000 r-xp 00002000 08:02 8921760                    /usr/lib/x86_64-linux-gnu/libxcb-dri2.so.0.0.0
7f5760ab5000-7f5760ab6000 r--p 00004000 08:02 8921760                    /usr/lib/x86_64-linux-gnu/libxcb-dri2.so.0.0.0
7f5760ab6000-7f5760ab7000 r--p 00004000 08:02 8921760                    /usr/lib/x86_64-linux-gnu/libxcb-dri2.so.0.0.0
7f5760ab7000-7f5760ab8000 rw-p 00005000 08:02 8921760                    /usr/lib/x86_64-linux-gnu/libxcb-dri2.so.0.0.0
7f5760ab8000-7f5760ab9000 r--p 00000000 08:02 8920288                    /usr/lib/x86_64-linux-gnu/libX11-xcb.so.1.0.0
7f5760ab9000-7f5760aba000 r-xp 00001000 08:02 8920288                    /usr/lib/x86_64-linux-gnu/libX11-xcb.so.1.0.0
7f5760aba000-7f5760abb000 r--p 00002000 08:02 8920288                    /usr/lib/x86_64-linux-gnu/libX11-xcb.so.1.0.0
7f5760abb000-7f5760abc000 r--p 00002000 08:02 8920288                    /usr/lib/x86_64-linux-gnu/libX11-xcb.so.1.0.0
7f5760abc000-7f5760abd000 rw-p 00003000 08:02 8920288                    /usr/lib/x86_64-linux-gnu/libX11-xcb.so.1.0.0
7f5760abd000-7f5760ac2000 r--p 00000000 08:02 8919164                    /usr/lib/x86_64-linux-gnu/libdrm.so.2.4.0
7f5760ac2000-7f5760acd000 r-xp 00005000 08:02 8919164                    /usr/lib/x86_64-linux-gnu/libdrm.so.2.4.0
7f5760acd000-7f5760ad1000 r--p 00010000 08:02 8919164                    /usr/lib/x86_64-linux-gnu/libdrm.so.2.4.0
7f5760ad1000-7f5760ad2000 r--p 00013000 08:02 8919164                    /usr/lib/x86_64-linux-gnu/libdrm.so.2.4.0
7f5760ad2000-7f5760ad3000 rw-p 00014000 08:02 8919164                    /usr/lib/x86_64-linux-gnu/libdrm.so.2.4.0
7f5760ad3000-7f5760ae0000 r--p 00000000 08:02 8919005                    /usr/lib/x86_64-linux-gnu/libglapi.so.0.0.0
7f5760ae0000-7f5760aee000 r-xp 0000d000 08:02 8919005                    /usr/lib/x86_64-linux-gnu/libglapi.so.0.0.0
7f5760aee000-7f5760b07000 r--p 0001b000 08:02 8919005                    /usr/lib/x86_64-linux-gnu/libglapi.so.0.0.0
7f5760b07000-7f5760b08000 ---p 00034000 08:02 8919005                    /usr/lib/x86_64-linux-gnu/libglapi.so.0.0.0
7f5760b08000-7f5760b0c000 r--p 00034000 08:02 8919005                    /usr/lib/x86_64-linux-gnu/libglapi.so.0.0.0
7f5760b0c000-7f5760b0d000 rw-p 00038000 08:02 8919005                    /usr/lib/x86_64-linux-gnu/libglapi.so.0.0.0
7f5760b0d000-7f5760b0e000 rw-p 00000000 00:00 0 
7f5760b0e000-7f5760b27000 r--p 00000000 08:02 8919003                    /usr/lib/x86_64-linux-gnu/libGLX_mesa.so.0.0.0
7f5760b27000-7f5760b6b000 r-xp 00019000 08:02 8919003                    /usr/lib/x86_64-linux-gnu/libGLX_mesa.so.0.0.0
7f5760b6b000-7f5760b82000 r--p 0005d000 08:02 8919003                    /usr/lib/x86_64-linux-gnu/libGLX_mesa.so.0.0.0
7f5760b82000-7f5760b85000 r--p 00073000 08:02 8919003                    /usr/lib/x86_64-linux-gnu/libGLX_mesa.so.0.0.0
7f5760b85000-7f5760b86000 rw-p 00076000 08:02 8919003                    /usr/lib/x86_64-linux-gnu/libGLX_mesa.so.0.0.0
7f5760b86000-7f5760b87000 rw-p 00000000 00:00 0 
7f5760b87000-7f57613c3000 r--p 00000000 08:02 8913049                    /usr/lib/locale/locale-archive
7f57613c3000-7f57613c4000 r--p 00000000 08:02 8920343                    /usr/lib/x86_64-linux-gnu/libXxf86vm.so.1.0.0
7f57613c4000-7f57613c7000 r-xp 00001000 08:02 8920343                    /usr/lib/x86_64-linux-gnu/libXxf86vm.so.1.0.0
7f57613c7000-7f57613c8000 r--p 00004000 08:02 8920343                    /usr/lib/x86_64-linux-gnu/libXxf86vm.so.1.0.0
7f57613c8000-7f57613c9000 r--p 00004000 08:02 8920343                    /usr/lib/x86_64-linux-gnu/libXxf86vm.so.1.0.0
7f57613c9000-7f57613ca000 rw-p 00005000 08:02 8920343                    /usr/lib/x86_64-linux-gnu/libXxf86vm.so.1.0.0
7f57613ca000-7f57613cb000 r--p 00000000 08:02 8920329                    /usr/lib/x86_64-linux-gnu/libXss.so.1.0.0
7f57613cb000-7f57613cc000 r-xp 00001000 08:02 8920329                    /usr/lib/x86_64-linux-gnu/libXss.so.1.0.0
7f57613cc000-7f57613cd000 r--p 00002000 08:02 8920329                    /usr/lib/x86_64-linux-gnu/libXss.so.1.0.0
7f57613cd000-7f57613ce000 r--p 00002000 08:02 8920329                    /usr/lib/x86_64-linux-gnu/libXss.so.1.0.0
7f57613ce000-7f57613cf000 rw-p 00003000 08:02 8920329                    /usr/lib/x86_64-linux-gnu/libXss.so.1.0.0
7f57613cf000-7f57613d1000 r--p 00000000 08:02 8920325                    /usr/lib/x86_64-linux-gnu/libXrandr.so.2.2.0
7f57613d1000-7f57613d8000 r-xp 00002000 08:02 8920325                    /usr/lib/x86_64-linux-gnu/libXrandr.so.2.2.0
7f57613d8000-7f57613da000 r--p 00009000 08:02 8920325                    /usr/lib/x86_64-linux-gnu/libXrandr.so.2.2.0
7f57613da000-7f57613db000 r--p 0000a000 08:02 8920325                    /usr/lib/x86_64-linux-gnu/libXrandr.so.2.2.0
7f57613db000-7f57613dc000 rw-p 0000b000 08:02 8920325                    /usr/lib/x86_64-linux-gnu/libXrandr.so.2.2.0
7f57613dc000-7f57613de000 r--p 00000000 08:02 8920315                    /usr/lib/x86_64-linux-gnu/libXi.so.6.1.0
7f57613de000-7f57613e9000 r-xp 00002000 08:02 8920315                    /usr/lib/x86_64-linux-gnu/libXi.so.6.1.0
7f57613e9000-7f57613ec000 r--p 0000d000 08:02 8920315                    /usr/lib/x86_64-linux-gnu/libXi.so.6.1.0
7f57613ec000-7f57613ed000 r--p 0000f000 08:02 8920315                    /usr/lib/x86_64-linux-gnu/libXi.so.6.1.0
7f57613ed000-7f57613ee000 rw-p 00010000 08:02 8920315                    /usr/lib/x86_64-linux-gnu/libXi.so.6.1.0
7f57613ee000-7f57613ef000 r--p 00000000 08:02 8920317                    /usr/lib/x86_64-linux-gnu/libXinerama.so.1.0.0
7f57613ef000-7f57613f0000 r-xp 00001000 08:02 8920317                    /usr/lib/x86_64-linux-gnu/libXinerama.so.1.0.0
7f57613f0000-7f57613f1000 r--p 00002000 08:02 8920317                    /usr/lib/x86_64-linux-gnu/libXinerama.so.1.0.0
7f57613f1000-7f57613f2000 r--p 00002000 08:02 8920317                    /usr/lib/x86_64-linux-gnu/libXinerama.so.1.0.0
7f57613f2000-7f57613f3000 rw-p 00003000 08:02 8920317                    /usr/lib/x86_64-linux-gnu/libXinerama.so.1.0.0
7f57613f3000-7f57613f5000 r--p 00000000 08:02 8920309                    /usr/lib/x86_64-linux-gnu/libXfixes.so.3.1.0
7f57613f5000-7f57613f8000 r-xp 00002000 08:02 8920309                    /usr/lib/x86_64-linux-gnu/libXfixes.so.3.1.0
7f57613f8000-7f57613f9000 r--p 00005000 08:02 8920309                    /usr/lib/x86_64-linux-gnu/libXfixes.so.3.1.0
7f57613f9000-7f57613fa000 r--p 00005000 08:02 8920309                    /usr/lib/x86_64-linux-gnu/libXfixes.so.3.1.0
7f57613fa000-7f57613fb000 rw-p 00006000 08:02 8920309                    /usr/lib/x86_64-linux-gnu/libXfixes.so.3.1.0
7f57613fb000-7f5761404000 r-xp 00000000 08:02 8920327                    /usr/lib/x86_64-linux-gnu/libXrender.so.1.3.0
7f5761404000-7f5761603000 ---p 00009000 08:02 8920327                    /usr/lib/x86_64-linux-gnu/libXrender.so.1.3.0
7f5761603000-7f5761604000 r--p 00008000 08:02 8920327                    /usr/lib/x86_64-linux-gnu/libXrender.so.1.3.0
7f5761604000-7f5761605000 rw-p 00009000 08:02 8920327                    /usr/lib/x86_64-linux-gnu/libXrender.so.1.3.0
7f5761605000-7f5761608000 r--p 00000000 08:02 8920301                    /usr/lib/x86_64-linux-gnu/libXcursor.so.1.0.2
7f5761608000-7f576160e000 r-xp 00003000 08:02 8920301                    /usr/lib/x86_64-linux-gnu/libXcursor.so.1.0.2
7f576160e000-7f5761610000 r--p 00009000 08:02 8920301                    /usr/lib/x86_64-linux-gnu/libXcursor.so.1.0.2
7f5761610000-7f5761611000 r--p 0000a000 08:02 8920301                    /usr/lib/x86_64-linux-gnu/libXcursor.so.1.0.2
7f5761611000-7f5761612000 rw-p 0000b000 08:02 8920301                    /usr/lib/x86_64-linux-gnu/libXcursor.so.1.0.2
7f5761612000-7f5761616000 r--p 00000000 08:02 8920307                    /usr/lib/x86_64-linux-gnu/libXext.so.6.4.0
7f5761616000-7f5761621000 r-xp 00004000 08:02 8920307                    /usr/lib/x86_64-linux-gnu/libXext.so.6.4.0
7f5761621000-7f5761625000 r--p 0000f000 08:02 8920307                    /usr/lib/x86_64-linux-gnu/libXext.so.6.4.0
7f5761625000-7f5761626000 r--p 00012000 08:02 8920307                    /usr/lib/x86_64-linux-gnu/libXext.so.6.4.0
7f5761626000-7f5761627000 rw-p 00013000 08:02 8920307                    /usr/lib/x86_64-linux-gnu/libXext.so.6.4.0
7f5761627000-7f5761628000 ---p 00000000 00:00 0 
7f5761628000-7f5761e28000 rw-p 00000000 00:00 0 
7f5761e28000-7f5761e29000 ---p 00000000 00:00 0 
7f5761e29000-7f576262f000 rw-p 00000000 00:00 0 
7f576262f000-7f5762633000 r--p 00000000 08:02 8920463                    /usr/lib/x86_64-linux-gnu/libbsd.so.0.10.0
7f5762633000-7f5762642000 r-xp 00004000 08:02 8920463                    /usr/lib/x86_64-linux-gnu/libbsd.so.0.10.0
7f5762642000-7f5762645000 r--p 00013000 08:02 8920463                    /usr/lib/x86_64-linux-gnu/libbsd.so.0.10.0
7f5762645000-7f5762646000 ---p 00016000 08:02 8920463                    /usr/lib/x86_64-linux-gnu/libbsd.so.0.10.0
7f5762646000-7f5762647000 r--p 00016000 08:02 8920463                    /usr/lib/x86_64-linux-gnu/libbsd.so.0.10.0
7f5762647000-7f5762648000 rw-p 00017000 08:02 8920463                    /usr/lib/x86_64-linux-gnu/libbsd.so.0.10.0
7f5762648000-7f5762649000 rw-p 00000000 00:00 0 
7f5762649000-7f576264b000 r--p 00000000 08:02 8920305                    /usr/lib/x86_64-linux-gnu/libXdmcp.so.6.0.0
7f576264b000-7f576264d000 r-xp 00002000 08:02 8920305                    /usr/lib/x86_64-linux-gnu/libXdmcp.so.6.0.0
7f576264d000-7f576264f000 r--p 00004000 08:02 8920305                    /usr/lib/x86_64-linux-gnu/libXdmcp.so.6.0.0
7f576264f000-7f5762650000 r--p 00005000 08:02 8920305                    /usr/lib/x86_64-linux-gnu/libXdmcp.so.6.0.0
7f5762650000-7f5762651000 rw-p 00006000 08:02 8920305                    /usr/lib/x86_64-linux-gnu/libXdmcp.so.6.0.0
7f5762651000-7f5762652000 r--p 00000000 08:02 8920294                    /usr/lib/x86_64-linux-gnu/libXau.so.6.0.0
7f5762652000-7f5762654000 r-xp 00001000 08:02 8920294                    /usr/lib/x86_64-linux-gnu/libXau.so.6.0.0
7f5762654000-7f5762655000 r--p 00003000 08:02 8920294                    /usr/lib/x86_64-linux-gnu/libXau.so.6.0.0
7f5762655000-7f5762656000 r--p 00003000 08:02 8920294                    /usr/lib/x86_64-linux-gnu/libXau.so.6.0.0
7f5762656000-7f5762657000 rw-p 00004000 08:02 8920294                    /usr/lib/x86_64-linux-gnu/libXau.so.6.0.0
7f5762657000-7f5762662000 r--p 00000000 08:02 8921796                    /usr/lib/x86_64-linux-gnu/libxcb.so.1.1.0
7f5762662000-7f5762676000 r-xp 0000b000 08:02 8921796                    /usr/lib/x86_64-linux-gnu/libxcb.so.1.1.0
7f5762676000-7f576267f000 r--p 0001f000 08:02 8921796                    /usr/lib/x86_64-linux-gnu/libxcb.so.1.1.0
7f576267f000-7f5762680000 r--p 00027000 08:02 8921796                    /usr/lib/x86_64-linux-gnu/libxcb.so.1.1.0
7f5762680000-7f5762681000 rw-p 00028000 08:02 8921796                    /usr/lib/x86_64-linux-gnu/libxcb.so.1.1.0
7f5762681000-7f5762699000 r--p 00000000 08:02 8920290                    /usr/lib/x86_64-linux-gnu/libX11.so.6.3.0
7f5762699000-7f5762724000 r-xp 00018000 08:02 8920290                    /usr/lib/x86_64-linux-gnu/libX11.so.6.3.0
7f5762724000-7f57627b8000 r--p 000a3000 08:02 8920290                    /usr/lib/x86_64-linux-gnu/libX11.so.6.3.0
7f57627b8000-7f57627b9000 ---p 00137000 08:02 8920290                    /usr/lib/x86_64-linux-gnu/libX11.so.6.3.0
7f57627b9000-7f57627ba000 r--p 00137000 08:02 8920290                    /usr/lib/x86_64-linux-gnu/libX11.so.6.3.0
7f57627ba000-7f57627be000 rw-p 00138000 08:02 8920290                    /usr/lib/x86_64-linux-gnu/libX11.so.6.3.0
7f57627be000-7f57627c0000 rw-p 00000000 00:00 0 
7f57627c0000-7f57627c3000 r--p 00000000 08:02 8915341                    /usr/lib/x86_64-linux-gnu/libGLX.so.0.0.0
7f57627c3000-7f57627de000 r-xp 00003000 08:02 8915341                    /usr/lib/x86_64-linux-gnu/libGLX.so.0.0.0
7f57627de000-7f57627e2000 r--p 0001e000 08:02 8915341                    /usr/lib/x86_64-linux-gnu/libGLX.so.0.0.0
7f57627e2000-7f57627e3000 r--p 00021000 08:02 8915341                    /usr/lib/x86_64-linux-gnu/libGLX.so.0.0.0
7f57627e3000-7f57627e4000 rw-p 00022000 08:02 8915341                    /usr/lib/x86_64-linux-gnu/libGLX.so.0.0.0
7f57627e4000-7f57627f4000 rw-p 00000000 00:00 0 
7f57627f4000-7f5762834000 r--p 00000000 08:02 8920253                    /usr/lib/x86_64-linux-gnu/libGLdispatch.so.0.0.0
7f5762834000-7f5762873000 r-xp 00040000 08:02 8920253                    /usr/lib/x86_64-linux-gnu/libGLdispatch.so.0.0.0
7f5762873000-7f5762887000 r--p 0007f000 08:02 8920253                    /usr/lib/x86_64-linux-gnu/libGLdispatch.so.0.0.0
7f5762887000-7f57628a3000 r--p 00092000 08:02 8920253                    /usr/lib/x86_64-linux-gnu/libGLdispatch.so.0.0.0
7f57628a3000-7f57628a4000 rw-p 000ae000 08:02 8920253                    /usr/lib/x86_64-linux-gnu/libGLdispatch.so.0.0.0
7f57628a4000-7f57628ac000 rw-p 00000000 00:00 0 
7f57628ac000-7f57628ae000 r--p 00000000 08:02 8914197                    /usr/lib/x86_64-linux-gnu/librt-2.31.so
7f57628ae000-7f57628b2000 r-xp 00002000 08:02 8914197                    /usr/lib/x86_64-linux-gnu/librt-2.31.so
7f57628b2000-7f57628b4000 r--p 00006000 08:02 8914197                    /usr/lib/x86_64-linux-gnu/librt-2.31.so
7f57628b4000-7f57628b5000 r--p 00007000 08:02 8914197                    /usr/lib/x86_64-linux-gnu/librt-2.31.so
7f57628b5000-7f57628b6000 rw-p 00008000 08:02 8914197                    /usr/lib/x86_64-linux-gnu/librt-2.31.so
7f57628b6000-7f57628b7000 r--p 00000000 08:02 8913979                    /usr/lib/x86_64-linux-gnu/libdl-2.31.so
7f57628b7000-7f57628b9000 r-xp 00001000 08:02 8913979                    /usr/lib/x86_64-linux-gnu/libdl-2.31.so
7f57628b9000-7f57628ba000 r--p 00003000 08:02 8913979                    /usr/lib/x86_64-linux-gnu/libdl-2.31.so
7f57628ba000-7f57628bb000 r--p 00003000 08:02 8913979                    /usr/lib/x86_64-linux-gnu/libdl-2.31.so
7f57628bb000-7f57628bc000 rw-p 00004000 08:02 8913979                    /usr/lib/x86_64-linux-gnu/libdl-2.31.so
7f57628bc000-7f57628ff000 r--p 00000000 08:02 8915339                    /usr/lib/x86_64-linux-gnu/libGL.so.1.7.0
7f57628ff000-7f576291f000 r-xp 00043000 08:02 8915339                    /usr/lib/x86_64-linux-gnu/libGL.so.1.7.0
7f576291f000-7f5762934000 r--p 00063000 08:02 8915339                    /usr/lib/x86_64-linux-gnu/libGL.so.1.7.0
7f5762934000-7f5762942000 r--p 00077000 08:02 8915339                    /usr/lib/x86_64-linux-gnu/libGL.so.1.7.0
7f5762942000-7f5762943000 rw-p 00085000 08:02 8915339                    /usr/lib/x86_64-linux-gnu/libGL.so.1.7.0
7f5762943000-7f5762944000 rw-p 00000000 00:00 0 
7f5762944000-7f5762966000 r--p 00000000 08:02 8913928                    /usr/lib/x86_64-linux-gnu/libc-2.31.so
7f5762966000-7f5762ade000 r-xp 00022000 08:02 8913928                    /usr/lib/x86_64-linux-gnu/libc-2.31.so
7f5762ade000-7f5762b2c000 r--p 0019a000 08:02 8913928                    /usr/lib/x86_64-linux-gnu/libc-2.31.so
7f5762b2c000-7f5762b30000 r--p 001e7000 08:02 8913928                    /usr/lib/x86_64-linux-gnu/libc-2.31.so
7f5762b30000-7f5762b32000 rw-p 001eb000 08:02 8913928                    /usr/lib/x86_64-linux-gnu/libc-2.31.so
7f5762b32000-7f5762b38000 rw-p 00000000 00:00 0 
7f5762b38000-7f5762b3e000 r--p 00000000 08:02 8914147                    /usr/lib/x86_64-linux-gnu/libpthread-2.31.so
7f5762b3e000-7f5762b4f000 r-xp 00006000 08:02 8914147                    /usr/lib/x86_64-linux-gnu/libpthread-2.31.so
7f5762b4f000-7f5762b55000 r--p 00017000 08:02 8914147                    /usr/lib/x86_64-linux-gnu/libpthread-2.31.so
7f5762b55000-7f5762b56000 r--p 0001c000 08:02 8914147                    /usr/lib/x86_64-linux-gnu/libpthread-2.31.so
7f5762b56000-7f5762b57000 rw-p 0001d000 08:02 8914147                    /usr/lib/x86_64-linux-gnu/libpthread-2.31.so
7f5762b57000-7f5762b5b000 rw-p 00000000 00:00 0 
7f5762b5b000-7f5762b5e000 r--p 00000000 08:02 8920760                    /usr/lib/x86_64-linux-gnu/libgcc_s.so.1
7f5762b5e000-7f5762b70000 r-xp 00003000 08:02 8920760                    /usr/lib/x86_64-linux-gnu/libgcc_s.so.1
7f5762b70000-7f5762b74000 r--p 00015000 08:02 8920760                    /usr/lib/x86_64-linux-gnu/libgcc_s.so.1
7f5762b74000-7f5762b75000 r--p 00018000 08:02 8920760                    /usr/lib/x86_64-linux-gnu/libgcc_s.so.1
7f5762b75000-7f5762b76000 rw-p 00019000 08:02 8920760                    /usr/lib/x86_64-linux-gnu/libgcc_s.so.1
7f5762b76000-7f5762b83000 r--p 00000000 08:02 8913984                    /usr/lib/x86_64-linux-gnu/libm-2.31.so
7f5762b83000-7f5762c2a000 r-xp 0000d000 08:02 8913984                    /usr/lib/x86_64-linux-gnu/libm-2.31.so
7f5762c2a000-7f5762cc3000 r--p 000b4000 08:02 8913984                    /usr/lib/x86_64-linux-gnu/libm-2.31.so
7f5762cc3000-7f5762cc4000 r--p 0014c000 08:02 8913984                    /usr/lib/x86_64-linux-gnu/libm-2.31.so
7f5762cc4000-7f5762cc5000 rw-p 0014d000 08:02 8913984                    /usr/lib/x86_64-linux-gnu/libm-2.31.so
7f5762cc8000-7f5762cd3000 rw-p 00000000 00:00 0 
7f5762cd3000-7f5762cd8000 r--p 00000000 08:02 8914086                    /usr/lib/x86_64-linux-gnu/libudev.so.1.6.17
7f5762cd8000-7f5762cf4000 r-xp 00005000 08:02 8914086                    /usr/lib/x86_64-linux-gnu/libudev.so.1.6.17
7f5762cf4000-7f5762cfe000 r--p 00021000 08:02 8914086                    /usr/lib/x86_64-linux-gnu/libudev.so.1.6.17
7f5762cfe000-7f5762cff000 r--p 0002a000 08:02 8914086                    /usr/lib/x86_64-linux-gnu/libudev.so.1.6.17
7f5762cff000-7f5762d00000 rw-p 0002b000 08:02 8914086                    /usr/lib/x86_64-linux-gnu/libudev.so.1.6.17
7f5762d00000-7f5762d07000 r--s 00000000 08:02 9579809                    /usr/lib/x86_64-linux-gnu/gconv/gconv-modules.cache
7f5762d07000-7f5762d08000 rwxp 00000000 00:00 0 
7f5762d08000-7f5762d09000 rw-s 00000000 00:1a 27610                      /dev/shm/mono.39182
7f5762d09000-7f5763941000 r--p 00000000 08:02 1859294                    /home/andrei/Duaro_ws/Unity_env/exe-env/env8/UnityPlayer.so
7f5763941000-7f57659a1000 r-xp 00c38000 08:02 1859294                    /home/andrei/Duaro_ws/Unity_env/exe-env/env8/UnityPlayer.so
7f57659a1000-7f5765ac5000 r--p 02c98000 08:02 1859294                    /home/andrei/Duaro_ws/Unity_env/exe-env/env8/UnityPlayer.so
7f5765ac5000-7f5765b09000 rw-p 02dbc000 08:02 1859294                    /home/andrei/Duaro_ws/Unity_env/exe-env/env8/UnityPlayer.so
7f5765b09000-7f5765c71000 rw-p 00000000 00:00 0 
7f5765c71000-7f5765cc4000 r--p 00000000 08:02 8923676                    /usr/lib/x86_64-linux-gnu/libGLEW.so.2.1.0
7f5765cc4000-7f5765cf2000 r-xp 00053000 08:02 8923676                    /usr/lib/x86_64-linux-gnu/libGLEW.so.2.1.0
7f5765cf2000-7f5765d0a000 r--p 00081000 08:02 8923676                    /usr/lib/x86_64-linux-gnu/libGLEW.so.2.1.0
7f5765d0a000-7f5765d15000 r--p 00098000 08:02 8923676                    /usr/lib/x86_64-linux-gnu/libGLEW.so.2.1.0
7f5765d15000-7f5765d16000 rw-p 000a3000 08:02 8923676                    /usr/lib/x86_64-linux-gnu/libGLEW.so.2.1.0
7f5765d16000-7f5765d1d000 rw-p 00000000 00:00 0 
7f5765d1d000-7f5765d1e000 r--p 00000000 08:02 8913556                    /usr/lib/x86_64-linux-gnu/ld-2.31.so
7f5765d1e000-7f5765d41000 r-xp 00001000 08:02 8913556                    /usr/lib/x86_64-linux-gnu/ld-2.31.so
7f5765d41000-7f5765d49000 r--p 00024000 08:02 8913556                    /usr/lib/x86_64-linux-gnu/ld-2.31.so
7f5765d49000-7f5765d4a000 rw-s 124268000 00:05 707                       /dev/dri/renderD128
7f5765d4a000-7f5765d4b000 r--p 0002c000 08:02 8913556                    /usr/lib/x86_64-linux-gnu/ld-2.31.so
7f5765d4b000-7f5765d4c000 rw-p 0002d000 08:02 8913556                    /usr/lib/x86_64-linux-gnu/ld-2.31.so
7f5765d4c000-7f5765d4d000 rw-p 00000000 00:00 0 
7ffc82988000-7ffc82990000 ---p 00000000 00:00 0 
7ffc83165000-7ffc83187000 rw-p 00000000 00:00 0                          [stack]
7ffc831e1000-7ffc831e5000 r--p 00000000 00:00 0                          [vvar]
7ffc831e5000-7ffc831e7000 r-xp 00000000 00:00 0                          [vdso]
ffffffffff600000-ffffffffff601000 --xp 00000000 00:00 0                  [vsyscall]

Native stacktrace:

	/home/andrei/Duaro_ws/Unity_env/exe-env/env8/env8_Data/MonoBleedingEdge/x86_64/libmonobdwgc-2.0.so(+0xd8194) [0x7f5680151194]
	/home/andrei/Duaro_ws/Unity_env/exe-env/env8/env8_Data/MonoBleedingEdge/x86_64/libmonobdwgc-2.0.so(+0x5bf37) [0x7f56800d4f37]
	/lib/x86_64-linux-gnu/libpthread.so.0(+0x143c0) [0x7f5762b4c3c0]
	/home/andrei/Duaro_ws/Unity_env/exe-env/env8/UnityPlayer.so(+0x19a87a8) [0x7f57646b17a8]
	/home/andrei/Duaro_ws/Unity_env/exe-env/env8/UnityPlayer.so(+0x12e18c7) [0x7f5763fea8c7]
	/home/andrei/Duaro_ws/Unity_env/exe-env/env8/UnityPlayer.so(+0x12e243d) [0x7f5763feb43d]
	/home/andrei/Duaro_ws/Unity_env/exe-env/env8/UnityPlayer.so(+0x12d2def) [0x7f5763fdbdef]
	/home/andrei/Duaro_ws/Unity_env/exe-env/env8/UnityPlayer.so(+0x12d158e) [0x7f5763fda58e]
	/home/andrei/Duaro_ws/Unity_env/exe-env/env8/UnityPlayer.so(+0x12f87c7) [0x7f57640017c7]
	/home/andrei/Duaro_ws/Unity_env/exe-env/env8/UnityPlayer.so(+0x1d33947) [0x7f5764a3c947]
	/home/andrei/Duaro_ws/Unity_env/exe-env/env8/UnityPlayer.so(+0x1d33887) [0x7f5764a3c887]
	/home/andrei/Duaro_ws/Unity_env/exe-env/env8/UnityPlayer.so(+0x28a0604) [0x7f57655a9604]
	/lib/x86_64-linux-gnu/libpthread.so.0(+0x8609) [0x7f5762b40609]
	/lib/x86_64-linux-gnu/libc.so.6(clone+0x43) [0x7f5762a63163]

Debug info from gdb:

Obtained 20 stack frames.
#0  0x007f5762b4c3c0 in funlockfile
#1  0x007f57646b17a8 in AtomicStack::Pop()
#2  0x007f5763fea8c7 in BucketAllocator::Allocate(unsigned long, int)
#3  0x007f5763feb43d in DualThreadAllocator<DynamicHeapAllocator>::Allocate(unsigned long, int)
#4  0x007f5763fdbdef in MemoryManager::Allocate(unsigned long, unsigned long, MemLabelId const&, AllocateOptions, char const*, int)
#5  0x007f5763fd6961 in malloc_internal(unsigned long, unsigned long, MemLabelId const&, AllocateOptions, char const*, int)
#6  0x007f576398224b in core::StringStorageDefault<char>::reallocate(unsigned long)
#7  0x007f576398d646 in void StreamedBinaryRead::TransferSTLStyleArray<core::basic_string<char, core::StringStorageDefault<char> > >(core::basic_string<char, core::StringStorageDefault<char> >&, TransferMetaFlags)
#8  0x007f576459af0b in void StreamedBinaryRead::TransferSTLStyleMap<std::map<PPtr<Shader>, core::basic_string<char, core::StringStorageDefault<char> >, std::less<PPtr<Shader> >, std::allocator<std::pair<PPtr<Shader> const, core::basic_string<char, core::StringStorageDefault<char> > > > > >(std::map<PPtr<Shader>, core::basic_string<char, core::StringStorageDefault<char> >, std::less<PPtr<Shader> >, std::allocator<std::pair<PPtr<Shader> const, core::basic_string<char, core::StringStorageDefault<char> > > > >&, TransferMetaFlags)
#9  0x007f576458ed16 in ScriptMapper::VirtualRedirectTransfer(StreamedBinaryRead&)
#10 0x007f576484e646 in SerializedFile::ReadObject(long, ObjectCreationMode, bool, TypeTree const**, bool*, Object&)
#11 0x007f57648397ee in PersistentManager::ReadAndActivateObjectThreaded(int, SerializedObjectIdentifier const&, SerializedFile*, bool, bool, PersistentManager::LockFlags)
#12 0x007f5764838db5 in PersistentManager::ReadObjectThreaded(int, PersistentManager::LockFlags)
#13 0x007f5764838c60 in PersistentManager::ReadObject(int, AwakeFromLoadMode)
#14 0x007f576402a8b9 in LoadManager(core::basic_string<char, core::StringStorageDefault<char> > const&, int)
#15 0x007f576402a997 in PlayerLoadGlobalManagers(char const*, char const*, unsigned int)
#16 0x007f5764514039 in PlayerInitEngineGraphics(bool)
#17 0x007f576486e8a3 in PlayerMain(int, char**)
#18 0x007f57629680b3 in __libc_start_main
#19 0x00000000201029 in _start
/tmp/mono-gdb-commands.iTmtvL:1: Error in sourced command file:
Unable to attach: program terminated with signal SIGSEGV, Segmentation fault.
