Mono path[0] = '/home/andrei/Duaro_ws/Unity_env/exe-env/env8/env8_Data/Managed'
Mono config path = '/home/andrei/Duaro_ws/Unity_env/exe-env/env8/env8_Data/MonoBleedingEdge/etc'
PlayerConnection initialized from /home/andrei/Duaro_ws/Unity_env/exe-env/env8/env8_Data (debug = 0)
PlayerConnection initialized network socket : 0.0.0.0 55219
Multi-casting "[IP] 172.26.51.175 [Port] 55219 [Flags] 2 [Guid] 3874406858 [EditorId] 4113913451 [Version] 1048832 [Id] LinuxPlayer(172.26.51.175) [Debug] 0 [PackageName] LinuxPlayer [ProjectName] Duaro" to [225.0.0.222:54997]...
Started listening to [0.0.0.0:55219]
Preloaded 'lib_burst_generated.so'
Preloaded 'libassimp.so'
Preloaded 'libgrpc_csharp_ext.x64.so'
Preloaded 'liblibvhacd.so'
PlayerConnection already initialized - listening to [0.0.0.0:55219]
Initialize engine version: 2020.3.29f1 (2ff179115da0)
[Subsystems] Discovering subsystems at path /home/andrei/Duaro_ws/Unity_env/exe-env/env8/env8_Data/UnitySubsystems
Forcing GfxDevice: Null
GfxDevice: creating device client; threaded=0
NullGfxDevice:
    Version:  NULL 1.0 [1.0]
    Renderer: Null Device
    Vendor:   Unity Technologies
ALSA lib pcm_dmix.c:1089:(snd_pcm_dmix_open) unable to open slave
FMOD failed to initialize the output device.: "Error initializing output device. " (60)
Forced to initialize FMOD to to the device driver's system output rate 48000, this may impact performance and/or give inconsistent experiences compared to selected sample rate 48000
ALSA lib pcm_dmix.c:1089:(snd_pcm_dmix_open) unable to open slave
FMOD failed to initialize the output device.: "Error initializing output device. " (60)
FMOD initialized on nosound output
Caught fatal signal - signo:11 code:1 errno:0 addr:0x28
/proc/self/maps:
00200000-00201000 r--p 00000000 08:02 1858984                            /home/andrei/Duaro_ws/Unity_env/exe-env/env8/env8.x86_64
00201000-00202000 r-xp 00001000 08:02 1858984                            /home/andrei/Duaro_ws/Unity_env/exe-env/env8/env8.x86_64
00202000-00203000 r--p 00002000 08:02 1858984                            /home/andrei/Duaro_ws/Unity_env/exe-env/env8/env8.x86_64
00203000-00204000 rw-p 00003000 08:02 1858984                            /home/andrei/Duaro_ws/Unity_env/exe-env/env8/env8.x86_64
01054000-01485000 rw-p 00000000 00:00 0                                  [heap]
4094d000-4095d000 rwxp 00000000 00:00 0 
4178e000-4179e000 rwxp 00000000 00:00 0 
7fd2b8000000-7fd2b8021000 rw-p 00000000 00:00 0 
7fd2b8021000-7fd2bc000000 ---p 00000000 00:00 0 
7fd2bc12c000-7fd2c0000000 r--p 00000000 08:02 1858988                    /home/andrei/Duaro_ws/Unity_env/exe-env/env8/UnityPlayer_s.debug
7fd2c0000000-7fd2c1000000 rw-p 00000000 00:00 0 
7fd2c1000000-7fd2d0000000 ---p 00000000 00:00 0 
7fd2d37ef000-7fd2d37f0000 ---p 00000000 00:00 0 
7fd2d37f0000-7fd2d3ff0000 rw-p 00000000 00:00 0 
7fd2d3ff0000-7fd2d3ff1000 ---p 00000000 00:00 0 
7fd2d3ff1000-7fd2d47f1000 rw-p 00000000 00:00 0 
7fd2d47f1000-7fd2d47f2000 ---p 00000000 00:00 0 
7fd2d47f2000-7fd2d4ff2000 rw-p 00000000 00:00 0 
7fd2d4ff2000-7fd2d4ff3000 ---p 00000000 00:00 0 
7fd2d4ff3000-7fd2d57f3000 rw-p 00000000 00:00 0 
7fd2d57f3000-7fd2d57f4000 ---p 00000000 00:00 0 
7fd2d57f4000-7fd2d5ff4000 rw-p 00000000 00:00 0 
7fd2d5ff4000-7fd2d5ff5000 ---p 00000000 00:00 0 
7fd2d5ff5000-7fd2d67f5000 rw-p 00000000 00:00 0 
7fd2d67f5000-7fd2d67f6000 ---p 00000000 00:00 0 
7fd2d67f6000-7fd2d6ff6000 rw-p 00000000 00:00 0 
7fd2d6ff6000-7fd2d6ff7000 ---p 00000000 00:00 0 
7fd2d6ff7000-7fd2d77f7000 rw-p 00000000 00:00 0 
7fd2d77f7000-7fd2d77f8000 ---p 00000000 00:00 0 
7fd2d77f8000-7fd2d7ff8000 rw-p 00000000 00:00 0 
7fd2d7ff8000-7fd2d7ff9000 ---p 00000000 00:00 0 
7fd2d7ff9000-7fd2d87f9000 rw-p 00000000 00:00 0 
7fd2d87f9000-7fd2d87fa000 ---p 00000000 00:00 0 
7fd2d87fa000-7fd2d8ffa000 rw-p 00000000 00:00 0 
7fd2d8ffa000-7fd2d8ffb000 ---p 00000000 00:00 0 
7fd2d8ffb000-7fd2d97fb000 rw-p 00000000 00:00 0 
7fd2d97fb000-7fd2d97fc000 ---p 00000000 00:00 0 
7fd2d97fc000-7fd2d9ffc000 rw-p 00000000 00:00 0 
7fd2d9ffc000-7fd2d9ffd000 ---p 00000000 00:00 0 
7fd2d9ffd000-7fd2da7fd000 rw-p 00000000 00:00 0 
7fd2da7fd000-7fd2da7fe000 ---p 00000000 00:00 0 
7fd2da7fe000-7fd2daffe000 rw-p 00000000 00:00 0 
7fd2daffe000-7fd2dafff000 ---p 00000000 00:00 0 
7fd2dafff000-7fd2db7ff000 rw-p 00000000 00:00 0 
7fd2db7ff000-7fd2db800000 ---p 00000000 00:00 0 
7fd2db800000-7fd2dc000000 rw-p 00000000 00:00 0 
7fd2dc000000-7fd2dc021000 rw-p 00000000 00:00 0 
7fd2dc021000-7fd2e0000000 ---p 00000000 00:00 0 
7fd2e07f9000-7fd2e07fa000 ---p 00000000 00:00 0 
7fd2e07fa000-7fd2e0ffa000 rw-p 00000000 00:00 0 
7fd2e0ffa000-7fd2e0ffb000 ---p 00000000 00:00 0 
7fd2e0ffb000-7fd2e17fb000 rw-p 00000000 00:00 0 
7fd2e17fb000-7fd2e17fc000 ---p 00000000 00:00 0 
7fd2e17fc000-7fd2e1ffc000 rw-p 00000000 00:00 0 
7fd2e1ffc000-7fd2e1ffd000 ---p 00000000 00:00 0 
7fd2e1ffd000-7fd2e27fd000 rw-p 00000000 00:00 0 
7fd2e27fd000-7fd2e27fe000 ---p 00000000 00:00 0 
7fd2e27fe000-7fd2e2ffe000 rw-p 00000000 00:00 0 
7fd2e2ffe000-7fd2e2fff000 ---p 00000000 00:00 0 
7fd2e2fff000-7fd2e37ff000 rw-p 00000000 00:00 0 
7fd2e37ff000-7fd2e3800000 ---p 00000000 00:00 0 
7fd2e3800000-7fd2e4000000 rw-p 00000000 00:00 0 
7fd2e4000000-7fd2e4021000 rw-p 00000000 00:00 0 
7fd2e4021000-7fd2e8000000 ---p 00000000 00:00 0 
7fd2e8000000-7fd2e8021000 rw-p 00000000 00:00 0 
7fd2e8021000-7fd2ec000000 ---p 00000000 00:00 0 
7fd2ec000000-7fd2ec021000 rw-p 00000000 00:00 0 
7fd2ec021000-7fd2f0000000 ---p 00000000 00:00 0 
7fd2f0000000-7fd2f0021000 rw-p 00000000 00:00 0 
7fd2f0021000-7fd2f4000000 ---p 00000000 00:00 0 
7fd2f4000000-7fd2f4021000 rw-p 00000000 00:00 0 
7fd2f4021000-7fd2f8000000 ---p 00000000 00:00 0 
7fd2f8000000-7fd2f8021000 rw-p 00000000 00:00 0 
7fd2f8021000-7fd2fc000000 ---p 00000000 00:00 0 
7fd2fc000000-7fd2fc021000 rw-p 00000000 00:00 0 
7fd2fc021000-7fd300000000 ---p 00000000 00:00 0 
7fd300000000-7fd300021000 rw-p 00000000 00:00 0 
7fd300021000-7fd304000000 ---p 00000000 00:00 0 
7fd304000000-7fd304021000 rw-p 00000000 00:00 0 
7fd304021000-7fd308000000 ---p 00000000 00:00 0 
7fd308000000-7fd308021000 rw-p 00000000 00:00 0 
7fd308021000-7fd30c000000 ---p 00000000 00:00 0 
7fd30c000000-7fd30c021000 rw-p 00000000 00:00 0 
7fd30c021000-7fd310000000 ---p 00000000 00:00 0 
7fd310000000-7fd310021000 rw-p 00000000 00:00 0 
7fd310021000-7fd314000000 ---p 00000000 00:00 0 
7fd314000000-7fd314021000 rw-p 00000000 00:00 0 
7fd314021000-7fd318000000 ---p 00000000 00:00 0 
7fd318000000-7fd318038000 rw-p 00000000 00:00 0 
7fd318038000-7fd31c000000 ---p 00000000 00:00 0 
7fd31c308000-7fd31c309000 ---p 00000000 00:00 0 
7fd31c309000-7fd31c409000 rw-p 00000000 00:00 0 
7fd31c409000-7fd31c433000 r--p 00000000 08:02 8915485                    /usr/lib/x86_64-linux-gnu/libasound.so.2.0.0
7fd31c433000-7fd31c4c2000 r-xp 0002a000 08:02 8915485                    /usr/lib/x86_64-linux-gnu/libasound.so.2.0.0
7fd31c4c2000-7fd31c4fc000 r--p 000b9000 08:02 8915485                    /usr/lib/x86_64-linux-gnu/libasound.so.2.0.0
7fd31c4fc000-7fd31c503000 r--p 000f2000 08:02 8915485                    /usr/lib/x86_64-linux-gnu/libasound.so.2.0.0
7fd31c503000-7fd31c504000 rw-p 000f9000 08:02 8915485                    /usr/lib/x86_64-linux-gnu/libasound.so.2.0.0
7fd31c504000-7fd31c508000 r--p 00000000 08:02 8920851                    /usr/lib/x86_64-linux-gnu/libgpg-error.so.0.28.0
7fd31c508000-7fd31c51b000 r-xp 00004000 08:02 8920851                    /usr/lib/x86_64-linux-gnu/libgpg-error.so.0.28.0
7fd31c51b000-7fd31c525000 r--p 00017000 08:02 8920851                    /usr/lib/x86_64-linux-gnu/libgpg-error.so.0.28.0
7fd31c525000-7fd31c526000 r--p 00020000 08:02 8920851                    /usr/lib/x86_64-linux-gnu/libgpg-error.so.0.28.0
7fd31c526000-7fd31c527000 rw-p 00021000 08:02 8920851                    /usr/lib/x86_64-linux-gnu/libgpg-error.so.0.28.0
7fd31c527000-7fd31c53b000 r--p 00000000 08:02 8921695                    /usr/lib/x86_64-linux-gnu/libvorbisenc.so.2.0.11
7fd31c53b000-7fd31c53e000 r-xp 00014000 08:02 8921695                    /usr/lib/x86_64-linux-gnu/libvorbisenc.so.2.0.11
7fd31c53e000-7fd31c5b5000 r--p 00017000 08:02 8921695                    /usr/lib/x86_64-linux-gnu/libvorbisenc.so.2.0.11
7fd31c5b5000-7fd31c5d1000 r--p 0008d000 08:02 8921695                    /usr/lib/x86_64-linux-gnu/libvorbisenc.so.2.0.11
7fd31c5d1000-7fd31c5d2000 rw-p 000a9000 08:02 8921695                    /usr/lib/x86_64-linux-gnu/libvorbisenc.so.2.0.11
7fd31c5d2000-7fd31c5d5000 r--p 00000000 08:02 8921693                    /usr/lib/x86_64-linux-gnu/libvorbis.so.0.4.8
7fd31c5d5000-7fd31c5ec000 r-xp 00003000 08:02 8921693                    /usr/lib/x86_64-linux-gnu/libvorbis.so.0.4.8
7fd31c5ec000-7fd31c5fd000 r--p 0001a000 08:02 8921693                    /usr/lib/x86_64-linux-gnu/libvorbis.so.0.4.8
7fd31c5fd000-7fd31c5fe000 ---p 0002b000 08:02 8921693                    /usr/lib/x86_64-linux-gnu/libvorbis.so.0.4.8
7fd31c5fe000-7fd31c5ff000 r--p 0002b000 08:02 8921693                    /usr/lib/x86_64-linux-gnu/libvorbis.so.0.4.8
7fd31c5ff000-7fd31c600000 rw-p 0002c000 08:02 8921693                    /usr/lib/x86_64-linux-gnu/libvorbis.so.0.4.8
7fd31c600000-7fd31c608000 r--p 00000000 08:02 8920258                    /usr/lib/x86_64-linux-gnu/libFLAC.so.8.3.0
7fd31c608000-7fd31c631000 r-xp 00008000 08:02 8920258                    /usr/lib/x86_64-linux-gnu/libFLAC.so.8.3.0
7fd31c631000-7fd31c63b000 r--p 00031000 08:02 8920258                    /usr/lib/x86_64-linux-gnu/libFLAC.so.8.3.0
7fd31c63b000-7fd31c63c000 ---p 0003b000 08:02 8920258                    /usr/lib/x86_64-linux-gnu/libFLAC.so.8.3.0
7fd31c63c000-7fd31c63d000 r--p 0003b000 08:02 8920258                    /usr/lib/x86_64-linux-gnu/libFLAC.so.8.3.0
7fd31c63d000-7fd31c63e000 rw-p 0003c000 08:02 8920258                    /usr/lib/x86_64-linux-gnu/libFLAC.so.8.3.0
7fd31c63e000-7fd31c63f000 ---p 00000000 00:00 0 
7fd31c63f000-7fd31ce3f000 rw-p 00000000 00:00 0 
7fd31ce3f000-7fd31ce40000 ---p 00000000 00:00 0 
7fd31ce40000-7fd31d640000 rw-p 00000000 00:00 0 
7fd31d640000-7fd31d840000 rw-s 121d6b000 00:05 707                       /dev/dri/renderD128
7fd31d840000-7fd31d841000 ---p 00000000 00:00 0 
7fd31d841000-7fd31e041000 rw-p 00000000 00:00 0 
7fd31e041000-7fd31e042000 ---p 00000000 00:00 0 
7fd31e042000-7fd31e842000 rw-p 00000000 00:00 0 
7fd31e842000-7fd31e843000 ---p 00000000 00:00 0 
7fd31e843000-7fd31f043000 rw-p 00000000 00:00 0 
7fd31f043000-7fd31f044000 ---p 00000000 00:00 0 
7fd31f044000-7fd31f844000 rw-p 00000000 00:00 0 
7fd31f844000-7fd31f845000 ---p 00000000 00:00 0 
7fd31f845000-7fd320045000 rw-p 00000000 00:00 0 
7fd320045000-7fd320046000 ---p 00000000 00:00 0 
7fd320046000-7fd320846000 rw-p 00000000 00:00 0 
7fd320846000-7fd320847000 ---p 00000000 00:00 0 
7fd320847000-7fd321047000 rw-p 00000000 00:00 0 
7fd321047000-7fd321048000 ---p 00000000 00:00 0 
7fd321048000-7fd321848000 rw-p 00000000 00:00 0 
7fd321848000-7fd321849000 ---p 00000000 00:00 0 
7fd321849000-7fd322049000 rw-p 00000000 00:00 0 
7fd322049000-7fd32204a000 ---p 00000000 00:00 0 
7fd32204a000-7fd32284a000 rw-p 00000000 00:00 0 
7fd32284a000-7fd32284e000 r--p 00000000 08:02 8914186                    /usr/lib/x86_64-linux-gnu/libresolv-2.31.so
7fd32284e000-7fd32285e000 r-xp 00004000 08:02 8914186                    /usr/lib/x86_64-linux-gnu/libresolv-2.31.so
7fd32285e000-7fd322862000 r--p 00014000 08:02 8914186                    /usr/lib/x86_64-linux-gnu/libresolv-2.31.so
7fd322862000-7fd322863000 r--p 00017000 08:02 8914186                    /usr/lib/x86_64-linux-gnu/libresolv-2.31.so
7fd322863000-7fd322864000 rw-p 00018000 08:02 8914186                    /usr/lib/x86_64-linux-gnu/libresolv-2.31.so
7fd322864000-7fd322866000 rw-p 00000000 00:00 0 
7fd322866000-7fd322868000 r--p 00000000 08:02 8921271                    /usr/lib/x86_64-linux-gnu/libogg.so.0.8.4
7fd322868000-7fd32286d000 r-xp 00002000 08:02 8921271                    /usr/lib/x86_64-linux-gnu/libogg.so.0.8.4
7fd32286d000-7fd322870000 r--p 00007000 08:02 8921271                    /usr/lib/x86_64-linux-gnu/libogg.so.0.8.4
7fd322870000-7fd322871000 ---p 0000a000 08:02 8921271                    /usr/lib/x86_64-linux-gnu/libogg.so.0.8.4
7fd322871000-7fd322872000 r--p 0000a000 08:02 8921271                    /usr/lib/x86_64-linux-gnu/libogg.so.0.8.4
7fd322872000-7fd322873000 rw-p 0000b000 08:02 8921271                    /usr/lib/x86_64-linux-gnu/libogg.so.0.8.4
7fd322873000-7fd322877000 r--p 00000000 08:02 8914027                    /usr/lib/x86_64-linux-gnu/libnsl-2.31.so
7fd322877000-7fd322887000 r-xp 00004000 08:02 8914027                    /usr/lib/x86_64-linux-gnu/libnsl-2.31.so
7fd322887000-7fd32288c000 r--p 00014000 08:02 8914027                    /usr/lib/x86_64-linux-gnu/libnsl-2.31.so
7fd32288c000-7fd32288d000 r--p 00018000 08:02 8914027                    /usr/lib/x86_64-linux-gnu/libnsl-2.31.so
7fd32288d000-7fd32288e000 rw-p 00019000 08:02 8914027                    /usr/lib/x86_64-linux-gnu/libnsl-2.31.so
7fd32288e000-7fd322890000 rw-p 00000000 00:00 0 
7fd322890000-7fd32289c000 r--p 00000000 08:02 8913669                    /usr/lib/x86_64-linux-gnu/libgcrypt.so.20.2.5
7fd32289c000-7fd32296a000 r-xp 0000c000 08:02 8913669                    /usr/lib/x86_64-linux-gnu/libgcrypt.so.20.2.5
7fd32296a000-7fd3229a7000 r--p 000da000 08:02 8913669                    /usr/lib/x86_64-linux-gnu/libgcrypt.so.20.2.5
7fd3229a7000-7fd3229a9000 r--p 00116000 08:02 8913669                    /usr/lib/x86_64-linux-gnu/libgcrypt.so.20.2.5
7fd3229a9000-7fd3229ae000 rw-p 00118000 08:02 8913669                    /usr/lib/x86_64-linux-gnu/libgcrypt.so.20.2.5
7fd3229ae000-7fd3229b1000 r--p 00000000 08:02 8923942                    /usr/lib/x86_64-linux-gnu/liblzma.so.5.2.4
7fd3229b1000-7fd3229c9000 r-xp 00003000 08:02 8923942                    /usr/lib/x86_64-linux-gnu/liblzma.so.5.2.4
7fd3229c9000-7fd3229d4000 r--p 0001b000 08:02 8923942                    /usr/lib/x86_64-linux-gnu/liblzma.so.5.2.4
7fd3229d4000-7fd3229d5000 ---p 00026000 08:02 8923942                    /usr/lib/x86_64-linux-gnu/liblzma.so.5.2.4
7fd3229d5000-7fd3229d6000 r--p 00026000 08:02 8923942                    /usr/lib/x86_64-linux-gnu/liblzma.so.5.2.4
7fd3229d6000-7fd3229d7000 rw-p 00027000 08:02 8923942                    /usr/lib/x86_64-linux-gnu/liblzma.so.5.2.4
7fd3229d7000-7fd3229dc000 r-xp 00000000 08:02 8920382                    /usr/lib/x86_64-linux-gnu/libasyncns.so.0.3.1
7fd3229dc000-7fd322bdb000 ---p 00005000 08:02 8920382                    /usr/lib/x86_64-linux-gnu/libasyncns.so.0.3.1
7fd322bdb000-7fd322bdc000 r--p 00004000 08:02 8920382                    /usr/lib/x86_64-linux-gnu/libasyncns.so.0.3.1
7fd322bdc000-7fd322bdd000 rw-p 00005000 08:02 8920382                    /usr/lib/x86_64-linux-gnu/libasyncns.so.0.3.1
7fd322bdd000-7fd322be4000 r--p 00000000 08:02 8921524                    /usr/lib/x86_64-linux-gnu/libsndfile.so.1.0.28
7fd322be4000-7fd322c37000 r-xp 00007000 08:02 8921524                    /usr/lib/x86_64-linux-gnu/libsndfile.so.1.0.28
7fd322c37000-7fd322c54000 r--p 0005a000 08:02 8921524                    /usr/lib/x86_64-linux-gnu/libsndfile.so.1.0.28
7fd322c54000-7fd322c55000 ---p 00077000 08:02 8921524                    /usr/lib/x86_64-linux-gnu/libsndfile.so.1.0.28
7fd322c55000-7fd322c58000 r--p 00077000 08:02 8921524                    /usr/lib/x86_64-linux-gnu/libsndfile.so.1.0.28
7fd322c58000-7fd322c59000 rw-p 0007a000 08:02 8921524                    /usr/lib/x86_64-linux-gnu/libsndfile.so.1.0.28
7fd322c59000-7fd322c5b000 rw-p 00000000 00:00 0 
7fd322c5b000-7fd322c6b000 r--p 00000000 08:02 8913004                    /usr/lib/x86_64-linux-gnu/libsystemd.so.0.28.0
7fd322c6b000-7fd322ce0000 r-xp 00010000 08:02 8913004                    /usr/lib/x86_64-linux-gnu/libsystemd.so.0.28.0
7fd322ce0000-7fd322d05000 r--p 00085000 08:02 8913004                    /usr/lib/x86_64-linux-gnu/libsystemd.so.0.28.0
7fd322d05000-7fd322d08000 r--p 000a9000 08:02 8913004                    /usr/lib/x86_64-linux-gnu/libsystemd.so.0.28.0
7fd322d08000-7fd322d09000 rw-p 000ac000 08:02 8913004                    /usr/lib/x86_64-linux-gnu/libsystemd.so.0.28.0
7fd322d09000-7fd322d0a000 rw-p 00000000 00:00 0 
7fd322d0a000-7fd322d15000 r--p 00000000 08:02 8920573                    /usr/lib/x86_64-linux-gnu/libdbus-1.so.3.19.11
7fd322d15000-7fd322d43000 r-xp 0000b000 08:02 8920573                    /usr/lib/x86_64-linux-gnu/libdbus-1.so.3.19.11
7fd322d43000-7fd322d58000 r--p 00039000 08:02 8920573                    /usr/lib/x86_64-linux-gnu/libdbus-1.so.3.19.11
7fd322d58000-7fd322d59000 ---p 0004e000 08:02 8920573                    /usr/lib/x86_64-linux-gnu/libdbus-1.so.3.19.11
7fd322d59000-7fd322d5a000 r--p 0004e000 08:02 8920573                    /usr/lib/x86_64-linux-gnu/libdbus-1.so.3.19.11
7fd322d5a000-7fd322d5b000 rw-p 0004f000 08:02 8920573                    /usr/lib/x86_64-linux-gnu/libdbus-1.so.3.19.11
7fd322d5b000-7fd322d5c000 ---p 00000000 00:00 0 
7fd322d5c000-7fd32355c000 rw-p 00000000 00:00 0 
7fd32355c000-7fd32355d000 ---p 00000000 00:00 0 
7fd32355d000-7fd323d5d000 rw-p 00000000 00:00 0 
7fd323d5d000-7fd323dfc000 r-xp 00000000 08:02 1858980                    /home/andrei/Duaro_ws/Unity_env/exe-env/env8/env8_Data/Plugins/liblibvhacd.so
7fd323dfc000-7fd323ffc000 ---p 0009f000 08:02 1858980                    /home/andrei/Duaro_ws/Unity_env/exe-env/env8/env8_Data/Plugins/liblibvhacd.so
7fd323ffc000-7fd323ffd000 r--p 0009f000 08:02 1858980                    /home/andrei/Duaro_ws/Unity_env/exe-env/env8/env8_Data/Plugins/liblibvhacd.so
7fd323ffd000-7fd324000000 rw-p 000a0000 08:02 1858980                    /home/andrei/Duaro_ws/Unity_env/exe-env/env8/env8_Data/Plugins/liblibvhacd.so
7fd324000000-7fd324021000 rw-p 00000000 00:00 0 
7fd324021000-7fd328000000 ---p 00000000 00:00 0 
7fd328000000-7fd328002000 r--p 00000000 08:02 8921116                    /usr/lib/x86_64-linux-gnu/liblz4.so.1.9.2
7fd328002000-7fd32801c000 r-xp 00002000 08:02 8921116                    /usr/lib/x86_64-linux-gnu/liblz4.so.1.9.2
7fd32801c000-7fd32801f000 r--p 0001c000 08:02 8921116                    /usr/lib/x86_64-linux-gnu/liblz4.so.1.9.2
7fd32801f000-7fd328020000 r--p 0001e000 08:02 8921116                    /usr/lib/x86_64-linux-gnu/liblz4.so.1.9.2
7fd328020000-7fd328021000 rw-p 0001f000 08:02 8921116                    /usr/lib/x86_64-linux-gnu/liblz4.so.1.9.2
7fd328021000-7fd328032000 r--p 00000000 08:02 9568377                    /usr/lib/x86_64-linux-gnu/pulseaudio/libpulsecommon-13.99.so
7fd328032000-7fd32807a000 r-xp 00011000 08:02 9568377                    /usr/lib/x86_64-linux-gnu/pulseaudio/libpulsecommon-13.99.so
7fd32807a000-7fd32809f000 r--p 00059000 08:02 9568377                    /usr/lib/x86_64-linux-gnu/pulseaudio/libpulsecommon-13.99.so
7fd32809f000-7fd3280a0000 ---p 0007e000 08:02 9568377                    /usr/lib/x86_64-linux-gnu/pulseaudio/libpulsecommon-13.99.so
7fd3280a0000-7fd3280a2000 r--p 0007e000 08:02 9568377                    /usr/lib/x86_64-linux-gnu/pulseaudio/libpulsecommon-13.99.so
7fd3280a2000-7fd3280a3000 rw-p 00080000 08:02 9568377                    /usr/lib/x86_64-linux-gnu/pulseaudio/libpulsecommon-13.99.so
7fd3280a3000-7fd3280af000 r--p 00000000 08:02 8913770                    /usr/lib/x86_64-linux-gnu/libpulse.so.0.21.2
7fd3280af000-7fd3280df000 r-xp 0000c000 08:02 8913770                    /usr/lib/x86_64-linux-gnu/libpulse.so.0.21.2
7fd3280df000-7fd3280f5000 r--p 0003c000 08:02 8913770                    /usr/lib/x86_64-linux-gnu/libpulse.so.0.21.2
7fd3280f5000-7fd3280f7000 r--p 00051000 08:02 8913770                    /usr/lib/x86_64-linux-gnu/libpulse.so.0.21.2
7fd3280f7000-7fd3280f8000 rw-p 00053000 08:02 8913770                    /usr/lib/x86_64-linux-gnu/libpulse.so.0.21.2
7fd3280f8000-7fd328101000 r--p 00000000 08:02 8920849                    /usr/lib/x86_64-linux-gnu/libgomp.so.1.0.0
7fd328101000-7fd32812c000 r-xp 00009000 08:02 8920849                    /usr/lib/x86_64-linux-gnu/libgomp.so.1.0.0
7fd32812c000-7fd328138000 r--p 00034000 08:02 8920849                    /usr/lib/x86_64-linux-gnu/libgomp.so.1.0.0
7fd328138000-7fd328139000 r--p 0003f000 08:02 8920849                    /usr/lib/x86_64-linux-gnu/libgomp.so.1.0.0
7fd328139000-7fd32813a000 rw-p 00040000 08:02 8920849                    /usr/lib/x86_64-linux-gnu/libgomp.so.1.0.0
7fd32813a000-7fd32836f000 r-xp 00000000 08:02 1858981                    /home/andrei/Duaro_ws/Unity_env/exe-env/env8/env8_Data/Plugins/libgrpc_csharp_ext.x64.so
7fd32836f000-7fd32856f000 ---p 00235000 08:02 1858981                    /home/andrei/Duaro_ws/Unity_env/exe-env/env8/env8_Data/Plugins/libgrpc_csharp_ext.x64.so
7fd32856f000-7fd32858a000 rw-p 00235000 08:02 1858981                    /home/andrei/Duaro_ws/Unity_env/exe-env/env8/env8_Data/Plugins/libgrpc_csharp_ext.x64.so
7fd32858a000-7fd328590000 rw-p 00000000 00:00 0 
7fd328590000-7fd32859a000 r-xp 00000000 08:02 8922868                    /usr/lib/x86_64-linux-gnu/libminizip.so.1.0.0
7fd32859a000-7fd328799000 ---p 0000a000 08:02 8922868                    /usr/lib/x86_64-linux-gnu/libminizip.so.1.0.0
7fd328799000-7fd32879a000 r--p 00009000 08:02 8922868                    /usr/lib/x86_64-linux-gnu/libminizip.so.1.0.0
7fd32879a000-7fd32879b000 rw-p 0000a000 08:02 8922868                    /usr/lib/x86_64-linux-gnu/libminizip.so.1.0.0
7fd32879e000-7fd32879f000 ---p 00000000 00:00 0 
7fd32879f000-7fd3287df000 rw-p 00000000 00:00 0 
7fd3287df000-7fd328ecf000 r-xp 00000000 08:02 1858982                    /home/andrei/Duaro_ws/Unity_env/exe-env/env8/env8_Data/Plugins/libassimp.so
7fd328ecf000-7fd3290cf000 ---p 006f0000 08:02 1858982                    /home/andrei/Duaro_ws/Unity_env/exe-env/env8/env8_Data/Plugins/libassimp.so
7fd3290cf000-7fd3291a1000 r--p 006f0000 08:02 1858982                    /home/andrei/Duaro_ws/Unity_env/exe-env/env8/env8_Data/Plugins/libassimp.so
7fd3291a1000-7fd3291a3000 rw-p 007c2000 08:02 1858982                    /home/andrei/Duaro_ws/Unity_env/exe-env/env8/env8_Data/Plugins/libassimp.so
7fd3291a3000-7fd3291aa000 rw-p 00000000 00:00 0 
7fd3291aa000-7fd3291b9000 r--p 00000000 08:02 1858986                    /home/andrei/Duaro_ws/Unity_env/exe-env/env8/env8_Data/Plugins/lib_burst_generated.so
7fd3291b9000-7fd3291ed000 r-xp 0000e000 08:02 1858986                    /home/andrei/Duaro_ws/Unity_env/exe-env/env8/env8_Data/Plugins/lib_burst_generated.so
7fd3291ed000-7fd3291ee000 r--p 00041000 08:02 1858986                    /home/andrei/Duaro_ws/Unity_env/exe-env/env8/env8_Data/Plugins/lib_burst_generated.so
7fd3291ee000-7fd3291ef000 rw-p 00041000 08:02 1858986                    /home/andrei/Duaro_ws/Unity_env/exe-env/env8/env8_Data/Plugins/lib_burst_generated.so
7fd3291ef000-7fd3295a9000 r--p 00000000 08:02 1858970                    /home/andrei/Duaro_ws/Unity_env/exe-env/env8/env8_Data/Managed/mscorlib.dll
7fd3295a9000-7fd3295aa000 rw-p 00000000 00:00 0 
7fd3295aa000-7fd329609000 ---p 00000000 00:00 0 
7fd329609000-7fd3296c9000 rw-p 00000000 00:00 0 
7fd3296c9000-7fd329a20000 r-xp 00000000 08:02 1859008                    /home/andrei/Duaro_ws/Unity_env/exe-env/env8/env8_Data/MonoBleedingEdge/x86_64/libmonobdwgc-2.0.so
7fd329a20000-7fd329c20000 ---p 00357000 08:02 1859008                    /home/andrei/Duaro_ws/Unity_env/exe-env/env8/env8_Data/MonoBleedingEdge/x86_64/libmonobdwgc-2.0.so
7fd329c20000-7fd329c27000 r--p 00357000 08:02 1859008                    /home/andrei/Duaro_ws/Unity_env/exe-env/env8/env8_Data/MonoBleedingEdge/x86_64/libmonobdwgc-2.0.so
7fd329c27000-7fd329c2e000 rw-p 0035e000 08:02 1859008                    /home/andrei/Duaro_ws/Unity_env/exe-env/env8/env8_Data/MonoBleedingEdge/x86_64/libmonobdwgc-2.0.so
7fd329c2e000-7fd329e49000 rw-p 00000000 00:00 0 
7fd329e49000-7fd32a049000 rw-s 142a81000 00:05 707                       /dev/dri/renderD128
7fd32a049000-7fd32a04a000 ---p 00000000 00:00 0 
7fd32a04a000-7fd32a04b000 rw-p 00000000 00:00 0 
7fd32a04b000-7fd32a053000 ---p 00000000 00:00 0 
7fd32a053000-7fd32a84a000 rw-p 00000000 00:00 0 
7fd32a84a000-7fd32fa6b000 r-xp 00000000 08:02 8919001                    /usr/lib/x86_64-linux-gnu/libLLVM-12.so.1
7fd32fa6b000-7fd32ff84000 r--p 05220000 08:02 8919001                    /usr/lib/x86_64-linux-gnu/libLLVM-12.so.1
7fd32ff84000-7fd32ff8b000 rw-p 05739000 08:02 8919001                    /usr/lib/x86_64-linux-gnu/libLLVM-12.so.1
7fd32ff8b000-7fd331000000 rw-p 00000000 00:00 0 
7fd331000000-7fd340000000 ---p 00000000 00:00 0 
7fd340000000-7fd341000000 rw-p 00000000 00:00 0 
7fd341000000-7fd350000000 ---p 00000000 00:00 0 
7fd350000000-7fd351000000 rw-p 00000000 00:00 0 
7fd351000000-7fd360000000 ---p 00000000 00:00 0 
7fd360000000-7fd360800000 rw-p 00000000 00:00 0 
7fd360800000-7fd370000000 ---p 00000000 00:00 0 
7fd370000000-7fd371000000 rw-p 00000000 00:00 0 
7fd371000000-7fd380000000 ---p 00000000 00:00 0 
7fd380000000-7fd380400000 rw-p 00000000 00:00 0 
7fd380400000-7fd380800000 ---p 00000000 00:00 0 
7fd380800000-7fd380810000 rw-p 00000000 00:00 0 
7fd380810000-7fd380820000 ---p 00000000 00:00 0 
7fd380820000-7fd380860000 rw-p 00000000 00:00 0 
7fd380860000-7fd3808a0000 ---p 00000000 00:00 0 
7fd3808a0000-7fd3808e0000 rw-p 00000000 00:00 0 
7fd3808e0000-7fd380920000 ---p 00000000 00:00 0 
7fd380920000-7fd380960000 rw-p 00000000 00:00 0 
7fd380960000-7fd3809a0000 ---p 00000000 00:00 0 
7fd3809a0000-7fd3809e0000 rw-p 00000000 00:00 0 
7fd3809e0000-7fd380a20000 ---p 00000000 00:00 0 
7fd380a20000-7fd380a60000 rw-p 00000000 00:00 0 
7fd380a60000-7fd380aa0000 ---p 00000000 00:00 0 
7fd380aa0000-7fd380ae0000 rw-p 00000000 00:00 0 
7fd380ae0000-7fd380b20000 ---p 00000000 00:00 0 
7fd380b20000-7fd380b60000 rw-p 00000000 00:00 0 
7fd380b60000-7fd380ba0000 ---p 00000000 00:00 0 
7fd380ba0000-7fd380be0000 rw-p 00000000 00:00 0 
7fd380be0000-7fd380c20000 ---p 00000000 00:00 0 
7fd380c20000-7fd380c60000 rw-p 00000000 00:00 0 
7fd380c60000-7fd380ca0000 ---p 00000000 00:00 0 
7fd380ca0000-7fd380ce0000 rw-p 00000000 00:00 0 
7fd380ce0000-7fd380d20000 ---p 00000000 00:00 0 
7fd380d20000-7fd380d60000 rw-p 00000000 00:00 0 
7fd380d60000-7fd380da0000 ---p 00000000 00:00 0 
7fd380da0000-7fd380da8000 rw-p 00000000 00:00 0 
7fd380da8000-7fd380db0000 ---p 00000000 00:00 0 
7fd380db0000-7fd380db8000 rw-p 00000000 00:00 0 
7fd380db8000-7fd380dc0000 ---p 00000000 00:00 0 
7fd380dc0000-7fd380dc8000 rw-p 00000000 00:00 0 
7fd380dc8000-7fd380dd0000 ---p 00000000 00:00 0 
7fd380dd0000-7fd380dd8000 rw-p 00000000 00:00 0 
7fd380dd8000-7fd380de0000 ---p 00000000 00:00 0 
7fd380de0000-7fd380de8000 rw-p 00000000 00:00 0 
7fd380de8000-7fd380df0000 ---p 00000000 00:00 0 
7fd380df0000-7fd380df8000 rw-p 00000000 00:00 0 
7fd380df8000-7fd380e00000 ---p 00000000 00:00 0 
7fd380e00000-7fd380e08000 rw-p 00000000 00:00 0 
7fd380e08000-7fd380e10000 ---p 00000000 00:00 0 
7fd380e10000-7fd380e18000 rw-p 00000000 00:00 0 
7fd380e18000-7fd380e20000 ---p 00000000 00:00 0 
7fd380e20000-7fd380e28000 rw-p 00000000 00:00 0 
7fd380e28000-7fd380e30000 ---p 00000000 00:00 0 
7fd380e30000-7fd380e38000 rw-p 00000000 00:00 0 
7fd380e38000-7fd380e40000 ---p 00000000 00:00 0 
7fd380e40000-7fd380e48000 rw-p 00000000 00:00 0 
7fd380e48000-7fd380e50000 ---p 00000000 00:00 0 
7fd380e50000-7fd380e58000 rw-p 00000000 00:00 0 
7fd380e58000-7fd380e60000 ---p 00000000 00:00 0 
7fd380e60000-7fd380e68000 rw-p 00000000 00:00 0 
7fd380e68000-7fd380e70000 ---p 00000000 00:00 0 
7fd380e70000-7fd380e78000 rw-p 00000000 00:00 0 
7fd380e78000-7fd380e80000 ---p 00000000 00:00 0 
7fd380e80000-7fd380e88000 rw-p 00000000 00:00 0 
7fd380e88000-7fd380e90000 ---p 00000000 00:00 0 
7fd380e90000-7fd380e98000 rw-p 00000000 00:00 0 
7fd380e98000-7fd380ea0000 ---p 00000000 00:00 0 
7fd380ea0000-7fd380eb0000 rw-p 00000000 00:00 0 
7fd380eb0000-7fd380ec0000 ---p 00000000 00:00 0 
7fd380ec0000-7fd380ed0000 rw-p 00000000 00:00 0 
7fd380ed0000-7fd390000000 ---p 00000000 00:00 0 
7fd390000000-7fd393000000 rw-p 00000000 00:00 0 
7fd393000000-7fd3a0000000 ---p 00000000 00:00 0 
7fd3a0000000-7fd3a1001000 rw-p 00000000 00:00 0 
7fd3a1001000-7fd3b0000000 ---p 00000000 00:00 0 
7fd3b0000000-7fd3b0102000 rw-p 00000000 00:00 0 
7fd3b0102000-7fd3c0000000 ---p 00000000 00:00 0 
7fd3c0000000-7fd3c0102000 rw-p 00000000 00:00 0 
7fd3c0102000-7fd3d0000000 ---p 00000000 00:00 0 
7fd3d0000000-7fd3d0102000 rw-p 00000000 00:00 0 
7fd3d0102000-7fd3e0000000 ---p 00000000 00:00 0 
7fd3e0000000-7fd3e0102000 rw-p 00000000 00:00 0 
7fd3e0102000-7fd3f0000000 ---p 00000000 00:00 0 
7fd3f0000000-7fd3f0100000 rw-p 00000000 00:00 0 
7fd3f0100000-7fd400000000 ---p 00000000 00:00 0 
7fd400005000-7fd400008000 r--p 00000000 08:02 8920361                    /usr/lib/x86_64-linux-gnu/libapparmor.so.1.6.1
7fd400008000-7fd400011000 r-xp 00003000 08:02 8920361                    /usr/lib/x86_64-linux-gnu/libapparmor.so.1.6.1
7fd400011000-7fd400018000 r--p 0000c000 08:02 8920361                    /usr/lib/x86_64-linux-gnu/libapparmor.so.1.6.1
7fd400018000-7fd400019000 r--p 00012000 08:02 8920361                    /usr/lib/x86_64-linux-gnu/libapparmor.so.1.6.1
7fd400019000-7fd40001a000 rw-p 00013000 08:02 8920361                    /usr/lib/x86_64-linux-gnu/libapparmor.so.1.6.1
7fd40001a000-7fd40001d000 r--p 00000000 08:02 8921756                    /usr/lib/x86_64-linux-gnu/libwrap.so.0.7.6
7fd40001d000-7fd400022000 r-xp 00003000 08:02 8921756                    /usr/lib/x86_64-linux-gnu/libwrap.so.0.7.6
7fd400022000-7fd400024000 r--p 00008000 08:02 8921756                    /usr/lib/x86_64-linux-gnu/libwrap.so.0.7.6
7fd400024000-7fd400025000 r--p 00009000 08:02 8921756                    /usr/lib/x86_64-linux-gnu/libwrap.so.0.7.6
7fd400025000-7fd400026000 rw-p 0000a000 08:02 8921756                    /usr/lib/x86_64-linux-gnu/libwrap.so.0.7.6
7fd400026000-7fd400028000 r--p 00000000 08:02 8913769                    /usr/lib/x86_64-linux-gnu/libpulse-simple.so.0.1.1
7fd400028000-7fd40002a000 r-xp 00002000 08:02 8913769                    /usr/lib/x86_64-linux-gnu/libpulse-simple.so.0.1.1
7fd40002a000-7fd40002b000 r--p 00004000 08:02 8913769                    /usr/lib/x86_64-linux-gnu/libpulse-simple.so.0.1.1
7fd40002b000-7fd40002c000 r--p 00004000 08:02 8913769                    /usr/lib/x86_64-linux-gnu/libpulse-simple.so.0.1.1
7fd40002c000-7fd40002d000 rw-p 00005000 08:02 8913769                    /usr/lib/x86_64-linux-gnu/libpulse-simple.so.0.1.1
7fd40002d000-7fd40006d000 rw-p 00000000 00:00 0 
7fd40006d000-7fd40026d000 rw-s 121f6b000 00:05 707                       /dev/dri/renderD128
7fd40026d000-7fd40026e000 ---p 00000000 00:00 0 
7fd40026e000-7fd400a6e000 rw-p 00000000 00:00 0 
7fd400a6e000-7fd400a6f000 ---p 00000000 00:00 0 
7fd400a6f000-7fd40126f000 rw-p 00000000 00:00 0 
7fd40126f000-7fd401270000 ---p 00000000 00:00 0 
7fd401270000-7fd401a70000 rw-p 00000000 00:00 0 
7fd401a70000-7fd401a71000 ---p 00000000 00:00 0 
7fd401a71000-7fd402271000 rw-p 00000000 00:00 0 
7fd402271000-7fd4023b2000 rw-s 00000000 08:02 1310754                    /home/andrei/.cache/mesa_shader_cache/index
7fd4023b2000-7fd4023b5000 r--p 00000000 08:02 8914055                    /usr/lib/x86_64-linux-gnu/libnss_files-2.31.so
7fd4023b5000-7fd4023bc000 r-xp 00003000 08:02 8914055                    /usr/lib/x86_64-linux-gnu/libnss_files-2.31.so
7fd4023bc000-7fd4023be000 r--p 0000a000 08:02 8914055                    /usr/lib/x86_64-linux-gnu/libnss_files-2.31.so
7fd4023be000-7fd4023bf000 r--p 0000b000 08:02 8914055                    /usr/lib/x86_64-linux-gnu/libnss_files-2.31.so
7fd4023bf000-7fd4023c0000 rw-p 0000c000 08:02 8914055                    /usr/lib/x86_64-linux-gnu/libnss_files-2.31.so
7fd4023c0000-7fd4023c6000 rw-p 00000000 00:00 0 
7fd4023c6000-7fd4023c7000 ---p 00000000 00:00 0 
7fd4023c7000-7fd402bc7000 rw-p 00000000 00:00 0 
7fd402bc7000-7fd402bd5000 r--p 00000000 08:02 8921606                    /usr/lib/x86_64-linux-gnu/libtinfo.so.6.2
7fd402bd5000-7fd402be4000 r-xp 0000e000 08:02 8921606                    /usr/lib/x86_64-linux-gnu/libtinfo.so.6.2
7fd402be4000-7fd402bf2000 r--p 0001d000 08:02 8921606                    /usr/lib/x86_64-linux-gnu/libtinfo.so.6.2
7fd402bf2000-7fd402bf6000 r--p 0002a000 08:02 8921606                    /usr/lib/x86_64-linux-gnu/libtinfo.so.6.2
7fd402bf6000-7fd402bf7000 rw-p 0002e000 08:02 8921606                    /usr/lib/x86_64-linux-gnu/libtinfo.so.6.2
7fd402bf7000-7fd402bff000 r--p 00000000 08:02 8920653                    /usr/lib/x86_64-linux-gnu/libedit.so.2.0.63
7fd402bff000-7fd402c1a000 r-xp 00008000 08:02 8920653                    /usr/lib/x86_64-linux-gnu/libedit.so.2.0.63
7fd402c1a000-7fd402c28000 r--p 00023000 08:02 8920653                    /usr/lib/x86_64-linux-gnu/libedit.so.2.0.63
7fd402c28000-7fd402c2a000 r--p 00030000 08:02 8920653                    /usr/lib/x86_64-linux-gnu/libedit.so.2.0.63
7fd402c2a000-7fd402c2b000 rw-p 00032000 08:02 8920653                    /usr/lib/x86_64-linux-gnu/libedit.so.2.0.63
7fd402c2b000-7fd402c2f000 rw-p 00000000 00:00 0 
7fd402c2f000-7fd402c31000 r--p 00000000 08:02 8920703                    /usr/lib/x86_64-linux-gnu/libffi.so.7.1.0
7fd402c31000-7fd402c37000 r-xp 00002000 08:02 8920703                    /usr/lib/x86_64-linux-gnu/libffi.so.7.1.0
7fd402c37000-7fd402c38000 r--p 00008000 08:02 8920703                    /usr/lib/x86_64-linux-gnu/libffi.so.7.1.0
7fd402c38000-7fd402c39000 ---p 00009000 08:02 8920703                    /usr/lib/x86_64-linux-gnu/libffi.so.7.1.0
7fd402c39000-7fd402c3a000 r--p 00009000 08:02 8920703                    /usr/lib/x86_64-linux-gnu/libffi.so.7.1.0
7fd402c3a000-7fd402c3b000 rw-p 0000a000 08:02 8920703                    /usr/lib/x86_64-linux-gnu/libffi.so.7.1.0
7fd402c3b000-7fd402cd1000 r--p 00000000 08:02 8921563                    /usr/lib/x86_64-linux-gnu/libstdc++.so.6.0.28
7fd402cd1000-7fd402dc2000 r-xp 00096000 08:02 8921563                    /usr/lib/x86_64-linux-gnu/libstdc++.so.6.0.28
7fd402dc2000-7fd402e0b000 r--p 00187000 08:02 8921563                    /usr/lib/x86_64-linux-gnu/libstdc++.so.6.0.28
7fd402e0b000-7fd402e0c000 ---p 001d0000 08:02 8921563                    /usr/lib/x86_64-linux-gnu/libstdc++.so.6.0.28
7fd402e0c000-7fd402e17000 r--p 001d0000 08:02 8921563                    /usr/lib/x86_64-linux-gnu/libstdc++.so.6.0.28
7fd402e17000-7fd402e1a000 rw-p 001db000 08:02 8921563                    /usr/lib/x86_64-linux-gnu/libstdc++.so.6.0.28
7fd402e1a000-7fd402e1d000 rw-p 00000000 00:00 0 
7fd402e1d000-7fd402e2c000 r--p 00000000 08:02 8921704                    /usr/lib/x86_64-linux-gnu/libvulkan.so.1.2.131
7fd402e2c000-7fd402e5e000 r-xp 0000f000 08:02 8921704                    /usr/lib/x86_64-linux-gnu/libvulkan.so.1.2.131
7fd402e5e000-7fd402e71000 r--p 00041000 08:02 8921704                    /usr/lib/x86_64-linux-gnu/libvulkan.so.1.2.131
7fd402e71000-7fd402e72000 r--p 00053000 08:02 8921704                    /usr/lib/x86_64-linux-gnu/libvulkan.so.1.2.131
7fd402e72000-7fd402e73000 rw-p 00054000 08:02 8921704                    /usr/lib/x86_64-linux-gnu/libvulkan.so.1.2.131
7fd402e73000-7fd402e75000 r--p 00000000 08:02 8913259                    /usr/lib/x86_64-linux-gnu/libdrm_nouveau.so.2.0.0
7fd402e75000-7fd402e7a000 r-xp 00002000 08:02 8913259                    /usr/lib/x86_64-linux-gnu/libdrm_nouveau.so.2.0.0
7fd402e7a000-7fd402e7c000 r--p 00007000 08:02 8913259                    /usr/lib/x86_64-linux-gnu/libdrm_nouveau.so.2.0.0
7fd402e7c000-7fd402e7d000 r--p 00008000 08:02 8913259                    /usr/lib/x86_64-linux-gnu/libdrm_nouveau.so.2.0.0
7fd402e7d000-7fd402e7e000 rw-p 00009000 08:02 8913259                    /usr/lib/x86_64-linux-gnu/libdrm_nouveau.so.2.0.0
7fd402e7e000-7fd402e81000 r--p 00000000 08:02 8913112                    /usr/lib/x86_64-linux-gnu/libdrm_amdgpu.so.1.0.0
7fd402e81000-7fd402e86000 r-xp 00003000 08:02 8913112                    /usr/lib/x86_64-linux-gnu/libdrm_amdgpu.so.1.0.0
7fd402e86000-7fd402e88000 r--p 00008000 08:02 8913112                    /usr/lib/x86_64-linux-gnu/libdrm_amdgpu.so.1.0.0
7fd402e88000-7fd402e89000 r--p 00009000 08:02 8913112                    /usr/lib/x86_64-linux-gnu/libdrm_amdgpu.so.1.0.0
7fd402e89000-7fd402e8a000 rw-p 0000a000 08:02 8913112                    /usr/lib/x86_64-linux-gnu/libdrm_amdgpu.so.1.0.0
7fd402e8a000-7fd402e8d000 r--p 00000000 08:02 8920658                    /usr/lib/x86_64-linux-gnu/libelf-0.176.so
7fd402e8d000-7fd402e9f000 r-xp 00003000 08:02 8920658                    /usr/lib/x86_64-linux-gnu/libelf-0.176.so
7fd402e9f000-7fd402ea4000 r--p 00015000 08:02 8920658                    /usr/lib/x86_64-linux-gnu/libelf-0.176.so
7fd402ea4000-7fd402ea5000 r--p 00019000 08:02 8920658                    /usr/lib/x86_64-linux-gnu/libelf-0.176.so
7fd402ea5000-7fd402ea6000 rw-p 0001a000 08:02 8920658                    /usr/lib/x86_64-linux-gnu/libelf-0.176.so
7fd402ea6000-7fd402ea8000 r--p 00000000 08:02 8913261                    /usr/lib/x86_64-linux-gnu/libdrm_radeon.so.1.0.1
7fd402ea8000-7fd402eaf000 r-xp 00002000 08:02 8913261                    /usr/lib/x86_64-linux-gnu/libdrm_radeon.so.1.0.1
7fd402eaf000-7fd402eb3000 r--p 00009000 08:02 8913261                    /usr/lib/x86_64-linux-gnu/libdrm_radeon.so.1.0.1
7fd402eb3000-7fd402eb4000 r--p 0000c000 08:02 8913261                    /usr/lib/x86_64-linux-gnu/libdrm_radeon.so.1.0.1
7fd402eb4000-7fd402eb5000 rw-p 0000d000 08:02 8913261                    /usr/lib/x86_64-linux-gnu/libdrm_radeon.so.1.0.1
7fd402eb5000-7fd402eb8000 r--p 00000000 08:02 8921493                    /usr/lib/x86_64-linux-gnu/libsensors.so.5.0.0
7fd402eb8000-7fd402ebf000 r-xp 00003000 08:02 8921493                    /usr/lib/x86_64-linux-gnu/libsensors.so.5.0.0
7fd402ebf000-7fd402ec4000 r--p 0000a000 08:02 8921493                    /usr/lib/x86_64-linux-gnu/libsensors.so.5.0.0
7fd402ec4000-7fd402ec5000 r--p 0000e000 08:02 8921493                    /usr/lib/x86_64-linux-gnu/libsensors.so.5.0.0
7fd402ec5000-7fd402ec6000 rw-p 0000f000 08:02 8921493                    /usr/lib/x86_64-linux-gnu/libsensors.so.5.0.0
7fd402ec6000-7fd402eca000 r--p 00000000 08:02 8921828                    /usr/lib/x86_64-linux-gnu/libzstd.so.1.4.4
7fd402eca000-7fd402f5c000 r-xp 00004000 08:02 8921828                    /usr/lib/x86_64-linux-gnu/libzstd.so.1.4.4
7fd402f5c000-7fd402f6d000 r--p 00096000 08:02 8921828                    /usr/lib/x86_64-linux-gnu/libzstd.so.1.4.4
7fd402f6d000-7fd402f6e000 r--p 000a6000 08:02 8921828                    /usr/lib/x86_64-linux-gnu/libzstd.so.1.4.4
7fd402f6e000-7fd402f6f000 rw-p 000a7000 08:02 8921828                    /usr/lib/x86_64-linux-gnu/libzstd.so.1.4.4
7fd402f6f000-7fd402f71000 r--p 00000000 08:02 8919282                    /usr/lib/x86_64-linux-gnu/libz.so.1.2.11
7fd402f71000-7fd402f82000 r-xp 00002000 08:02 8919282                    /usr/lib/x86_64-linux-gnu/libz.so.1.2.11
7fd402f82000-7fd402f88000 r--p 00013000 08:02 8919282                    /usr/lib/x86_64-linux-gnu/libz.so.1.2.11
7fd402f88000-7fd402f89000 ---p 00019000 08:02 8919282                    /usr/lib/x86_64-linux-gnu/libz.so.1.2.11
7fd402f89000-7fd402f8a000 r--p 00019000 08:02 8919282                    /usr/lib/x86_64-linux-gnu/libz.so.1.2.11
7fd402f8a000-7fd402f8b000 rw-p 0001a000 08:02 8919282                    /usr/lib/x86_64-linux-gnu/libz.so.1.2.11
7fd402f8b000-7fd403121000 r--p 00000000 08:02 9568713                    /usr/lib/x86_64-linux-gnu/dri/radeonsi_dri.so
7fd403121000-7fd4041cc000 r-xp 00196000 08:02 9568713                    /usr/lib/x86_64-linux-gnu/dri/radeonsi_dri.so
7fd4041cc000-7fd404692000 r--p 01241000 08:02 9568713                    /usr/lib/x86_64-linux-gnu/dri/radeonsi_dri.so
7fd404692000-7fd4047c0000 r--p 01706000 08:02 9568713                    /usr/lib/x86_64-linux-gnu/dri/radeonsi_dri.so
7fd4047c0000-7fd4048f8000 rw-p 01834000 08:02 9568713                    /usr/lib/x86_64-linux-gnu/dri/radeonsi_dri.so
7fd4048f8000-7fd404b16000 rw-p 00000000 00:00 0 
7fd404b16000-7fd404b19000 r--p 00000000 08:02 8921790                    /usr/lib/x86_64-linux-gnu/libxcb-xfixes.so.0.0.0
7fd404b19000-7fd404b1c000 r-xp 00003000 08:02 8921790                    /usr/lib/x86_64-linux-gnu/libxcb-xfixes.so.0.0.0
7fd404b1c000-7fd404b1d000 r--p 00006000 08:02 8921790                    /usr/lib/x86_64-linux-gnu/libxcb-xfixes.so.0.0.0
7fd404b1d000-7fd404b1e000 ---p 00007000 08:02 8921790                    /usr/lib/x86_64-linux-gnu/libxcb-xfixes.so.0.0.0
7fd404b1e000-7fd404b1f000 r--p 00007000 08:02 8921790                    /usr/lib/x86_64-linux-gnu/libxcb-xfixes.so.0.0.0
7fd404b1f000-7fd404b20000 rw-p 00008000 08:02 8921790                    /usr/lib/x86_64-linux-gnu/libxcb-xfixes.so.0.0.0
7fd404b20000-7fd404b21000 r-xp 00000000 08:02 8921814                    /usr/lib/x86_64-linux-gnu/libxshmfence.so.1.0.0
7fd404b21000-7fd404d20000 ---p 00001000 08:02 8921814                    /usr/lib/x86_64-linux-gnu/libxshmfence.so.1.0.0
7fd404d20000-7fd404d21000 r--p 00000000 08:02 8921814                    /usr/lib/x86_64-linux-gnu/libxshmfence.so.1.0.0
7fd404d21000-7fd404d22000 rw-p 00001000 08:02 8921814                    /usr/lib/x86_64-linux-gnu/libxshmfence.so.1.0.0
7fd404d22000-7fd404d25000 r--p 00000000 08:02 8921786                    /usr/lib/x86_64-linux-gnu/libxcb-sync.so.1.0.0
7fd404d25000-7fd404d28000 r-xp 00003000 08:02 8921786                    /usr/lib/x86_64-linux-gnu/libxcb-sync.so.1.0.0
7fd404d28000-7fd404d29000 r--p 00006000 08:02 8921786                    /usr/lib/x86_64-linux-gnu/libxcb-sync.so.1.0.0
7fd404d29000-7fd404d2a000 ---p 00007000 08:02 8921786                    /usr/lib/x86_64-linux-gnu/libxcb-sync.so.1.0.0
7fd404d2a000-7fd404d2b000 r--p 00007000 08:02 8921786                    /usr/lib/x86_64-linux-gnu/libxcb-sync.so.1.0.0
7fd404d2b000-7fd404d2c000 rw-p 00008000 08:02 8921786                    /usr/lib/x86_64-linux-gnu/libxcb-sync.so.1.0.0
7fd404d2c000-7fd404d2d000 r--p 00000000 08:02 8921772                    /usr/lib/x86_64-linux-gnu/libxcb-present.so.0.0.0
7fd404d2d000-7fd404d2e000 r-xp 00001000 08:02 8921772                    /usr/lib/x86_64-linux-gnu/libxcb-present.so.0.0.0
7fd404d2e000-7fd404d2f000 r--p 00002000 08:02 8921772                    /usr/lib/x86_64-linux-gnu/libxcb-present.so.0.0.0
7fd404d2f000-7fd404d30000 r--p 00002000 08:02 8921772                    /usr/lib/x86_64-linux-gnu/libxcb-present.so.0.0.0
7fd404d30000-7fd404d31000 rw-p 00003000 08:02 8921772                    /usr/lib/x86_64-linux-gnu/libxcb-present.so.0.0.0
7fd404d31000-7fd404d33000 r--p 00000000 08:02 8921762                    /usr/lib/x86_64-linux-gnu/libxcb-dri3.so.0.0.0
7fd404d33000-7fd404d34000 r-xp 00002000 08:02 8921762                    /usr/lib/x86_64-linux-gnu/libxcb-dri3.so.0.0.0
7fd404d34000-7fd404d35000 r--p 00003000 08:02 8921762                    /usr/lib/x86_64-linux-gnu/libxcb-dri3.so.0.0.0
7fd404d35000-7fd404d36000 r--p 00003000 08:02 8921762                    /usr/lib/x86_64-linux-gnu/libxcb-dri3.so.0.0.0
7fd404d36000-7fd404d37000 rw-p 00004000 08:02 8921762                    /usr/lib/x86_64-linux-gnu/libxcb-dri3.so.0.0.0
7fd404d37000-7fd404d3b000 r--p 00000000 08:02 8933051                    /usr/lib/x86_64-linux-gnu/libexpat.so.1.6.11
7fd404d3b000-7fd404d57000 r-xp 00004000 08:02 8933051                    /usr/lib/x86_64-linux-gnu/libexpat.so.1.6.11
7fd404d57000-7fd404d61000 r--p 00020000 08:02 8933051                    /usr/lib/x86_64-linux-gnu/libexpat.so.1.6.11
7fd404d61000-7fd404d62000 ---p 0002a000 08:02 8933051                    /usr/lib/x86_64-linux-gnu/libexpat.so.1.6.11
7fd404d62000-7fd404d64000 r--p 0002a000 08:02 8933051                    /usr/lib/x86_64-linux-gnu/libexpat.so.1.6.11
7fd404d64000-7fd404d65000 rw-p 0002c000 08:02 8933051                    /usr/lib/x86_64-linux-gnu/libexpat.so.1.6.11
7fd404d65000-7fd404d66000 r--p 00000000 08:02 8921784                    /usr/lib/x86_64-linux-gnu/libxcb-shm.so.0.0.0
7fd404d66000-7fd404d67000 r-xp 00001000 08:02 8921784                    /usr/lib/x86_64-linux-gnu/libxcb-shm.so.0.0.0
7fd404d67000-7fd404d68000 r--p 00002000 08:02 8921784                    /usr/lib/x86_64-linux-gnu/libxcb-shm.so.0.0.0
7fd404d68000-7fd404d69000 r--p 00002000 08:02 8921784                    /usr/lib/x86_64-linux-gnu/libxcb-shm.so.0.0.0
7fd404d69000-7fd404d6a000 rw-p 00003000 08:02 8921784                    /usr/lib/x86_64-linux-gnu/libxcb-shm.so.0.0.0
7fd404d6a000-7fd404d75000 r--p 00000000 08:02 8921764                    /usr/lib/x86_64-linux-gnu/libxcb-glx.so.0.0.0
7fd404d75000-7fd404d7e000 r-xp 0000b000 08:02 8921764                    /usr/lib/x86_64-linux-gnu/libxcb-glx.so.0.0.0
7fd404d7e000-7fd404d83000 r--p 00014000 08:02 8921764                    /usr/lib/x86_64-linux-gnu/libxcb-glx.so.0.0.0
7fd404d83000-7fd404d84000 ---p 00019000 08:02 8921764                    /usr/lib/x86_64-linux-gnu/libxcb-glx.so.0.0.0
7fd404d84000-7fd404d86000 r--p 00019000 08:02 8921764                    /usr/lib/x86_64-linux-gnu/libxcb-glx.so.0.0.0
7fd404d86000-7fd404d87000 rw-p 0001b000 08:02 8921764                    /usr/lib/x86_64-linux-gnu/libxcb-glx.so.0.0.0
7fd404d87000-7fd404dfb000 rw-p 00000000 00:00 0 
7fd404dff000-7fd404e01000 r--p 00000000 08:02 8921760                    /usr/lib/x86_64-linux-gnu/libxcb-dri2.so.0.0.0
7fd404e01000-7fd404e03000 r-xp 00002000 08:02 8921760                    /usr/lib/x86_64-linux-gnu/libxcb-dri2.so.0.0.0
7fd404e03000-7fd404e04000 r--p 00004000 08:02 8921760                    /usr/lib/x86_64-linux-gnu/libxcb-dri2.so.0.0.0
7fd404e04000-7fd404e05000 r--p 00004000 08:02 8921760                    /usr/lib/x86_64-linux-gnu/libxcb-dri2.so.0.0.0
7fd404e05000-7fd404e06000 rw-p 00005000 08:02 8921760                    /usr/lib/x86_64-linux-gnu/libxcb-dri2.so.0.0.0
7fd404e06000-7fd404e07000 r--p 00000000 08:02 8920288                    /usr/lib/x86_64-linux-gnu/libX11-xcb.so.1.0.0
7fd404e07000-7fd404e08000 r-xp 00001000 08:02 8920288                    /usr/lib/x86_64-linux-gnu/libX11-xcb.so.1.0.0
7fd404e08000-7fd404e09000 r--p 00002000 08:02 8920288                    /usr/lib/x86_64-linux-gnu/libX11-xcb.so.1.0.0
7fd404e09000-7fd404e0a000 r--p 00002000 08:02 8920288                    /usr/lib/x86_64-linux-gnu/libX11-xcb.so.1.0.0
7fd404e0a000-7fd404e0b000 rw-p 00003000 08:02 8920288                    /usr/lib/x86_64-linux-gnu/libX11-xcb.so.1.0.0
7fd404e0b000-7fd404e10000 r--p 00000000 08:02 8919164                    /usr/lib/x86_64-linux-gnu/libdrm.so.2.4.0
7fd404e10000-7fd404e1b000 r-xp 00005000 08:02 8919164                    /usr/lib/x86_64-linux-gnu/libdrm.so.2.4.0
7fd404e1b000-7fd404e1f000 r--p 00010000 08:02 8919164                    /usr/lib/x86_64-linux-gnu/libdrm.so.2.4.0
7fd404e1f000-7fd404e20000 r--p 00013000 08:02 8919164                    /usr/lib/x86_64-linux-gnu/libdrm.so.2.4.0
7fd404e20000-7fd404e21000 rw-p 00014000 08:02 8919164                    /usr/lib/x86_64-linux-gnu/libdrm.so.2.4.0
7fd404e21000-7fd404e2e000 r--p 00000000 08:02 8919005                    /usr/lib/x86_64-linux-gnu/libglapi.so.0.0.0
7fd404e2e000-7fd404e3c000 r-xp 0000d000 08:02 8919005                    /usr/lib/x86_64-linux-gnu/libglapi.so.0.0.0
7fd404e3c000-7fd404e55000 r--p 0001b000 08:02 8919005                    /usr/lib/x86_64-linux-gnu/libglapi.so.0.0.0
7fd404e55000-7fd404e56000 ---p 00034000 08:02 8919005                    /usr/lib/x86_64-linux-gnu/libglapi.so.0.0.0
7fd404e56000-7fd404e5a000 r--p 00034000 08:02 8919005                    /usr/lib/x86_64-linux-gnu/libglapi.so.0.0.0
7fd404e5a000-7fd404e5b000 rw-p 00038000 08:02 8919005                    /usr/lib/x86_64-linux-gnu/libglapi.so.0.0.0
7fd404e5b000-7fd404e5c000 rw-p 00000000 00:00 0 
7fd404e5c000-7fd404e75000 r--p 00000000 08:02 8919003                    /usr/lib/x86_64-linux-gnu/libGLX_mesa.so.0.0.0
7fd404e75000-7fd404eb9000 r-xp 00019000 08:02 8919003                    /usr/lib/x86_64-linux-gnu/libGLX_mesa.so.0.0.0
7fd404eb9000-7fd404ed0000 r--p 0005d000 08:02 8919003                    /usr/lib/x86_64-linux-gnu/libGLX_mesa.so.0.0.0
7fd404ed0000-7fd404ed3000 r--p 00073000 08:02 8919003                    /usr/lib/x86_64-linux-gnu/libGLX_mesa.so.0.0.0
7fd404ed3000-7fd404ed4000 rw-p 00076000 08:02 8919003                    /usr/lib/x86_64-linux-gnu/libGLX_mesa.so.0.0.0
7fd404ed4000-7fd404ed5000 rw-p 00000000 00:00 0 
7fd404ed5000-7fd405711000 r--p 00000000 08:02 8913049                    /usr/lib/locale/locale-archive
7fd405711000-7fd405712000 r--p 00000000 08:02 8920343                    /usr/lib/x86_64-linux-gnu/libXxf86vm.so.1.0.0
7fd405712000-7fd405715000 r-xp 00001000 08:02 8920343                    /usr/lib/x86_64-linux-gnu/libXxf86vm.so.1.0.0
7fd405715000-7fd405716000 r--p 00004000 08:02 8920343                    /usr/lib/x86_64-linux-gnu/libXxf86vm.so.1.0.0
7fd405716000-7fd405717000 r--p 00004000 08:02 8920343                    /usr/lib/x86_64-linux-gnu/libXxf86vm.so.1.0.0
7fd405717000-7fd405718000 rw-p 00005000 08:02 8920343                    /usr/lib/x86_64-linux-gnu/libXxf86vm.so.1.0.0
7fd405718000-7fd405719000 r--p 00000000 08:02 8920329                    /usr/lib/x86_64-linux-gnu/libXss.so.1.0.0
7fd405719000-7fd40571a000 r-xp 00001000 08:02 8920329                    /usr/lib/x86_64-linux-gnu/libXss.so.1.0.0
7fd40571a000-7fd40571b000 r--p 00002000 08:02 8920329                    /usr/lib/x86_64-linux-gnu/libXss.so.1.0.0
7fd40571b000-7fd40571c000 r--p 00002000 08:02 8920329                    /usr/lib/x86_64-linux-gnu/libXss.so.1.0.0
7fd40571c000-7fd40571d000 rw-p 00003000 08:02 8920329                    /usr/lib/x86_64-linux-gnu/libXss.so.1.0.0
7fd40571d000-7fd40571f000 r--p 00000000 08:02 8920325                    /usr/lib/x86_64-linux-gnu/libXrandr.so.2.2.0
7fd40571f000-7fd405726000 r-xp 00002000 08:02 8920325                    /usr/lib/x86_64-linux-gnu/libXrandr.so.2.2.0
7fd405726000-7fd405728000 r--p 00009000 08:02 8920325                    /usr/lib/x86_64-linux-gnu/libXrandr.so.2.2.0
7fd405728000-7fd405729000 r--p 0000a000 08:02 8920325                    /usr/lib/x86_64-linux-gnu/libXrandr.so.2.2.0
7fd405729000-7fd40572a000 rw-p 0000b000 08:02 8920325                    /usr/lib/x86_64-linux-gnu/libXrandr.so.2.2.0
7fd40572a000-7fd40572c000 r--p 00000000 08:02 8920315                    /usr/lib/x86_64-linux-gnu/libXi.so.6.1.0
7fd40572c000-7fd405737000 r-xp 00002000 08:02 8920315                    /usr/lib/x86_64-linux-gnu/libXi.so.6.1.0
7fd405737000-7fd40573a000 r--p 0000d000 08:02 8920315                    /usr/lib/x86_64-linux-gnu/libXi.so.6.1.0
7fd40573a000-7fd40573b000 r--p 0000f000 08:02 8920315                    /usr/lib/x86_64-linux-gnu/libXi.so.6.1.0
7fd40573b000-7fd40573c000 rw-p 00010000 08:02 8920315                    /usr/lib/x86_64-linux-gnu/libXi.so.6.1.0
7fd40573c000-7fd40573d000 r--p 00000000 08:02 8920317                    /usr/lib/x86_64-linux-gnu/libXinerama.so.1.0.0
7fd40573d000-7fd40573e000 r-xp 00001000 08:02 8920317                    /usr/lib/x86_64-linux-gnu/libXinerama.so.1.0.0
7fd40573e000-7fd40573f000 r--p 00002000 08:02 8920317                    /usr/lib/x86_64-linux-gnu/libXinerama.so.1.0.0
7fd40573f000-7fd405740000 r--p 00002000 08:02 8920317                    /usr/lib/x86_64-linux-gnu/libXinerama.so.1.0.0
7fd405740000-7fd405741000 rw-p 00003000 08:02 8920317                    /usr/lib/x86_64-linux-gnu/libXinerama.so.1.0.0
7fd405741000-7fd405743000 r--p 00000000 08:02 8920309                    /usr/lib/x86_64-linux-gnu/libXfixes.so.3.1.0
7fd405743000-7fd405746000 r-xp 00002000 08:02 8920309                    /usr/lib/x86_64-linux-gnu/libXfixes.so.3.1.0
7fd405746000-7fd405747000 r--p 00005000 08:02 8920309                    /usr/lib/x86_64-linux-gnu/libXfixes.so.3.1.0
7fd405747000-7fd405748000 r--p 00005000 08:02 8920309                    /usr/lib/x86_64-linux-gnu/libXfixes.so.3.1.0
7fd405748000-7fd405749000 rw-p 00006000 08:02 8920309                    /usr/lib/x86_64-linux-gnu/libXfixes.so.3.1.0
7fd405749000-7fd405752000 r-xp 00000000 08:02 8920327                    /usr/lib/x86_64-linux-gnu/libXrender.so.1.3.0
7fd405752000-7fd405951000 ---p 00009000 08:02 8920327                    /usr/lib/x86_64-linux-gnu/libXrender.so.1.3.0
7fd405951000-7fd405952000 r--p 00008000 08:02 8920327                    /usr/lib/x86_64-linux-gnu/libXrender.so.1.3.0
7fd405952000-7fd405953000 rw-p 00009000 08:02 8920327                    /usr/lib/x86_64-linux-gnu/libXrender.so.1.3.0
7fd405953000-7fd405956000 r--p 00000000 08:02 8920301                    /usr/lib/x86_64-linux-gnu/libXcursor.so.1.0.2
7fd405956000-7fd40595c000 r-xp 00003000 08:02 8920301                    /usr/lib/x86_64-linux-gnu/libXcursor.so.1.0.2
7fd40595c000-7fd40595e000 r--p 00009000 08:02 8920301                    /usr/lib/x86_64-linux-gnu/libXcursor.so.1.0.2
7fd40595e000-7fd40595f000 r--p 0000a000 08:02 8920301                    /usr/lib/x86_64-linux-gnu/libXcursor.so.1.0.2
7fd40595f000-7fd405960000 rw-p 0000b000 08:02 8920301                    /usr/lib/x86_64-linux-gnu/libXcursor.so.1.0.2
7fd405960000-7fd405964000 r--p 00000000 08:02 8920307                    /usr/lib/x86_64-linux-gnu/libXext.so.6.4.0
7fd405964000-7fd40596f000 r-xp 00004000 08:02 8920307                    /usr/lib/x86_64-linux-gnu/libXext.so.6.4.0
7fd40596f000-7fd405973000 r--p 0000f000 08:02 8920307                    /usr/lib/x86_64-linux-gnu/libXext.so.6.4.0
7fd405973000-7fd405974000 r--p 00012000 08:02 8920307                    /usr/lib/x86_64-linux-gnu/libXext.so.6.4.0
7fd405974000-7fd405975000 rw-p 00013000 08:02 8920307                    /usr/lib/x86_64-linux-gnu/libXext.so.6.4.0
7fd405975000-7fd405976000 ---p 00000000 00:00 0 
7fd405976000-7fd406176000 rw-p 00000000 00:00 0 
7fd406176000-7fd406177000 ---p 00000000 00:00 0 
7fd406177000-7fd40697d000 rw-p 00000000 00:00 0 
7fd40697d000-7fd406981000 r--p 00000000 08:02 8920463                    /usr/lib/x86_64-linux-gnu/libbsd.so.0.10.0
7fd406981000-7fd406990000 r-xp 00004000 08:02 8920463                    /usr/lib/x86_64-linux-gnu/libbsd.so.0.10.0
7fd406990000-7fd406993000 r--p 00013000 08:02 8920463                    /usr/lib/x86_64-linux-gnu/libbsd.so.0.10.0
7fd406993000-7fd406994000 ---p 00016000 08:02 8920463                    /usr/lib/x86_64-linux-gnu/libbsd.so.0.10.0
7fd406994000-7fd406995000 r--p 00016000 08:02 8920463                    /usr/lib/x86_64-linux-gnu/libbsd.so.0.10.0
7fd406995000-7fd406996000 rw-p 00017000 08:02 8920463                    /usr/lib/x86_64-linux-gnu/libbsd.so.0.10.0
7fd406996000-7fd406997000 rw-p 00000000 00:00 0 
7fd406997000-7fd406999000 r--p 00000000 08:02 8920305                    /usr/lib/x86_64-linux-gnu/libXdmcp.so.6.0.0
7fd406999000-7fd40699b000 r-xp 00002000 08:02 8920305                    /usr/lib/x86_64-linux-gnu/libXdmcp.so.6.0.0
7fd40699b000-7fd40699d000 r--p 00004000 08:02 8920305                    /usr/lib/x86_64-linux-gnu/libXdmcp.so.6.0.0
7fd40699d000-7fd40699e000 r--p 00005000 08:02 8920305                    /usr/lib/x86_64-linux-gnu/libXdmcp.so.6.0.0
7fd40699e000-7fd40699f000 rw-p 00006000 08:02 8920305                    /usr/lib/x86_64-linux-gnu/libXdmcp.so.6.0.0
7fd40699f000-7fd4069a0000 r--p 00000000 08:02 8920294                    /usr/lib/x86_64-linux-gnu/libXau.so.6.0.0
7fd4069a0000-7fd4069a2000 r-xp 00001000 08:02 8920294                    /usr/lib/x86_64-linux-gnu/libXau.so.6.0.0
7fd4069a2000-7fd4069a3000 r--p 00003000 08:02 8920294                    /usr/lib/x86_64-linux-gnu/libXau.so.6.0.0
7fd4069a3000-7fd4069a4000 r--p 00003000 08:02 8920294                    /usr/lib/x86_64-linux-gnu/libXau.so.6.0.0
7fd4069a4000-7fd4069a5000 rw-p 00004000 08:02 8920294                    /usr/lib/x86_64-linux-gnu/libXau.so.6.0.0
7fd4069a5000-7fd4069b0000 r--p 00000000 08:02 8921796                    /usr/lib/x86_64-linux-gnu/libxcb.so.1.1.0
7fd4069b0000-7fd4069c4000 r-xp 0000b000 08:02 8921796                    /usr/lib/x86_64-linux-gnu/libxcb.so.1.1.0
7fd4069c4000-7fd4069cd000 r--p 0001f000 08:02 8921796                    /usr/lib/x86_64-linux-gnu/libxcb.so.1.1.0
7fd4069cd000-7fd4069ce000 r--p 00027000 08:02 8921796                    /usr/lib/x86_64-linux-gnu/libxcb.so.1.1.0
7fd4069ce000-7fd4069cf000 rw-p 00028000 08:02 8921796                    /usr/lib/x86_64-linux-gnu/libxcb.so.1.1.0
7fd4069cf000-7fd4069e7000 r--p 00000000 08:02 8920290                    /usr/lib/x86_64-linux-gnu/libX11.so.6.3.0
7fd4069e7000-7fd406a72000 r-xp 00018000 08:02 8920290                    /usr/lib/x86_64-linux-gnu/libX11.so.6.3.0
7fd406a72000-7fd406b06000 r--p 000a3000 08:02 8920290                    /usr/lib/x86_64-linux-gnu/libX11.so.6.3.0
7fd406b06000-7fd406b07000 ---p 00137000 08:02 8920290                    /usr/lib/x86_64-linux-gnu/libX11.so.6.3.0
7fd406b07000-7fd406b08000 r--p 00137000 08:02 8920290                    /usr/lib/x86_64-linux-gnu/libX11.so.6.3.0
7fd406b08000-7fd406b0c000 rw-p 00138000 08:02 8920290                    /usr/lib/x86_64-linux-gnu/libX11.so.6.3.0
7fd406b0c000-7fd406b0e000 rw-p 00000000 00:00 0 
7fd406b0e000-7fd406b11000 r--p 00000000 08:02 8915341                    /usr/lib/x86_64-linux-gnu/libGLX.so.0.0.0
7fd406b11000-7fd406b2c000 r-xp 00003000 08:02 8915341                    /usr/lib/x86_64-linux-gnu/libGLX.so.0.0.0
7fd406b2c000-7fd406b30000 r--p 0001e000 08:02 8915341                    /usr/lib/x86_64-linux-gnu/libGLX.so.0.0.0
7fd406b30000-7fd406b31000 r--p 00021000 08:02 8915341                    /usr/lib/x86_64-linux-gnu/libGLX.so.0.0.0
7fd406b31000-7fd406b32000 rw-p 00022000 08:02 8915341                    /usr/lib/x86_64-linux-gnu/libGLX.so.0.0.0
7fd406b32000-7fd406b42000 rw-p 00000000 00:00 0 
7fd406b42000-7fd406b82000 r--p 00000000 08:02 8920253                    /usr/lib/x86_64-linux-gnu/libGLdispatch.so.0.0.0
7fd406b82000-7fd406bc1000 r-xp 00040000 08:02 8920253                    /usr/lib/x86_64-linux-gnu/libGLdispatch.so.0.0.0
7fd406bc1000-7fd406bd5000 r--p 0007f000 08:02 8920253                    /usr/lib/x86_64-linux-gnu/libGLdispatch.so.0.0.0
7fd406bd5000-7fd406bf1000 r--p 00092000 08:02 8920253                    /usr/lib/x86_64-linux-gnu/libGLdispatch.so.0.0.0
7fd406bf1000-7fd406bf2000 rw-p 000ae000 08:02 8920253                    /usr/lib/x86_64-linux-gnu/libGLdispatch.so.0.0.0
7fd406bf2000-7fd406bfa000 rw-p 00000000 00:00 0 
7fd406bfa000-7fd406bfc000 r--p 00000000 08:02 8914197                    /usr/lib/x86_64-linux-gnu/librt-2.31.so
7fd406bfc000-7fd406c00000 r-xp 00002000 08:02 8914197                    /usr/lib/x86_64-linux-gnu/librt-2.31.so
7fd406c00000-7fd406c02000 r--p 00006000 08:02 8914197                    /usr/lib/x86_64-linux-gnu/librt-2.31.so
7fd406c02000-7fd406c03000 r--p 00007000 08:02 8914197                    /usr/lib/x86_64-linux-gnu/librt-2.31.so
7fd406c03000-7fd406c04000 rw-p 00008000 08:02 8914197                    /usr/lib/x86_64-linux-gnu/librt-2.31.so
7fd406c04000-7fd406c05000 r--p 00000000 08:02 8913979                    /usr/lib/x86_64-linux-gnu/libdl-2.31.so
7fd406c05000-7fd406c07000 r-xp 00001000 08:02 8913979                    /usr/lib/x86_64-linux-gnu/libdl-2.31.so
7fd406c07000-7fd406c08000 r--p 00003000 08:02 8913979                    /usr/lib/x86_64-linux-gnu/libdl-2.31.so
7fd406c08000-7fd406c09000 r--p 00003000 08:02 8913979                    /usr/lib/x86_64-linux-gnu/libdl-2.31.so
7fd406c09000-7fd406c0a000 rw-p 00004000 08:02 8913979                    /usr/lib/x86_64-linux-gnu/libdl-2.31.so
7fd406c0a000-7fd406c4d000 r--p 00000000 08:02 8915339                    /usr/lib/x86_64-linux-gnu/libGL.so.1.7.0
7fd406c4d000-7fd406c6d000 r-xp 00043000 08:02 8915339                    /usr/lib/x86_64-linux-gnu/libGL.so.1.7.0
7fd406c6d000-7fd406c82000 r--p 00063000 08:02 8915339                    /usr/lib/x86_64-linux-gnu/libGL.so.1.7.0
7fd406c82000-7fd406c90000 r--p 00077000 08:02 8915339                    /usr/lib/x86_64-linux-gnu/libGL.so.1.7.0
7fd406c90000-7fd406c91000 rw-p 00085000 08:02 8915339                    /usr/lib/x86_64-linux-gnu/libGL.so.1.7.0
7fd406c91000-7fd406c92000 rw-p 00000000 00:00 0 
7fd406c92000-7fd406cb4000 r--p 00000000 08:02 8913928                    /usr/lib/x86_64-linux-gnu/libc-2.31.so
7fd406cb4000-7fd406e2c000 r-xp 00022000 08:02 8913928                    /usr/lib/x86_64-linux-gnu/libc-2.31.so
7fd406e2c000-7fd406e7a000 r--p 0019a000 08:02 8913928                    /usr/lib/x86_64-linux-gnu/libc-2.31.so
7fd406e7a000-7fd406e7e000 r--p 001e7000 08:02 8913928                    /usr/lib/x86_64-linux-gnu/libc-2.31.so
7fd406e7e000-7fd406e80000 rw-p 001eb000 08:02 8913928                    /usr/lib/x86_64-linux-gnu/libc-2.31.so
7fd406e80000-7fd406e86000 rw-p 00000000 00:00 0 
7fd406e86000-7fd406e8c000 r--p 00000000 08:02 8914147                    /usr/lib/x86_64-linux-gnu/libpthread-2.31.so
7fd406e8c000-7fd406e9d000 r-xp 00006000 08:02 8914147                    /usr/lib/x86_64-linux-gnu/libpthread-2.31.so
7fd406e9d000-7fd406ea3000 r--p 00017000 08:02 8914147                    /usr/lib/x86_64-linux-gnu/libpthread-2.31.so
7fd406ea3000-7fd406ea4000 r--p 0001c000 08:02 8914147                    /usr/lib/x86_64-linux-gnu/libpthread-2.31.so
7fd406ea4000-7fd406ea5000 rw-p 0001d000 08:02 8914147                    /usr/lib/x86_64-linux-gnu/libpthread-2.31.so
7fd406ea5000-7fd406ea9000 rw-p 00000000 00:00 0 
7fd406ea9000-7fd406eac000 r--p 00000000 08:02 8920760                    /usr/lib/x86_64-linux-gnu/libgcc_s.so.1
7fd406eac000-7fd406ebe000 r-xp 00003000 08:02 8920760                    /usr/lib/x86_64-linux-gnu/libgcc_s.so.1
7fd406ebe000-7fd406ec2000 r--p 00015000 08:02 8920760                    /usr/lib/x86_64-linux-gnu/libgcc_s.so.1
7fd406ec2000-7fd406ec3000 r--p 00018000 08:02 8920760                    /usr/lib/x86_64-linux-gnu/libgcc_s.so.1
7fd406ec3000-7fd406ec4000 rw-p 00019000 08:02 8920760                    /usr/lib/x86_64-linux-gnu/libgcc_s.so.1
7fd406ec4000-7fd406ed1000 r--p 00000000 08:02 8913984                    /usr/lib/x86_64-linux-gnu/libm-2.31.so
7fd406ed1000-7fd406f78000 r-xp 0000d000 08:02 8913984                    /usr/lib/x86_64-linux-gnu/libm-2.31.so
7fd406f78000-7fd407011000 r--p 000b4000 08:02 8913984                    /usr/lib/x86_64-linux-gnu/libm-2.31.so
7fd407011000-7fd407012000 r--p 0014c000 08:02 8913984                    /usr/lib/x86_64-linux-gnu/libm-2.31.so
7fd407012000-7fd407013000 rw-p 0014d000 08:02 8913984                    /usr/lib/x86_64-linux-gnu/libm-2.31.so
7fd407017000-7fd407021000 rw-p 00000000 00:00 0 
7fd407021000-7fd407026000 r--p 00000000 08:02 8914086                    /usr/lib/x86_64-linux-gnu/libudev.so.1.6.17
7fd407026000-7fd407042000 r-xp 00005000 08:02 8914086                    /usr/lib/x86_64-linux-gnu/libudev.so.1.6.17
7fd407042000-7fd40704c000 r--p 00021000 08:02 8914086                    /usr/lib/x86_64-linux-gnu/libudev.so.1.6.17
7fd40704c000-7fd40704d000 r--p 0002a000 08:02 8914086                    /usr/lib/x86_64-linux-gnu/libudev.so.1.6.17
7fd40704d000-7fd40704e000 rw-p 0002b000 08:02 8914086                    /usr/lib/x86_64-linux-gnu/libudev.so.1.6.17
7fd40704e000-7fd407055000 r--s 00000000 08:02 9579809                    /usr/lib/x86_64-linux-gnu/gconv/gconv-modules.cache
7fd407055000-7fd407056000 rwxp 00000000 00:00 0 
7fd407056000-7fd407057000 rw-s 00000000 00:1a 26985                      /dev/shm/mono.35886
7fd407057000-7fd407c8f000 r--p 00000000 08:02 1858987                    /home/andrei/Duaro_ws/Unity_env/exe-env/env8/UnityPlayer.so
7fd407c8f000-7fd409cef000 r-xp 00c38000 08:02 1858987                    /home/andrei/Duaro_ws/Unity_env/exe-env/env8/UnityPlayer.so
7fd409cef000-7fd409e13000 r--p 02c98000 08:02 1858987                    /home/andrei/Duaro_ws/Unity_env/exe-env/env8/UnityPlayer.so
7fd409e13000-7fd409e57000 rw-p 02dbc000 08:02 1858987                    /home/andrei/Duaro_ws/Unity_env/exe-env/env8/UnityPlayer.so
7fd409e57000-7fd409fbf000 rw-p 00000000 00:00 0 
7fd409fbf000-7fd40a012000 r--p 00000000 08:02 8923676                    /usr/lib/x86_64-linux-gnu/libGLEW.so.2.1.0
7fd40a012000-7fd40a040000 r-xp 00053000 08:02 8923676                    /usr/lib/x86_64-linux-gnu/libGLEW.so.2.1.0
7fd40a040000-7fd40a058000 r--p 00081000 08:02 8923676                    /usr/lib/x86_64-linux-gnu/libGLEW.so.2.1.0
7fd40a058000-7fd40a063000 r--p 00098000 08:02 8923676                    /usr/lib/x86_64-linux-gnu/libGLEW.so.2.1.0
7fd40a063000-7fd40a064000 rw-p 000a3000 08:02 8923676                    /usr/lib/x86_64-linux-gnu/libGLEW.so.2.1.0
7fd40a064000-7fd40a06b000 rw-p 00000000 00:00 0 
7fd40a06b000-7fd40a06c000 r--p 00000000 08:02 8913556                    /usr/lib/x86_64-linux-gnu/ld-2.31.so
7fd40a06c000-7fd40a08f000 r-xp 00001000 08:02 8913556                    /usr/lib/x86_64-linux-gnu/ld-2.31.so
7fd40a08f000-7fd40a097000 r--p 00024000 08:02 8913556                    /usr/lib/x86_64-linux-gnu/ld-2.31.so
7fd40a097000-7fd40a098000 rw-s 117d19000 00:05 707                       /dev/dri/renderD128
7fd40a098000-7fd40a099000 r--p 0002c000 08:02 8913556                    /usr/lib/x86_64-linux-gnu/ld-2.31.so
7fd40a099000-7fd40a09a000 rw-p 0002d000 08:02 8913556                    /usr/lib/x86_64-linux-gnu/ld-2.31.so
7fd40a09a000-7fd40a09b000 rw-p 00000000 00:00 0 
7ffd7a5b9000-7ffd7a5c1000 ---p 00000000 00:00 0 
7ffd7ad96000-7ffd7adb8000 rw-p 00000000 00:00 0                          [stack]
7ffd7adbe000-7ffd7adc2000 r--p 00000000 00:00 0                          [vvar]
7ffd7adc2000-7ffd7adc4000 r-xp 00000000 00:00 0                          [vdso]
ffffffffff600000-ffffffffff601000 --xp 00000000 00:00 0                  [vsyscall]

Native stacktrace:

	/home/andrei/Duaro_ws/Unity_env/exe-env/env8/env8_Data/MonoBleedingEdge/x86_64/libmonobdwgc-2.0.so(+0xd8194) [0x7fd3297a1194]
	/home/andrei/Duaro_ws/Unity_env/exe-env/env8/env8_Data/MonoBleedingEdge/x86_64/libmonobdwgc-2.0.so(+0x5bf37) [0x7fd329724f37]
	/lib/x86_64-linux-gnu/libpthread.so.0(+0x143c0) [0x7fd406e9a3c0]
	/home/andrei/Duaro_ws/Unity_env/exe-env/env8/UnityPlayer.so(+0x19a87a8) [0x7fd4089ff7a8]
	/home/andrei/Duaro_ws/Unity_env/exe-env/env8/UnityPlayer.so(+0x12e18c7) [0x7fd4083388c7]
	/home/andrei/Duaro_ws/Unity_env/exe-env/env8/UnityPlayer.so(+0x12e243d) [0x7fd40833943d]
	/home/andrei/Duaro_ws/Unity_env/exe-env/env8/UnityPlayer.so(+0x12d2def) [0x7fd408329def]
	/home/andrei/Duaro_ws/Unity_env/exe-env/env8/UnityPlayer.so(+0x12d158e) [0x7fd40832858e]
	/home/andrei/Duaro_ws/Unity_env/exe-env/env8/UnityPlayer.so(+0x12f87c7) [0x7fd40834f7c7]
	/home/andrei/Duaro_ws/Unity_env/exe-env/env8/UnityPlayer.so(+0x1d33947) [0x7fd408d8a947]
	/home/andrei/Duaro_ws/Unity_env/exe-env/env8/UnityPlayer.so(+0x1d33887) [0x7fd408d8a887]
	/home/andrei/Duaro_ws/Unity_env/exe-env/env8/UnityPlayer.so(+0x28a0604) [0x7fd4098f7604]
	/lib/x86_64-linux-gnu/libpthread.so.0(+0x8609) [0x7fd406e8e609]
	/lib/x86_64-linux-gnu/libc.so.6(clone+0x43) [0x7fd406db1163]

Debug info from gdb:

Caught fatal signal - signo:11 code:1 errno:0 addr:0x28
Obtained 12 stack frames.
#0  0x007fd406e9a3c0 in funlockfile
#1  0x007fd4089ff7a8 in AtomicStack::Pop()
#2  0x007fd4083388c7 in BucketAllocator::Allocate(unsigned long, int)
#3  0x007fd40833943d in DualThreadAllocator<DynamicHeapAllocator>::Allocate(unsigned long, int)
#4  0x007fd408329def in MemoryManager::Allocate(unsigned long, unsigned long, MemLabelId const&, AllocateOptions, char const*, int)
#5  0x007fd40832858e in operator new(unsigned long, MemLabelId const&, unsigned long, char const*, int)
#6  0x007fd40834f7c7 in TLSAllocator::ThreadInitialize(unsigned long)
#7  0x007fd408d8a947 in AudioManager::EngineThreadStarted(char const*)
#8  0x007fd408d8a887 in AudioManager::systemCallback(FMOD_SYSTEM*, FMOD_SYSTEM_CALLBACKTYPE, void*, void*)
#9  0x007fd4098f7604 in FMOD::Thread::callback(void*)
#10 0x007fd406e8e609 in start_thread
#11 0x007fd406db1163 in clone
/tmp/mono-gdb-commands.yxNyxe:1: Error in sourced command file:
Unable to attach: program terminated with signal SIGSEGV, Segmentation fault.
