Mono path[0] = '/home/andrei/Duaro_ws/Unity_env/exe-env/env8/env8_Data/Managed'
Mono config path = '/home/andrei/Duaro_ws/Unity_env/exe-env/env8/env8_Data/MonoBleedingEdge/etc'
PlayerConnection initialized from /home/andrei/Duaro_ws/Unity_env/exe-env/env8/env8_Data (debug = 0)
PlayerConnection initialized network socket : 0.0.0.0 55358
Multi-casting "[IP] 172.26.51.175 [Port] 55358 [Flags] 2 [Guid] 2217988377 [EditorId] 4113913451 [Version] 1048832 [Id] LinuxPlayer(172.26.51.175) [Debug] 0 [PackageName] LinuxPlayer [ProjectName] Duaro" to [225.0.0.222:54997]...
Started listening to [0.0.0.0:55358]
Preloaded 'lib_burst_generated.so'
Preloaded 'libassimp.so'
Preloaded 'libgrpc_csharp_ext.x64.so'
Preloaded 'liblibvhacd.so'
PlayerConnection already initialized - listening to [0.0.0.0:55358]
Initialize engine version: 2020.3.29f1 (2ff179115da0)
[Subsystems] Discovering subsystems at path /home/andrei/Duaro_ws/Unity_env/exe-env/env8/env8_Data/UnitySubsystems
Forcing GfxDevice: Null
GfxDevice: creating device client; threaded=0
NullGfxDevice:
    Version:  NULL 1.0 [1.0]
    Renderer: Null Device
    Vendor:   Unity Technologies
ALSA lib pcm_dmix.c:1089:(snd_pcm_dmix_open) unable to open slave
FMOD failed to initialize the output device.: "Error initializing output device. " (60)
Forced to initialize FMOD to to the device driver's system output rate 48000, this may impact performance and/or give inconsistent experiences compared to selected sample rate 48000
ALSA lib pcm_dmix.c:1089:(snd_pcm_dmix_open) unable to open slave
FMOD failed to initialize the output device.: "Error initializing output device. " (60)
FMOD initialized on nosound output
Caught fatal signal - signo:11 code:1 errno:0 addr:0x28
/proc/self/maps:
00200000-00201000 r--p 00000000 08:02 1859291                            /home/andrei/Duaro_ws/Unity_env/exe-env/env8/env8.x86_64
00201000-00202000 r-xp 00001000 08:02 1859291                            /home/andrei/Duaro_ws/Unity_env/exe-env/env8/env8.x86_64
00202000-00203000 r--p 00002000 08:02 1859291                            /home/andrei/Duaro_ws/Unity_env/exe-env/env8/env8.x86_64
00203000-00204000 rw-p 00003000 08:02 1859291                            /home/andrei/Duaro_ws/Unity_env/exe-env/env8/env8.x86_64
01fcb000-023fb000 rw-p 00000000 00:00 0                                  [heap]
415b7000-415c7000 rwxp 00000000 00:00 0 
419de000-419ee000 rwxp 00000000 00:00 0 
7f7430000000-7f7431000000 rw-p 00000000 00:00 0 
7f7431000000-7f7440000000 ---p 00000000 00:00 0 
7f7448000000-7f7448021000 rw-p 00000000 00:00 0 
7f7448021000-7f744c000000 ---p 00000000 00:00 0 
7f744eafa000-7f744eafb000 ---p 00000000 00:00 0 
7f744eafb000-7f744ebfb000 rw-p 00000000 00:00 0 
7f744ebfb000-7f744ec25000 r--p 00000000 08:02 8915485                    /usr/lib/x86_64-linux-gnu/libasound.so.2.0.0
7f744ec25000-7f744ecb4000 r-xp 0002a000 08:02 8915485                    /usr/lib/x86_64-linux-gnu/libasound.so.2.0.0
7f744ecb4000-7f744ecee000 r--p 000b9000 08:02 8915485                    /usr/lib/x86_64-linux-gnu/libasound.so.2.0.0
7f744ecee000-7f744ecf5000 r--p 000f2000 08:02 8915485                    /usr/lib/x86_64-linux-gnu/libasound.so.2.0.0
7f744ecf5000-7f744ecf6000 rw-p 000f9000 08:02 8915485                    /usr/lib/x86_64-linux-gnu/libasound.so.2.0.0
7f744ecf6000-7f744ecfa000 r--p 00000000 08:02 8920851                    /usr/lib/x86_64-linux-gnu/libgpg-error.so.0.28.0
7f744ecfa000-7f744ed0d000 r-xp 00004000 08:02 8920851                    /usr/lib/x86_64-linux-gnu/libgpg-error.so.0.28.0
7f744ed0d000-7f744ed17000 r--p 00017000 08:02 8920851                    /usr/lib/x86_64-linux-gnu/libgpg-error.so.0.28.0
7f744ed17000-7f744ed18000 r--p 00020000 08:02 8920851                    /usr/lib/x86_64-linux-gnu/libgpg-error.so.0.28.0
7f744ed18000-7f744ed19000 rw-p 00021000 08:02 8920851                    /usr/lib/x86_64-linux-gnu/libgpg-error.so.0.28.0
7f744ed19000-7f744ed1d000 r--p 00000000 08:02 8914186                    /usr/lib/x86_64-linux-gnu/libresolv-2.31.so
7f744ed1d000-7f744ed2d000 r-xp 00004000 08:02 8914186                    /usr/lib/x86_64-linux-gnu/libresolv-2.31.so
7f744ed2d000-7f744ed31000 r--p 00014000 08:02 8914186                    /usr/lib/x86_64-linux-gnu/libresolv-2.31.so
7f744ed31000-7f744ed32000 r--p 00017000 08:02 8914186                    /usr/lib/x86_64-linux-gnu/libresolv-2.31.so
7f744ed32000-7f744ed33000 rw-p 00018000 08:02 8914186                    /usr/lib/x86_64-linux-gnu/libresolv-2.31.so
7f744ed33000-7f744ed35000 rw-p 00000000 00:00 0 
7f744ed35000-7f744ed49000 r--p 00000000 08:02 8921695                    /usr/lib/x86_64-linux-gnu/libvorbisenc.so.2.0.11
7f744ed49000-7f744ed4c000 r-xp 00014000 08:02 8921695                    /usr/lib/x86_64-linux-gnu/libvorbisenc.so.2.0.11
7f744ed4c000-7f744edc3000 r--p 00017000 08:02 8921695                    /usr/lib/x86_64-linux-gnu/libvorbisenc.so.2.0.11
7f744edc3000-7f744eddf000 r--p 0008d000 08:02 8921695                    /usr/lib/x86_64-linux-gnu/libvorbisenc.so.2.0.11
7f744eddf000-7f744ede0000 rw-p 000a9000 08:02 8921695                    /usr/lib/x86_64-linux-gnu/libvorbisenc.so.2.0.11
7f744ede0000-7f744ede5000 r-xp 00000000 08:02 8920382                    /usr/lib/x86_64-linux-gnu/libasyncns.so.0.3.1
7f744ede5000-7f744efe4000 ---p 00005000 08:02 8920382                    /usr/lib/x86_64-linux-gnu/libasyncns.so.0.3.1
7f744efe4000-7f744efe5000 r--p 00004000 08:02 8920382                    /usr/lib/x86_64-linux-gnu/libasyncns.so.0.3.1
7f744efe5000-7f744efe6000 rw-p 00005000 08:02 8920382                    /usr/lib/x86_64-linux-gnu/libasyncns.so.0.3.1
7f744efe6000-7f744efe7000 ---p 00000000 00:00 0 
7f744efe7000-7f744f7e7000 rw-p 00000000 00:00 0 
7f744f7e7000-7f744f7e8000 ---p 00000000 00:00 0 
7f744f7e8000-7f744ffe8000 rw-p 00000000 00:00 0 
7f744ffe8000-7f744ffe9000 ---p 00000000 00:00 0 
7f744ffe9000-7f74507e9000 rw-p 00000000 00:00 0 
7f74507e9000-7f74507ea000 ---p 00000000 00:00 0 
7f74507ea000-7f7450fea000 rw-p 00000000 00:00 0 
7f7450fea000-7f7450feb000 ---p 00000000 00:00 0 
7f7450feb000-7f74517eb000 rw-p 00000000 00:00 0 
7f74517eb000-7f74517ec000 ---p 00000000 00:00 0 
7f74517ec000-7f7451fec000 rw-p 00000000 00:00 0 
7f7451fec000-7f7451fed000 ---p 00000000 00:00 0 
7f7451fed000-7f74527ed000 rw-p 00000000 00:00 0 
7f74527ed000-7f74527ee000 ---p 00000000 00:00 0 
7f74527ee000-7f7452fee000 rw-p 00000000 00:00 0 
7f7452fee000-7f7452fef000 ---p 00000000 00:00 0 
7f7452fef000-7f74537ef000 rw-p 00000000 00:00 0 
7f74537ef000-7f74537f0000 ---p 00000000 00:00 0 
7f74537f0000-7f7453ff0000 rw-p 00000000 00:00 0 
7f7453ff0000-7f7453ff1000 ---p 00000000 00:00 0 
7f7453ff1000-7f74547f1000 rw-p 00000000 00:00 0 
7f74547f1000-7f74547f2000 ---p 00000000 00:00 0 
7f74547f2000-7f7454ff2000 rw-p 00000000 00:00 0 
7f7454ff2000-7f7454ff3000 ---p 00000000 00:00 0 
7f7454ff3000-7f74557f3000 rw-p 00000000 00:00 0 
7f74557f3000-7f74557f4000 ---p 00000000 00:00 0 
7f74557f4000-7f7455ff4000 rw-p 00000000 00:00 0 
7f7455ff4000-7f7455ff5000 ---p 00000000 00:00 0 
7f7455ff5000-7f74567f5000 rw-p 00000000 00:00 0 
7f74567f5000-7f74567f6000 ---p 00000000 00:00 0 
7f74567f6000-7f7456ff6000 rw-p 00000000 00:00 0 
7f7456ff6000-7f7456ff7000 ---p 00000000 00:00 0 
7f7456ff7000-7f74577f7000 rw-p 00000000 00:00 0 
7f74577f7000-7f74577f8000 ---p 00000000 00:00 0 
7f74577f8000-7f7457ff8000 rw-p 00000000 00:00 0 
7f7457ff8000-7f7457ff9000 ---p 00000000 00:00 0 
7f7457ff9000-7f74587f9000 rw-p 00000000 00:00 0 
7f74587f9000-7f74587fa000 ---p 00000000 00:00 0 
7f74587fa000-7f7458ffa000 rw-p 00000000 00:00 0 
7f7458ffa000-7f7458ffb000 ---p 00000000 00:00 0 
7f7458ffb000-7f74597fb000 rw-p 00000000 00:00 0 
7f74597fb000-7f74597fc000 ---p 00000000 00:00 0 
7f74597fc000-7f7459ffc000 rw-p 00000000 00:00 0 
7f7459ffc000-7f7459ffd000 ---p 00000000 00:00 0 
7f7459ffd000-7f745a7fd000 rw-p 00000000 00:00 0 
7f745a7fd000-7f745a7fe000 ---p 00000000 00:00 0 
7f745a7fe000-7f745affe000 rw-p 00000000 00:00 0 
7f745affe000-7f745afff000 ---p 00000000 00:00 0 
7f745afff000-7f745b7ff000 rw-p 00000000 00:00 0 
7f745b7ff000-7f745b800000 ---p 00000000 00:00 0 
7f745b800000-7f745c000000 rw-p 00000000 00:00 0 
7f745c000000-7f745c021000 rw-p 00000000 00:00 0 
7f745c021000-7f7460000000 ---p 00000000 00:00 0 
7f7460000000-7f7460021000 rw-p 00000000 00:00 0 
7f7460021000-7f7464000000 ---p 00000000 00:00 0 
7f7464000000-7f7464021000 rw-p 00000000 00:00 0 
7f7464021000-7f7468000000 ---p 00000000 00:00 0 
7f7468000000-7f7468021000 rw-p 00000000 00:00 0 
7f7468021000-7f746c000000 ---p 00000000 00:00 0 
7f746c000000-7f746c021000 rw-p 00000000 00:00 0 
7f746c021000-7f7470000000 ---p 00000000 00:00 0 
7f7470000000-7f7470021000 rw-p 00000000 00:00 0 
7f7470021000-7f7474000000 ---p 00000000 00:00 0 
7f7474000000-7f7474021000 rw-p 00000000 00:00 0 
7f7474021000-7f7478000000 ---p 00000000 00:00 0 
7f747800d000-7f7478010000 r--p 00000000 08:02 8921693                    /usr/lib/x86_64-linux-gnu/libvorbis.so.0.4.8
7f7478010000-7f7478027000 r-xp 00003000 08:02 8921693                    /usr/lib/x86_64-linux-gnu/libvorbis.so.0.4.8
7f7478027000-7f7478038000 r--p 0001a000 08:02 8921693                    /usr/lib/x86_64-linux-gnu/libvorbis.so.0.4.8
7f7478038000-7f7478039000 ---p 0002b000 08:02 8921693                    /usr/lib/x86_64-linux-gnu/libvorbis.so.0.4.8
7f7478039000-7f747803a000 r--p 0002b000 08:02 8921693                    /usr/lib/x86_64-linux-gnu/libvorbis.so.0.4.8
7f747803a000-7f747803b000 rw-p 0002c000 08:02 8921693                    /usr/lib/x86_64-linux-gnu/libvorbis.so.0.4.8
7f747803b000-7f7478043000 r--p 00000000 08:02 8920258                    /usr/lib/x86_64-linux-gnu/libFLAC.so.8.3.0
7f7478043000-7f747806c000 r-xp 00008000 08:02 8920258                    /usr/lib/x86_64-linux-gnu/libFLAC.so.8.3.0
7f747806c000-7f7478076000 r--p 00031000 08:02 8920258                    /usr/lib/x86_64-linux-gnu/libFLAC.so.8.3.0
7f7478076000-7f7478077000 ---p 0003b000 08:02 8920258                    /usr/lib/x86_64-linux-gnu/libFLAC.so.8.3.0
7f7478077000-7f7478078000 r--p 0003b000 08:02 8920258                    /usr/lib/x86_64-linux-gnu/libFLAC.so.8.3.0
7f7478078000-7f7478079000 rw-p 0003c000 08:02 8920258                    /usr/lib/x86_64-linux-gnu/libFLAC.so.8.3.0
7f7478079000-7f747807d000 r--p 00000000 08:02 8914027                    /usr/lib/x86_64-linux-gnu/libnsl-2.31.so
7f747807d000-7f747808d000 r-xp 00004000 08:02 8914027                    /usr/lib/x86_64-linux-gnu/libnsl-2.31.so
7f747808d000-7f7478092000 r--p 00014000 08:02 8914027                    /usr/lib/x86_64-linux-gnu/libnsl-2.31.so
7f7478092000-7f7478093000 r--p 00018000 08:02 8914027                    /usr/lib/x86_64-linux-gnu/libnsl-2.31.so
7f7478093000-7f7478094000 rw-p 00019000 08:02 8914027                    /usr/lib/x86_64-linux-gnu/libnsl-2.31.so
7f7478094000-7f7478096000 rw-p 00000000 00:00 0 
7f7478096000-7f74780a2000 r--p 00000000 08:02 8913669                    /usr/lib/x86_64-linux-gnu/libgcrypt.so.20.2.5
7f74780a2000-7f7478170000 r-xp 0000c000 08:02 8913669                    /usr/lib/x86_64-linux-gnu/libgcrypt.so.20.2.5
7f7478170000-7f74781ad000 r--p 000da000 08:02 8913669                    /usr/lib/x86_64-linux-gnu/libgcrypt.so.20.2.5
7f74781ad000-7f74781af000 r--p 00116000 08:02 8913669                    /usr/lib/x86_64-linux-gnu/libgcrypt.so.20.2.5
7f74781af000-7f74781b4000 rw-p 00118000 08:02 8913669                    /usr/lib/x86_64-linux-gnu/libgcrypt.so.20.2.5
7f74781b4000-7f74781b6000 r--p 00000000 08:02 8921116                    /usr/lib/x86_64-linux-gnu/liblz4.so.1.9.2
7f74781b6000-7f74781d0000 r-xp 00002000 08:02 8921116                    /usr/lib/x86_64-linux-gnu/liblz4.so.1.9.2
7f74781d0000-7f74781d3000 r--p 0001c000 08:02 8921116                    /usr/lib/x86_64-linux-gnu/liblz4.so.1.9.2
7f74781d3000-7f74781d4000 r--p 0001e000 08:02 8921116                    /usr/lib/x86_64-linux-gnu/liblz4.so.1.9.2
7f74781d4000-7f74781d5000 rw-p 0001f000 08:02 8921116                    /usr/lib/x86_64-linux-gnu/liblz4.so.1.9.2
7f74781d5000-7f74781d8000 r--p 00000000 08:02 8923942                    /usr/lib/x86_64-linux-gnu/liblzma.so.5.2.4
7f74781d8000-7f74781f0000 r-xp 00003000 08:02 8923942                    /usr/lib/x86_64-linux-gnu/liblzma.so.5.2.4
7f74781f0000-7f74781fb000 r--p 0001b000 08:02 8923942                    /usr/lib/x86_64-linux-gnu/liblzma.so.5.2.4
7f74781fb000-7f74781fc000 ---p 00026000 08:02 8923942                    /usr/lib/x86_64-linux-gnu/liblzma.so.5.2.4
7f74781fc000-7f74781fd000 r--p 00026000 08:02 8923942                    /usr/lib/x86_64-linux-gnu/liblzma.so.5.2.4
7f74781fd000-7f74781fe000 rw-p 00027000 08:02 8923942                    /usr/lib/x86_64-linux-gnu/liblzma.so.5.2.4
7f74781fe000-7f7478205000 r--p 00000000 08:02 8921524                    /usr/lib/x86_64-linux-gnu/libsndfile.so.1.0.28
7f7478205000-7f7478258000 r-xp 00007000 08:02 8921524                    /usr/lib/x86_64-linux-gnu/libsndfile.so.1.0.28
7f7478258000-7f7478275000 r--p 0005a000 08:02 8921524                    /usr/lib/x86_64-linux-gnu/libsndfile.so.1.0.28
7f7478275000-7f7478276000 ---p 00077000 08:02 8921524                    /usr/lib/x86_64-linux-gnu/libsndfile.so.1.0.28
7f7478276000-7f7478279000 r--p 00077000 08:02 8921524                    /usr/lib/x86_64-linux-gnu/libsndfile.so.1.0.28
7f7478279000-7f747827a000 rw-p 0007a000 08:02 8921524                    /usr/lib/x86_64-linux-gnu/libsndfile.so.1.0.28
7f747827a000-7f747827c000 rw-p 00000000 00:00 0 
7f747827c000-7f747828c000 r--p 00000000 08:02 8913004                    /usr/lib/x86_64-linux-gnu/libsystemd.so.0.28.0
7f747828c000-7f7478301000 r-xp 00010000 08:02 8913004                    /usr/lib/x86_64-linux-gnu/libsystemd.so.0.28.0
7f7478301000-7f7478326000 r--p 00085000 08:02 8913004                    /usr/lib/x86_64-linux-gnu/libsystemd.so.0.28.0
7f7478326000-7f7478329000 r--p 000a9000 08:02 8913004                    /usr/lib/x86_64-linux-gnu/libsystemd.so.0.28.0
7f7478329000-7f747832a000 rw-p 000ac000 08:02 8913004                    /usr/lib/x86_64-linux-gnu/libsystemd.so.0.28.0
7f747832a000-7f747832b000 rw-p 00000000 00:00 0 
7f747832b000-7f7478336000 r--p 00000000 08:02 8920573                    /usr/lib/x86_64-linux-gnu/libdbus-1.so.3.19.11
7f7478336000-7f7478364000 r-xp 0000b000 08:02 8920573                    /usr/lib/x86_64-linux-gnu/libdbus-1.so.3.19.11
7f7478364000-7f7478379000 r--p 00039000 08:02 8920573                    /usr/lib/x86_64-linux-gnu/libdbus-1.so.3.19.11
7f7478379000-7f747837a000 ---p 0004e000 08:02 8920573                    /usr/lib/x86_64-linux-gnu/libdbus-1.so.3.19.11
7f747837a000-7f747837b000 r--p 0004e000 08:02 8920573                    /usr/lib/x86_64-linux-gnu/libdbus-1.so.3.19.11
7f747837b000-7f747837c000 rw-p 0004f000 08:02 8920573                    /usr/lib/x86_64-linux-gnu/libdbus-1.so.3.19.11
7f747837c000-7f747838d000 r--p 00000000 08:02 9568377                    /usr/lib/x86_64-linux-gnu/pulseaudio/libpulsecommon-13.99.so
7f747838d000-7f74783d5000 r-xp 00011000 08:02 9568377                    /usr/lib/x86_64-linux-gnu/pulseaudio/libpulsecommon-13.99.so
7f74783d5000-7f74783fa000 r--p 00059000 08:02 9568377                    /usr/lib/x86_64-linux-gnu/pulseaudio/libpulsecommon-13.99.so
7f74783fa000-7f74783fb000 ---p 0007e000 08:02 9568377                    /usr/lib/x86_64-linux-gnu/pulseaudio/libpulsecommon-13.99.so
7f74783fb000-7f74783fd000 r--p 0007e000 08:02 9568377                    /usr/lib/x86_64-linux-gnu/pulseaudio/libpulsecommon-13.99.so
7f74783fd000-7f74783fe000 rw-p 00080000 08:02 9568377                    /usr/lib/x86_64-linux-gnu/pulseaudio/libpulsecommon-13.99.so
7f74783fe000-7f74783ff000 ---p 00000000 00:00 0 
7f74783ff000-7f7478bff000 rw-p 00000000 00:00 0 
7f7478bff000-7f7478c00000 ---p 00000000 00:00 0 
7f7478c00000-7f7479400000 rw-p 00000000 00:00 0 
7f7479400000-7f747949f000 r-xp 00000000 08:02 1859287                    /home/andrei/Duaro_ws/Unity_env/exe-env/env8/env8_Data/Plugins/liblibvhacd.so
7f747949f000-7f747969f000 ---p 0009f000 08:02 1859287                    /home/andrei/Duaro_ws/Unity_env/exe-env/env8/env8_Data/Plugins/liblibvhacd.so
7f747969f000-7f74796a0000 r--p 0009f000 08:02 1859287                    /home/andrei/Duaro_ws/Unity_env/exe-env/env8/env8_Data/Plugins/liblibvhacd.so
7f74796a0000-7f74796a3000 rw-p 000a0000 08:02 1859287                    /home/andrei/Duaro_ws/Unity_env/exe-env/env8/env8_Data/Plugins/liblibvhacd.so
7f74796a3000-7f74798d8000 r-xp 00000000 08:02 1859288                    /home/andrei/Duaro_ws/Unity_env/exe-env/env8/env8_Data/Plugins/libgrpc_csharp_ext.x64.so
7f74798d8000-7f7479ad8000 ---p 00235000 08:02 1859288                    /home/andrei/Duaro_ws/Unity_env/exe-env/env8/env8_Data/Plugins/libgrpc_csharp_ext.x64.so
7f7479ad8000-7f7479af3000 rw-p 00235000 08:02 1859288                    /home/andrei/Duaro_ws/Unity_env/exe-env/env8/env8_Data/Plugins/libgrpc_csharp_ext.x64.so
7f7479af3000-7f7479af9000 rw-p 00000000 00:00 0 
7f7479af9000-7f747a1e9000 r-xp 00000000 08:02 1859289                    /home/andrei/Duaro_ws/Unity_env/exe-env/env8/env8_Data/Plugins/libassimp.so
7f747a1e9000-7f747a3e9000 ---p 006f0000 08:02 1859289                    /home/andrei/Duaro_ws/Unity_env/exe-env/env8/env8_Data/Plugins/libassimp.so
7f747a3e9000-7f747a4bb000 r--p 006f0000 08:02 1859289                    /home/andrei/Duaro_ws/Unity_env/exe-env/env8/env8_Data/Plugins/libassimp.so
7f747a4bb000-7f747a4bd000 rw-p 007c2000 08:02 1859289                    /home/andrei/Duaro_ws/Unity_env/exe-env/env8/env8_Data/Plugins/libassimp.so
7f747a4bd000-7f747a4c4000 rw-p 00000000 00:00 0 
7f747a4c4000-7f747a87e000 r--p 00000000 08:02 1859277                    /home/andrei/Duaro_ws/Unity_env/exe-env/env8/env8_Data/Managed/mscorlib.dll
7f747a87e000-7f747abd5000 r-xp 00000000 08:02 1859315                    /home/andrei/Duaro_ws/Unity_env/exe-env/env8/env8_Data/MonoBleedingEdge/x86_64/libmonobdwgc-2.0.so
7f747abd5000-7f747add5000 ---p 00357000 08:02 1859315                    /home/andrei/Duaro_ws/Unity_env/exe-env/env8/env8_Data/MonoBleedingEdge/x86_64/libmonobdwgc-2.0.so
7f747add5000-7f747addc000 r--p 00357000 08:02 1859315                    /home/andrei/Duaro_ws/Unity_env/exe-env/env8/env8_Data/MonoBleedingEdge/x86_64/libmonobdwgc-2.0.so
7f747addc000-7f747ade3000 rw-p 0035e000 08:02 1859315                    /home/andrei/Duaro_ws/Unity_env/exe-env/env8/env8_Data/MonoBleedingEdge/x86_64/libmonobdwgc-2.0.so
7f747ade3000-7f747affe000 rw-p 00000000 00:00 0 
7f747affe000-7f747afff000 ---p 00000000 00:00 0 
7f747afff000-7f747b000000 rw-p 00000000 00:00 0 
7f747b000000-7f747b008000 ---p 00000000 00:00 0 
7f747b008000-7f747b7ff000 rw-p 00000000 00:00 0 
7f747b7ff000-7f747b800000 ---p 00000000 00:00 0 
7f747b800000-7f747c000000 rw-p 00000000 00:00 0 
7f747c000000-7f747c021000 rw-p 00000000 00:00 0 
7f747c021000-7f7480000000 ---p 00000000 00:00 0 
7f7480000000-7f7480021000 rw-p 00000000 00:00 0 
7f7480021000-7f7484000000 ---p 00000000 00:00 0 
7f7484000000-7f7484021000 rw-p 00000000 00:00 0 
7f7484021000-7f7488000000 ---p 00000000 00:00 0 
7f7488000000-7f7488021000 rw-p 00000000 00:00 0 
7f7488021000-7f748c000000 ---p 00000000 00:00 0 
7f748c000000-7f748c021000 rw-p 00000000 00:00 0 
7f748c021000-7f7490000000 ---p 00000000 00:00 0 
7f7490000000-7f7490021000 rw-p 00000000 00:00 0 
7f7490021000-7f7494000000 ---p 00000000 00:00 0 
7f7494000000-7f7494002000 r--p 00000000 08:02 8921271                    /usr/lib/x86_64-linux-gnu/libogg.so.0.8.4
7f7494002000-7f7494007000 r-xp 00002000 08:02 8921271                    /usr/lib/x86_64-linux-gnu/libogg.so.0.8.4
7f7494007000-7f749400a000 r--p 00007000 08:02 8921271                    /usr/lib/x86_64-linux-gnu/libogg.so.0.8.4
7f749400a000-7f749400b000 ---p 0000a000 08:02 8921271                    /usr/lib/x86_64-linux-gnu/libogg.so.0.8.4
7f749400b000-7f749400c000 r--p 0000a000 08:02 8921271                    /usr/lib/x86_64-linux-gnu/libogg.so.0.8.4
7f749400c000-7f749400d000 rw-p 0000b000 08:02 8921271                    /usr/lib/x86_64-linux-gnu/libogg.so.0.8.4
7f749400d000-7f7494010000 r--p 00000000 08:02 8920361                    /usr/lib/x86_64-linux-gnu/libapparmor.so.1.6.1
7f7494010000-7f7494019000 r-xp 00003000 08:02 8920361                    /usr/lib/x86_64-linux-gnu/libapparmor.so.1.6.1
7f7494019000-7f7494020000 r--p 0000c000 08:02 8920361                    /usr/lib/x86_64-linux-gnu/libapparmor.so.1.6.1
7f7494020000-7f7494021000 r--p 00012000 08:02 8920361                    /usr/lib/x86_64-linux-gnu/libapparmor.so.1.6.1
7f7494021000-7f7494022000 rw-p 00013000 08:02 8920361                    /usr/lib/x86_64-linux-gnu/libapparmor.so.1.6.1
7f7494022000-7f7494025000 r--p 00000000 08:02 8921756                    /usr/lib/x86_64-linux-gnu/libwrap.so.0.7.6
7f7494025000-7f749402a000 r-xp 00003000 08:02 8921756                    /usr/lib/x86_64-linux-gnu/libwrap.so.0.7.6
7f749402a000-7f749402c000 r--p 00008000 08:02 8921756                    /usr/lib/x86_64-linux-gnu/libwrap.so.0.7.6
7f749402c000-7f749402d000 r--p 00009000 08:02 8921756                    /usr/lib/x86_64-linux-gnu/libwrap.so.0.7.6
7f749402d000-7f749402e000 rw-p 0000a000 08:02 8921756                    /usr/lib/x86_64-linux-gnu/libwrap.so.0.7.6
7f749402e000-7f749403a000 r--p 00000000 08:02 8913770                    /usr/lib/x86_64-linux-gnu/libpulse.so.0.21.2
7f749403a000-7f749406a000 r-xp 0000c000 08:02 8913770                    /usr/lib/x86_64-linux-gnu/libpulse.so.0.21.2
7f749406a000-7f7494080000 r--p 0003c000 08:02 8913770                    /usr/lib/x86_64-linux-gnu/libpulse.so.0.21.2
7f7494080000-7f7494082000 r--p 00051000 08:02 8913770                    /usr/lib/x86_64-linux-gnu/libpulse.so.0.21.2
7f7494082000-7f7494083000 rw-p 00053000 08:02 8913770                    /usr/lib/x86_64-linux-gnu/libpulse.so.0.21.2
7f7494083000-7f749408c000 r--p 00000000 08:02 8920849                    /usr/lib/x86_64-linux-gnu/libgomp.so.1.0.0
7f749408c000-7f74940b7000 r-xp 00009000 08:02 8920849                    /usr/lib/x86_64-linux-gnu/libgomp.so.1.0.0
7f74940b7000-7f74940c3000 r--p 00034000 08:02 8920849                    /usr/lib/x86_64-linux-gnu/libgomp.so.1.0.0
7f74940c3000-7f74940c4000 r--p 0003f000 08:02 8920849                    /usr/lib/x86_64-linux-gnu/libgomp.so.1.0.0
7f74940c4000-7f74940c5000 rw-p 00040000 08:02 8920849                    /usr/lib/x86_64-linux-gnu/libgomp.so.1.0.0
7f74940c5000-7f74940cf000 r-xp 00000000 08:02 8922868                    /usr/lib/x86_64-linux-gnu/libminizip.so.1.0.0
7f74940cf000-7f74942ce000 ---p 0000a000 08:02 8922868                    /usr/lib/x86_64-linux-gnu/libminizip.so.1.0.0
7f74942ce000-7f74942cf000 r--p 00009000 08:02 8922868                    /usr/lib/x86_64-linux-gnu/libminizip.so.1.0.0
7f74942cf000-7f74942d0000 rw-p 0000a000 08:02 8922868                    /usr/lib/x86_64-linux-gnu/libminizip.so.1.0.0
7f74942d3000-7f74942d4000 ---p 00000000 00:00 0 
7f74942d4000-7f7494314000 rw-p 00000000 00:00 0 
7f7494314000-7f7494323000 r--p 00000000 08:02 1859293                    /home/andrei/Duaro_ws/Unity_env/exe-env/env8/env8_Data/Plugins/lib_burst_generated.so
7f7494323000-7f7494357000 r-xp 0000e000 08:02 1859293                    /home/andrei/Duaro_ws/Unity_env/exe-env/env8/env8_Data/Plugins/lib_burst_generated.so
7f7494357000-7f7494358000 r--p 00041000 08:02 1859293                    /home/andrei/Duaro_ws/Unity_env/exe-env/env8/env8_Data/Plugins/lib_burst_generated.so
7f7494358000-7f7494359000 rw-p 00041000 08:02 1859293                    /home/andrei/Duaro_ws/Unity_env/exe-env/env8/env8_Data/Plugins/lib_burst_generated.so
7f7494359000-7f749435a000 rw-p 00000000 00:00 0 
7f749435a000-7f74943b9000 ---p 00000000 00:00 0 
7f74943b9000-7f74943f9000 rw-p 00000000 00:00 0 
7f74943f9000-7f74945f9000 rw-s 138528000 00:05 707                       /dev/dri/renderD128
7f74945f9000-7f74947f9000 rw-s 1400b1000 00:05 707                       /dev/dri/renderD128
7f74947f9000-7f74947fa000 ---p 00000000 00:00 0 
7f74947fa000-7f7494ffa000 rw-p 00000000 00:00 0 
7f7494ffa000-7f7494ffb000 ---p 00000000 00:00 0 
7f7494ffb000-7f74957fb000 rw-p 00000000 00:00 0 
7f74957fb000-7f74957fc000 ---p 00000000 00:00 0 
7f74957fc000-7f7495ffc000 rw-p 00000000 00:00 0 
7f7495ffc000-7f7495ffd000 ---p 00000000 00:00 0 
7f7495ffd000-7f74967fd000 rw-p 00000000 00:00 0 
7f74967fd000-7f74967fe000 ---p 00000000 00:00 0 
7f74967fe000-7f7496ffe000 rw-p 00000000 00:00 0 
7f7496ffe000-7f7496fff000 ---p 00000000 00:00 0 
7f7496fff000-7f74977ff000 rw-p 00000000 00:00 0 
7f74977ff000-7f7497800000 ---p 00000000 00:00 0 
7f7497800000-7f7498000000 rw-p 00000000 00:00 0 
7f7498000000-7f7498038000 rw-p 00000000 00:00 0 
7f7498038000-7f749c000000 ---p 00000000 00:00 0 
7f749c000000-7f749c021000 rw-p 00000000 00:00 0 
7f749c021000-7f74a0000000 ---p 00000000 00:00 0 
7f74a0000000-7f74a0021000 rw-p 00000000 00:00 0 
7f74a0021000-7f74a4000000 ---p 00000000 00:00 0 
7f74a4008000-7f74a400a000 r--p 00000000 08:02 8913769                    /usr/lib/x86_64-linux-gnu/libpulse-simple.so.0.1.1
7f74a400a000-7f74a400c000 r-xp 00002000 08:02 8913769                    /usr/lib/x86_64-linux-gnu/libpulse-simple.so.0.1.1
7f74a400c000-7f74a400d000 r--p 00004000 08:02 8913769                    /usr/lib/x86_64-linux-gnu/libpulse-simple.so.0.1.1
7f74a400d000-7f74a400e000 r--p 00004000 08:02 8913769                    /usr/lib/x86_64-linux-gnu/libpulse-simple.so.0.1.1
7f74a400e000-7f74a400f000 rw-p 00005000 08:02 8913769                    /usr/lib/x86_64-linux-gnu/libpulse-simple.so.0.1.1
7f74a400f000-7f74a40cf000 rw-p 00000000 00:00 0 
7f74a40cf000-7f74a42cf000 rw-s 1402b1000 00:05 707                       /dev/dri/renderD128
7f74a42cf000-7f74a42d0000 ---p 00000000 00:00 0 
7f74a42d0000-7f74a4ad0000 rw-p 00000000 00:00 0 
7f74a4ad0000-7f74a4ad1000 ---p 00000000 00:00 0 
7f74a4ad1000-7f74a52d1000 rw-p 00000000 00:00 0 
7f74a52d1000-7f74a52d2000 ---p 00000000 00:00 0 
7f74a52d2000-7f74a5ad2000 rw-p 00000000 00:00 0 
7f74a5ad2000-7f74a5ad3000 ---p 00000000 00:00 0 
7f74a5ad3000-7f74a62d3000 rw-p 00000000 00:00 0 
7f74a62d3000-7f74a62d4000 ---p 00000000 00:00 0 
7f74a62d4000-7f74a6ad4000 rw-p 00000000 00:00 0 
7f74a6ad4000-7f74a6ad5000 ---p 00000000 00:00 0 
7f74a6ad5000-7f74a72d5000 rw-p 00000000 00:00 0 
7f74a72d5000-7f74a7416000 rw-s 00000000 08:02 1310754                    /home/andrei/.cache/mesa_shader_cache/index
7f74a7416000-7f74a7419000 r--p 00000000 08:02 8914055                    /usr/lib/x86_64-linux-gnu/libnss_files-2.31.so
7f74a7419000-7f74a7420000 r-xp 00003000 08:02 8914055                    /usr/lib/x86_64-linux-gnu/libnss_files-2.31.so
7f74a7420000-7f74a7422000 r--p 0000a000 08:02 8914055                    /usr/lib/x86_64-linux-gnu/libnss_files-2.31.so
7f74a7422000-7f74a7423000 r--p 0000b000 08:02 8914055                    /usr/lib/x86_64-linux-gnu/libnss_files-2.31.so
7f74a7423000-7f74a7424000 rw-p 0000c000 08:02 8914055                    /usr/lib/x86_64-linux-gnu/libnss_files-2.31.so
7f74a7424000-7f74a742a000 rw-p 00000000 00:00 0 
7f74a742a000-7f74a742b000 ---p 00000000 00:00 0 
7f74a742b000-7f74a7c2b000 rw-p 00000000 00:00 0 
7f74a7c2b000-7f74a7c39000 r--p 00000000 08:02 8921606                    /usr/lib/x86_64-linux-gnu/libtinfo.so.6.2
7f74a7c39000-7f74a7c48000 r-xp 0000e000 08:02 8921606                    /usr/lib/x86_64-linux-gnu/libtinfo.so.6.2
7f74a7c48000-7f74a7c56000 r--p 0001d000 08:02 8921606                    /usr/lib/x86_64-linux-gnu/libtinfo.so.6.2
7f74a7c56000-7f74a7c5a000 r--p 0002a000 08:02 8921606                    /usr/lib/x86_64-linux-gnu/libtinfo.so.6.2
7f74a7c5a000-7f74a7c5b000 rw-p 0002e000 08:02 8921606                    /usr/lib/x86_64-linux-gnu/libtinfo.so.6.2
7f74a7c5b000-7f74a7c63000 r--p 00000000 08:02 8920653                    /usr/lib/x86_64-linux-gnu/libedit.so.2.0.63
7f74a7c63000-7f74a7c7e000 r-xp 00008000 08:02 8920653                    /usr/lib/x86_64-linux-gnu/libedit.so.2.0.63
7f74a7c7e000-7f74a7c8c000 r--p 00023000 08:02 8920653                    /usr/lib/x86_64-linux-gnu/libedit.so.2.0.63
7f74a7c8c000-7f74a7c8e000 r--p 00030000 08:02 8920653                    /usr/lib/x86_64-linux-gnu/libedit.so.2.0.63
7f74a7c8e000-7f74a7c8f000 rw-p 00032000 08:02 8920653                    /usr/lib/x86_64-linux-gnu/libedit.so.2.0.63
7f74a7c8f000-7f74a7c93000 rw-p 00000000 00:00 0 
7f74a7c93000-7f74a7c95000 r--p 00000000 08:02 8920703                    /usr/lib/x86_64-linux-gnu/libffi.so.7.1.0
7f74a7c95000-7f74a7c9b000 r-xp 00002000 08:02 8920703                    /usr/lib/x86_64-linux-gnu/libffi.so.7.1.0
7f74a7c9b000-7f74a7c9c000 r--p 00008000 08:02 8920703                    /usr/lib/x86_64-linux-gnu/libffi.so.7.1.0
7f74a7c9c000-7f74a7c9d000 ---p 00009000 08:02 8920703                    /usr/lib/x86_64-linux-gnu/libffi.so.7.1.0
7f74a7c9d000-7f74a7c9e000 r--p 00009000 08:02 8920703                    /usr/lib/x86_64-linux-gnu/libffi.so.7.1.0
7f74a7c9e000-7f74a7c9f000 rw-p 0000a000 08:02 8920703                    /usr/lib/x86_64-linux-gnu/libffi.so.7.1.0
7f74a7c9f000-7f74a7d35000 r--p 00000000 08:02 8921563                    /usr/lib/x86_64-linux-gnu/libstdc++.so.6.0.28
7f74a7d35000-7f74a7e26000 r-xp 00096000 08:02 8921563                    /usr/lib/x86_64-linux-gnu/libstdc++.so.6.0.28
7f74a7e26000-7f74a7e6f000 r--p 00187000 08:02 8921563                    /usr/lib/x86_64-linux-gnu/libstdc++.so.6.0.28
7f74a7e6f000-7f74a7e70000 ---p 001d0000 08:02 8921563                    /usr/lib/x86_64-linux-gnu/libstdc++.so.6.0.28
7f74a7e70000-7f74a7e7b000 r--p 001d0000 08:02 8921563                    /usr/lib/x86_64-linux-gnu/libstdc++.so.6.0.28
7f74a7e7b000-7f74a7e7e000 rw-p 001db000 08:02 8921563                    /usr/lib/x86_64-linux-gnu/libstdc++.so.6.0.28
7f74a7e7e000-7f74a7e81000 rw-p 00000000 00:00 0 
7f74a7e81000-7f74a7e90000 r--p 00000000 08:02 8921704                    /usr/lib/x86_64-linux-gnu/libvulkan.so.1.2.131
7f74a7e90000-7f74a7ec2000 r-xp 0000f000 08:02 8921704                    /usr/lib/x86_64-linux-gnu/libvulkan.so.1.2.131
7f74a7ec2000-7f74a7ed5000 r--p 00041000 08:02 8921704                    /usr/lib/x86_64-linux-gnu/libvulkan.so.1.2.131
7f74a7ed5000-7f74a7ed6000 r--p 00053000 08:02 8921704                    /usr/lib/x86_64-linux-gnu/libvulkan.so.1.2.131
7f74a7ed6000-7f74a7ed7000 rw-p 00054000 08:02 8921704                    /usr/lib/x86_64-linux-gnu/libvulkan.so.1.2.131
7f74a7ed7000-7f74a7ed9000 r--p 00000000 08:02 8913259                    /usr/lib/x86_64-linux-gnu/libdrm_nouveau.so.2.0.0
7f74a7ed9000-7f74a7ede000 r-xp 00002000 08:02 8913259                    /usr/lib/x86_64-linux-gnu/libdrm_nouveau.so.2.0.0
7f74a7ede000-7f74a7ee0000 r--p 00007000 08:02 8913259                    /usr/lib/x86_64-linux-gnu/libdrm_nouveau.so.2.0.0
7f74a7ee0000-7f74a7ee1000 r--p 00008000 08:02 8913259                    /usr/lib/x86_64-linux-gnu/libdrm_nouveau.so.2.0.0
7f74a7ee1000-7f74a7ee2000 rw-p 00009000 08:02 8913259                    /usr/lib/x86_64-linux-gnu/libdrm_nouveau.so.2.0.0
7f74a7ee2000-7f74a7ee5000 r--p 00000000 08:02 8913112                    /usr/lib/x86_64-linux-gnu/libdrm_amdgpu.so.1.0.0
7f74a7ee5000-7f74a7eea000 r-xp 00003000 08:02 8913112                    /usr/lib/x86_64-linux-gnu/libdrm_amdgpu.so.1.0.0
7f74a7eea000-7f74a7eec000 r--p 00008000 08:02 8913112                    /usr/lib/x86_64-linux-gnu/libdrm_amdgpu.so.1.0.0
7f74a7eec000-7f74a7eed000 r--p 00009000 08:02 8913112                    /usr/lib/x86_64-linux-gnu/libdrm_amdgpu.so.1.0.0
7f74a7eed000-7f74a7eee000 rw-p 0000a000 08:02 8913112                    /usr/lib/x86_64-linux-gnu/libdrm_amdgpu.so.1.0.0
7f74a7eee000-7f74a7ef1000 r--p 00000000 08:02 8920658                    /usr/lib/x86_64-linux-gnu/libelf-0.176.so
7f74a7ef1000-7f74a7f03000 r-xp 00003000 08:02 8920658                    /usr/lib/x86_64-linux-gnu/libelf-0.176.so
7f74a7f03000-7f74a7f08000 r--p 00015000 08:02 8920658                    /usr/lib/x86_64-linux-gnu/libelf-0.176.so
7f74a7f08000-7f74a7f09000 r--p 00019000 08:02 8920658                    /usr/lib/x86_64-linux-gnu/libelf-0.176.so
7f74a7f09000-7f74a7f0a000 rw-p 0001a000 08:02 8920658                    /usr/lib/x86_64-linux-gnu/libelf-0.176.so
7f74a7f0a000-7f74a7f0c000 r--p 00000000 08:02 8913261                    /usr/lib/x86_64-linux-gnu/libdrm_radeon.so.1.0.1
7f74a7f0c000-7f74a7f13000 r-xp 00002000 08:02 8913261                    /usr/lib/x86_64-linux-gnu/libdrm_radeon.so.1.0.1
7f74a7f13000-7f74a7f17000 r--p 00009000 08:02 8913261                    /usr/lib/x86_64-linux-gnu/libdrm_radeon.so.1.0.1
7f74a7f17000-7f74a7f18000 r--p 0000c000 08:02 8913261                    /usr/lib/x86_64-linux-gnu/libdrm_radeon.so.1.0.1
7f74a7f18000-7f74a7f19000 rw-p 0000d000 08:02 8913261                    /usr/lib/x86_64-linux-gnu/libdrm_radeon.so.1.0.1
7f74a7f19000-7f74a7f1c000 r--p 00000000 08:02 8921493                    /usr/lib/x86_64-linux-gnu/libsensors.so.5.0.0
7f74a7f1c000-7f74a7f23000 r-xp 00003000 08:02 8921493                    /usr/lib/x86_64-linux-gnu/libsensors.so.5.0.0
7f74a7f23000-7f74a7f28000 r--p 0000a000 08:02 8921493                    /usr/lib/x86_64-linux-gnu/libsensors.so.5.0.0
7f74a7f28000-7f74a7f29000 r--p 0000e000 08:02 8921493                    /usr/lib/x86_64-linux-gnu/libsensors.so.5.0.0
7f74a7f29000-7f74a7f2a000 rw-p 0000f000 08:02 8921493                    /usr/lib/x86_64-linux-gnu/libsensors.so.5.0.0
7f74a7f2a000-7f74a7f2e000 r--p 00000000 08:02 8921828                    /usr/lib/x86_64-linux-gnu/libzstd.so.1.4.4
7f74a7f2e000-7f74a7fc0000 r-xp 00004000 08:02 8921828                    /usr/lib/x86_64-linux-gnu/libzstd.so.1.4.4
7f74a7fc0000-7f74a7fd1000 r--p 00096000 08:02 8921828                    /usr/lib/x86_64-linux-gnu/libzstd.so.1.4.4
7f74a7fd1000-7f74a7fd2000 r--p 000a6000 08:02 8921828                    /usr/lib/x86_64-linux-gnu/libzstd.so.1.4.4
7f74a7fd2000-7f74a7fd3000 rw-p 000a7000 08:02 8921828                    /usr/lib/x86_64-linux-gnu/libzstd.so.1.4.4
7f74a7fd3000-7f74a7fd5000 r--p 00000000 08:02 8919282                    /usr/lib/x86_64-linux-gnu/libz.so.1.2.11
7f74a7fd5000-7f74a7fe6000 r-xp 00002000 08:02 8919282                    /usr/lib/x86_64-linux-gnu/libz.so.1.2.11
7f74a7fe6000-7f74a7fec000 r--p 00013000 08:02 8919282                    /usr/lib/x86_64-linux-gnu/libz.so.1.2.11
7f74a7fec000-7f74a7fed000 ---p 00019000 08:02 8919282                    /usr/lib/x86_64-linux-gnu/libz.so.1.2.11
7f74a7fed000-7f74a7fee000 r--p 00019000 08:02 8919282                    /usr/lib/x86_64-linux-gnu/libz.so.1.2.11
7f74a7fee000-7f74a7fef000 rw-p 0001a000 08:02 8919282                    /usr/lib/x86_64-linux-gnu/libz.so.1.2.11
7f74a7fef000-7f74ad210000 r-xp 00000000 08:02 8919001                    /usr/lib/x86_64-linux-gnu/libLLVM-12.so.1
7f74ad210000-7f74ad729000 r--p 05220000 08:02 8919001                    /usr/lib/x86_64-linux-gnu/libLLVM-12.so.1
7f74ad729000-7f74ad730000 rw-p 05739000 08:02 8919001                    /usr/lib/x86_64-linux-gnu/libLLVM-12.so.1
7f74ad730000-7f74ad7a5000 rw-p 00000000 00:00 0 
7f74ad7a5000-7f74ad93b000 r--p 00000000 08:02 9568713                    /usr/lib/x86_64-linux-gnu/dri/radeonsi_dri.so
7f74ad93b000-7f74ae9e6000 r-xp 00196000 08:02 9568713                    /usr/lib/x86_64-linux-gnu/dri/radeonsi_dri.so
7f74ae9e6000-7f74aeeac000 r--p 01241000 08:02 9568713                    /usr/lib/x86_64-linux-gnu/dri/radeonsi_dri.so
7f74aeeac000-7f74aefda000 r--p 01706000 08:02 9568713                    /usr/lib/x86_64-linux-gnu/dri/radeonsi_dri.so
7f74aefda000-7f74af112000 rw-p 01834000 08:02 9568713                    /usr/lib/x86_64-linux-gnu/dri/radeonsi_dri.so
7f74af112000-7f74af330000 rw-p 00000000 00:00 0 
7f74af330000-7f74af333000 r--p 00000000 08:02 8921790                    /usr/lib/x86_64-linux-gnu/libxcb-xfixes.so.0.0.0
7f74af333000-7f74af336000 r-xp 00003000 08:02 8921790                    /usr/lib/x86_64-linux-gnu/libxcb-xfixes.so.0.0.0
7f74af336000-7f74af337000 r--p 00006000 08:02 8921790                    /usr/lib/x86_64-linux-gnu/libxcb-xfixes.so.0.0.0
7f74af337000-7f74af338000 ---p 00007000 08:02 8921790                    /usr/lib/x86_64-linux-gnu/libxcb-xfixes.so.0.0.0
7f74af338000-7f74af339000 r--p 00007000 08:02 8921790                    /usr/lib/x86_64-linux-gnu/libxcb-xfixes.so.0.0.0
7f74af339000-7f74af33a000 rw-p 00008000 08:02 8921790                    /usr/lib/x86_64-linux-gnu/libxcb-xfixes.so.0.0.0
7f74af33a000-7f74af33b000 r-xp 00000000 08:02 8921814                    /usr/lib/x86_64-linux-gnu/libxshmfence.so.1.0.0
7f74af33b000-7f74af53a000 ---p 00001000 08:02 8921814                    /usr/lib/x86_64-linux-gnu/libxshmfence.so.1.0.0
7f74af53a000-7f74af53b000 r--p 00000000 08:02 8921814                    /usr/lib/x86_64-linux-gnu/libxshmfence.so.1.0.0
7f74af53b000-7f74af53c000 rw-p 00001000 08:02 8921814                    /usr/lib/x86_64-linux-gnu/libxshmfence.so.1.0.0
7f74af53c000-7f74af53f000 r--p 00000000 08:02 8921786                    /usr/lib/x86_64-linux-gnu/libxcb-sync.so.1.0.0
7f74af53f000-7f74af542000 r-xp 00003000 08:02 8921786                    /usr/lib/x86_64-linux-gnu/libxcb-sync.so.1.0.0
7f74af542000-7f74af543000 r--p 00006000 08:02 8921786                    /usr/lib/x86_64-linux-gnu/libxcb-sync.so.1.0.0
7f74af543000-7f74af544000 ---p 00007000 08:02 8921786                    /usr/lib/x86_64-linux-gnu/libxcb-sync.so.1.0.0
7f74af544000-7f74af545000 r--p 00007000 08:02 8921786                    /usr/lib/x86_64-linux-gnu/libxcb-sync.so.1.0.0
7f74af545000-7f74af546000 rw-p 00008000 08:02 8921786                    /usr/lib/x86_64-linux-gnu/libxcb-sync.so.1.0.0
7f74af546000-7f74af5ba000 rw-p 00000000 00:00 0 
7f74af5ba000-7f74afdf6000 r--p 00000000 08:02 8913049                    /usr/lib/locale/locale-archive
7f74afdf6000-7f74afdff000 r-xp 00000000 08:02 8920327                    /usr/lib/x86_64-linux-gnu/libXrender.so.1.3.0
7f74afdff000-7f74afffe000 ---p 00009000 08:02 8920327                    /usr/lib/x86_64-linux-gnu/libXrender.so.1.3.0
7f74afffe000-7f74affff000 r--p 00008000 08:02 8920327                    /usr/lib/x86_64-linux-gnu/libXrender.so.1.3.0
7f74affff000-7f74b0000000 rw-p 00009000 08:02 8920327                    /usr/lib/x86_64-linux-gnu/libXrender.so.1.3.0
7f74b0000000-7f74b1000000 rw-p 00000000 00:00 0 
7f74b1000000-7f74c0000000 ---p 00000000 00:00 0 
7f74c0000000-7f74c1000000 rw-p 00000000 00:00 0 
7f74c1000000-7f74d0000000 ---p 00000000 00:00 0 
7f74d0000000-7f74d1000000 rw-p 00000000 00:00 0 
7f74d1000000-7f74e0000000 ---p 00000000 00:00 0 
7f74e0000000-7f74e0800000 rw-p 00000000 00:00 0 
7f74e0800000-7f74f0000000 ---p 00000000 00:00 0 
7f74f0000000-7f74f1000000 rw-p 00000000 00:00 0 
7f74f1000000-7f7500000000 ---p 00000000 00:00 0 
7f7500000000-7f7500400000 rw-p 00000000 00:00 0 
7f7500400000-7f7500800000 ---p 00000000 00:00 0 
7f7500800000-7f7500810000 rw-p 00000000 00:00 0 
7f7500810000-7f7500820000 ---p 00000000 00:00 0 
7f7500820000-7f7500860000 rw-p 00000000 00:00 0 
7f7500860000-7f75008a0000 ---p 00000000 00:00 0 
7f75008a0000-7f75008e0000 rw-p 00000000 00:00 0 
7f75008e0000-7f7500920000 ---p 00000000 00:00 0 
7f7500920000-7f7500960000 rw-p 00000000 00:00 0 
7f7500960000-7f75009a0000 ---p 00000000 00:00 0 
7f75009a0000-7f75009e0000 rw-p 00000000 00:00 0 
7f75009e0000-7f7500a20000 ---p 00000000 00:00 0 
7f7500a20000-7f7500a60000 rw-p 00000000 00:00 0 
7f7500a60000-7f7500aa0000 ---p 00000000 00:00 0 
7f7500aa0000-7f7500ae0000 rw-p 00000000 00:00 0 
7f7500ae0000-7f7500b20000 ---p 00000000 00:00 0 
7f7500b20000-7f7500b60000 rw-p 00000000 00:00 0 
7f7500b60000-7f7500ba0000 ---p 00000000 00:00 0 
7f7500ba0000-7f7500be0000 rw-p 00000000 00:00 0 
7f7500be0000-7f7500c20000 ---p 00000000 00:00 0 
7f7500c20000-7f7500c60000 rw-p 00000000 00:00 0 
7f7500c60000-7f7500ca0000 ---p 00000000 00:00 0 
7f7500ca0000-7f7500ce0000 rw-p 00000000 00:00 0 
7f7500ce0000-7f7500d20000 ---p 00000000 00:00 0 
7f7500d20000-7f7500d60000 rw-p 00000000 00:00 0 
7f7500d60000-7f7500da0000 ---p 00000000 00:00 0 
7f7500da0000-7f7500da8000 rw-p 00000000 00:00 0 
7f7500da8000-7f7500db0000 ---p 00000000 00:00 0 
7f7500db0000-7f7500db8000 rw-p 00000000 00:00 0 
7f7500db8000-7f7500dc0000 ---p 00000000 00:00 0 
7f7500dc0000-7f7500dc8000 rw-p 00000000 00:00 0 
7f7500dc8000-7f7500dd0000 ---p 00000000 00:00 0 
7f7500dd0000-7f7500dd8000 rw-p 00000000 00:00 0 
7f7500dd8000-7f7500de0000 ---p 00000000 00:00 0 
7f7500de0000-7f7500de8000 rw-p 00000000 00:00 0 
7f7500de8000-7f7500df0000 ---p 00000000 00:00 0 
7f7500df0000-7f7500df8000 rw-p 00000000 00:00 0 
7f7500df8000-7f7500e00000 ---p 00000000 00:00 0 
7f7500e00000-7f7500e08000 rw-p 00000000 00:00 0 
7f7500e08000-7f7500e10000 ---p 00000000 00:00 0 
7f7500e10000-7f7500e18000 rw-p 00000000 00:00 0 
7f7500e18000-7f7500e20000 ---p 00000000 00:00 0 
7f7500e20000-7f7500e28000 rw-p 00000000 00:00 0 
7f7500e28000-7f7500e30000 ---p 00000000 00:00 0 
7f7500e30000-7f7500e38000 rw-p 00000000 00:00 0 
7f7500e38000-7f7500e40000 ---p 00000000 00:00 0 
7f7500e40000-7f7500e48000 rw-p 00000000 00:00 0 
7f7500e48000-7f7500e50000 ---p 00000000 00:00 0 
7f7500e50000-7f7500e58000 rw-p 00000000 00:00 0 
7f7500e58000-7f7500e60000 ---p 00000000 00:00 0 
7f7500e60000-7f7500e68000 rw-p 00000000 00:00 0 
7f7500e68000-7f7500e70000 ---p 00000000 00:00 0 
7f7500e70000-7f7500e78000 rw-p 00000000 00:00 0 
7f7500e78000-7f7500e80000 ---p 00000000 00:00 0 
7f7500e80000-7f7500e88000 rw-p 00000000 00:00 0 
7f7500e88000-7f7500e90000 ---p 00000000 00:00 0 
7f7500e90000-7f7500e98000 rw-p 00000000 00:00 0 
7f7500e98000-7f7500ea0000 ---p 00000000 00:00 0 
7f7500ea0000-7f7500eb0000 rw-p 00000000 00:00 0 
7f7500eb0000-7f7500ec0000 ---p 00000000 00:00 0 
7f7500ec0000-7f7500ed0000 rw-p 00000000 00:00 0 
7f7500ed0000-7f7510000000 ---p 00000000 00:00 0 
7f7510000000-7f7513000000 rw-p 00000000 00:00 0 
7f7513000000-7f7520000000 ---p 00000000 00:00 0 
7f7520000000-7f7521001000 rw-p 00000000 00:00 0 
7f7521001000-7f7530000000 ---p 00000000 00:00 0 
7f7530000000-7f7530102000 rw-p 00000000 00:00 0 
7f7530102000-7f7540000000 ---p 00000000 00:00 0 
7f7540000000-7f7540102000 rw-p 00000000 00:00 0 
7f7540102000-7f7550000000 ---p 00000000 00:00 0 
7f7550000000-7f7550102000 rw-p 00000000 00:00 0 
7f7550102000-7f7560000000 ---p 00000000 00:00 0 
7f7560000000-7f7560102000 rw-p 00000000 00:00 0 
7f7560102000-7f7570000000 ---p 00000000 00:00 0 
7f7570000000-7f7570100000 rw-p 00000000 00:00 0 
7f7570100000-7f7580000000 ---p 00000000 00:00 0 
7f7580005000-7f7580006000 r--p 00000000 08:02 8921772                    /usr/lib/x86_64-linux-gnu/libxcb-present.so.0.0.0
7f7580006000-7f7580007000 r-xp 00001000 08:02 8921772                    /usr/lib/x86_64-linux-gnu/libxcb-present.so.0.0.0
7f7580007000-7f7580008000 r--p 00002000 08:02 8921772                    /usr/lib/x86_64-linux-gnu/libxcb-present.so.0.0.0
7f7580008000-7f7580009000 r--p 00002000 08:02 8921772                    /usr/lib/x86_64-linux-gnu/libxcb-present.so.0.0.0
7f7580009000-7f758000a000 rw-p 00003000 08:02 8921772                    /usr/lib/x86_64-linux-gnu/libxcb-present.so.0.0.0
7f758000a000-7f758000c000 r--p 00000000 08:02 8921762                    /usr/lib/x86_64-linux-gnu/libxcb-dri3.so.0.0.0
7f758000c000-7f758000d000 r-xp 00002000 08:02 8921762                    /usr/lib/x86_64-linux-gnu/libxcb-dri3.so.0.0.0
7f758000d000-7f758000e000 r--p 00003000 08:02 8921762                    /usr/lib/x86_64-linux-gnu/libxcb-dri3.so.0.0.0
7f758000e000-7f758000f000 r--p 00003000 08:02 8921762                    /usr/lib/x86_64-linux-gnu/libxcb-dri3.so.0.0.0
7f758000f000-7f7580010000 rw-p 00004000 08:02 8921762                    /usr/lib/x86_64-linux-gnu/libxcb-dri3.so.0.0.0
7f7580010000-7f7580014000 r--p 00000000 08:02 8933051                    /usr/lib/x86_64-linux-gnu/libexpat.so.1.6.11
7f7580014000-7f7580030000 r-xp 00004000 08:02 8933051                    /usr/lib/x86_64-linux-gnu/libexpat.so.1.6.11
7f7580030000-7f758003a000 r--p 00020000 08:02 8933051                    /usr/lib/x86_64-linux-gnu/libexpat.so.1.6.11
7f758003a000-7f758003b000 ---p 0002a000 08:02 8933051                    /usr/lib/x86_64-linux-gnu/libexpat.so.1.6.11
7f758003b000-7f758003d000 r--p 0002a000 08:02 8933051                    /usr/lib/x86_64-linux-gnu/libexpat.so.1.6.11
7f758003d000-7f758003e000 rw-p 0002c000 08:02 8933051                    /usr/lib/x86_64-linux-gnu/libexpat.so.1.6.11
7f758003e000-7f758003f000 r--p 00000000 08:02 8921784                    /usr/lib/x86_64-linux-gnu/libxcb-shm.so.0.0.0
7f758003f000-7f7580040000 r-xp 00001000 08:02 8921784                    /usr/lib/x86_64-linux-gnu/libxcb-shm.so.0.0.0
7f7580040000-7f7580041000 r--p 00002000 08:02 8921784                    /usr/lib/x86_64-linux-gnu/libxcb-shm.so.0.0.0
7f7580041000-7f7580042000 r--p 00002000 08:02 8921784                    /usr/lib/x86_64-linux-gnu/libxcb-shm.so.0.0.0
7f7580042000-7f7580043000 rw-p 00003000 08:02 8921784                    /usr/lib/x86_64-linux-gnu/libxcb-shm.so.0.0.0
7f7580043000-7f7580045000 r--p 00000000 08:02 8921760                    /usr/lib/x86_64-linux-gnu/libxcb-dri2.so.0.0.0
7f7580045000-7f7580047000 r-xp 00002000 08:02 8921760                    /usr/lib/x86_64-linux-gnu/libxcb-dri2.so.0.0.0
7f7580047000-7f7580048000 r--p 00004000 08:02 8921760                    /usr/lib/x86_64-linux-gnu/libxcb-dri2.so.0.0.0
7f7580048000-7f7580049000 r--p 00004000 08:02 8921760                    /usr/lib/x86_64-linux-gnu/libxcb-dri2.so.0.0.0
7f7580049000-7f758004a000 rw-p 00005000 08:02 8921760                    /usr/lib/x86_64-linux-gnu/libxcb-dri2.so.0.0.0
7f758004a000-7f758004b000 r--p 00000000 08:02 8920288                    /usr/lib/x86_64-linux-gnu/libX11-xcb.so.1.0.0
7f758004b000-7f758004c000 r-xp 00001000 08:02 8920288                    /usr/lib/x86_64-linux-gnu/libX11-xcb.so.1.0.0
7f758004c000-7f758004d000 r--p 00002000 08:02 8920288                    /usr/lib/x86_64-linux-gnu/libX11-xcb.so.1.0.0
7f758004d000-7f758004e000 r--p 00002000 08:02 8920288                    /usr/lib/x86_64-linux-gnu/libX11-xcb.so.1.0.0
7f758004e000-7f758004f000 rw-p 00003000 08:02 8920288                    /usr/lib/x86_64-linux-gnu/libX11-xcb.so.1.0.0
7f758004f000-7f758005a000 r--p 00000000 08:02 8921764                    /usr/lib/x86_64-linux-gnu/libxcb-glx.so.0.0.0
7f758005a000-7f7580063000 r-xp 0000b000 08:02 8921764                    /usr/lib/x86_64-linux-gnu/libxcb-glx.so.0.0.0
7f7580063000-7f7580068000 r--p 00014000 08:02 8921764                    /usr/lib/x86_64-linux-gnu/libxcb-glx.so.0.0.0
7f7580068000-7f7580069000 ---p 00019000 08:02 8921764                    /usr/lib/x86_64-linux-gnu/libxcb-glx.so.0.0.0
7f7580069000-7f758006b000 r--p 00019000 08:02 8921764                    /usr/lib/x86_64-linux-gnu/libxcb-glx.so.0.0.0
7f758006b000-7f758006c000 rw-p 0001b000 08:02 8921764                    /usr/lib/x86_64-linux-gnu/libxcb-glx.so.0.0.0
7f758006c000-7f7580071000 r--p 00000000 08:02 8919164                    /usr/lib/x86_64-linux-gnu/libdrm.so.2.4.0
7f7580071000-7f758007c000 r-xp 00005000 08:02 8919164                    /usr/lib/x86_64-linux-gnu/libdrm.so.2.4.0
7f758007c000-7f7580080000 r--p 00010000 08:02 8919164                    /usr/lib/x86_64-linux-gnu/libdrm.so.2.4.0
7f7580080000-7f7580081000 r--p 00013000 08:02 8919164                    /usr/lib/x86_64-linux-gnu/libdrm.so.2.4.0
7f7580081000-7f7580082000 rw-p 00014000 08:02 8919164                    /usr/lib/x86_64-linux-gnu/libdrm.so.2.4.0
7f7580082000-7f758008f000 r--p 00000000 08:02 8919005                    /usr/lib/x86_64-linux-gnu/libglapi.so.0.0.0
7f758008f000-7f758009d000 r-xp 0000d000 08:02 8919005                    /usr/lib/x86_64-linux-gnu/libglapi.so.0.0.0
7f758009d000-7f75800b6000 r--p 0001b000 08:02 8919005                    /usr/lib/x86_64-linux-gnu/libglapi.so.0.0.0
7f75800b6000-7f75800b7000 ---p 00034000 08:02 8919005                    /usr/lib/x86_64-linux-gnu/libglapi.so.0.0.0
7f75800b7000-7f75800bb000 r--p 00034000 08:02 8919005                    /usr/lib/x86_64-linux-gnu/libglapi.so.0.0.0
7f75800bb000-7f75800bc000 rw-p 00038000 08:02 8919005                    /usr/lib/x86_64-linux-gnu/libglapi.so.0.0.0
7f75800bc000-7f75800bd000 rw-p 00000000 00:00 0 
7f75800bd000-7f75800d6000 r--p 00000000 08:02 8919003                    /usr/lib/x86_64-linux-gnu/libGLX_mesa.so.0.0.0
7f75800d6000-7f758011a000 r-xp 00019000 08:02 8919003                    /usr/lib/x86_64-linux-gnu/libGLX_mesa.so.0.0.0
7f758011a000-7f7580131000 r--p 0005d000 08:02 8919003                    /usr/lib/x86_64-linux-gnu/libGLX_mesa.so.0.0.0
7f7580131000-7f7580134000 r--p 00073000 08:02 8919003                    /usr/lib/x86_64-linux-gnu/libGLX_mesa.so.0.0.0
7f7580134000-7f7580135000 rw-p 00076000 08:02 8919003                    /usr/lib/x86_64-linux-gnu/libGLX_mesa.so.0.0.0
7f7580135000-7f7580136000 rw-p 00000000 00:00 0 
7f7580136000-7f7580137000 r--p 00000000 08:02 8920343                    /usr/lib/x86_64-linux-gnu/libXxf86vm.so.1.0.0
7f7580137000-7f758013a000 r-xp 00001000 08:02 8920343                    /usr/lib/x86_64-linux-gnu/libXxf86vm.so.1.0.0
7f758013a000-7f758013b000 r--p 00004000 08:02 8920343                    /usr/lib/x86_64-linux-gnu/libXxf86vm.so.1.0.0
7f758013b000-7f758013c000 r--p 00004000 08:02 8920343                    /usr/lib/x86_64-linux-gnu/libXxf86vm.so.1.0.0
7f758013c000-7f758013d000 rw-p 00005000 08:02 8920343                    /usr/lib/x86_64-linux-gnu/libXxf86vm.so.1.0.0
7f758013d000-7f758013e000 r--p 00000000 08:02 8920329                    /usr/lib/x86_64-linux-gnu/libXss.so.1.0.0
7f758013e000-7f758013f000 r-xp 00001000 08:02 8920329                    /usr/lib/x86_64-linux-gnu/libXss.so.1.0.0
7f758013f000-7f7580140000 r--p 00002000 08:02 8920329                    /usr/lib/x86_64-linux-gnu/libXss.so.1.0.0
7f7580140000-7f7580141000 r--p 00002000 08:02 8920329                    /usr/lib/x86_64-linux-gnu/libXss.so.1.0.0
7f7580141000-7f7580142000 rw-p 00003000 08:02 8920329                    /usr/lib/x86_64-linux-gnu/libXss.so.1.0.0
7f7580142000-7f7580144000 r--p 00000000 08:02 8920325                    /usr/lib/x86_64-linux-gnu/libXrandr.so.2.2.0
7f7580144000-7f758014b000 r-xp 00002000 08:02 8920325                    /usr/lib/x86_64-linux-gnu/libXrandr.so.2.2.0
7f758014b000-7f758014d000 r--p 00009000 08:02 8920325                    /usr/lib/x86_64-linux-gnu/libXrandr.so.2.2.0
7f758014d000-7f758014e000 r--p 0000a000 08:02 8920325                    /usr/lib/x86_64-linux-gnu/libXrandr.so.2.2.0
7f758014e000-7f758014f000 rw-p 0000b000 08:02 8920325                    /usr/lib/x86_64-linux-gnu/libXrandr.so.2.2.0
7f758014f000-7f7580151000 r--p 00000000 08:02 8920315                    /usr/lib/x86_64-linux-gnu/libXi.so.6.1.0
7f7580151000-7f758015c000 r-xp 00002000 08:02 8920315                    /usr/lib/x86_64-linux-gnu/libXi.so.6.1.0
7f758015c000-7f758015f000 r--p 0000d000 08:02 8920315                    /usr/lib/x86_64-linux-gnu/libXi.so.6.1.0
7f758015f000-7f7580160000 r--p 0000f000 08:02 8920315                    /usr/lib/x86_64-linux-gnu/libXi.so.6.1.0
7f7580160000-7f7580161000 rw-p 00010000 08:02 8920315                    /usr/lib/x86_64-linux-gnu/libXi.so.6.1.0
7f7580161000-7f7580162000 r--p 00000000 08:02 8920317                    /usr/lib/x86_64-linux-gnu/libXinerama.so.1.0.0
7f7580162000-7f7580163000 r-xp 00001000 08:02 8920317                    /usr/lib/x86_64-linux-gnu/libXinerama.so.1.0.0
7f7580163000-7f7580164000 r--p 00002000 08:02 8920317                    /usr/lib/x86_64-linux-gnu/libXinerama.so.1.0.0
7f7580164000-7f7580165000 r--p 00002000 08:02 8920317                    /usr/lib/x86_64-linux-gnu/libXinerama.so.1.0.0
7f7580165000-7f7580166000 rw-p 00003000 08:02 8920317                    /usr/lib/x86_64-linux-gnu/libXinerama.so.1.0.0
7f7580166000-7f7580168000 r--p 00000000 08:02 8920309                    /usr/lib/x86_64-linux-gnu/libXfixes.so.3.1.0
7f7580168000-7f758016b000 r-xp 00002000 08:02 8920309                    /usr/lib/x86_64-linux-gnu/libXfixes.so.3.1.0
7f758016b000-7f758016c000 r--p 00005000 08:02 8920309                    /usr/lib/x86_64-linux-gnu/libXfixes.so.3.1.0
7f758016c000-7f758016d000 r--p 00005000 08:02 8920309                    /usr/lib/x86_64-linux-gnu/libXfixes.so.3.1.0
7f758016d000-7f758016e000 rw-p 00006000 08:02 8920309                    /usr/lib/x86_64-linux-gnu/libXfixes.so.3.1.0
7f758016e000-7f7580171000 r--p 00000000 08:02 8920301                    /usr/lib/x86_64-linux-gnu/libXcursor.so.1.0.2
7f7580171000-7f7580177000 r-xp 00003000 08:02 8920301                    /usr/lib/x86_64-linux-gnu/libXcursor.so.1.0.2
7f7580177000-7f7580179000 r--p 00009000 08:02 8920301                    /usr/lib/x86_64-linux-gnu/libXcursor.so.1.0.2
7f7580179000-7f758017a000 r--p 0000a000 08:02 8920301                    /usr/lib/x86_64-linux-gnu/libXcursor.so.1.0.2
7f758017a000-7f758017b000 rw-p 0000b000 08:02 8920301                    /usr/lib/x86_64-linux-gnu/libXcursor.so.1.0.2
7f758017b000-7f758017f000 r--p 00000000 08:02 8920307                    /usr/lib/x86_64-linux-gnu/libXext.so.6.4.0
7f758017f000-7f758018a000 r-xp 00004000 08:02 8920307                    /usr/lib/x86_64-linux-gnu/libXext.so.6.4.0
7f758018a000-7f758018e000 r--p 0000f000 08:02 8920307                    /usr/lib/x86_64-linux-gnu/libXext.so.6.4.0
7f758018e000-7f758018f000 r--p 00012000 08:02 8920307                    /usr/lib/x86_64-linux-gnu/libXext.so.6.4.0
7f758018f000-7f7580190000 rw-p 00013000 08:02 8920307                    /usr/lib/x86_64-linux-gnu/libXext.so.6.4.0
7f7580190000-7f7580191000 ---p 00000000 00:00 0 
7f7580191000-7f7580991000 rw-p 00000000 00:00 0 
7f7580991000-7f7580992000 ---p 00000000 00:00 0 
7f7580992000-7f7581198000 rw-p 00000000 00:00 0 
7f7581198000-7f758119c000 r--p 00000000 08:02 8920463                    /usr/lib/x86_64-linux-gnu/libbsd.so.0.10.0
7f758119c000-7f75811ab000 r-xp 00004000 08:02 8920463                    /usr/lib/x86_64-linux-gnu/libbsd.so.0.10.0
7f75811ab000-7f75811ae000 r--p 00013000 08:02 8920463                    /usr/lib/x86_64-linux-gnu/libbsd.so.0.10.0
7f75811ae000-7f75811af000 ---p 00016000 08:02 8920463                    /usr/lib/x86_64-linux-gnu/libbsd.so.0.10.0
7f75811af000-7f75811b0000 r--p 00016000 08:02 8920463                    /usr/lib/x86_64-linux-gnu/libbsd.so.0.10.0
7f75811b0000-7f75811b1000 rw-p 00017000 08:02 8920463                    /usr/lib/x86_64-linux-gnu/libbsd.so.0.10.0
7f75811b1000-7f75811b2000 rw-p 00000000 00:00 0 
7f75811b2000-7f75811b4000 r--p 00000000 08:02 8920305                    /usr/lib/x86_64-linux-gnu/libXdmcp.so.6.0.0
7f75811b4000-7f75811b6000 r-xp 00002000 08:02 8920305                    /usr/lib/x86_64-linux-gnu/libXdmcp.so.6.0.0
7f75811b6000-7f75811b8000 r--p 00004000 08:02 8920305                    /usr/lib/x86_64-linux-gnu/libXdmcp.so.6.0.0
7f75811b8000-7f75811b9000 r--p 00005000 08:02 8920305                    /usr/lib/x86_64-linux-gnu/libXdmcp.so.6.0.0
7f75811b9000-7f75811ba000 rw-p 00006000 08:02 8920305                    /usr/lib/x86_64-linux-gnu/libXdmcp.so.6.0.0
7f75811ba000-7f75811bb000 r--p 00000000 08:02 8920294                    /usr/lib/x86_64-linux-gnu/libXau.so.6.0.0
7f75811bb000-7f75811bd000 r-xp 00001000 08:02 8920294                    /usr/lib/x86_64-linux-gnu/libXau.so.6.0.0
7f75811bd000-7f75811be000 r--p 00003000 08:02 8920294                    /usr/lib/x86_64-linux-gnu/libXau.so.6.0.0
7f75811be000-7f75811bf000 r--p 00003000 08:02 8920294                    /usr/lib/x86_64-linux-gnu/libXau.so.6.0.0
7f75811bf000-7f75811c0000 rw-p 00004000 08:02 8920294                    /usr/lib/x86_64-linux-gnu/libXau.so.6.0.0
7f75811c0000-7f75811cb000 r--p 00000000 08:02 8921796                    /usr/lib/x86_64-linux-gnu/libxcb.so.1.1.0
7f75811cb000-7f75811df000 r-xp 0000b000 08:02 8921796                    /usr/lib/x86_64-linux-gnu/libxcb.so.1.1.0
7f75811df000-7f75811e8000 r--p 0001f000 08:02 8921796                    /usr/lib/x86_64-linux-gnu/libxcb.so.1.1.0
7f75811e8000-7f75811e9000 r--p 00027000 08:02 8921796                    /usr/lib/x86_64-linux-gnu/libxcb.so.1.1.0
7f75811e9000-7f75811ea000 rw-p 00028000 08:02 8921796                    /usr/lib/x86_64-linux-gnu/libxcb.so.1.1.0
7f75811ea000-7f7581202000 r--p 00000000 08:02 8920290                    /usr/lib/x86_64-linux-gnu/libX11.so.6.3.0
7f7581202000-7f758128d000 r-xp 00018000 08:02 8920290                    /usr/lib/x86_64-linux-gnu/libX11.so.6.3.0
7f758128d000-7f7581321000 r--p 000a3000 08:02 8920290                    /usr/lib/x86_64-linux-gnu/libX11.so.6.3.0
7f7581321000-7f7581322000 ---p 00137000 08:02 8920290                    /usr/lib/x86_64-linux-gnu/libX11.so.6.3.0
7f7581322000-7f7581323000 r--p 00137000 08:02 8920290                    /usr/lib/x86_64-linux-gnu/libX11.so.6.3.0
7f7581323000-7f7581327000 rw-p 00138000 08:02 8920290                    /usr/lib/x86_64-linux-gnu/libX11.so.6.3.0
7f7581327000-7f7581329000 rw-p 00000000 00:00 0 
7f7581329000-7f758132c000 r--p 00000000 08:02 8915341                    /usr/lib/x86_64-linux-gnu/libGLX.so.0.0.0
7f758132c000-7f7581347000 r-xp 00003000 08:02 8915341                    /usr/lib/x86_64-linux-gnu/libGLX.so.0.0.0
7f7581347000-7f758134b000 r--p 0001e000 08:02 8915341                    /usr/lib/x86_64-linux-gnu/libGLX.so.0.0.0
7f758134b000-7f758134c000 r--p 00021000 08:02 8915341                    /usr/lib/x86_64-linux-gnu/libGLX.so.0.0.0
7f758134c000-7f758134d000 rw-p 00022000 08:02 8915341                    /usr/lib/x86_64-linux-gnu/libGLX.so.0.0.0
7f758134d000-7f758135d000 rw-p 00000000 00:00 0 
7f758135d000-7f758139d000 r--p 00000000 08:02 8920253                    /usr/lib/x86_64-linux-gnu/libGLdispatch.so.0.0.0
7f758139d000-7f75813dc000 r-xp 00040000 08:02 8920253                    /usr/lib/x86_64-linux-gnu/libGLdispatch.so.0.0.0
7f75813dc000-7f75813f0000 r--p 0007f000 08:02 8920253                    /usr/lib/x86_64-linux-gnu/libGLdispatch.so.0.0.0
7f75813f0000-7f758140c000 r--p 00092000 08:02 8920253                    /usr/lib/x86_64-linux-gnu/libGLdispatch.so.0.0.0
7f758140c000-7f758140d000 rw-p 000ae000 08:02 8920253                    /usr/lib/x86_64-linux-gnu/libGLdispatch.so.0.0.0
7f758140d000-7f7581415000 rw-p 00000000 00:00 0 
7f7581415000-7f7581417000 r--p 00000000 08:02 8914197                    /usr/lib/x86_64-linux-gnu/librt-2.31.so
7f7581417000-7f758141b000 r-xp 00002000 08:02 8914197                    /usr/lib/x86_64-linux-gnu/librt-2.31.so
7f758141b000-7f758141d000 r--p 00006000 08:02 8914197                    /usr/lib/x86_64-linux-gnu/librt-2.31.so
7f758141d000-7f758141e000 r--p 00007000 08:02 8914197                    /usr/lib/x86_64-linux-gnu/librt-2.31.so
7f758141e000-7f758141f000 rw-p 00008000 08:02 8914197                    /usr/lib/x86_64-linux-gnu/librt-2.31.so
7f758141f000-7f7581420000 r--p 00000000 08:02 8913979                    /usr/lib/x86_64-linux-gnu/libdl-2.31.so
7f7581420000-7f7581422000 r-xp 00001000 08:02 8913979                    /usr/lib/x86_64-linux-gnu/libdl-2.31.so
7f7581422000-7f7581423000 r--p 00003000 08:02 8913979                    /usr/lib/x86_64-linux-gnu/libdl-2.31.so
7f7581423000-7f7581424000 r--p 00003000 08:02 8913979                    /usr/lib/x86_64-linux-gnu/libdl-2.31.so
7f7581424000-7f7581425000 rw-p 00004000 08:02 8913979                    /usr/lib/x86_64-linux-gnu/libdl-2.31.so
7f7581425000-7f7581468000 r--p 00000000 08:02 8915339                    /usr/lib/x86_64-linux-gnu/libGL.so.1.7.0
7f7581468000-7f7581488000 r-xp 00043000 08:02 8915339                    /usr/lib/x86_64-linux-gnu/libGL.so.1.7.0
7f7581488000-7f758149d000 r--p 00063000 08:02 8915339                    /usr/lib/x86_64-linux-gnu/libGL.so.1.7.0
7f758149d000-7f75814ab000 r--p 00077000 08:02 8915339                    /usr/lib/x86_64-linux-gnu/libGL.so.1.7.0
7f75814ab000-7f75814ac000 rw-p 00085000 08:02 8915339                    /usr/lib/x86_64-linux-gnu/libGL.so.1.7.0
7f75814ac000-7f75814ad000 rw-p 00000000 00:00 0 
7f75814ad000-7f75814cf000 r--p 00000000 08:02 8913928                    /usr/lib/x86_64-linux-gnu/libc-2.31.so
7f75814cf000-7f7581647000 r-xp 00022000 08:02 8913928                    /usr/lib/x86_64-linux-gnu/libc-2.31.so
7f7581647000-7f7581695000 r--p 0019a000 08:02 8913928                    /usr/lib/x86_64-linux-gnu/libc-2.31.so
7f7581695000-7f7581699000 r--p 001e7000 08:02 8913928                    /usr/lib/x86_64-linux-gnu/libc-2.31.so
7f7581699000-7f758169b000 rw-p 001eb000 08:02 8913928                    /usr/lib/x86_64-linux-gnu/libc-2.31.so
7f758169b000-7f75816a1000 rw-p 00000000 00:00 0 
7f75816a1000-7f75816a7000 r--p 00000000 08:02 8914147                    /usr/lib/x86_64-linux-gnu/libpthread-2.31.so
7f75816a7000-7f75816b8000 r-xp 00006000 08:02 8914147                    /usr/lib/x86_64-linux-gnu/libpthread-2.31.so
7f75816b8000-7f75816be000 r--p 00017000 08:02 8914147                    /usr/lib/x86_64-linux-gnu/libpthread-2.31.so
7f75816be000-7f75816bf000 r--p 0001c000 08:02 8914147                    /usr/lib/x86_64-linux-gnu/libpthread-2.31.so
7f75816bf000-7f75816c0000 rw-p 0001d000 08:02 8914147                    /usr/lib/x86_64-linux-gnu/libpthread-2.31.so
7f75816c0000-7f75816c4000 rw-p 00000000 00:00 0 
7f75816c4000-7f75816c7000 r--p 00000000 08:02 8920760                    /usr/lib/x86_64-linux-gnu/libgcc_s.so.1
7f75816c7000-7f75816d9000 r-xp 00003000 08:02 8920760                    /usr/lib/x86_64-linux-gnu/libgcc_s.so.1
7f75816d9000-7f75816dd000 r--p 00015000 08:02 8920760                    /usr/lib/x86_64-linux-gnu/libgcc_s.so.1
7f75816dd000-7f75816de000 r--p 00018000 08:02 8920760                    /usr/lib/x86_64-linux-gnu/libgcc_s.so.1
7f75816de000-7f75816df000 rw-p 00019000 08:02 8920760                    /usr/lib/x86_64-linux-gnu/libgcc_s.so.1
7f75816df000-7f75816ec000 r--p 00000000 08:02 8913984                    /usr/lib/x86_64-linux-gnu/libm-2.31.so
7f75816ec000-7f7581793000 r-xp 0000d000 08:02 8913984                    /usr/lib/x86_64-linux-gnu/libm-2.31.so
7f7581793000-7f758182c000 r--p 000b4000 08:02 8913984                    /usr/lib/x86_64-linux-gnu/libm-2.31.so
7f758182c000-7f758182d000 r--p 0014c000 08:02 8913984                    /usr/lib/x86_64-linux-gnu/libm-2.31.so
7f758182d000-7f758182e000 rw-p 0014d000 08:02 8913984                    /usr/lib/x86_64-linux-gnu/libm-2.31.so
7f7581831000-7f758183c000 rw-p 00000000 00:00 0 
7f758183c000-7f7581841000 r--p 00000000 08:02 8914086                    /usr/lib/x86_64-linux-gnu/libudev.so.1.6.17
7f7581841000-7f758185d000 r-xp 00005000 08:02 8914086                    /usr/lib/x86_64-linux-gnu/libudev.so.1.6.17
7f758185d000-7f7581867000 r--p 00021000 08:02 8914086                    /usr/lib/x86_64-linux-gnu/libudev.so.1.6.17
7f7581867000-7f7581868000 r--p 0002a000 08:02 8914086                    /usr/lib/x86_64-linux-gnu/libudev.so.1.6.17
7f7581868000-7f7581869000 rw-p 0002b000 08:02 8914086                    /usr/lib/x86_64-linux-gnu/libudev.so.1.6.17
7f7581869000-7f7581870000 r--s 00000000 08:02 9579809                    /usr/lib/x86_64-linux-gnu/gconv/gconv-modules.cache
7f7581870000-7f7581871000 rwxp 00000000 00:00 0 
7f7581871000-7f7581872000 rw-s 00000000 00:1a 27661                      /dev/shm/mono.40104
7f7581872000-7f75824aa000 r--p 00000000 08:02 1859294                    /home/andrei/Duaro_ws/Unity_env/exe-env/env8/UnityPlayer.so
7f75824aa000-7f758450a000 r-xp 00c38000 08:02 1859294                    /home/andrei/Duaro_ws/Unity_env/exe-env/env8/UnityPlayer.so
7f758450a000-7f758462e000 r--p 02c98000 08:02 1859294                    /home/andrei/Duaro_ws/Unity_env/exe-env/env8/UnityPlayer.so
7f758462e000-7f7584672000 rw-p 02dbc000 08:02 1859294                    /home/andrei/Duaro_ws/Unity_env/exe-env/env8/UnityPlayer.so
7f7584672000-7f75847da000 rw-p 00000000 00:00 0 
7f75847da000-7f758482d000 r--p 00000000 08:02 8923676                    /usr/lib/x86_64-linux-gnu/libGLEW.so.2.1.0
7f758482d000-7f758485b000 r-xp 00053000 08:02 8923676                    /usr/lib/x86_64-linux-gnu/libGLEW.so.2.1.0
7f758485b000-7f7584873000 r--p 00081000 08:02 8923676                    /usr/lib/x86_64-linux-gnu/libGLEW.so.2.1.0
7f7584873000-7f758487e000 r--p 00098000 08:02 8923676                    /usr/lib/x86_64-linux-gnu/libGLEW.so.2.1.0
7f758487e000-7f758487f000 rw-p 000a3000 08:02 8923676                    /usr/lib/x86_64-linux-gnu/libGLEW.so.2.1.0
7f758487f000-7f7584886000 rw-p 00000000 00:00 0 
7f7584886000-7f7584887000 r--p 00000000 08:02 8913556                    /usr/lib/x86_64-linux-gnu/ld-2.31.so
7f7584887000-7f75848aa000 r-xp 00001000 08:02 8913556                    /usr/lib/x86_64-linux-gnu/ld-2.31.so
7f75848aa000-7f75848b2000 r--p 00024000 08:02 8913556                    /usr/lib/x86_64-linux-gnu/ld-2.31.so
7f75848b2000-7f75848b3000 rw-s 1020fe000 00:05 707                       /dev/dri/renderD128
7f75848b3000-7f75848b4000 r--p 0002c000 08:02 8913556                    /usr/lib/x86_64-linux-gnu/ld-2.31.so
7f75848b4000-7f75848b5000 rw-p 0002d000 08:02 8913556                    /usr/lib/x86_64-linux-gnu/ld-2.31.so
7f75848b5000-7f75848b6000 rw-p 00000000 00:00 0 
7ffda2236000-7ffda223e000 ---p 00000000 00:00 0 
7ffda2a13000-7ffda2a35000 rw-p 00000000 00:00 0                          [stack]
7ffda2ac1000-7ffda2ac5000 r--p 00000000 00:00 0                          [vvar]
7ffda2ac5000-7ffda2ac7000 r-xp 00000000 00:00 0                          [vdso]
ffffffffff600000-ffffffffff601000 --xp 00000000 00:00 0                  [vsyscall]

Native stacktrace:

	/home/andrei/Duaro_ws/Unity_env/exe-env/env8/env8_Data/MonoBleedingEdge/x86_64/libmonobdwgc-2.0.so(+0xd8194) [0x7f747a956194]
	/home/andrei/Duaro_ws/Unity_env/exe-env/env8/env8_Data/MonoBleedingEdge/x86_64/libmonobdwgc-2.0.so(+0x5bf37) [0x7f747a8d9f37]
	/lib/x86_64-linux-gnu/libpthread.so.0(+0x143c0) [0x7f75816b53c0]
	/home/andrei/Duaro_ws/Unity_env/exe-env/env8/UnityPlayer.so(+0x19a87a8) [0x7f758321a7a8]
	/home/andrei/Duaro_ws/Unity_env/exe-env/env8/UnityPlayer.so(+0x12e18c7) [0x7f7582b538c7]
	/home/andrei/Duaro_ws/Unity_env/exe-env/env8/UnityPlayer.so(+0x12e243d) [0x7f7582b5443d]
	/home/andrei/Duaro_ws/Unity_env/exe-env/env8/UnityPlayer.so(+0x12d2def) [0x7f7582b44def]
	/home/andrei/Duaro_ws/Unity_env/exe-env/env8/UnityPlayer.so(+0x12d158e) [0x7f7582b4358e]
	/home/andrei/Duaro_ws/Unity_env/exe-env/env8/UnityPlayer.so(+0x12f87c7) [0x7f7582b6a7c7]
	/home/andrei/Duaro_ws/Unity_env/exe-env/env8/UnityPlayer.so(+0x1d33947) [0x7f75835a5947]
	/home/andrei/Duaro_ws/Unity_env/exe-env/env8/UnityPlayer.so(+0x1d33887) [0x7f75835a5887]
	/home/andrei/Duaro_ws/Unity_env/exe-env/env8/UnityPlayer.so(+0x28a0604) [0x7f7584112604]
	/lib/x86_64-linux-gnu/libpthread.so.0(+0x8609) [0x7f75816a9609]
	/lib/x86_64-linux-gnu/libc.so.6(clone+0x43) [0x7f75815cc163]

Debug info from gdb:

Caught fatal signal - signo:11 code:1 errno:0 addr:0x28
Obtained 20 stack frames.
#0  0x007f75816b53c0 in funlockfile
#1  0x007f758321a7a8 in AtomicStack::Pop()
#2  0x007f7582b538c7 in BucketAllocator::Allocate(unsigned long, int)
#3  0x007f7582b5443d in DualThreadAllocator<DynamicHeapAllocator>::Allocate(unsigned long, int)
#4  0x007f7582b44def in MemoryManager::Allocate(unsigned long, unsigned long, MemLabelId const&, AllocateOptions, char const*, int)
#5  0x007f7582b3f961 in malloc_internal(unsigned long, unsigned long, MemLabelId const&, AllocateOptions, char const*, int)
#6  0x007f75824eb24b in core::StringStorageDefault<char>::reallocate(unsigned long)
#7  0x007f75824f6646 in void StreamedBinaryRead::TransferSTLStyleArray<core::basic_string<char, core::StringStorageDefault<char> > >(core::basic_string<char, core::StringStorageDefault<char> >&, TransferMetaFlags)
#8  0x007f7583103f0b in void StreamedBinaryRead::TransferSTLStyleMap<std::map<PPtr<Shader>, core::basic_string<char, core::StringStorageDefault<char> >, std::less<PPtr<Shader> >, std::allocator<std::pair<PPtr<Shader> const, core::basic_string<char, core::StringStorageDefault<char> > > > > >(std::map<PPtr<Shader>, core::basic_string<char, core::StringStorageDefault<char> >, std::less<PPtr<Shader> >, std::allocator<std::pair<PPtr<Shader> const, core::basic_string<char, core::StringStorageDefault<char> > > > >&, TransferMetaFlags)
#9  0x007f75830f7d16 in ScriptMapper::VirtualRedirectTransfer(StreamedBinaryRead&)
#10 0x007f75833b7646 in SerializedFile::ReadObject(long, ObjectCreationMode, bool, TypeTree const**, bool*, Object&)
#11 0x007f75833a27ee in PersistentManager::ReadAndActivateObjectThreaded(int, SerializedObjectIdentifier const&, SerializedFile*, bool, bool, PersistentManager::LockFlags)
#12 0x007f75833a1db5 in PersistentManager::ReadObjectThreaded(int, PersistentManager::LockFlags)
#13 0x007f75833a1c60 in PersistentManager::ReadObject(int, AwakeFromLoadMode)
#14 0x007f7582b938b9 in LoadManager(core::basic_string<char, core::StringStorageDefault<char> > const&, int)
#15 0x007f7582b93997 in PlayerLoadGlobalManagers(char const*, char const*, unsigned int)
#16 0x007f758307d039 in PlayerInitEngineGraphics(bool)
#17 0x007f75833d78a3 in PlayerMain(int, char**)
#18 0x007f75814d10b3 in __libc_start_main
#19 0x00000000201029 in _start
/tmp/mono-gdb-commands.xfcQP7:1: Error in sourced command file:
Unable to attach: program terminated with signal SIGSEGV, Segmentation fault.
