Mono path[0] = '/home/andrei/Duaro_ws/Unity_env/exe-env/env8/env8_Data/Managed'
Mono config path = '/home/andrei/Duaro_ws/Unity_env/exe-env/env8/env8_Data/MonoBleedingEdge/etc'
PlayerConnection initialized from /home/andrei/Duaro_ws/Unity_env/exe-env/env8/env8_Data (debug = 0)
PlayerConnection initialized network socket : 0.0.0.0 55331
Multi-casting "[IP] 172.26.51.175 [Port] 55331 [Flags] 2 [Guid] 1118860178 [EditorId] 4113913451 [Version] 1048832 [Id] LinuxPlayer(172.26.51.175) [Debug] 0 [PackageName] LinuxPlayer [ProjectName] Duaro" to [225.0.0.222:54997]...
Started listening to [0.0.0.0:55331]
Preloaded 'lib_burst_generated.so'
Preloaded 'libassimp.so'
Preloaded 'libgrpc_csharp_ext.x64.so'
Preloaded 'liblibvhacd.so'
PlayerConnection already initialized - listening to [0.0.0.0:55331]
Initialize engine version: 2020.3.29f1 (2ff179115da0)
[Subsystems] Discovering subsystems at path /home/andrei/Duaro_ws/Unity_env/exe-env/env8/env8_Data/UnitySubsystems
Forcing GfxDevice: Null
GfxDevice: creating device client; threaded=0
NullGfxDevice:
    Version:  NULL 1.0 [1.0]
    Renderer: Null Device
    Vendor:   Unity Technologies
ALSA lib pcm_dmix.c:1089:(snd_pcm_dmix_open) unable to open slave
FMOD failed to initialize the output device.: "Error initializing output device. " (60)
Forced to initialize FMOD to to the device driver's system output rate 48000, this may impact performance and/or give inconsistent experiences compared to selected sample rate 48000
ALSA lib pcm_dmix.c:1089:(snd_pcm_dmix_open) unable to open slave
FMOD failed to initialize the output device.: "Error initializing output device. " (60)
FMOD initialized on nosound output
Caught fatal signal - signo:11 code:1 errno:0 addr:0x28
/proc/self/maps:
00200000-00201000 r--p 00000000 08:02 1859291                            /home/andrei/Duaro_ws/Unity_env/exe-env/env8/env8.x86_64
00201000-00202000 r-xp 00001000 08:02 1859291                            /home/andrei/Duaro_ws/Unity_env/exe-env/env8/env8.x86_64
00202000-00203000 r--p 00002000 08:02 1859291                            /home/andrei/Duaro_ws/Unity_env/exe-env/env8/env8.x86_64
00203000-00204000 rw-p 00003000 08:02 1859291                            /home/andrei/Duaro_ws/Unity_env/exe-env/env8/env8.x86_64
00a03000-00e33000 rw-p 00000000 00:00 0                                  [heap]
416eb000-416fb000 rwxp 00000000 00:00 0 
418e7000-418f7000 rwxp 00000000 00:00 0 
7fd224000000-7fd224021000 rw-p 00000000 00:00 0 
7fd224021000-7fd228000000 ---p 00000000 00:00 0 
7fd229328000-7fd22d1fc000 r--p 00000000 08:02 1859295                    /home/andrei/Duaro_ws/Unity_env/exe-env/env8/UnityPlayer_s.debug
7fd230000000-7fd231000000 rw-p 00000000 00:00 0 
7fd231000000-7fd240000000 ---p 00000000 00:00 0 
7fd2417eb000-7fd2417ec000 ---p 00000000 00:00 0 
7fd2417ec000-7fd241fec000 rw-p 00000000 00:00 0 
7fd241fec000-7fd241fed000 ---p 00000000 00:00 0 
7fd241fed000-7fd2427ed000 rw-p 00000000 00:00 0 
7fd2427ed000-7fd2427ee000 ---p 00000000 00:00 0 
7fd2427ee000-7fd242fee000 rw-p 00000000 00:00 0 
7fd242fee000-7fd242fef000 ---p 00000000 00:00 0 
7fd242fef000-7fd2437ef000 rw-p 00000000 00:00 0 
7fd2437ef000-7fd2437f0000 ---p 00000000 00:00 0 
7fd2437f0000-7fd243ff0000 rw-p 00000000 00:00 0 
7fd243ff0000-7fd243ff1000 ---p 00000000 00:00 0 
7fd243ff1000-7fd2447f1000 rw-p 00000000 00:00 0 
7fd2447f1000-7fd2447f2000 ---p 00000000 00:00 0 
7fd2447f2000-7fd244ff2000 rw-p 00000000 00:00 0 
7fd244ff2000-7fd244ff3000 ---p 00000000 00:00 0 
7fd244ff3000-7fd2457f3000 rw-p 00000000 00:00 0 
7fd2457f3000-7fd2457f4000 ---p 00000000 00:00 0 
7fd2457f4000-7fd245ff4000 rw-p 00000000 00:00 0 
7fd245ff4000-7fd245ff5000 ---p 00000000 00:00 0 
7fd245ff5000-7fd2467f5000 rw-p 00000000 00:00 0 
7fd2467f5000-7fd2467f6000 ---p 00000000 00:00 0 
7fd2467f6000-7fd246ff6000 rw-p 00000000 00:00 0 
7fd246ff6000-7fd246ff7000 ---p 00000000 00:00 0 
7fd246ff7000-7fd2477f7000 rw-p 00000000 00:00 0 
7fd2477f7000-7fd2477f8000 ---p 00000000 00:00 0 
7fd2477f8000-7fd247ff8000 rw-p 00000000 00:00 0 
7fd247ff8000-7fd247ff9000 ---p 00000000 00:00 0 
7fd247ff9000-7fd2487f9000 rw-p 00000000 00:00 0 
7fd2487f9000-7fd2487fa000 ---p 00000000 00:00 0 
7fd2487fa000-7fd248ffa000 rw-p 00000000 00:00 0 
7fd248ffa000-7fd248ffb000 ---p 00000000 00:00 0 
7fd248ffb000-7fd2497fb000 rw-p 00000000 00:00 0 
7fd2497fb000-7fd2497fc000 ---p 00000000 00:00 0 
7fd2497fc000-7fd249ffc000 rw-p 00000000 00:00 0 
7fd249ffc000-7fd249ffd000 ---p 00000000 00:00 0 
7fd249ffd000-7fd24a7fd000 rw-p 00000000 00:00 0 
7fd24a7fd000-7fd24a7fe000 ---p 00000000 00:00 0 
7fd24a7fe000-7fd24affe000 rw-p 00000000 00:00 0 
7fd24affe000-7fd24afff000 ---p 00000000 00:00 0 
7fd24afff000-7fd24b7ff000 rw-p 00000000 00:00 0 
7fd24b7ff000-7fd24b800000 ---p 00000000 00:00 0 
7fd24b800000-7fd24c000000 rw-p 00000000 00:00 0 
7fd24c000000-7fd24c021000 rw-p 00000000 00:00 0 
7fd24c021000-7fd250000000 ---p 00000000 00:00 0 
7fd2500ba000-7fd2500bb000 ---p 00000000 00:00 0 
7fd2500bb000-7fd2501bb000 rw-p 00000000 00:00 0 
7fd2501bb000-7fd2501e5000 r--p 00000000 08:02 8915485                    /usr/lib/x86_64-linux-gnu/libasound.so.2.0.0
7fd2501e5000-7fd250274000 r-xp 0002a000 08:02 8915485                    /usr/lib/x86_64-linux-gnu/libasound.so.2.0.0
7fd250274000-7fd2502ae000 r--p 000b9000 08:02 8915485                    /usr/lib/x86_64-linux-gnu/libasound.so.2.0.0
7fd2502ae000-7fd2502b5000 r--p 000f2000 08:02 8915485                    /usr/lib/x86_64-linux-gnu/libasound.so.2.0.0
7fd2502b5000-7fd2502b6000 rw-p 000f9000 08:02 8915485                    /usr/lib/x86_64-linux-gnu/libasound.so.2.0.0
7fd2502b6000-7fd2502ba000 r--p 00000000 08:02 8920851                    /usr/lib/x86_64-linux-gnu/libgpg-error.so.0.28.0
7fd2502ba000-7fd2502cd000 r-xp 00004000 08:02 8920851                    /usr/lib/x86_64-linux-gnu/libgpg-error.so.0.28.0
7fd2502cd000-7fd2502d7000 r--p 00017000 08:02 8920851                    /usr/lib/x86_64-linux-gnu/libgpg-error.so.0.28.0
7fd2502d7000-7fd2502d8000 r--p 00020000 08:02 8920851                    /usr/lib/x86_64-linux-gnu/libgpg-error.so.0.28.0
7fd2502d8000-7fd2502d9000 rw-p 00021000 08:02 8920851                    /usr/lib/x86_64-linux-gnu/libgpg-error.so.0.28.0
7fd2502d9000-7fd2502ed000 r--p 00000000 08:02 8921695                    /usr/lib/x86_64-linux-gnu/libvorbisenc.so.2.0.11
7fd2502ed000-7fd2502f0000 r-xp 00014000 08:02 8921695                    /usr/lib/x86_64-linux-gnu/libvorbisenc.so.2.0.11
7fd2502f0000-7fd250367000 r--p 00017000 08:02 8921695                    /usr/lib/x86_64-linux-gnu/libvorbisenc.so.2.0.11
7fd250367000-7fd250383000 r--p 0008d000 08:02 8921695                    /usr/lib/x86_64-linux-gnu/libvorbisenc.so.2.0.11
7fd250383000-7fd250384000 rw-p 000a9000 08:02 8921695                    /usr/lib/x86_64-linux-gnu/libvorbisenc.so.2.0.11
7fd250384000-7fd250387000 r--p 00000000 08:02 8921693                    /usr/lib/x86_64-linux-gnu/libvorbis.so.0.4.8
7fd250387000-7fd25039e000 r-xp 00003000 08:02 8921693                    /usr/lib/x86_64-linux-gnu/libvorbis.so.0.4.8
7fd25039e000-7fd2503af000 r--p 0001a000 08:02 8921693                    /usr/lib/x86_64-linux-gnu/libvorbis.so.0.4.8
7fd2503af000-7fd2503b0000 ---p 0002b000 08:02 8921693                    /usr/lib/x86_64-linux-gnu/libvorbis.so.0.4.8
7fd2503b0000-7fd2503b1000 r--p 0002b000 08:02 8921693                    /usr/lib/x86_64-linux-gnu/libvorbis.so.0.4.8
7fd2503b1000-7fd2503b2000 rw-p 0002c000 08:02 8921693                    /usr/lib/x86_64-linux-gnu/libvorbis.so.0.4.8
7fd2503b2000-7fd2503ba000 r--p 00000000 08:02 8920258                    /usr/lib/x86_64-linux-gnu/libFLAC.so.8.3.0
7fd2503ba000-7fd2503e3000 r-xp 00008000 08:02 8920258                    /usr/lib/x86_64-linux-gnu/libFLAC.so.8.3.0
7fd2503e3000-7fd2503ed000 r--p 00031000 08:02 8920258                    /usr/lib/x86_64-linux-gnu/libFLAC.so.8.3.0
7fd2503ed000-7fd2503ee000 ---p 0003b000 08:02 8920258                    /usr/lib/x86_64-linux-gnu/libFLAC.so.8.3.0
7fd2503ee000-7fd2503ef000 r--p 0003b000 08:02 8920258                    /usr/lib/x86_64-linux-gnu/libFLAC.so.8.3.0
7fd2503ef000-7fd2503f0000 rw-p 0003c000 08:02 8920258                    /usr/lib/x86_64-linux-gnu/libFLAC.so.8.3.0
7fd2503f0000-7fd2503f4000 r--p 00000000 08:02 8914027                    /usr/lib/x86_64-linux-gnu/libnsl-2.31.so
7fd2503f4000-7fd250404000 r-xp 00004000 08:02 8914027                    /usr/lib/x86_64-linux-gnu/libnsl-2.31.so
7fd250404000-7fd250409000 r--p 00014000 08:02 8914027                    /usr/lib/x86_64-linux-gnu/libnsl-2.31.so
7fd250409000-7fd25040a000 r--p 00018000 08:02 8914027                    /usr/lib/x86_64-linux-gnu/libnsl-2.31.so
7fd25040a000-7fd25040b000 rw-p 00019000 08:02 8914027                    /usr/lib/x86_64-linux-gnu/libnsl-2.31.so
7fd25040b000-7fd25040d000 rw-p 00000000 00:00 0 
7fd25040d000-7fd250419000 r--p 00000000 08:02 8913669                    /usr/lib/x86_64-linux-gnu/libgcrypt.so.20.2.5
7fd250419000-7fd2504e7000 r-xp 0000c000 08:02 8913669                    /usr/lib/x86_64-linux-gnu/libgcrypt.so.20.2.5
7fd2504e7000-7fd250524000 r--p 000da000 08:02 8913669                    /usr/lib/x86_64-linux-gnu/libgcrypt.so.20.2.5
7fd250524000-7fd250526000 r--p 00116000 08:02 8913669                    /usr/lib/x86_64-linux-gnu/libgcrypt.so.20.2.5
7fd250526000-7fd25052b000 rw-p 00118000 08:02 8913669                    /usr/lib/x86_64-linux-gnu/libgcrypt.so.20.2.5
7fd25052b000-7fd25052d000 r--p 00000000 08:02 8921116                    /usr/lib/x86_64-linux-gnu/liblz4.so.1.9.2
7fd25052d000-7fd250547000 r-xp 00002000 08:02 8921116                    /usr/lib/x86_64-linux-gnu/liblz4.so.1.9.2
7fd250547000-7fd25054a000 r--p 0001c000 08:02 8921116                    /usr/lib/x86_64-linux-gnu/liblz4.so.1.9.2
7fd25054a000-7fd25054b000 r--p 0001e000 08:02 8921116                    /usr/lib/x86_64-linux-gnu/liblz4.so.1.9.2
7fd25054b000-7fd25054c000 rw-p 0001f000 08:02 8921116                    /usr/lib/x86_64-linux-gnu/liblz4.so.1.9.2
7fd25054c000-7fd25054f000 r--p 00000000 08:02 8923942                    /usr/lib/x86_64-linux-gnu/liblzma.so.5.2.4
7fd25054f000-7fd250567000 r-xp 00003000 08:02 8923942                    /usr/lib/x86_64-linux-gnu/liblzma.so.5.2.4
7fd250567000-7fd250572000 r--p 0001b000 08:02 8923942                    /usr/lib/x86_64-linux-gnu/liblzma.so.5.2.4
7fd250572000-7fd250573000 ---p 00026000 08:02 8923942                    /usr/lib/x86_64-linux-gnu/liblzma.so.5.2.4
7fd250573000-7fd250574000 r--p 00026000 08:02 8923942                    /usr/lib/x86_64-linux-gnu/liblzma.so.5.2.4
7fd250574000-7fd250575000 rw-p 00027000 08:02 8923942                    /usr/lib/x86_64-linux-gnu/liblzma.so.5.2.4
7fd250575000-7fd25057a000 r-xp 00000000 08:02 8920382                    /usr/lib/x86_64-linux-gnu/libasyncns.so.0.3.1
7fd25057a000-7fd250779000 ---p 00005000 08:02 8920382                    /usr/lib/x86_64-linux-gnu/libasyncns.so.0.3.1
7fd250779000-7fd25077a000 r--p 00004000 08:02 8920382                    /usr/lib/x86_64-linux-gnu/libasyncns.so.0.3.1
7fd25077a000-7fd25077b000 rw-p 00005000 08:02 8920382                    /usr/lib/x86_64-linux-gnu/libasyncns.so.0.3.1
7fd25077b000-7fd250782000 r--p 00000000 08:02 8921524                    /usr/lib/x86_64-linux-gnu/libsndfile.so.1.0.28
7fd250782000-7fd2507d5000 r-xp 00007000 08:02 8921524                    /usr/lib/x86_64-linux-gnu/libsndfile.so.1.0.28
7fd2507d5000-7fd2507f2000 r--p 0005a000 08:02 8921524                    /usr/lib/x86_64-linux-gnu/libsndfile.so.1.0.28
7fd2507f2000-7fd2507f3000 ---p 00077000 08:02 8921524                    /usr/lib/x86_64-linux-gnu/libsndfile.so.1.0.28
7fd2507f3000-7fd2507f6000 r--p 00077000 08:02 8921524                    /usr/lib/x86_64-linux-gnu/libsndfile.so.1.0.28
7fd2507f6000-7fd2507f7000 rw-p 0007a000 08:02 8921524                    /usr/lib/x86_64-linux-gnu/libsndfile.so.1.0.28
7fd2507f7000-7fd2507f9000 rw-p 00000000 00:00 0 
7fd2507f9000-7fd2507fa000 ---p 00000000 00:00 0 
7fd2507fa000-7fd250ffa000 rw-p 00000000 00:00 0 
7fd250ffa000-7fd250ffb000 ---p 00000000 00:00 0 
7fd250ffb000-7fd2517fb000 rw-p 00000000 00:00 0 
7fd2517fb000-7fd2517fc000 ---p 00000000 00:00 0 
7fd2517fc000-7fd251ffc000 rw-p 00000000 00:00 0 
7fd251ffc000-7fd251ffd000 ---p 00000000 00:00 0 
7fd251ffd000-7fd2527fd000 rw-p 00000000 00:00 0 
7fd2527fd000-7fd2527fe000 ---p 00000000 00:00 0 
7fd2527fe000-7fd252ffe000 rw-p 00000000 00:00 0 
7fd252ffe000-7fd252fff000 ---p 00000000 00:00 0 
7fd252fff000-7fd2537ff000 rw-p 00000000 00:00 0 
7fd2537ff000-7fd253800000 ---p 00000000 00:00 0 
7fd253800000-7fd254000000 rw-p 00000000 00:00 0 
7fd254000000-7fd254021000 rw-p 00000000 00:00 0 
7fd254021000-7fd258000000 ---p 00000000 00:00 0 
7fd258000000-7fd258021000 rw-p 00000000 00:00 0 
7fd258021000-7fd25c000000 ---p 00000000 00:00 0 
7fd25c000000-7fd25c021000 rw-p 00000000 00:00 0 
7fd25c021000-7fd260000000 ---p 00000000 00:00 0 
7fd260000000-7fd260021000 rw-p 00000000 00:00 0 
7fd260021000-7fd264000000 ---p 00000000 00:00 0 
7fd264000000-7fd264021000 rw-p 00000000 00:00 0 
7fd264021000-7fd268000000 ---p 00000000 00:00 0 
7fd268000000-7fd268004000 r--p 00000000 08:02 8914186                    /usr/lib/x86_64-linux-gnu/libresolv-2.31.so
7fd268004000-7fd268014000 r-xp 00004000 08:02 8914186                    /usr/lib/x86_64-linux-gnu/libresolv-2.31.so
7fd268014000-7fd268018000 r--p 00014000 08:02 8914186                    /usr/lib/x86_64-linux-gnu/libresolv-2.31.so
7fd268018000-7fd268019000 r--p 00017000 08:02 8914186                    /usr/lib/x86_64-linux-gnu/libresolv-2.31.so
7fd268019000-7fd26801a000 rw-p 00018000 08:02 8914186                    /usr/lib/x86_64-linux-gnu/libresolv-2.31.so
7fd26801a000-7fd26801c000 rw-p 00000000 00:00 0 
7fd26801c000-7fd26802c000 r--p 00000000 08:02 8913004                    /usr/lib/x86_64-linux-gnu/libsystemd.so.0.28.0
7fd26802c000-7fd2680a1000 r-xp 00010000 08:02 8913004                    /usr/lib/x86_64-linux-gnu/libsystemd.so.0.28.0
7fd2680a1000-7fd2680c6000 r--p 00085000 08:02 8913004                    /usr/lib/x86_64-linux-gnu/libsystemd.so.0.28.0
7fd2680c6000-7fd2680c9000 r--p 000a9000 08:02 8913004                    /usr/lib/x86_64-linux-gnu/libsystemd.so.0.28.0
7fd2680c9000-7fd2680ca000 rw-p 000ac000 08:02 8913004                    /usr/lib/x86_64-linux-gnu/libsystemd.so.0.28.0
7fd2680ca000-7fd2680cb000 rw-p 00000000 00:00 0 
7fd2680cb000-7fd2680d6000 r--p 00000000 08:02 8920573                    /usr/lib/x86_64-linux-gnu/libdbus-1.so.3.19.11
7fd2680d6000-7fd268104000 r-xp 0000b000 08:02 8920573                    /usr/lib/x86_64-linux-gnu/libdbus-1.so.3.19.11
7fd268104000-7fd268119000 r--p 00039000 08:02 8920573                    /usr/lib/x86_64-linux-gnu/libdbus-1.so.3.19.11
7fd268119000-7fd26811a000 ---p 0004e000 08:02 8920573                    /usr/lib/x86_64-linux-gnu/libdbus-1.so.3.19.11
7fd26811a000-7fd26811b000 r--p 0004e000 08:02 8920573                    /usr/lib/x86_64-linux-gnu/libdbus-1.so.3.19.11
7fd26811b000-7fd26811c000 rw-p 0004f000 08:02 8920573                    /usr/lib/x86_64-linux-gnu/libdbus-1.so.3.19.11
7fd26811c000-7fd26812d000 r--p 00000000 08:02 9568377                    /usr/lib/x86_64-linux-gnu/pulseaudio/libpulsecommon-13.99.so
7fd26812d000-7fd268175000 r-xp 00011000 08:02 9568377                    /usr/lib/x86_64-linux-gnu/pulseaudio/libpulsecommon-13.99.so
7fd268175000-7fd26819a000 r--p 00059000 08:02 9568377                    /usr/lib/x86_64-linux-gnu/pulseaudio/libpulsecommon-13.99.so
7fd26819a000-7fd26819b000 ---p 0007e000 08:02 9568377                    /usr/lib/x86_64-linux-gnu/pulseaudio/libpulsecommon-13.99.so
7fd26819b000-7fd26819d000 r--p 0007e000 08:02 9568377                    /usr/lib/x86_64-linux-gnu/pulseaudio/libpulsecommon-13.99.so
7fd26819d000-7fd26819e000 rw-p 00080000 08:02 9568377                    /usr/lib/x86_64-linux-gnu/pulseaudio/libpulsecommon-13.99.so
7fd26819e000-7fd2681aa000 r--p 00000000 08:02 8913770                    /usr/lib/x86_64-linux-gnu/libpulse.so.0.21.2
7fd2681aa000-7fd2681da000 r-xp 0000c000 08:02 8913770                    /usr/lib/x86_64-linux-gnu/libpulse.so.0.21.2
7fd2681da000-7fd2681f0000 r--p 0003c000 08:02 8913770                    /usr/lib/x86_64-linux-gnu/libpulse.so.0.21.2
7fd2681f0000-7fd2681f2000 r--p 00051000 08:02 8913770                    /usr/lib/x86_64-linux-gnu/libpulse.so.0.21.2
7fd2681f2000-7fd2681f3000 rw-p 00053000 08:02 8913770                    /usr/lib/x86_64-linux-gnu/libpulse.so.0.21.2
7fd2681f3000-7fd268292000 r-xp 00000000 08:02 1859287                    /home/andrei/Duaro_ws/Unity_env/exe-env/env8/env8_Data/Plugins/liblibvhacd.so
7fd268292000-7fd268492000 ---p 0009f000 08:02 1859287                    /home/andrei/Duaro_ws/Unity_env/exe-env/env8/env8_Data/Plugins/liblibvhacd.so
7fd268492000-7fd268493000 r--p 0009f000 08:02 1859287                    /home/andrei/Duaro_ws/Unity_env/exe-env/env8/env8_Data/Plugins/liblibvhacd.so
7fd268493000-7fd268496000 rw-p 000a0000 08:02 1859287                    /home/andrei/Duaro_ws/Unity_env/exe-env/env8/env8_Data/Plugins/liblibvhacd.so
7fd268496000-7fd2686cb000 r-xp 00000000 08:02 1859288                    /home/andrei/Duaro_ws/Unity_env/exe-env/env8/env8_Data/Plugins/libgrpc_csharp_ext.x64.so
7fd2686cb000-7fd2688cb000 ---p 00235000 08:02 1859288                    /home/andrei/Duaro_ws/Unity_env/exe-env/env8/env8_Data/Plugins/libgrpc_csharp_ext.x64.so
7fd2688cb000-7fd2688e6000 rw-p 00235000 08:02 1859288                    /home/andrei/Duaro_ws/Unity_env/exe-env/env8/env8_Data/Plugins/libgrpc_csharp_ext.x64.so
7fd2688e6000-7fd2688ec000 rw-p 00000000 00:00 0 
7fd2688ec000-7fd2688f6000 r-xp 00000000 08:02 8922868                    /usr/lib/x86_64-linux-gnu/libminizip.so.1.0.0
7fd2688f6000-7fd268af5000 ---p 0000a000 08:02 8922868                    /usr/lib/x86_64-linux-gnu/libminizip.so.1.0.0
7fd268af5000-7fd268af6000 r--p 00009000 08:02 8922868                    /usr/lib/x86_64-linux-gnu/libminizip.so.1.0.0
7fd268af6000-7fd268af7000 rw-p 0000a000 08:02 8922868                    /usr/lib/x86_64-linux-gnu/libminizip.so.1.0.0
7fd268af7000-7fd2691e7000 r-xp 00000000 08:02 1859289                    /home/andrei/Duaro_ws/Unity_env/exe-env/env8/env8_Data/Plugins/libassimp.so
7fd2691e7000-7fd2693e7000 ---p 006f0000 08:02 1859289                    /home/andrei/Duaro_ws/Unity_env/exe-env/env8/env8_Data/Plugins/libassimp.so
7fd2693e7000-7fd2694b9000 r--p 006f0000 08:02 1859289                    /home/andrei/Duaro_ws/Unity_env/exe-env/env8/env8_Data/Plugins/libassimp.so
7fd2694b9000-7fd2694bb000 rw-p 007c2000 08:02 1859289                    /home/andrei/Duaro_ws/Unity_env/exe-env/env8/env8_Data/Plugins/libassimp.so
7fd2694bb000-7fd2694c2000 rw-p 00000000 00:00 0 
7fd2694c2000-7fd26987c000 r--p 00000000 08:02 1859277                    /home/andrei/Duaro_ws/Unity_env/exe-env/env8/env8_Data/Managed/mscorlib.dll
7fd26987c000-7fd269bd3000 r-xp 00000000 08:02 1859315                    /home/andrei/Duaro_ws/Unity_env/exe-env/env8/env8_Data/MonoBleedingEdge/x86_64/libmonobdwgc-2.0.so
7fd269bd3000-7fd269dd3000 ---p 00357000 08:02 1859315                    /home/andrei/Duaro_ws/Unity_env/exe-env/env8/env8_Data/MonoBleedingEdge/x86_64/libmonobdwgc-2.0.so
7fd269dd3000-7fd269dda000 r--p 00357000 08:02 1859315                    /home/andrei/Duaro_ws/Unity_env/exe-env/env8/env8_Data/MonoBleedingEdge/x86_64/libmonobdwgc-2.0.so
7fd269dda000-7fd269de1000 rw-p 0035e000 08:02 1859315                    /home/andrei/Duaro_ws/Unity_env/exe-env/env8/env8_Data/MonoBleedingEdge/x86_64/libmonobdwgc-2.0.so
7fd269de1000-7fd269ffc000 rw-p 00000000 00:00 0 
7fd269ffc000-7fd269ffd000 ---p 00000000 00:00 0 
7fd269ffd000-7fd269ffe000 rw-p 00000000 00:00 0 
7fd269ffe000-7fd26a006000 ---p 00000000 00:00 0 
7fd26a006000-7fd26a7fd000 rw-p 00000000 00:00 0 
7fd26a7fd000-7fd26a7fe000 ---p 00000000 00:00 0 
7fd26a7fe000-7fd26affe000 rw-p 00000000 00:00 0 
7fd26affe000-7fd26afff000 ---p 00000000 00:00 0 
7fd26afff000-7fd26b7ff000 rw-p 00000000 00:00 0 
7fd26b7ff000-7fd26b800000 ---p 00000000 00:00 0 
7fd26b800000-7fd26c000000 rw-p 00000000 00:00 0 
7fd26c000000-7fd26c021000 rw-p 00000000 00:00 0 
7fd26c021000-7fd270000000 ---p 00000000 00:00 0 
7fd270000000-7fd270021000 rw-p 00000000 00:00 0 
7fd270021000-7fd274000000 ---p 00000000 00:00 0 
7fd274000000-7fd274021000 rw-p 00000000 00:00 0 
7fd274021000-7fd278000000 ---p 00000000 00:00 0 
7fd278000000-7fd278021000 rw-p 00000000 00:00 0 
7fd278021000-7fd27c000000 ---p 00000000 00:00 0 
7fd27c000000-7fd27c021000 rw-p 00000000 00:00 0 
7fd27c021000-7fd280000000 ---p 00000000 00:00 0 
7fd280000000-7fd280021000 rw-p 00000000 00:00 0 
7fd280021000-7fd284000000 ---p 00000000 00:00 0 
7fd284000000-7fd284021000 rw-p 00000000 00:00 0 
7fd284021000-7fd288000000 ---p 00000000 00:00 0 
7fd288000000-7fd288021000 rw-p 00000000 00:00 0 
7fd288021000-7fd28c000000 ---p 00000000 00:00 0 
7fd28c000000-7fd28c039000 rw-p 00000000 00:00 0 
7fd28c039000-7fd290000000 ---p 00000000 00:00 0 
7fd290003000-7fd29000c000 r--p 00000000 08:02 8920849                    /usr/lib/x86_64-linux-gnu/libgomp.so.1.0.0
7fd29000c000-7fd290037000 r-xp 00009000 08:02 8920849                    /usr/lib/x86_64-linux-gnu/libgomp.so.1.0.0
7fd290037000-7fd290043000 r--p 00034000 08:02 8920849                    /usr/lib/x86_64-linux-gnu/libgomp.so.1.0.0
7fd290043000-7fd290044000 r--p 0003f000 08:02 8920849                    /usr/lib/x86_64-linux-gnu/libgomp.so.1.0.0
7fd290044000-7fd290045000 rw-p 00040000 08:02 8920849                    /usr/lib/x86_64-linux-gnu/libgomp.so.1.0.0
7fd290045000-7fd290046000 ---p 00000000 00:00 0 
7fd290046000-7fd290846000 rw-p 00000000 00:00 0 
7fd290846000-7fd290847000 ---p 00000000 00:00 0 
7fd290847000-7fd291047000 rw-p 00000000 00:00 0 
7fd291047000-7fd291048000 ---p 00000000 00:00 0 
7fd291048000-7fd291848000 rw-p 00000000 00:00 0 
7fd291848000-7fd291849000 ---p 00000000 00:00 0 
7fd291849000-7fd292049000 rw-p 00000000 00:00 0 
7fd292057000-7fd292058000 ---p 00000000 00:00 0 
7fd292058000-7fd292098000 rw-p 00000000 00:00 0 
7fd292098000-7fd2920a7000 r--p 00000000 08:02 1859293                    /home/andrei/Duaro_ws/Unity_env/exe-env/env8/env8_Data/Plugins/lib_burst_generated.so
7fd2920a7000-7fd2920db000 r-xp 0000e000 08:02 1859293                    /home/andrei/Duaro_ws/Unity_env/exe-env/env8/env8_Data/Plugins/lib_burst_generated.so
7fd2920db000-7fd2920dc000 r--p 00041000 08:02 1859293                    /home/andrei/Duaro_ws/Unity_env/exe-env/env8/env8_Data/Plugins/lib_burst_generated.so
7fd2920dc000-7fd2920dd000 rw-p 00041000 08:02 1859293                    /home/andrei/Duaro_ws/Unity_env/exe-env/env8/env8_Data/Plugins/lib_burst_generated.so
7fd2920dd000-7fd2920de000 rw-p 00000000 00:00 0 
7fd2920de000-7fd29213d000 ---p 00000000 00:00 0 
7fd29213d000-7fd2921fd000 rw-p 00000000 00:00 0 
7fd2921fd000-7fd2923fd000 rw-s 138128000 00:05 707                       /dev/dri/renderD128
7fd2923fd000-7fd2925fd000 rw-s 141a81000 00:05 707                       /dev/dri/renderD128
7fd2925fd000-7fd2927fd000 rw-s 13fab1000 00:05 707                       /dev/dri/renderD128
7fd2927fd000-7fd2927fe000 ---p 00000000 00:00 0 
7fd2927fe000-7fd292ffe000 rw-p 00000000 00:00 0 
7fd292ffe000-7fd292fff000 ---p 00000000 00:00 0 
7fd292fff000-7fd2937ff000 rw-p 00000000 00:00 0 
7fd2937ff000-7fd293800000 ---p 00000000 00:00 0 
7fd293800000-7fd294000000 rw-p 00000000 00:00 0 
7fd294000000-7fd294021000 rw-p 00000000 00:00 0 
7fd294021000-7fd298000000 ---p 00000000 00:00 0 
7fd298005000-7fd298045000 rw-p 00000000 00:00 0 
7fd298045000-7fd298046000 ---p 00000000 00:00 0 
7fd298046000-7fd298846000 rw-p 00000000 00:00 0 
7fd298846000-7fd298847000 ---p 00000000 00:00 0 
7fd298847000-7fd299047000 rw-p 00000000 00:00 0 
7fd299047000-7fd299048000 ---p 00000000 00:00 0 
7fd299048000-7fd299848000 rw-p 00000000 00:00 0 
7fd299848000-7fd299849000 ---p 00000000 00:00 0 
7fd299849000-7fd29a049000 rw-p 00000000 00:00 0 
7fd29a049000-7fd29a04a000 ---p 00000000 00:00 0 
7fd29a04a000-7fd29a84a000 rw-p 00000000 00:00 0 
7fd29a84a000-7fd29fa6b000 r-xp 00000000 08:02 8919001                    /usr/lib/x86_64-linux-gnu/libLLVM-12.so.1
7fd29fa6b000-7fd29ff84000 r--p 05220000 08:02 8919001                    /usr/lib/x86_64-linux-gnu/libLLVM-12.so.1
7fd29ff84000-7fd29ff8b000 rw-p 05739000 08:02 8919001                    /usr/lib/x86_64-linux-gnu/libLLVM-12.so.1
7fd29ff8b000-7fd2a1000000 rw-p 00000000 00:00 0 
7fd2a1000000-7fd2b0000000 ---p 00000000 00:00 0 
7fd2b0000000-7fd2b1000000 rw-p 00000000 00:00 0 
7fd2b1000000-7fd2c0000000 ---p 00000000 00:00 0 
7fd2c0000000-7fd2c1000000 rw-p 00000000 00:00 0 
7fd2c1000000-7fd2d0000000 ---p 00000000 00:00 0 
7fd2d0000000-7fd2d0800000 rw-p 00000000 00:00 0 
7fd2d0800000-7fd2e0000000 ---p 00000000 00:00 0 
7fd2e0000000-7fd2e1000000 rw-p 00000000 00:00 0 
7fd2e1000000-7fd2f0000000 ---p 00000000 00:00 0 
7fd2f0000000-7fd2f0400000 rw-p 00000000 00:00 0 
7fd2f0400000-7fd2f0800000 ---p 00000000 00:00 0 
7fd2f0800000-7fd2f0810000 rw-p 00000000 00:00 0 
7fd2f0810000-7fd2f0820000 ---p 00000000 00:00 0 
7fd2f0820000-7fd2f0860000 rw-p 00000000 00:00 0 
7fd2f0860000-7fd2f08a0000 ---p 00000000 00:00 0 
7fd2f08a0000-7fd2f08e0000 rw-p 00000000 00:00 0 
7fd2f08e0000-7fd2f0920000 ---p 00000000 00:00 0 
7fd2f0920000-7fd2f0960000 rw-p 00000000 00:00 0 
7fd2f0960000-7fd2f09a0000 ---p 00000000 00:00 0 
7fd2f09a0000-7fd2f09e0000 rw-p 00000000 00:00 0 
7fd2f09e0000-7fd2f0a20000 ---p 00000000 00:00 0 
7fd2f0a20000-7fd2f0a60000 rw-p 00000000 00:00 0 
7fd2f0a60000-7fd2f0aa0000 ---p 00000000 00:00 0 
7fd2f0aa0000-7fd2f0ae0000 rw-p 00000000 00:00 0 
7fd2f0ae0000-7fd2f0b20000 ---p 00000000 00:00 0 
7fd2f0b20000-7fd2f0b60000 rw-p 00000000 00:00 0 
7fd2f0b60000-7fd2f0ba0000 ---p 00000000 00:00 0 
7fd2f0ba0000-7fd2f0be0000 rw-p 00000000 00:00 0 
7fd2f0be0000-7fd2f0c20000 ---p 00000000 00:00 0 
7fd2f0c20000-7fd2f0c60000 rw-p 00000000 00:00 0 
7fd2f0c60000-7fd2f0ca0000 ---p 00000000 00:00 0 
7fd2f0ca0000-7fd2f0ce0000 rw-p 00000000 00:00 0 
7fd2f0ce0000-7fd2f0d20000 ---p 00000000 00:00 0 
7fd2f0d20000-7fd2f0d60000 rw-p 00000000 00:00 0 
7fd2f0d60000-7fd2f0da0000 ---p 00000000 00:00 0 
7fd2f0da0000-7fd2f0da8000 rw-p 00000000 00:00 0 
7fd2f0da8000-7fd2f0db0000 ---p 00000000 00:00 0 
7fd2f0db0000-7fd2f0db8000 rw-p 00000000 00:00 0 
7fd2f0db8000-7fd2f0dc0000 ---p 00000000 00:00 0 
7fd2f0dc0000-7fd2f0dc8000 rw-p 00000000 00:00 0 
7fd2f0dc8000-7fd2f0dd0000 ---p 00000000 00:00 0 
7fd2f0dd0000-7fd2f0dd8000 rw-p 00000000 00:00 0 
7fd2f0dd8000-7fd2f0de0000 ---p 00000000 00:00 0 
7fd2f0de0000-7fd2f0de8000 rw-p 00000000 00:00 0 
7fd2f0de8000-7fd2f0df0000 ---p 00000000 00:00 0 
7fd2f0df0000-7fd2f0df8000 rw-p 00000000 00:00 0 
7fd2f0df8000-7fd2f0e00000 ---p 00000000 00:00 0 
7fd2f0e00000-7fd2f0e08000 rw-p 00000000 00:00 0 
7fd2f0e08000-7fd2f0e10000 ---p 00000000 00:00 0 
7fd2f0e10000-7fd2f0e18000 rw-p 00000000 00:00 0 
7fd2f0e18000-7fd2f0e20000 ---p 00000000 00:00 0 
7fd2f0e20000-7fd2f0e28000 rw-p 00000000 00:00 0 
7fd2f0e28000-7fd2f0e30000 ---p 00000000 00:00 0 
7fd2f0e30000-7fd2f0e38000 rw-p 00000000 00:00 0 
7fd2f0e38000-7fd2f0e40000 ---p 00000000 00:00 0 
7fd2f0e40000-7fd2f0e48000 rw-p 00000000 00:00 0 
7fd2f0e48000-7fd2f0e50000 ---p 00000000 00:00 0 
7fd2f0e50000-7fd2f0e58000 rw-p 00000000 00:00 0 
7fd2f0e58000-7fd2f0e60000 ---p 00000000 00:00 0 
7fd2f0e60000-7fd2f0e68000 rw-p 00000000 00:00 0 
7fd2f0e68000-7fd2f0e70000 ---p 00000000 00:00 0 
7fd2f0e70000-7fd2f0e78000 rw-p 00000000 00:00 0 
7fd2f0e78000-7fd2f0e80000 ---p 00000000 00:00 0 
7fd2f0e80000-7fd2f0e88000 rw-p 00000000 00:00 0 
7fd2f0e88000-7fd2f0e90000 ---p 00000000 00:00 0 
7fd2f0e90000-7fd2f0e98000 rw-p 00000000 00:00 0 
7fd2f0e98000-7fd2f0ea0000 ---p 00000000 00:00 0 
7fd2f0ea0000-7fd2f0eb0000 rw-p 00000000 00:00 0 
7fd2f0eb0000-7fd2f0ec0000 ---p 00000000 00:00 0 
7fd2f0ec0000-7fd2f0ed0000 rw-p 00000000 00:00 0 
7fd2f0ed0000-7fd300000000 ---p 00000000 00:00 0 
7fd300000000-7fd303000000 rw-p 00000000 00:00 0 
7fd303000000-7fd310000000 ---p 00000000 00:00 0 
7fd310000000-7fd311001000 rw-p 00000000 00:00 0 
7fd311001000-7fd320000000 ---p 00000000 00:00 0 
7fd320000000-7fd320102000 rw-p 00000000 00:00 0 
7fd320102000-7fd330000000 ---p 00000000 00:00 0 
7fd330000000-7fd330102000 rw-p 00000000 00:00 0 
7fd330102000-7fd340000000 ---p 00000000 00:00 0 
7fd340000000-7fd340102000 rw-p 00000000 00:00 0 
7fd340102000-7fd350000000 ---p 00000000 00:00 0 
7fd350000000-7fd350102000 rw-p 00000000 00:00 0 
7fd350102000-7fd360000000 ---p 00000000 00:00 0 
7fd360000000-7fd360100000 rw-p 00000000 00:00 0 
7fd360100000-7fd370000000 ---p 00000000 00:00 0 
7fd370008000-7fd37000a000 r--p 00000000 08:02 8921271                    /usr/lib/x86_64-linux-gnu/libogg.so.0.8.4
7fd37000a000-7fd37000f000 r-xp 00002000 08:02 8921271                    /usr/lib/x86_64-linux-gnu/libogg.so.0.8.4
7fd37000f000-7fd370012000 r--p 00007000 08:02 8921271                    /usr/lib/x86_64-linux-gnu/libogg.so.0.8.4
7fd370012000-7fd370013000 ---p 0000a000 08:02 8921271                    /usr/lib/x86_64-linux-gnu/libogg.so.0.8.4
7fd370013000-7fd370014000 r--p 0000a000 08:02 8921271                    /usr/lib/x86_64-linux-gnu/libogg.so.0.8.4
7fd370014000-7fd370015000 rw-p 0000b000 08:02 8921271                    /usr/lib/x86_64-linux-gnu/libogg.so.0.8.4
7fd370015000-7fd370018000 r--p 00000000 08:02 8920361                    /usr/lib/x86_64-linux-gnu/libapparmor.so.1.6.1
7fd370018000-7fd370021000 r-xp 00003000 08:02 8920361                    /usr/lib/x86_64-linux-gnu/libapparmor.so.1.6.1
7fd370021000-7fd370028000 r--p 0000c000 08:02 8920361                    /usr/lib/x86_64-linux-gnu/libapparmor.so.1.6.1
7fd370028000-7fd370029000 r--p 00012000 08:02 8920361                    /usr/lib/x86_64-linux-gnu/libapparmor.so.1.6.1
7fd370029000-7fd37002a000 rw-p 00013000 08:02 8920361                    /usr/lib/x86_64-linux-gnu/libapparmor.so.1.6.1
7fd37002a000-7fd37002d000 r--p 00000000 08:02 8921756                    /usr/lib/x86_64-linux-gnu/libwrap.so.0.7.6
7fd37002d000-7fd370032000 r-xp 00003000 08:02 8921756                    /usr/lib/x86_64-linux-gnu/libwrap.so.0.7.6
7fd370032000-7fd370034000 r--p 00008000 08:02 8921756                    /usr/lib/x86_64-linux-gnu/libwrap.so.0.7.6
7fd370034000-7fd370035000 r--p 00009000 08:02 8921756                    /usr/lib/x86_64-linux-gnu/libwrap.so.0.7.6
7fd370035000-7fd370036000 rw-p 0000a000 08:02 8921756                    /usr/lib/x86_64-linux-gnu/libwrap.so.0.7.6
7fd370036000-7fd370038000 r--p 00000000 08:02 8913769                    /usr/lib/x86_64-linux-gnu/libpulse-simple.so.0.1.1
7fd370038000-7fd37003a000 r-xp 00002000 08:02 8913769                    /usr/lib/x86_64-linux-gnu/libpulse-simple.so.0.1.1
7fd37003a000-7fd37003b000 r--p 00004000 08:02 8913769                    /usr/lib/x86_64-linux-gnu/libpulse-simple.so.0.1.1
7fd37003b000-7fd37003c000 r--p 00004000 08:02 8913769                    /usr/lib/x86_64-linux-gnu/libpulse-simple.so.0.1.1
7fd37003c000-7fd37003d000 rw-p 00005000 08:02 8913769                    /usr/lib/x86_64-linux-gnu/libpulse-simple.so.0.1.1
7fd37003d000-7fd37017e000 rw-s 00000000 08:02 1310754                    /home/andrei/.cache/mesa_shader_cache/index
7fd37017e000-7fd370181000 r--p 00000000 08:02 8914055                    /usr/lib/x86_64-linux-gnu/libnss_files-2.31.so
7fd370181000-7fd370188000 r-xp 00003000 08:02 8914055                    /usr/lib/x86_64-linux-gnu/libnss_files-2.31.so
7fd370188000-7fd37018a000 r--p 0000a000 08:02 8914055                    /usr/lib/x86_64-linux-gnu/libnss_files-2.31.so
7fd37018a000-7fd37018b000 r--p 0000b000 08:02 8914055                    /usr/lib/x86_64-linux-gnu/libnss_files-2.31.so
7fd37018b000-7fd37018c000 rw-p 0000c000 08:02 8914055                    /usr/lib/x86_64-linux-gnu/libnss_files-2.31.so
7fd37018c000-7fd370192000 rw-p 00000000 00:00 0 
7fd370192000-7fd3701a0000 r--p 00000000 08:02 8921606                    /usr/lib/x86_64-linux-gnu/libtinfo.so.6.2
7fd3701a0000-7fd3701af000 r-xp 0000e000 08:02 8921606                    /usr/lib/x86_64-linux-gnu/libtinfo.so.6.2
7fd3701af000-7fd3701bd000 r--p 0001d000 08:02 8921606                    /usr/lib/x86_64-linux-gnu/libtinfo.so.6.2
7fd3701bd000-7fd3701c1000 r--p 0002a000 08:02 8921606                    /usr/lib/x86_64-linux-gnu/libtinfo.so.6.2
7fd3701c1000-7fd3701c2000 rw-p 0002e000 08:02 8921606                    /usr/lib/x86_64-linux-gnu/libtinfo.so.6.2
7fd3701c2000-7fd3701ca000 r--p 00000000 08:02 8920653                    /usr/lib/x86_64-linux-gnu/libedit.so.2.0.63
7fd3701ca000-7fd3701e5000 r-xp 00008000 08:02 8920653                    /usr/lib/x86_64-linux-gnu/libedit.so.2.0.63
7fd3701e5000-7fd3701f3000 r--p 00023000 08:02 8920653                    /usr/lib/x86_64-linux-gnu/libedit.so.2.0.63
7fd3701f3000-7fd3701f5000 r--p 00030000 08:02 8920653                    /usr/lib/x86_64-linux-gnu/libedit.so.2.0.63
7fd3701f5000-7fd3701f6000 rw-p 00032000 08:02 8920653                    /usr/lib/x86_64-linux-gnu/libedit.so.2.0.63
7fd3701f6000-7fd3701fa000 rw-p 00000000 00:00 0 
7fd3701fa000-7fd3701fc000 r--p 00000000 08:02 8920703                    /usr/lib/x86_64-linux-gnu/libffi.so.7.1.0
7fd3701fc000-7fd370202000 r-xp 00002000 08:02 8920703                    /usr/lib/x86_64-linux-gnu/libffi.so.7.1.0
7fd370202000-7fd370203000 r--p 00008000 08:02 8920703                    /usr/lib/x86_64-linux-gnu/libffi.so.7.1.0
7fd370203000-7fd370204000 ---p 00009000 08:02 8920703                    /usr/lib/x86_64-linux-gnu/libffi.so.7.1.0
7fd370204000-7fd370205000 r--p 00009000 08:02 8920703                    /usr/lib/x86_64-linux-gnu/libffi.so.7.1.0
7fd370205000-7fd370206000 rw-p 0000a000 08:02 8920703                    /usr/lib/x86_64-linux-gnu/libffi.so.7.1.0
7fd370206000-7fd37029c000 r--p 00000000 08:02 8921563                    /usr/lib/x86_64-linux-gnu/libstdc++.so.6.0.28
7fd37029c000-7fd37038d000 r-xp 00096000 08:02 8921563                    /usr/lib/x86_64-linux-gnu/libstdc++.so.6.0.28
7fd37038d000-7fd3703d6000 r--p 00187000 08:02 8921563                    /usr/lib/x86_64-linux-gnu/libstdc++.so.6.0.28
7fd3703d6000-7fd3703d7000 ---p 001d0000 08:02 8921563                    /usr/lib/x86_64-linux-gnu/libstdc++.so.6.0.28
7fd3703d7000-7fd3703e2000 r--p 001d0000 08:02 8921563                    /usr/lib/x86_64-linux-gnu/libstdc++.so.6.0.28
7fd3703e2000-7fd3703e5000 rw-p 001db000 08:02 8921563                    /usr/lib/x86_64-linux-gnu/libstdc++.so.6.0.28
7fd3703e5000-7fd3703e8000 rw-p 00000000 00:00 0 
7fd3703e8000-7fd3703f7000 r--p 00000000 08:02 8921704                    /usr/lib/x86_64-linux-gnu/libvulkan.so.1.2.131
7fd3703f7000-7fd370429000 r-xp 0000f000 08:02 8921704                    /usr/lib/x86_64-linux-gnu/libvulkan.so.1.2.131
7fd370429000-7fd37043c000 r--p 00041000 08:02 8921704                    /usr/lib/x86_64-linux-gnu/libvulkan.so.1.2.131
7fd37043c000-7fd37043d000 r--p 00053000 08:02 8921704                    /usr/lib/x86_64-linux-gnu/libvulkan.so.1.2.131
7fd37043d000-7fd37043e000 rw-p 00054000 08:02 8921704                    /usr/lib/x86_64-linux-gnu/libvulkan.so.1.2.131
7fd37043e000-7fd370440000 r--p 00000000 08:02 8913259                    /usr/lib/x86_64-linux-gnu/libdrm_nouveau.so.2.0.0
7fd370440000-7fd370445000 r-xp 00002000 08:02 8913259                    /usr/lib/x86_64-linux-gnu/libdrm_nouveau.so.2.0.0
7fd370445000-7fd370447000 r--p 00007000 08:02 8913259                    /usr/lib/x86_64-linux-gnu/libdrm_nouveau.so.2.0.0
7fd370447000-7fd370448000 r--p 00008000 08:02 8913259                    /usr/lib/x86_64-linux-gnu/libdrm_nouveau.so.2.0.0
7fd370448000-7fd370449000 rw-p 00009000 08:02 8913259                    /usr/lib/x86_64-linux-gnu/libdrm_nouveau.so.2.0.0
7fd370449000-7fd37044c000 r--p 00000000 08:02 8913112                    /usr/lib/x86_64-linux-gnu/libdrm_amdgpu.so.1.0.0
7fd37044c000-7fd370451000 r-xp 00003000 08:02 8913112                    /usr/lib/x86_64-linux-gnu/libdrm_amdgpu.so.1.0.0
7fd370451000-7fd370453000 r--p 00008000 08:02 8913112                    /usr/lib/x86_64-linux-gnu/libdrm_amdgpu.so.1.0.0
7fd370453000-7fd370454000 r--p 00009000 08:02 8913112                    /usr/lib/x86_64-linux-gnu/libdrm_amdgpu.so.1.0.0
7fd370454000-7fd370455000 rw-p 0000a000 08:02 8913112                    /usr/lib/x86_64-linux-gnu/libdrm_amdgpu.so.1.0.0
7fd370455000-7fd370458000 r--p 00000000 08:02 8920658                    /usr/lib/x86_64-linux-gnu/libelf-0.176.so
7fd370458000-7fd37046a000 r-xp 00003000 08:02 8920658                    /usr/lib/x86_64-linux-gnu/libelf-0.176.so
7fd37046a000-7fd37046f000 r--p 00015000 08:02 8920658                    /usr/lib/x86_64-linux-gnu/libelf-0.176.so
7fd37046f000-7fd370470000 r--p 00019000 08:02 8920658                    /usr/lib/x86_64-linux-gnu/libelf-0.176.so
7fd370470000-7fd370471000 rw-p 0001a000 08:02 8920658                    /usr/lib/x86_64-linux-gnu/libelf-0.176.so
7fd370471000-7fd370473000 r--p 00000000 08:02 8913261                    /usr/lib/x86_64-linux-gnu/libdrm_radeon.so.1.0.1
7fd370473000-7fd37047a000 r-xp 00002000 08:02 8913261                    /usr/lib/x86_64-linux-gnu/libdrm_radeon.so.1.0.1
7fd37047a000-7fd37047e000 r--p 00009000 08:02 8913261                    /usr/lib/x86_64-linux-gnu/libdrm_radeon.so.1.0.1
7fd37047e000-7fd37047f000 r--p 0000c000 08:02 8913261                    /usr/lib/x86_64-linux-gnu/libdrm_radeon.so.1.0.1
7fd37047f000-7fd370480000 rw-p 0000d000 08:02 8913261                    /usr/lib/x86_64-linux-gnu/libdrm_radeon.so.1.0.1
7fd370480000-7fd370483000 r--p 00000000 08:02 8921493                    /usr/lib/x86_64-linux-gnu/libsensors.so.5.0.0
7fd370483000-7fd37048a000 r-xp 00003000 08:02 8921493                    /usr/lib/x86_64-linux-gnu/libsensors.so.5.0.0
7fd37048a000-7fd37048f000 r--p 0000a000 08:02 8921493                    /usr/lib/x86_64-linux-gnu/libsensors.so.5.0.0
7fd37048f000-7fd370490000 r--p 0000e000 08:02 8921493                    /usr/lib/x86_64-linux-gnu/libsensors.so.5.0.0
7fd370490000-7fd370491000 rw-p 0000f000 08:02 8921493                    /usr/lib/x86_64-linux-gnu/libsensors.so.5.0.0
7fd370491000-7fd370495000 r--p 00000000 08:02 8921828                    /usr/lib/x86_64-linux-gnu/libzstd.so.1.4.4
7fd370495000-7fd370527000 r-xp 00004000 08:02 8921828                    /usr/lib/x86_64-linux-gnu/libzstd.so.1.4.4
7fd370527000-7fd370538000 r--p 00096000 08:02 8921828                    /usr/lib/x86_64-linux-gnu/libzstd.so.1.4.4
7fd370538000-7fd370539000 r--p 000a6000 08:02 8921828                    /usr/lib/x86_64-linux-gnu/libzstd.so.1.4.4
7fd370539000-7fd37053a000 rw-p 000a7000 08:02 8921828                    /usr/lib/x86_64-linux-gnu/libzstd.so.1.4.4
7fd37053a000-7fd37053c000 r--p 00000000 08:02 8919282                    /usr/lib/x86_64-linux-gnu/libz.so.1.2.11
7fd37053c000-7fd37054d000 r-xp 00002000 08:02 8919282                    /usr/lib/x86_64-linux-gnu/libz.so.1.2.11
7fd37054d000-7fd370553000 r--p 00013000 08:02 8919282                    /usr/lib/x86_64-linux-gnu/libz.so.1.2.11
7fd370553000-7fd370554000 ---p 00019000 08:02 8919282                    /usr/lib/x86_64-linux-gnu/libz.so.1.2.11
7fd370554000-7fd370555000 r--p 00019000 08:02 8919282                    /usr/lib/x86_64-linux-gnu/libz.so.1.2.11
7fd370555000-7fd370556000 rw-p 0001a000 08:02 8919282                    /usr/lib/x86_64-linux-gnu/libz.so.1.2.11
7fd370556000-7fd3706ec000 r--p 00000000 08:02 9568713                    /usr/lib/x86_64-linux-gnu/dri/radeonsi_dri.so
7fd3706ec000-7fd371797000 r-xp 00196000 08:02 9568713                    /usr/lib/x86_64-linux-gnu/dri/radeonsi_dri.so
7fd371797000-7fd371c5d000 r--p 01241000 08:02 9568713                    /usr/lib/x86_64-linux-gnu/dri/radeonsi_dri.so
7fd371c5d000-7fd371d8b000 r--p 01706000 08:02 9568713                    /usr/lib/x86_64-linux-gnu/dri/radeonsi_dri.so
7fd371d8b000-7fd371ec3000 rw-p 01834000 08:02 9568713                    /usr/lib/x86_64-linux-gnu/dri/radeonsi_dri.so
7fd371ec3000-7fd3720e1000 rw-p 00000000 00:00 0 
7fd3720e1000-7fd3720e4000 r--p 00000000 08:02 8921790                    /usr/lib/x86_64-linux-gnu/libxcb-xfixes.so.0.0.0
7fd3720e4000-7fd3720e7000 r-xp 00003000 08:02 8921790                    /usr/lib/x86_64-linux-gnu/libxcb-xfixes.so.0.0.0
7fd3720e7000-7fd3720e8000 r--p 00006000 08:02 8921790                    /usr/lib/x86_64-linux-gnu/libxcb-xfixes.so.0.0.0
7fd3720e8000-7fd3720e9000 ---p 00007000 08:02 8921790                    /usr/lib/x86_64-linux-gnu/libxcb-xfixes.so.0.0.0
7fd3720e9000-7fd3720ea000 r--p 00007000 08:02 8921790                    /usr/lib/x86_64-linux-gnu/libxcb-xfixes.so.0.0.0
7fd3720ea000-7fd3720eb000 rw-p 00008000 08:02 8921790                    /usr/lib/x86_64-linux-gnu/libxcb-xfixes.so.0.0.0
7fd3720eb000-7fd3720ec000 r-xp 00000000 08:02 8921814                    /usr/lib/x86_64-linux-gnu/libxshmfence.so.1.0.0
7fd3720ec000-7fd3722eb000 ---p 00001000 08:02 8921814                    /usr/lib/x86_64-linux-gnu/libxshmfence.so.1.0.0
7fd3722eb000-7fd3722ec000 r--p 00000000 08:02 8921814                    /usr/lib/x86_64-linux-gnu/libxshmfence.so.1.0.0
7fd3722ec000-7fd3722ed000 rw-p 00001000 08:02 8921814                    /usr/lib/x86_64-linux-gnu/libxshmfence.so.1.0.0
7fd3722ed000-7fd3722f0000 r--p 00000000 08:02 8921786                    /usr/lib/x86_64-linux-gnu/libxcb-sync.so.1.0.0
7fd3722f0000-7fd3722f3000 r-xp 00003000 08:02 8921786                    /usr/lib/x86_64-linux-gnu/libxcb-sync.so.1.0.0
7fd3722f3000-7fd3722f4000 r--p 00006000 08:02 8921786                    /usr/lib/x86_64-linux-gnu/libxcb-sync.so.1.0.0
7fd3722f4000-7fd3722f5000 ---p 00007000 08:02 8921786                    /usr/lib/x86_64-linux-gnu/libxcb-sync.so.1.0.0
7fd3722f5000-7fd3722f6000 r--p 00007000 08:02 8921786                    /usr/lib/x86_64-linux-gnu/libxcb-sync.so.1.0.0
7fd3722f6000-7fd3722f7000 rw-p 00008000 08:02 8921786                    /usr/lib/x86_64-linux-gnu/libxcb-sync.so.1.0.0
7fd3722f7000-7fd3722f8000 r--p 00000000 08:02 8921772                    /usr/lib/x86_64-linux-gnu/libxcb-present.so.0.0.0
7fd3722f8000-7fd3722f9000 r-xp 00001000 08:02 8921772                    /usr/lib/x86_64-linux-gnu/libxcb-present.so.0.0.0
7fd3722f9000-7fd3722fa000 r--p 00002000 08:02 8921772                    /usr/lib/x86_64-linux-gnu/libxcb-present.so.0.0.0
7fd3722fa000-7fd3722fb000 r--p 00002000 08:02 8921772                    /usr/lib/x86_64-linux-gnu/libxcb-present.so.0.0.0
7fd3722fb000-7fd3722fc000 rw-p 00003000 08:02 8921772                    /usr/lib/x86_64-linux-gnu/libxcb-present.so.0.0.0
7fd3722fc000-7fd3722fe000 r--p 00000000 08:02 8921762                    /usr/lib/x86_64-linux-gnu/libxcb-dri3.so.0.0.0
7fd3722fe000-7fd3722ff000 r-xp 00002000 08:02 8921762                    /usr/lib/x86_64-linux-gnu/libxcb-dri3.so.0.0.0
7fd3722ff000-7fd372300000 r--p 00003000 08:02 8921762                    /usr/lib/x86_64-linux-gnu/libxcb-dri3.so.0.0.0
7fd372300000-7fd372301000 r--p 00003000 08:02 8921762                    /usr/lib/x86_64-linux-gnu/libxcb-dri3.so.0.0.0
7fd372301000-7fd372302000 rw-p 00004000 08:02 8921762                    /usr/lib/x86_64-linux-gnu/libxcb-dri3.so.0.0.0
7fd372302000-7fd372306000 r--p 00000000 08:02 8933051                    /usr/lib/x86_64-linux-gnu/libexpat.so.1.6.11
7fd372306000-7fd372322000 r-xp 00004000 08:02 8933051                    /usr/lib/x86_64-linux-gnu/libexpat.so.1.6.11
7fd372322000-7fd37232c000 r--p 00020000 08:02 8933051                    /usr/lib/x86_64-linux-gnu/libexpat.so.1.6.11
7fd37232c000-7fd37232d000 ---p 0002a000 08:02 8933051                    /usr/lib/x86_64-linux-gnu/libexpat.so.1.6.11
7fd37232d000-7fd37232f000 r--p 0002a000 08:02 8933051                    /usr/lib/x86_64-linux-gnu/libexpat.so.1.6.11
7fd37232f000-7fd372330000 rw-p 0002c000 08:02 8933051                    /usr/lib/x86_64-linux-gnu/libexpat.so.1.6.11
7fd372330000-7fd372331000 r--p 00000000 08:02 8921784                    /usr/lib/x86_64-linux-gnu/libxcb-shm.so.0.0.0
7fd372331000-7fd372332000 r-xp 00001000 08:02 8921784                    /usr/lib/x86_64-linux-gnu/libxcb-shm.so.0.0.0
7fd372332000-7fd372333000 r--p 00002000 08:02 8921784                    /usr/lib/x86_64-linux-gnu/libxcb-shm.so.0.0.0
7fd372333000-7fd372334000 r--p 00002000 08:02 8921784                    /usr/lib/x86_64-linux-gnu/libxcb-shm.so.0.0.0
7fd372334000-7fd372335000 rw-p 00003000 08:02 8921784                    /usr/lib/x86_64-linux-gnu/libxcb-shm.so.0.0.0
7fd372335000-7fd372340000 r--p 00000000 08:02 8921764                    /usr/lib/x86_64-linux-gnu/libxcb-glx.so.0.0.0
7fd372340000-7fd372349000 r-xp 0000b000 08:02 8921764                    /usr/lib/x86_64-linux-gnu/libxcb-glx.so.0.0.0
7fd372349000-7fd37234e000 r--p 00014000 08:02 8921764                    /usr/lib/x86_64-linux-gnu/libxcb-glx.so.0.0.0
7fd37234e000-7fd37234f000 ---p 00019000 08:02 8921764                    /usr/lib/x86_64-linux-gnu/libxcb-glx.so.0.0.0
7fd37234f000-7fd372351000 r--p 00019000 08:02 8921764                    /usr/lib/x86_64-linux-gnu/libxcb-glx.so.0.0.0
7fd372351000-7fd372352000 rw-p 0001b000 08:02 8921764                    /usr/lib/x86_64-linux-gnu/libxcb-glx.so.0.0.0
7fd372352000-7fd3723c6000 rw-p 00000000 00:00 0 
7fd3723ca000-7fd3723cc000 r--p 00000000 08:02 8921760                    /usr/lib/x86_64-linux-gnu/libxcb-dri2.so.0.0.0
7fd3723cc000-7fd3723ce000 r-xp 00002000 08:02 8921760                    /usr/lib/x86_64-linux-gnu/libxcb-dri2.so.0.0.0
7fd3723ce000-7fd3723cf000 r--p 00004000 08:02 8921760                    /usr/lib/x86_64-linux-gnu/libxcb-dri2.so.0.0.0
7fd3723cf000-7fd3723d0000 r--p 00004000 08:02 8921760                    /usr/lib/x86_64-linux-gnu/libxcb-dri2.so.0.0.0
7fd3723d0000-7fd3723d1000 rw-p 00005000 08:02 8921760                    /usr/lib/x86_64-linux-gnu/libxcb-dri2.so.0.0.0
7fd3723d1000-7fd3723d2000 r--p 00000000 08:02 8920288                    /usr/lib/x86_64-linux-gnu/libX11-xcb.so.1.0.0
7fd3723d2000-7fd3723d3000 r-xp 00001000 08:02 8920288                    /usr/lib/x86_64-linux-gnu/libX11-xcb.so.1.0.0
7fd3723d3000-7fd3723d4000 r--p 00002000 08:02 8920288                    /usr/lib/x86_64-linux-gnu/libX11-xcb.so.1.0.0
7fd3723d4000-7fd3723d5000 r--p 00002000 08:02 8920288                    /usr/lib/x86_64-linux-gnu/libX11-xcb.so.1.0.0
7fd3723d5000-7fd3723d6000 rw-p 00003000 08:02 8920288                    /usr/lib/x86_64-linux-gnu/libX11-xcb.so.1.0.0
7fd3723d6000-7fd3723db000 r--p 00000000 08:02 8919164                    /usr/lib/x86_64-linux-gnu/libdrm.so.2.4.0
7fd3723db000-7fd3723e6000 r-xp 00005000 08:02 8919164                    /usr/lib/x86_64-linux-gnu/libdrm.so.2.4.0
7fd3723e6000-7fd3723ea000 r--p 00010000 08:02 8919164                    /usr/lib/x86_64-linux-gnu/libdrm.so.2.4.0
7fd3723ea000-7fd3723eb000 r--p 00013000 08:02 8919164                    /usr/lib/x86_64-linux-gnu/libdrm.so.2.4.0
7fd3723eb000-7fd3723ec000 rw-p 00014000 08:02 8919164                    /usr/lib/x86_64-linux-gnu/libdrm.so.2.4.0
7fd3723ec000-7fd3723f9000 r--p 00000000 08:02 8919005                    /usr/lib/x86_64-linux-gnu/libglapi.so.0.0.0
7fd3723f9000-7fd372407000 r-xp 0000d000 08:02 8919005                    /usr/lib/x86_64-linux-gnu/libglapi.so.0.0.0
7fd372407000-7fd372420000 r--p 0001b000 08:02 8919005                    /usr/lib/x86_64-linux-gnu/libglapi.so.0.0.0
7fd372420000-7fd372421000 ---p 00034000 08:02 8919005                    /usr/lib/x86_64-linux-gnu/libglapi.so.0.0.0
7fd372421000-7fd372425000 r--p 00034000 08:02 8919005                    /usr/lib/x86_64-linux-gnu/libglapi.so.0.0.0
7fd372425000-7fd372426000 rw-p 00038000 08:02 8919005                    /usr/lib/x86_64-linux-gnu/libglapi.so.0.0.0
7fd372426000-7fd372427000 rw-p 00000000 00:00 0 
7fd372427000-7fd372440000 r--p 00000000 08:02 8919003                    /usr/lib/x86_64-linux-gnu/libGLX_mesa.so.0.0.0
7fd372440000-7fd372484000 r-xp 00019000 08:02 8919003                    /usr/lib/x86_64-linux-gnu/libGLX_mesa.so.0.0.0
7fd372484000-7fd37249b000 r--p 0005d000 08:02 8919003                    /usr/lib/x86_64-linux-gnu/libGLX_mesa.so.0.0.0
7fd37249b000-7fd37249e000 r--p 00073000 08:02 8919003                    /usr/lib/x86_64-linux-gnu/libGLX_mesa.so.0.0.0
7fd37249e000-7fd37249f000 rw-p 00076000 08:02 8919003                    /usr/lib/x86_64-linux-gnu/libGLX_mesa.so.0.0.0
7fd37249f000-7fd3724a0000 rw-p 00000000 00:00 0 
7fd3724a0000-7fd372cdc000 r--p 00000000 08:02 8913049                    /usr/lib/locale/locale-archive
7fd372cdc000-7fd372cdd000 r--p 00000000 08:02 8920343                    /usr/lib/x86_64-linux-gnu/libXxf86vm.so.1.0.0
7fd372cdd000-7fd372ce0000 r-xp 00001000 08:02 8920343                    /usr/lib/x86_64-linux-gnu/libXxf86vm.so.1.0.0
7fd372ce0000-7fd372ce1000 r--p 00004000 08:02 8920343                    /usr/lib/x86_64-linux-gnu/libXxf86vm.so.1.0.0
7fd372ce1000-7fd372ce2000 r--p 00004000 08:02 8920343                    /usr/lib/x86_64-linux-gnu/libXxf86vm.so.1.0.0
7fd372ce2000-7fd372ce3000 rw-p 00005000 08:02 8920343                    /usr/lib/x86_64-linux-gnu/libXxf86vm.so.1.0.0
7fd372ce3000-7fd372ce4000 r--p 00000000 08:02 8920329                    /usr/lib/x86_64-linux-gnu/libXss.so.1.0.0
7fd372ce4000-7fd372ce5000 r-xp 00001000 08:02 8920329                    /usr/lib/x86_64-linux-gnu/libXss.so.1.0.0
7fd372ce5000-7fd372ce6000 r--p 00002000 08:02 8920329                    /usr/lib/x86_64-linux-gnu/libXss.so.1.0.0
7fd372ce6000-7fd372ce7000 r--p 00002000 08:02 8920329                    /usr/lib/x86_64-linux-gnu/libXss.so.1.0.0
7fd372ce7000-7fd372ce8000 rw-p 00003000 08:02 8920329                    /usr/lib/x86_64-linux-gnu/libXss.so.1.0.0
7fd372ce8000-7fd372cea000 r--p 00000000 08:02 8920325                    /usr/lib/x86_64-linux-gnu/libXrandr.so.2.2.0
7fd372cea000-7fd372cf1000 r-xp 00002000 08:02 8920325                    /usr/lib/x86_64-linux-gnu/libXrandr.so.2.2.0
7fd372cf1000-7fd372cf3000 r--p 00009000 08:02 8920325                    /usr/lib/x86_64-linux-gnu/libXrandr.so.2.2.0
7fd372cf3000-7fd372cf4000 r--p 0000a000 08:02 8920325                    /usr/lib/x86_64-linux-gnu/libXrandr.so.2.2.0
7fd372cf4000-7fd372cf5000 rw-p 0000b000 08:02 8920325                    /usr/lib/x86_64-linux-gnu/libXrandr.so.2.2.0
7fd372cf5000-7fd372cf7000 r--p 00000000 08:02 8920315                    /usr/lib/x86_64-linux-gnu/libXi.so.6.1.0
7fd372cf7000-7fd372d02000 r-xp 00002000 08:02 8920315                    /usr/lib/x86_64-linux-gnu/libXi.so.6.1.0
7fd372d02000-7fd372d05000 r--p 0000d000 08:02 8920315                    /usr/lib/x86_64-linux-gnu/libXi.so.6.1.0
7fd372d05000-7fd372d06000 r--p 0000f000 08:02 8920315                    /usr/lib/x86_64-linux-gnu/libXi.so.6.1.0
7fd372d06000-7fd372d07000 rw-p 00010000 08:02 8920315                    /usr/lib/x86_64-linux-gnu/libXi.so.6.1.0
7fd372d07000-7fd372d08000 r--p 00000000 08:02 8920317                    /usr/lib/x86_64-linux-gnu/libXinerama.so.1.0.0
7fd372d08000-7fd372d09000 r-xp 00001000 08:02 8920317                    /usr/lib/x86_64-linux-gnu/libXinerama.so.1.0.0
7fd372d09000-7fd372d0a000 r--p 00002000 08:02 8920317                    /usr/lib/x86_64-linux-gnu/libXinerama.so.1.0.0
7fd372d0a000-7fd372d0b000 r--p 00002000 08:02 8920317                    /usr/lib/x86_64-linux-gnu/libXinerama.so.1.0.0
7fd372d0b000-7fd372d0c000 rw-p 00003000 08:02 8920317                    /usr/lib/x86_64-linux-gnu/libXinerama.so.1.0.0
7fd372d0c000-7fd372d0e000 r--p 00000000 08:02 8920309                    /usr/lib/x86_64-linux-gnu/libXfixes.so.3.1.0
7fd372d0e000-7fd372d11000 r-xp 00002000 08:02 8920309                    /usr/lib/x86_64-linux-gnu/libXfixes.so.3.1.0
7fd372d11000-7fd372d12000 r--p 00005000 08:02 8920309                    /usr/lib/x86_64-linux-gnu/libXfixes.so.3.1.0
7fd372d12000-7fd372d13000 r--p 00005000 08:02 8920309                    /usr/lib/x86_64-linux-gnu/libXfixes.so.3.1.0
7fd372d13000-7fd372d14000 rw-p 00006000 08:02 8920309                    /usr/lib/x86_64-linux-gnu/libXfixes.so.3.1.0
7fd372d14000-7fd372d1d000 r-xp 00000000 08:02 8920327                    /usr/lib/x86_64-linux-gnu/libXrender.so.1.3.0
7fd372d1d000-7fd372f1c000 ---p 00009000 08:02 8920327                    /usr/lib/x86_64-linux-gnu/libXrender.so.1.3.0
7fd372f1c000-7fd372f1d000 r--p 00008000 08:02 8920327                    /usr/lib/x86_64-linux-gnu/libXrender.so.1.3.0
7fd372f1d000-7fd372f1e000 rw-p 00009000 08:02 8920327                    /usr/lib/x86_64-linux-gnu/libXrender.so.1.3.0
7fd372f1e000-7fd372f21000 r--p 00000000 08:02 8920301                    /usr/lib/x86_64-linux-gnu/libXcursor.so.1.0.2
7fd372f21000-7fd372f27000 r-xp 00003000 08:02 8920301                    /usr/lib/x86_64-linux-gnu/libXcursor.so.1.0.2
7fd372f27000-7fd372f29000 r--p 00009000 08:02 8920301                    /usr/lib/x86_64-linux-gnu/libXcursor.so.1.0.2
7fd372f29000-7fd372f2a000 r--p 0000a000 08:02 8920301                    /usr/lib/x86_64-linux-gnu/libXcursor.so.1.0.2
7fd372f2a000-7fd372f2b000 rw-p 0000b000 08:02 8920301                    /usr/lib/x86_64-linux-gnu/libXcursor.so.1.0.2
7fd372f2b000-7fd372f2f000 r--p 00000000 08:02 8920307                    /usr/lib/x86_64-linux-gnu/libXext.so.6.4.0
7fd372f2f000-7fd372f3a000 r-xp 00004000 08:02 8920307                    /usr/lib/x86_64-linux-gnu/libXext.so.6.4.0
7fd372f3a000-7fd372f3e000 r--p 0000f000 08:02 8920307                    /usr/lib/x86_64-linux-gnu/libXext.so.6.4.0
7fd372f3e000-7fd372f3f000 r--p 00012000 08:02 8920307                    /usr/lib/x86_64-linux-gnu/libXext.so.6.4.0
7fd372f3f000-7fd372f40000 rw-p 00013000 08:02 8920307                    /usr/lib/x86_64-linux-gnu/libXext.so.6.4.0
7fd372f40000-7fd372f41000 ---p 00000000 00:00 0 
7fd372f41000-7fd373741000 rw-p 00000000 00:00 0 
7fd373741000-7fd373742000 ---p 00000000 00:00 0 
7fd373742000-7fd373f48000 rw-p 00000000 00:00 0 
7fd373f48000-7fd373f4c000 r--p 00000000 08:02 8920463                    /usr/lib/x86_64-linux-gnu/libbsd.so.0.10.0
7fd373f4c000-7fd373f5b000 r-xp 00004000 08:02 8920463                    /usr/lib/x86_64-linux-gnu/libbsd.so.0.10.0
7fd373f5b000-7fd373f5e000 r--p 00013000 08:02 8920463                    /usr/lib/x86_64-linux-gnu/libbsd.so.0.10.0
7fd373f5e000-7fd373f5f000 ---p 00016000 08:02 8920463                    /usr/lib/x86_64-linux-gnu/libbsd.so.0.10.0
7fd373f5f000-7fd373f60000 r--p 00016000 08:02 8920463                    /usr/lib/x86_64-linux-gnu/libbsd.so.0.10.0
7fd373f60000-7fd373f61000 rw-p 00017000 08:02 8920463                    /usr/lib/x86_64-linux-gnu/libbsd.so.0.10.0
7fd373f61000-7fd373f62000 rw-p 00000000 00:00 0 
7fd373f62000-7fd373f64000 r--p 00000000 08:02 8920305                    /usr/lib/x86_64-linux-gnu/libXdmcp.so.6.0.0
7fd373f64000-7fd373f66000 r-xp 00002000 08:02 8920305                    /usr/lib/x86_64-linux-gnu/libXdmcp.so.6.0.0
7fd373f66000-7fd373f68000 r--p 00004000 08:02 8920305                    /usr/lib/x86_64-linux-gnu/libXdmcp.so.6.0.0
7fd373f68000-7fd373f69000 r--p 00005000 08:02 8920305                    /usr/lib/x86_64-linux-gnu/libXdmcp.so.6.0.0
7fd373f69000-7fd373f6a000 rw-p 00006000 08:02 8920305                    /usr/lib/x86_64-linux-gnu/libXdmcp.so.6.0.0
7fd373f6a000-7fd373f6b000 r--p 00000000 08:02 8920294                    /usr/lib/x86_64-linux-gnu/libXau.so.6.0.0
7fd373f6b000-7fd373f6d000 r-xp 00001000 08:02 8920294                    /usr/lib/x86_64-linux-gnu/libXau.so.6.0.0
7fd373f6d000-7fd373f6e000 r--p 00003000 08:02 8920294                    /usr/lib/x86_64-linux-gnu/libXau.so.6.0.0
7fd373f6e000-7fd373f6f000 r--p 00003000 08:02 8920294                    /usr/lib/x86_64-linux-gnu/libXau.so.6.0.0
7fd373f6f000-7fd373f70000 rw-p 00004000 08:02 8920294                    /usr/lib/x86_64-linux-gnu/libXau.so.6.0.0
7fd373f70000-7fd373f7b000 r--p 00000000 08:02 8921796                    /usr/lib/x86_64-linux-gnu/libxcb.so.1.1.0
7fd373f7b000-7fd373f8f000 r-xp 0000b000 08:02 8921796                    /usr/lib/x86_64-linux-gnu/libxcb.so.1.1.0
7fd373f8f000-7fd373f98000 r--p 0001f000 08:02 8921796                    /usr/lib/x86_64-linux-gnu/libxcb.so.1.1.0
7fd373f98000-7fd373f99000 r--p 00027000 08:02 8921796                    /usr/lib/x86_64-linux-gnu/libxcb.so.1.1.0
7fd373f99000-7fd373f9a000 rw-p 00028000 08:02 8921796                    /usr/lib/x86_64-linux-gnu/libxcb.so.1.1.0
7fd373f9a000-7fd373fb2000 r--p 00000000 08:02 8920290                    /usr/lib/x86_64-linux-gnu/libX11.so.6.3.0
7fd373fb2000-7fd37403d000 r-xp 00018000 08:02 8920290                    /usr/lib/x86_64-linux-gnu/libX11.so.6.3.0
7fd37403d000-7fd3740d1000 r--p 000a3000 08:02 8920290                    /usr/lib/x86_64-linux-gnu/libX11.so.6.3.0
7fd3740d1000-7fd3740d2000 ---p 00137000 08:02 8920290                    /usr/lib/x86_64-linux-gnu/libX11.so.6.3.0
7fd3740d2000-7fd3740d3000 r--p 00137000 08:02 8920290                    /usr/lib/x86_64-linux-gnu/libX11.so.6.3.0
7fd3740d3000-7fd3740d7000 rw-p 00138000 08:02 8920290                    /usr/lib/x86_64-linux-gnu/libX11.so.6.3.0
7fd3740d7000-7fd3740d9000 rw-p 00000000 00:00 0 
7fd3740d9000-7fd3740dc000 r--p 00000000 08:02 8915341                    /usr/lib/x86_64-linux-gnu/libGLX.so.0.0.0
7fd3740dc000-7fd3740f7000 r-xp 00003000 08:02 8915341                    /usr/lib/x86_64-linux-gnu/libGLX.so.0.0.0
7fd3740f7000-7fd3740fb000 r--p 0001e000 08:02 8915341                    /usr/lib/x86_64-linux-gnu/libGLX.so.0.0.0
7fd3740fb000-7fd3740fc000 r--p 00021000 08:02 8915341                    /usr/lib/x86_64-linux-gnu/libGLX.so.0.0.0
7fd3740fc000-7fd3740fd000 rw-p 00022000 08:02 8915341                    /usr/lib/x86_64-linux-gnu/libGLX.so.0.0.0
7fd3740fd000-7fd37410d000 rw-p 00000000 00:00 0 
7fd37410d000-7fd37414d000 r--p 00000000 08:02 8920253                    /usr/lib/x86_64-linux-gnu/libGLdispatch.so.0.0.0
7fd37414d000-7fd37418c000 r-xp 00040000 08:02 8920253                    /usr/lib/x86_64-linux-gnu/libGLdispatch.so.0.0.0
7fd37418c000-7fd3741a0000 r--p 0007f000 08:02 8920253                    /usr/lib/x86_64-linux-gnu/libGLdispatch.so.0.0.0
7fd3741a0000-7fd3741bc000 r--p 00092000 08:02 8920253                    /usr/lib/x86_64-linux-gnu/libGLdispatch.so.0.0.0
7fd3741bc000-7fd3741bd000 rw-p 000ae000 08:02 8920253                    /usr/lib/x86_64-linux-gnu/libGLdispatch.so.0.0.0
7fd3741bd000-7fd3741c5000 rw-p 00000000 00:00 0 
7fd3741c5000-7fd3741c7000 r--p 00000000 08:02 8914197                    /usr/lib/x86_64-linux-gnu/librt-2.31.so
7fd3741c7000-7fd3741cb000 r-xp 00002000 08:02 8914197                    /usr/lib/x86_64-linux-gnu/librt-2.31.so
7fd3741cb000-7fd3741cd000 r--p 00006000 08:02 8914197                    /usr/lib/x86_64-linux-gnu/librt-2.31.so
7fd3741cd000-7fd3741ce000 r--p 00007000 08:02 8914197                    /usr/lib/x86_64-linux-gnu/librt-2.31.so
7fd3741ce000-7fd3741cf000 rw-p 00008000 08:02 8914197                    /usr/lib/x86_64-linux-gnu/librt-2.31.so
7fd3741cf000-7fd3741d0000 r--p 00000000 08:02 8913979                    /usr/lib/x86_64-linux-gnu/libdl-2.31.so
7fd3741d0000-7fd3741d2000 r-xp 00001000 08:02 8913979                    /usr/lib/x86_64-linux-gnu/libdl-2.31.so
7fd3741d2000-7fd3741d3000 r--p 00003000 08:02 8913979                    /usr/lib/x86_64-linux-gnu/libdl-2.31.so
7fd3741d3000-7fd3741d4000 r--p 00003000 08:02 8913979                    /usr/lib/x86_64-linux-gnu/libdl-2.31.so
7fd3741d4000-7fd3741d5000 rw-p 00004000 08:02 8913979                    /usr/lib/x86_64-linux-gnu/libdl-2.31.so
7fd3741d5000-7fd374218000 r--p 00000000 08:02 8915339                    /usr/lib/x86_64-linux-gnu/libGL.so.1.7.0
7fd374218000-7fd374238000 r-xp 00043000 08:02 8915339                    /usr/lib/x86_64-linux-gnu/libGL.so.1.7.0
7fd374238000-7fd37424d000 r--p 00063000 08:02 8915339                    /usr/lib/x86_64-linux-gnu/libGL.so.1.7.0
7fd37424d000-7fd37425b000 r--p 00077000 08:02 8915339                    /usr/lib/x86_64-linux-gnu/libGL.so.1.7.0
7fd37425b000-7fd37425c000 rw-p 00085000 08:02 8915339                    /usr/lib/x86_64-linux-gnu/libGL.so.1.7.0
7fd37425c000-7fd37425d000 rw-p 00000000 00:00 0 
7fd37425d000-7fd37427f000 r--p 00000000 08:02 8913928                    /usr/lib/x86_64-linux-gnu/libc-2.31.so
7fd37427f000-7fd3743f7000 r-xp 00022000 08:02 8913928                    /usr/lib/x86_64-linux-gnu/libc-2.31.so
7fd3743f7000-7fd374445000 r--p 0019a000 08:02 8913928                    /usr/lib/x86_64-linux-gnu/libc-2.31.so
7fd374445000-7fd374449000 r--p 001e7000 08:02 8913928                    /usr/lib/x86_64-linux-gnu/libc-2.31.so
7fd374449000-7fd37444b000 rw-p 001eb000 08:02 8913928                    /usr/lib/x86_64-linux-gnu/libc-2.31.so
7fd37444b000-7fd374451000 rw-p 00000000 00:00 0 
7fd374451000-7fd374457000 r--p 00000000 08:02 8914147                    /usr/lib/x86_64-linux-gnu/libpthread-2.31.so
7fd374457000-7fd374468000 r-xp 00006000 08:02 8914147                    /usr/lib/x86_64-linux-gnu/libpthread-2.31.so
7fd374468000-7fd37446e000 r--p 00017000 08:02 8914147                    /usr/lib/x86_64-linux-gnu/libpthread-2.31.so
7fd37446e000-7fd37446f000 r--p 0001c000 08:02 8914147                    /usr/lib/x86_64-linux-gnu/libpthread-2.31.so
7fd37446f000-7fd374470000 rw-p 0001d000 08:02 8914147                    /usr/lib/x86_64-linux-gnu/libpthread-2.31.so
7fd374470000-7fd374474000 rw-p 00000000 00:00 0 
7fd374474000-7fd374477000 r--p 00000000 08:02 8920760                    /usr/lib/x86_64-linux-gnu/libgcc_s.so.1
7fd374477000-7fd374489000 r-xp 00003000 08:02 8920760                    /usr/lib/x86_64-linux-gnu/libgcc_s.so.1
7fd374489000-7fd37448d000 r--p 00015000 08:02 8920760                    /usr/lib/x86_64-linux-gnu/libgcc_s.so.1
7fd37448d000-7fd37448e000 r--p 00018000 08:02 8920760                    /usr/lib/x86_64-linux-gnu/libgcc_s.so.1
7fd37448e000-7fd37448f000 rw-p 00019000 08:02 8920760                    /usr/lib/x86_64-linux-gnu/libgcc_s.so.1
7fd37448f000-7fd37449c000 r--p 00000000 08:02 8913984                    /usr/lib/x86_64-linux-gnu/libm-2.31.so
7fd37449c000-7fd374543000 r-xp 0000d000 08:02 8913984                    /usr/lib/x86_64-linux-gnu/libm-2.31.so
7fd374543000-7fd3745dc000 r--p 000b4000 08:02 8913984                    /usr/lib/x86_64-linux-gnu/libm-2.31.so
7fd3745dc000-7fd3745dd000 r--p 0014c000 08:02 8913984                    /usr/lib/x86_64-linux-gnu/libm-2.31.so
7fd3745dd000-7fd3745de000 rw-p 0014d000 08:02 8913984                    /usr/lib/x86_64-linux-gnu/libm-2.31.so
7fd3745e2000-7fd3745ec000 rw-p 00000000 00:00 0 
7fd3745ec000-7fd3745f1000 r--p 00000000 08:02 8914086                    /usr/lib/x86_64-linux-gnu/libudev.so.1.6.17
7fd3745f1000-7fd37460d000 r-xp 00005000 08:02 8914086                    /usr/lib/x86_64-linux-gnu/libudev.so.1.6.17
7fd37460d000-7fd374617000 r--p 00021000 08:02 8914086                    /usr/lib/x86_64-linux-gnu/libudev.so.1.6.17
7fd374617000-7fd374618000 r--p 0002a000 08:02 8914086                    /usr/lib/x86_64-linux-gnu/libudev.so.1.6.17
7fd374618000-7fd374619000 rw-p 0002b000 08:02 8914086                    /usr/lib/x86_64-linux-gnu/libudev.so.1.6.17
7fd374619000-7fd374620000 r--s 00000000 08:02 9579809                    /usr/lib/x86_64-linux-gnu/gconv/gconv-modules.cache
7fd374620000-7fd374621000 rwxp 00000000 00:00 0 
7fd374621000-7fd374622000 rw-s 00000000 00:1a 27660                      /dev/shm/mono.40156
7fd374622000-7fd37525a000 r--p 00000000 08:02 1859294                    /home/andrei/Duaro_ws/Unity_env/exe-env/env8/UnityPlayer.so
7fd37525a000-7fd3772ba000 r-xp 00c38000 08:02 1859294                    /home/andrei/Duaro_ws/Unity_env/exe-env/env8/UnityPlayer.so
7fd3772ba000-7fd3773de000 r--p 02c98000 08:02 1859294                    /home/andrei/Duaro_ws/Unity_env/exe-env/env8/UnityPlayer.so
7fd3773de000-7fd377422000 rw-p 02dbc000 08:02 1859294                    /home/andrei/Duaro_ws/Unity_env/exe-env/env8/UnityPlayer.so
7fd377422000-7fd37758a000 rw-p 00000000 00:00 0 
7fd37758a000-7fd3775dd000 r--p 00000000 08:02 8923676                    /usr/lib/x86_64-linux-gnu/libGLEW.so.2.1.0
7fd3775dd000-7fd37760b000 r-xp 00053000 08:02 8923676                    /usr/lib/x86_64-linux-gnu/libGLEW.so.2.1.0
7fd37760b000-7fd377623000 r--p 00081000 08:02 8923676                    /usr/lib/x86_64-linux-gnu/libGLEW.so.2.1.0
7fd377623000-7fd37762e000 r--p 00098000 08:02 8923676                    /usr/lib/x86_64-linux-gnu/libGLEW.so.2.1.0
7fd37762e000-7fd37762f000 rw-p 000a3000 08:02 8923676                    /usr/lib/x86_64-linux-gnu/libGLEW.so.2.1.0
7fd37762f000-7fd377636000 rw-p 00000000 00:00 0 
7fd377636000-7fd377637000 r--p 00000000 08:02 8913556                    /usr/lib/x86_64-linux-gnu/ld-2.31.so
7fd377637000-7fd37765a000 r-xp 00001000 08:02 8913556                    /usr/lib/x86_64-linux-gnu/ld-2.31.so
7fd37765a000-7fd377662000 r--p 00024000 08:02 8913556                    /usr/lib/x86_64-linux-gnu/ld-2.31.so
7fd377662000-7fd377663000 rw-s 1020f6000 00:05 707                       /dev/dri/renderD128
7fd377663000-7fd377664000 r--p 0002c000 08:02 8913556                    /usr/lib/x86_64-linux-gnu/ld-2.31.so
7fd377664000-7fd377665000 rw-p 0002d000 08:02 8913556                    /usr/lib/x86_64-linux-gnu/ld-2.31.so
7fd377665000-7fd377666000 rw-p 00000000 00:00 0 
7ffeb84e7000-7ffeb84ef000 ---p 00000000 00:00 0 
7ffeb8cc4000-7ffeb8ce6000 rw-p 00000000 00:00 0                          [stack]
7ffeb8de2000-7ffeb8de6000 r--p 00000000 00:00 0                          [vvar]
7ffeb8de6000-7ffeb8de8000 r-xp 00000000 00:00 0                          [vdso]
ffffffffff600000-ffffffffff601000 --xp 00000000 00:00 0                  [vsyscall]

Native stacktrace:

	/home/andrei/Duaro_ws/Unity_env/exe-env/env8/env8_Data/MonoBleedingEdge/x86_64/libmonobdwgc-2.0.so(+0xd8194) [0x7fd269954194]
	/home/andrei/Duaro_ws/Unity_env/exe-env/env8/env8_Data/MonoBleedingEdge/x86_64/libmonobdwgc-2.0.so(+0x5bf37) [0x7fd2698d7f37]
	/lib/x86_64-linux-gnu/libpthread.so.0(+0x143c0) [0x7fd3744653c0]
	/home/andrei/Duaro_ws/Unity_env/exe-env/env8/UnityPlayer.so(+0x19a87a8) [0x7fd375fca7a8]
	/home/andrei/Duaro_ws/Unity_env/exe-env/env8/UnityPlayer.so(+0x12e18c7) [0x7fd3759038c7]
	/home/andrei/Duaro_ws/Unity_env/exe-env/env8/UnityPlayer.so(+0x12e243d) [0x7fd37590443d]
	/home/andrei/Duaro_ws/Unity_env/exe-env/env8/UnityPlayer.so(+0x12d2def) [0x7fd3758f4def]
	/home/andrei/Duaro_ws/Unity_env/exe-env/env8/UnityPlayer.so(+0x12d158e) [0x7fd3758f358e]
	/home/andrei/Duaro_ws/Unity_env/exe-env/env8/UnityPlayer.so(+0x12f87c7) [0x7fd37591a7c7]
	/home/andrei/Duaro_ws/Unity_env/exe-env/env8/UnityPlayer.so(+0x1d33947) [0x7fd376355947]
	/home/andrei/Duaro_ws/Unity_env/exe-env/env8/UnityPlayer.so(+0x1d33887) [0x7fd376355887]
	/home/andrei/Duaro_ws/Unity_env/exe-env/env8/UnityPlayer.so(+0x28a0604) [0x7fd376ec2604]
	/lib/x86_64-linux-gnu/libpthread.so.0(+0x8609) [0x7fd374459609]
	/lib/x86_64-linux-gnu/libc.so.6(clone+0x43) [0x7fd37437c163]

Debug info from gdb:

Caught fatal signal - signo:11 code:1 errno:0 addr:0x28
Obtained 20 stack frames.
#0  0x007fd3744653c0 in funlockfile
#1  0x007fd375fca7a8 in AtomicStack::Pop()
#2  0x007fd3759038c7 in BucketAllocator::Allocate(unsigned long, int)
#3  0x007fd37590443d in DualThreadAllocator<DynamicHeapAllocator>::Allocate(unsigned long, int)
#4  0x007fd3758f4def in MemoryManager::Allocate(unsigned long, unsigned long, MemLabelId const&, AllocateOptions, char const*, int)
#5  0x007fd3758ef961 in malloc_internal(unsigned long, unsigned long, MemLabelId const&, AllocateOptions, char const*, int)
#6  0x007fd37529b24b in core::StringStorageDefault<char>::reallocate(unsigned long)
#7  0x007fd3752a6646 in void StreamedBinaryRead::TransferSTLStyleArray<core::basic_string<char, core::StringStorageDefault<char> > >(core::basic_string<char, core::StringStorageDefault<char> >&, TransferMetaFlags)
#8  0x007fd375eb3f0b in void StreamedBinaryRead::TransferSTLStyleMap<std::map<PPtr<Shader>, core::basic_string<char, core::StringStorageDefault<char> >, std::less<PPtr<Shader> >, std::allocator<std::pair<PPtr<Shader> const, core::basic_string<char, core::StringStorageDefault<char> > > > > >(std::map<PPtr<Shader>, core::basic_string<char, core::StringStorageDefault<char> >, std::less<PPtr<Shader> >, std::allocator<std::pair<PPtr<Shader> const, core::basic_string<char, core::StringStorageDefault<char> > > > >&, TransferMetaFlags)
#9  0x007fd375ea7d16 in ScriptMapper::VirtualRedirectTransfer(StreamedBinaryRead&)
#10 0x007fd376167646 in SerializedFile::ReadObject(long, ObjectCreationMode, bool, TypeTree const**, bool*, Object&)
#11 0x007fd3761527ee in PersistentManager::ReadAndActivateObjectThreaded(int, SerializedObjectIdentifier const&, SerializedFile*, bool, bool, PersistentManager::LockFlags)
#12 0x007fd376151db5 in PersistentManager::ReadObjectThreaded(int, PersistentManager::LockFlags)
#13 0x007fd376151c60 in PersistentManager::ReadObject(int, AwakeFromLoadMode)
#14 0x007fd3759438b9 in LoadManager(core::basic_string<char, core::StringStorageDefault<char> > const&, int)
#15 0x007fd375943997 in PlayerLoadGlobalManagers(char const*, char const*, unsigned int)
#16 0x007fd375e2d039 in PlayerInitEngineGraphics(bool)
#17 0x007fd3761878a3 in PlayerMain(int, char**)
#18 0x007fd3742810b3 in __libc_start_main
#19 0x00000000201029 in _start
/tmp/mono-gdb-commands.dJRGv3:1: Error in sourced command file:
Unable to attach: program terminated with signal SIGSEGV, Segmentation fault.
