Mono path[0] = '/home/andrei/Duaro_ws/Unity_env/exe-env/env8/env8_Data/Managed'
Mono config path = '/home/andrei/Duaro_ws/Unity_env/exe-env/env8/env8_Data/MonoBleedingEdge/etc'
PlayerConnection initialized from /home/andrei/Duaro_ws/Unity_env/exe-env/env8/env8_Data (debug = 0)
PlayerConnection initialized network socket : 0.0.0.0 55326
Multi-casting "[IP] 172.26.51.175 [Port] 55326 [Flags] 2 [Guid] 2749419644 [EditorId] 4113913451 [Version] 1048832 [Id] LinuxPlayer(172.26.51.175) [Debug] 0 [PackageName] LinuxPlayer [ProjectName] Duaro" to [225.0.0.222:54997]...
Started listening to [0.0.0.0:55326]
Preloaded 'lib_burst_generated.so'
Preloaded 'libassimp.so'
Preloaded 'libgrpc_csharp_ext.x64.so'
Preloaded 'liblibvhacd.so'
PlayerConnection already initialized - listening to [0.0.0.0:55326]
Initialize engine version: 2020.3.29f1 (2ff179115da0)
[Subsystems] Discovering subsystems at path /home/andrei/Duaro_ws/Unity_env/exe-env/env8/env8_Data/UnitySubsystems
Forcing GfxDevice: Null
GfxDevice: creating device client; threaded=0
NullGfxDevice:
    Version:  NULL 1.0 [1.0]
    Renderer: Null Device
    Vendor:   Unity Technologies
ALSA lib pcm_dmix.c:1089:(snd_pcm_dmix_open) unable to open slave
FMOD failed to initialize the output device.: "Error initializing output device. " (60)
Forced to initialize FMOD to to the device driver's system output rate 48000, this may impact performance and/or give inconsistent experiences compared to selected sample rate 48000
Caught fatal signal - signo:11 code:1 errno:0 addr:0x24
/proc/self/maps:
00200000-00201000 r--p 00000000 08:02 1859291                            /home/andrei/Duaro_ws/Unity_env/exe-env/env8/env8.x86_64
00201000-00202000 r-xp 00001000 08:02 1859291                            /home/andrei/Duaro_ws/Unity_env/exe-env/env8/env8.x86_64
00202000-00203000 r--p 00002000 08:02 1859291                            /home/andrei/Duaro_ws/Unity_env/exe-env/env8/env8.x86_64
00203000-00204000 rw-p 00003000 08:02 1859291                            /home/andrei/Duaro_ws/Unity_env/exe-env/env8/env8.x86_64
01a6c000-01e7b000 rw-p 00000000 00:00 0                                  [heap]
40501000-40511000 rwxp 00000000 00:00 0 
41e90000-41ea0000 rwxp 00000000 00:00 0 
7f64dc000000-7f64dc021000 rw-p 00000000 00:00 0 
7f64dc021000-7f64e0000000 ---p 00000000 00:00 0 
7f64e0000000-7f64e4000000 rw-s 00000000 00:01 5348                       /memfd:pulseaudio (deleted)
7f64e4000000-7f64e8000000 rw-s 00000000 00:01 5121                       /memfd:pulseaudio (deleted)
7f64e8000000-7f64e8021000 rw-p 00000000 00:00 0 
7f64e8021000-7f64ec000000 ---p 00000000 00:00 0 
7f64ec000000-7f64f0000000 rw-s 00000000 00:01 9378                       /memfd:pulseaudio (deleted)
7f64f0000000-7f64f1000000 rw-p 00000000 00:00 0 
7f64f1000000-7f6500000000 ---p 00000000 00:00 0 
7f6501cec000-7f6501ced000 ---p 00000000 00:00 0 
7f6501ced000-7f6501ded000 rw-p 00000000 00:00 0 
7f6501ded000-7f6501dee000 ---p 00000000 00:00 0 
7f6501dee000-7f65025ee000 rw-p 00000000 00:00 0 
7f65025ee000-7f65065ee000 rw-s 00000000 00:01 9378                       /memfd:pulseaudio (deleted)
7f65065ee000-7f6506618000 r--p 00000000 08:02 8915485                    /usr/lib/x86_64-linux-gnu/libasound.so.2.0.0
7f6506618000-7f65066a7000 r-xp 0002a000 08:02 8915485                    /usr/lib/x86_64-linux-gnu/libasound.so.2.0.0
7f65066a7000-7f65066e1000 r--p 000b9000 08:02 8915485                    /usr/lib/x86_64-linux-gnu/libasound.so.2.0.0
7f65066e1000-7f65066e8000 r--p 000f2000 08:02 8915485                    /usr/lib/x86_64-linux-gnu/libasound.so.2.0.0
7f65066e8000-7f65066e9000 rw-p 000f9000 08:02 8915485                    /usr/lib/x86_64-linux-gnu/libasound.so.2.0.0
7f65066e9000-7f65066ed000 r--p 00000000 08:02 8920851                    /usr/lib/x86_64-linux-gnu/libgpg-error.so.0.28.0
7f65066ed000-7f6506700000 r-xp 00004000 08:02 8920851                    /usr/lib/x86_64-linux-gnu/libgpg-error.so.0.28.0
7f6506700000-7f650670a000 r--p 00017000 08:02 8920851                    /usr/lib/x86_64-linux-gnu/libgpg-error.so.0.28.0
7f650670a000-7f650670b000 r--p 00020000 08:02 8920851                    /usr/lib/x86_64-linux-gnu/libgpg-error.so.0.28.0
7f650670b000-7f650670c000 rw-p 00021000 08:02 8920851                    /usr/lib/x86_64-linux-gnu/libgpg-error.so.0.28.0
7f650670c000-7f6506720000 r--p 00000000 08:02 8921695                    /usr/lib/x86_64-linux-gnu/libvorbisenc.so.2.0.11
7f6506720000-7f6506723000 r-xp 00014000 08:02 8921695                    /usr/lib/x86_64-linux-gnu/libvorbisenc.so.2.0.11
7f6506723000-7f650679a000 r--p 00017000 08:02 8921695                    /usr/lib/x86_64-linux-gnu/libvorbisenc.so.2.0.11
7f650679a000-7f65067b6000 r--p 0008d000 08:02 8921695                    /usr/lib/x86_64-linux-gnu/libvorbisenc.so.2.0.11
7f65067b6000-7f65067b7000 rw-p 000a9000 08:02 8921695                    /usr/lib/x86_64-linux-gnu/libvorbisenc.so.2.0.11
7f65067b7000-7f65067ba000 r--p 00000000 08:02 8921693                    /usr/lib/x86_64-linux-gnu/libvorbis.so.0.4.8
7f65067ba000-7f65067d1000 r-xp 00003000 08:02 8921693                    /usr/lib/x86_64-linux-gnu/libvorbis.so.0.4.8
7f65067d1000-7f65067e2000 r--p 0001a000 08:02 8921693                    /usr/lib/x86_64-linux-gnu/libvorbis.so.0.4.8
7f65067e2000-7f65067e3000 ---p 0002b000 08:02 8921693                    /usr/lib/x86_64-linux-gnu/libvorbis.so.0.4.8
7f65067e3000-7f65067e4000 r--p 0002b000 08:02 8921693                    /usr/lib/x86_64-linux-gnu/libvorbis.so.0.4.8
7f65067e4000-7f65067e5000 rw-p 0002c000 08:02 8921693                    /usr/lib/x86_64-linux-gnu/libvorbis.so.0.4.8
7f65067e5000-7f65067e6000 ---p 00000000 00:00 0 
7f65067e6000-7f6506fe6000 rw-p 00000000 00:00 0 
7f6506fe6000-7f6506fe7000 ---p 00000000 00:00 0 
7f6506fe7000-7f65077e7000 rw-p 00000000 00:00 0 
7f65077e7000-7f65077e8000 ---p 00000000 00:00 0 
7f65077e8000-7f6507fe8000 rw-p 00000000 00:00 0 
7f6507fe8000-7f6507fe9000 ---p 00000000 00:00 0 
7f6507fe9000-7f65087e9000 rw-p 00000000 00:00 0 
7f65087e9000-7f65087ea000 ---p 00000000 00:00 0 
7f65087ea000-7f6508fea000 rw-p 00000000 00:00 0 
7f6508fea000-7f6508feb000 ---p 00000000 00:00 0 
7f6508feb000-7f65097eb000 rw-p 00000000 00:00 0 
7f65097eb000-7f65097ec000 ---p 00000000 00:00 0 
7f65097ec000-7f6509fec000 rw-p 00000000 00:00 0 
7f6509fec000-7f6509fed000 ---p 00000000 00:00 0 
7f6509fed000-7f650a7ed000 rw-p 00000000 00:00 0 
7f650a7ed000-7f650a7ee000 ---p 00000000 00:00 0 
7f650a7ee000-7f650afee000 rw-p 00000000 00:00 0 
7f650afee000-7f650afef000 ---p 00000000 00:00 0 
7f650afef000-7f650b7ef000 rw-p 00000000 00:00 0 
7f650b7ef000-7f650b7f0000 ---p 00000000 00:00 0 
7f650b7f0000-7f650bff0000 rw-p 00000000 00:00 0 
7f650bff0000-7f650bff1000 ---p 00000000 00:00 0 
7f650bff1000-7f650c7f1000 rw-p 00000000 00:00 0 
7f650c7f1000-7f650c7f2000 ---p 00000000 00:00 0 
7f650c7f2000-7f650cff2000 rw-p 00000000 00:00 0 
7f650cff2000-7f650cff3000 ---p 00000000 00:00 0 
7f650cff3000-7f650d7f3000 rw-p 00000000 00:00 0 
7f650d7f3000-7f650d7f4000 ---p 00000000 00:00 0 
7f650d7f4000-7f650dff4000 rw-p 00000000 00:00 0 
7f650dff4000-7f650dff5000 ---p 00000000 00:00 0 
7f650dff5000-7f650e7f5000 rw-p 00000000 00:00 0 
7f650e7f5000-7f650e7f6000 ---p 00000000 00:00 0 
7f650e7f6000-7f650eff6000 rw-p 00000000 00:00 0 
7f650eff6000-7f650eff7000 ---p 00000000 00:00 0 
7f650eff7000-7f650f7f7000 rw-p 00000000 00:00 0 
7f650f7f7000-7f650f7f8000 ---p 00000000 00:00 0 
7f650f7f8000-7f650fff8000 rw-p 00000000 00:00 0 
7f650fff8000-7f650fff9000 ---p 00000000 00:00 0 
7f650fff9000-7f65107f9000 rw-p 00000000 00:00 0 
7f65107f9000-7f65107fa000 ---p 00000000 00:00 0 
7f65107fa000-7f6510ffa000 rw-p 00000000 00:00 0 
7f6510ffa000-7f6510ffb000 ---p 00000000 00:00 0 
7f6510ffb000-7f65117fb000 rw-p 00000000 00:00 0 
7f65117fb000-7f65117fc000 ---p 00000000 00:00 0 
7f65117fc000-7f6511ffc000 rw-p 00000000 00:00 0 
7f6511ffc000-7f6511ffd000 ---p 00000000 00:00 0 
7f6511ffd000-7f65127fd000 rw-p 00000000 00:00 0 
7f65127fd000-7f65127fe000 ---p 00000000 00:00 0 
7f65127fe000-7f6512ffe000 rw-p 00000000 00:00 0 
7f6512ffe000-7f6512fff000 ---p 00000000 00:00 0 
7f6512fff000-7f65137ff000 rw-p 00000000 00:00 0 
7f65137ff000-7f6513800000 ---p 00000000 00:00 0 
7f6513800000-7f6514000000 rw-p 00000000 00:00 0 
7f6514000000-7f6514021000 rw-p 00000000 00:00 0 
7f6514021000-7f6518000000 ---p 00000000 00:00 0 
7f6518000000-7f6518021000 rw-p 00000000 00:00 0 
7f6518021000-7f651c000000 ---p 00000000 00:00 0 
7f651c000000-7f651c021000 rw-p 00000000 00:00 0 
7f651c021000-7f6520000000 ---p 00000000 00:00 0 
7f6520000000-7f6520021000 rw-p 00000000 00:00 0 
7f6520021000-7f6524000000 ---p 00000000 00:00 0 
7f6524000000-7f6524021000 rw-p 00000000 00:00 0 
7f6524021000-7f6528000000 ---p 00000000 00:00 0 
7f6528000000-7f6528021000 rw-p 00000000 00:00 0 
7f6528021000-7f652c000000 ---p 00000000 00:00 0 
7f652c000000-7f652c021000 rw-p 00000000 00:00 0 
7f652c021000-7f6530000000 ---p 00000000 00:00 0 
7f6530000000-7f6530021000 rw-p 00000000 00:00 0 
7f6530021000-7f6534000000 ---p 00000000 00:00 0 
7f6534000000-7f6534021000 rw-p 00000000 00:00 0 
7f6534021000-7f6538000000 ---p 00000000 00:00 0 
7f6538000000-7f6538021000 rw-p 00000000 00:00 0 
7f6538021000-7f653c000000 ---p 00000000 00:00 0 
7f653c000000-7f653c021000 rw-p 00000000 00:00 0 
7f653c021000-7f6540000000 ---p 00000000 00:00 0 
7f6540000000-7f6540021000 rw-p 00000000 00:00 0 
7f6540021000-7f6544000000 ---p 00000000 00:00 0 
7f6544000000-7f6544021000 rw-p 00000000 00:00 0 
7f6544021000-7f6548000000 ---p 00000000 00:00 0 
7f654800f000-7f6548013000 r--p 00000000 08:02 8914186                    /usr/lib/x86_64-linux-gnu/libresolv-2.31.so
7f6548013000-7f6548023000 r-xp 00004000 08:02 8914186                    /usr/lib/x86_64-linux-gnu/libresolv-2.31.so
7f6548023000-7f6548027000 r--p 00014000 08:02 8914186                    /usr/lib/x86_64-linux-gnu/libresolv-2.31.so
7f6548027000-7f6548028000 r--p 00017000 08:02 8914186                    /usr/lib/x86_64-linux-gnu/libresolv-2.31.so
7f6548028000-7f6548029000 rw-p 00018000 08:02 8914186                    /usr/lib/x86_64-linux-gnu/libresolv-2.31.so
7f6548029000-7f654802b000 rw-p 00000000 00:00 0 
7f654802b000-7f6548033000 r--p 00000000 08:02 8920258                    /usr/lib/x86_64-linux-gnu/libFLAC.so.8.3.0
7f6548033000-7f654805c000 r-xp 00008000 08:02 8920258                    /usr/lib/x86_64-linux-gnu/libFLAC.so.8.3.0
7f654805c000-7f6548066000 r--p 00031000 08:02 8920258                    /usr/lib/x86_64-linux-gnu/libFLAC.so.8.3.0
7f6548066000-7f6548067000 ---p 0003b000 08:02 8920258                    /usr/lib/x86_64-linux-gnu/libFLAC.so.8.3.0
7f6548067000-7f6548068000 r--p 0003b000 08:02 8920258                    /usr/lib/x86_64-linux-gnu/libFLAC.so.8.3.0
7f6548068000-7f6548069000 rw-p 0003c000 08:02 8920258                    /usr/lib/x86_64-linux-gnu/libFLAC.so.8.3.0
7f6548069000-7f654806d000 r--p 00000000 08:02 8914027                    /usr/lib/x86_64-linux-gnu/libnsl-2.31.so
7f654806d000-7f654807d000 r-xp 00004000 08:02 8914027                    /usr/lib/x86_64-linux-gnu/libnsl-2.31.so
7f654807d000-7f6548082000 r--p 00014000 08:02 8914027                    /usr/lib/x86_64-linux-gnu/libnsl-2.31.so
7f6548082000-7f6548083000 r--p 00018000 08:02 8914027                    /usr/lib/x86_64-linux-gnu/libnsl-2.31.so
7f6548083000-7f6548084000 rw-p 00019000 08:02 8914027                    /usr/lib/x86_64-linux-gnu/libnsl-2.31.so
7f6548084000-7f6548086000 rw-p 00000000 00:00 0 
7f6548086000-7f6548092000 r--p 00000000 08:02 8913669                    /usr/lib/x86_64-linux-gnu/libgcrypt.so.20.2.5
7f6548092000-7f6548160000 r-xp 0000c000 08:02 8913669                    /usr/lib/x86_64-linux-gnu/libgcrypt.so.20.2.5
7f6548160000-7f654819d000 r--p 000da000 08:02 8913669                    /usr/lib/x86_64-linux-gnu/libgcrypt.so.20.2.5
7f654819d000-7f654819f000 r--p 00116000 08:02 8913669                    /usr/lib/x86_64-linux-gnu/libgcrypt.so.20.2.5
7f654819f000-7f65481a4000 rw-p 00118000 08:02 8913669                    /usr/lib/x86_64-linux-gnu/libgcrypt.so.20.2.5
7f65481a4000-7f65481a6000 r--p 00000000 08:02 8921116                    /usr/lib/x86_64-linux-gnu/liblz4.so.1.9.2
7f65481a6000-7f65481c0000 r-xp 00002000 08:02 8921116                    /usr/lib/x86_64-linux-gnu/liblz4.so.1.9.2
7f65481c0000-7f65481c3000 r--p 0001c000 08:02 8921116                    /usr/lib/x86_64-linux-gnu/liblz4.so.1.9.2
7f65481c3000-7f65481c4000 r--p 0001e000 08:02 8921116                    /usr/lib/x86_64-linux-gnu/liblz4.so.1.9.2
7f65481c4000-7f65481c5000 rw-p 0001f000 08:02 8921116                    /usr/lib/x86_64-linux-gnu/liblz4.so.1.9.2
7f65481c5000-7f65481c8000 r--p 00000000 08:02 8923942                    /usr/lib/x86_64-linux-gnu/liblzma.so.5.2.4
7f65481c8000-7f65481e0000 r-xp 00003000 08:02 8923942                    /usr/lib/x86_64-linux-gnu/liblzma.so.5.2.4
7f65481e0000-7f65481eb000 r--p 0001b000 08:02 8923942                    /usr/lib/x86_64-linux-gnu/liblzma.so.5.2.4
7f65481eb000-7f65481ec000 ---p 00026000 08:02 8923942                    /usr/lib/x86_64-linux-gnu/liblzma.so.5.2.4
7f65481ec000-7f65481ed000 r--p 00026000 08:02 8923942                    /usr/lib/x86_64-linux-gnu/liblzma.so.5.2.4
7f65481ed000-7f65481ee000 rw-p 00027000 08:02 8923942                    /usr/lib/x86_64-linux-gnu/liblzma.so.5.2.4
7f65481ee000-7f65481f3000 r-xp 00000000 08:02 8920382                    /usr/lib/x86_64-linux-gnu/libasyncns.so.0.3.1
7f65481f3000-7f65483f2000 ---p 00005000 08:02 8920382                    /usr/lib/x86_64-linux-gnu/libasyncns.so.0.3.1
7f65483f2000-7f65483f3000 r--p 00004000 08:02 8920382                    /usr/lib/x86_64-linux-gnu/libasyncns.so.0.3.1
7f65483f3000-7f65483f4000 rw-p 00005000 08:02 8920382                    /usr/lib/x86_64-linux-gnu/libasyncns.so.0.3.1
7f65483f4000-7f65483fb000 r--p 00000000 08:02 8921524                    /usr/lib/x86_64-linux-gnu/libsndfile.so.1.0.28
7f65483fb000-7f654844e000 r-xp 00007000 08:02 8921524                    /usr/lib/x86_64-linux-gnu/libsndfile.so.1.0.28
7f654844e000-7f654846b000 r--p 0005a000 08:02 8921524                    /usr/lib/x86_64-linux-gnu/libsndfile.so.1.0.28
7f654846b000-7f654846c000 ---p 00077000 08:02 8921524                    /usr/lib/x86_64-linux-gnu/libsndfile.so.1.0.28
7f654846c000-7f654846f000 r--p 00077000 08:02 8921524                    /usr/lib/x86_64-linux-gnu/libsndfile.so.1.0.28
7f654846f000-7f6548470000 rw-p 0007a000 08:02 8921524                    /usr/lib/x86_64-linux-gnu/libsndfile.so.1.0.28
7f6548470000-7f6548472000 rw-p 00000000 00:00 0 
7f6548472000-7f6548482000 r--p 00000000 08:02 8913004                    /usr/lib/x86_64-linux-gnu/libsystemd.so.0.28.0
7f6548482000-7f65484f7000 r-xp 00010000 08:02 8913004                    /usr/lib/x86_64-linux-gnu/libsystemd.so.0.28.0
7f65484f7000-7f654851c000 r--p 00085000 08:02 8913004                    /usr/lib/x86_64-linux-gnu/libsystemd.so.0.28.0
7f654851c000-7f654851f000 r--p 000a9000 08:02 8913004                    /usr/lib/x86_64-linux-gnu/libsystemd.so.0.28.0
7f654851f000-7f6548520000 rw-p 000ac000 08:02 8913004                    /usr/lib/x86_64-linux-gnu/libsystemd.so.0.28.0
7f6548520000-7f6548521000 rw-p 00000000 00:00 0 
7f6548521000-7f654852c000 r--p 00000000 08:02 8920573                    /usr/lib/x86_64-linux-gnu/libdbus-1.so.3.19.11
7f654852c000-7f654855a000 r-xp 0000b000 08:02 8920573                    /usr/lib/x86_64-linux-gnu/libdbus-1.so.3.19.11
7f654855a000-7f654856f000 r--p 00039000 08:02 8920573                    /usr/lib/x86_64-linux-gnu/libdbus-1.so.3.19.11
7f654856f000-7f6548570000 ---p 0004e000 08:02 8920573                    /usr/lib/x86_64-linux-gnu/libdbus-1.so.3.19.11
7f6548570000-7f6548571000 r--p 0004e000 08:02 8920573                    /usr/lib/x86_64-linux-gnu/libdbus-1.so.3.19.11
7f6548571000-7f6548572000 rw-p 0004f000 08:02 8920573                    /usr/lib/x86_64-linux-gnu/libdbus-1.so.3.19.11
7f6548572000-7f6548583000 r--p 00000000 08:02 9568377                    /usr/lib/x86_64-linux-gnu/pulseaudio/libpulsecommon-13.99.so
7f6548583000-7f65485cb000 r-xp 00011000 08:02 9568377                    /usr/lib/x86_64-linux-gnu/pulseaudio/libpulsecommon-13.99.so
7f65485cb000-7f65485f0000 r--p 00059000 08:02 9568377                    /usr/lib/x86_64-linux-gnu/pulseaudio/libpulsecommon-13.99.so
7f65485f0000-7f65485f1000 ---p 0007e000 08:02 9568377                    /usr/lib/x86_64-linux-gnu/pulseaudio/libpulsecommon-13.99.so
7f65485f1000-7f65485f3000 r--p 0007e000 08:02 9568377                    /usr/lib/x86_64-linux-gnu/pulseaudio/libpulsecommon-13.99.so
7f65485f3000-7f65485f4000 rw-p 00080000 08:02 9568377                    /usr/lib/x86_64-linux-gnu/pulseaudio/libpulsecommon-13.99.so
7f65485f4000-7f6548600000 r--p 00000000 08:02 8913770                    /usr/lib/x86_64-linux-gnu/libpulse.so.0.21.2
7f6548600000-7f6548630000 r-xp 0000c000 08:02 8913770                    /usr/lib/x86_64-linux-gnu/libpulse.so.0.21.2
7f6548630000-7f6548646000 r--p 0003c000 08:02 8913770                    /usr/lib/x86_64-linux-gnu/libpulse.so.0.21.2
7f6548646000-7f6548648000 r--p 00051000 08:02 8913770                    /usr/lib/x86_64-linux-gnu/libpulse.so.0.21.2
7f6548648000-7f6548649000 rw-p 00053000 08:02 8913770                    /usr/lib/x86_64-linux-gnu/libpulse.so.0.21.2
7f6548649000-7f654864a000 ---p 00000000 00:00 0 
7f654864a000-7f6548e4a000 rw-p 00000000 00:00 0 
7f6548e4a000-7f6548e53000 r--p 00000000 08:02 8920849                    /usr/lib/x86_64-linux-gnu/libgomp.so.1.0.0
7f6548e53000-7f6548e7e000 r-xp 00009000 08:02 8920849                    /usr/lib/x86_64-linux-gnu/libgomp.so.1.0.0
7f6548e7e000-7f6548e8a000 r--p 00034000 08:02 8920849                    /usr/lib/x86_64-linux-gnu/libgomp.so.1.0.0
7f6548e8a000-7f6548e8b000 r--p 0003f000 08:02 8920849                    /usr/lib/x86_64-linux-gnu/libgomp.so.1.0.0
7f6548e8b000-7f6548e8c000 rw-p 00040000 08:02 8920849                    /usr/lib/x86_64-linux-gnu/libgomp.so.1.0.0
7f6548e8c000-7f6548f2b000 r-xp 00000000 08:02 1859287                    /home/andrei/Duaro_ws/Unity_env/exe-env/env8/env8_Data/Plugins/liblibvhacd.so
7f6548f2b000-7f654912b000 ---p 0009f000 08:02 1859287                    /home/andrei/Duaro_ws/Unity_env/exe-env/env8/env8_Data/Plugins/liblibvhacd.so
7f654912b000-7f654912c000 r--p 0009f000 08:02 1859287                    /home/andrei/Duaro_ws/Unity_env/exe-env/env8/env8_Data/Plugins/liblibvhacd.so
7f654912c000-7f654912f000 rw-p 000a0000 08:02 1859287                    /home/andrei/Duaro_ws/Unity_env/exe-env/env8/env8_Data/Plugins/liblibvhacd.so
7f654912f000-7f6549364000 r-xp 00000000 08:02 1859288                    /home/andrei/Duaro_ws/Unity_env/exe-env/env8/env8_Data/Plugins/libgrpc_csharp_ext.x64.so
7f6549364000-7f6549564000 ---p 00235000 08:02 1859288                    /home/andrei/Duaro_ws/Unity_env/exe-env/env8/env8_Data/Plugins/libgrpc_csharp_ext.x64.so
7f6549564000-7f654957f000 rw-p 00235000 08:02 1859288                    /home/andrei/Duaro_ws/Unity_env/exe-env/env8/env8_Data/Plugins/libgrpc_csharp_ext.x64.so
7f654957f000-7f6549585000 rw-p 00000000 00:00 0 
7f6549585000-7f654958f000 r-xp 00000000 08:02 8922868                    /usr/lib/x86_64-linux-gnu/libminizip.so.1.0.0
7f654958f000-7f654978e000 ---p 0000a000 08:02 8922868                    /usr/lib/x86_64-linux-gnu/libminizip.so.1.0.0
7f654978e000-7f654978f000 r--p 00009000 08:02 8922868                    /usr/lib/x86_64-linux-gnu/libminizip.so.1.0.0
7f654978f000-7f6549790000 rw-p 0000a000 08:02 8922868                    /usr/lib/x86_64-linux-gnu/libminizip.so.1.0.0
7f6549793000-7f6549794000 ---p 00000000 00:00 0 
7f6549794000-7f65497d4000 rw-p 00000000 00:00 0 
7f65497d4000-7f6549ec4000 r-xp 00000000 08:02 1859289                    /home/andrei/Duaro_ws/Unity_env/exe-env/env8/env8_Data/Plugins/libassimp.so
7f6549ec4000-7f654a0c4000 ---p 006f0000 08:02 1859289                    /home/andrei/Duaro_ws/Unity_env/exe-env/env8/env8_Data/Plugins/libassimp.so
7f654a0c4000-7f654a196000 r--p 006f0000 08:02 1859289                    /home/andrei/Duaro_ws/Unity_env/exe-env/env8/env8_Data/Plugins/libassimp.so
7f654a196000-7f654a198000 rw-p 007c2000 08:02 1859289                    /home/andrei/Duaro_ws/Unity_env/exe-env/env8/env8_Data/Plugins/libassimp.so
7f654a198000-7f654a19f000 rw-p 00000000 00:00 0 
7f654a19f000-7f654a1ae000 r--p 00000000 08:02 1859293                    /home/andrei/Duaro_ws/Unity_env/exe-env/env8/env8_Data/Plugins/lib_burst_generated.so
7f654a1ae000-7f654a1e2000 r-xp 0000e000 08:02 1859293                    /home/andrei/Duaro_ws/Unity_env/exe-env/env8/env8_Data/Plugins/lib_burst_generated.so
7f654a1e2000-7f654a1e3000 r--p 00041000 08:02 1859293                    /home/andrei/Duaro_ws/Unity_env/exe-env/env8/env8_Data/Plugins/lib_burst_generated.so
7f654a1e3000-7f654a1e4000 rw-p 00041000 08:02 1859293                    /home/andrei/Duaro_ws/Unity_env/exe-env/env8/env8_Data/Plugins/lib_burst_generated.so
7f654a1e4000-7f654a59e000 r--p 00000000 08:02 1859277                    /home/andrei/Duaro_ws/Unity_env/exe-env/env8/env8_Data/Managed/mscorlib.dll
7f654a59e000-7f654a59f000 rw-p 00000000 00:00 0 
7f654a59f000-7f654a5fe000 ---p 00000000 00:00 0 
7f654a5fe000-7f654a67e000 rw-p 00000000 00:00 0 
7f654a67e000-7f654a9d5000 r-xp 00000000 08:02 1859315                    /home/andrei/Duaro_ws/Unity_env/exe-env/env8/env8_Data/MonoBleedingEdge/x86_64/libmonobdwgc-2.0.so
7f654a9d5000-7f654abd5000 ---p 00357000 08:02 1859315                    /home/andrei/Duaro_ws/Unity_env/exe-env/env8/env8_Data/MonoBleedingEdge/x86_64/libmonobdwgc-2.0.so
7f654abd5000-7f654abdc000 r--p 00357000 08:02 1859315                    /home/andrei/Duaro_ws/Unity_env/exe-env/env8/env8_Data/MonoBleedingEdge/x86_64/libmonobdwgc-2.0.so
7f654abdc000-7f654abe3000 rw-p 0035e000 08:02 1859315                    /home/andrei/Duaro_ws/Unity_env/exe-env/env8/env8_Data/MonoBleedingEdge/x86_64/libmonobdwgc-2.0.so
7f654abe3000-7f654adfe000 rw-p 00000000 00:00 0 
7f654adfe000-7f654affe000 rw-s 137d28000 00:05 707                       /dev/dri/renderD128
7f654affe000-7f654afff000 ---p 00000000 00:00 0 
7f654afff000-7f654b000000 rw-p 00000000 00:00 0 
7f654b000000-7f654b008000 ---p 00000000 00:00 0 
7f654b008000-7f654b7ff000 rw-p 00000000 00:00 0 
7f654b7ff000-7f654b800000 ---p 00000000 00:00 0 
7f654b800000-7f654c000000 rw-p 00000000 00:00 0 
7f654c000000-7f654c039000 rw-p 00000000 00:00 0 
7f654c039000-7f6550000000 ---p 00000000 00:00 0 
7f6550000000-7f6550021000 rw-p 00000000 00:00 0 
7f6550021000-7f6554000000 ---p 00000000 00:00 0 
7f6554000000-7f6554021000 rw-p 00000000 00:00 0 
7f6554021000-7f6558000000 ---p 00000000 00:00 0 
7f6558005000-7f6558045000 rw-p 00000000 00:00 0 
7f6558045000-7f6558046000 ---p 00000000 00:00 0 
7f6558046000-7f6558846000 rw-p 00000000 00:00 0 
7f6558846000-7f6558847000 ---p 00000000 00:00 0 
7f6558847000-7f6559047000 rw-p 00000000 00:00 0 
7f6559047000-7f6559048000 ---p 00000000 00:00 0 
7f6559048000-7f6559848000 rw-p 00000000 00:00 0 
7f6559848000-7f6559849000 ---p 00000000 00:00 0 
7f6559849000-7f655a049000 rw-p 00000000 00:00 0 
7f655a049000-7f655a04a000 ---p 00000000 00:00 0 
7f655a04a000-7f655a84a000 rw-p 00000000 00:00 0 
7f655a84a000-7f655fa6b000 r-xp 00000000 08:02 8919001                    /usr/lib/x86_64-linux-gnu/libLLVM-12.so.1
7f655fa6b000-7f655ff84000 r--p 05220000 08:02 8919001                    /usr/lib/x86_64-linux-gnu/libLLVM-12.so.1
7f655ff84000-7f655ff8b000 rw-p 05739000 08:02 8919001                    /usr/lib/x86_64-linux-gnu/libLLVM-12.so.1
7f655ff8b000-7f6561000000 rw-p 00000000 00:00 0 
7f6561000000-7f6570000000 ---p 00000000 00:00 0 
7f6570000000-7f6571000000 rw-p 00000000 00:00 0 
7f6571000000-7f6580000000 ---p 00000000 00:00 0 
7f6580000000-7f6581000000 rw-p 00000000 00:00 0 
7f6581000000-7f6590000000 ---p 00000000 00:00 0 
7f6590000000-7f6590800000 rw-p 00000000 00:00 0 
7f6590800000-7f65a0000000 ---p 00000000 00:00 0 
7f65a0000000-7f65a1000000 rw-p 00000000 00:00 0 
7f65a1000000-7f65b0000000 ---p 00000000 00:00 0 
7f65b0000000-7f65b0400000 rw-p 00000000 00:00 0 
7f65b0400000-7f65b0800000 ---p 00000000 00:00 0 
7f65b0800000-7f65b0810000 rw-p 00000000 00:00 0 
7f65b0810000-7f65b0820000 ---p 00000000 00:00 0 
7f65b0820000-7f65b0860000 rw-p 00000000 00:00 0 
7f65b0860000-7f65b08a0000 ---p 00000000 00:00 0 
7f65b08a0000-7f65b08e0000 rw-p 00000000 00:00 0 
7f65b08e0000-7f65b0920000 ---p 00000000 00:00 0 
7f65b0920000-7f65b0960000 rw-p 00000000 00:00 0 
7f65b0960000-7f65b09a0000 ---p 00000000 00:00 0 
7f65b09a0000-7f65b09e0000 rw-p 00000000 00:00 0 
7f65b09e0000-7f65b0a20000 ---p 00000000 00:00 0 
7f65b0a20000-7f65b0a60000 rw-p 00000000 00:00 0 
7f65b0a60000-7f65b0aa0000 ---p 00000000 00:00 0 
7f65b0aa0000-7f65b0ae0000 rw-p 00000000 00:00 0 
7f65b0ae0000-7f65b0b20000 ---p 00000000 00:00 0 
7f65b0b20000-7f65b0b60000 rw-p 00000000 00:00 0 
7f65b0b60000-7f65b0ba0000 ---p 00000000 00:00 0 
7f65b0ba0000-7f65b0be0000 rw-p 00000000 00:00 0 
7f65b0be0000-7f65b0c20000 ---p 00000000 00:00 0 
7f65b0c20000-7f65b0c60000 rw-p 00000000 00:00 0 
7f65b0c60000-7f65b0ca0000 ---p 00000000 00:00 0 
7f65b0ca0000-7f65b0ce0000 rw-p 00000000 00:00 0 
7f65b0ce0000-7f65b0d20000 ---p 00000000 00:00 0 
7f65b0d20000-7f65b0d60000 rw-p 00000000 00:00 0 
7f65b0d60000-7f65b0da0000 ---p 00000000 00:00 0 
7f65b0da0000-7f65b0da8000 rw-p 00000000 00:00 0 
7f65b0da8000-7f65b0db0000 ---p 00000000 00:00 0 
7f65b0db0000-7f65b0db8000 rw-p 00000000 00:00 0 
7f65b0db8000-7f65b0dc0000 ---p 00000000 00:00 0 
7f65b0dc0000-7f65b0dc8000 rw-p 00000000 00:00 0 
7f65b0dc8000-7f65b0dd0000 ---p 00000000 00:00 0 
7f65b0dd0000-7f65b0dd8000 rw-p 00000000 00:00 0 
7f65b0dd8000-7f65b0de0000 ---p 00000000 00:00 0 
7f65b0de0000-7f65b0de8000 rw-p 00000000 00:00 0 
7f65b0de8000-7f65b0df0000 ---p 00000000 00:00 0 
7f65b0df0000-7f65b0df8000 rw-p 00000000 00:00 0 
7f65b0df8000-7f65b0e00000 ---p 00000000 00:00 0 
7f65b0e00000-7f65b0e08000 rw-p 00000000 00:00 0 
7f65b0e08000-7f65b0e10000 ---p 00000000 00:00 0 
7f65b0e10000-7f65b0e18000 rw-p 00000000 00:00 0 
7f65b0e18000-7f65b0e20000 ---p 00000000 00:00 0 
7f65b0e20000-7f65b0e28000 rw-p 00000000 00:00 0 
7f65b0e28000-7f65b0e30000 ---p 00000000 00:00 0 
7f65b0e30000-7f65b0e38000 rw-p 00000000 00:00 0 
7f65b0e38000-7f65b0e40000 ---p 00000000 00:00 0 
7f65b0e40000-7f65b0e48000 rw-p 00000000 00:00 0 
7f65b0e48000-7f65b0e50000 ---p 00000000 00:00 0 
7f65b0e50000-7f65b0e58000 rw-p 00000000 00:00 0 
7f65b0e58000-7f65b0e60000 ---p 00000000 00:00 0 
7f65b0e60000-7f65b0e68000 rw-p 00000000 00:00 0 
7f65b0e68000-7f65b0e70000 ---p 00000000 00:00 0 
7f65b0e70000-7f65b0e78000 rw-p 00000000 00:00 0 
7f65b0e78000-7f65b0e80000 ---p 00000000 00:00 0 
7f65b0e80000-7f65b0e88000 rw-p 00000000 00:00 0 
7f65b0e88000-7f65b0e90000 ---p 00000000 00:00 0 
7f65b0e90000-7f65b0e98000 rw-p 00000000 00:00 0 
7f65b0e98000-7f65b0ea0000 ---p 00000000 00:00 0 
7f65b0ea0000-7f65b0eb0000 rw-p 00000000 00:00 0 
7f65b0eb0000-7f65b0ec0000 ---p 00000000 00:00 0 
7f65b0ec0000-7f65b0ed0000 rw-p 00000000 00:00 0 
7f65b0ed0000-7f65c0000000 ---p 00000000 00:00 0 
7f65c0000000-7f65c3000000 rw-p 00000000 00:00 0 
7f65c3000000-7f65d0000000 ---p 00000000 00:00 0 
7f65d0000000-7f65d1001000 rw-p 00000000 00:00 0 
7f65d1001000-7f65e0000000 ---p 00000000 00:00 0 
7f65e0000000-7f65e0102000 rw-p 00000000 00:00 0 
7f65e0102000-7f65f0000000 ---p 00000000 00:00 0 
7f65f0000000-7f65f0102000 rw-p 00000000 00:00 0 
7f65f0102000-7f6600000000 ---p 00000000 00:00 0 
7f6600000000-7f6600102000 rw-p 00000000 00:00 0 
7f6600102000-7f6610000000 ---p 00000000 00:00 0 
7f6610000000-7f6610102000 rw-p 00000000 00:00 0 
7f6610102000-7f6620000000 ---p 00000000 00:00 0 
7f6620000000-7f6620100000 rw-p 00000000 00:00 0 
7f6620100000-7f6630000000 ---p 00000000 00:00 0 
7f6630003000-7f6630005000 r--p 00000000 08:02 8921271                    /usr/lib/x86_64-linux-gnu/libogg.so.0.8.4
7f6630005000-7f663000a000 r-xp 00002000 08:02 8921271                    /usr/lib/x86_64-linux-gnu/libogg.so.0.8.4
7f663000a000-7f663000d000 r--p 00007000 08:02 8921271                    /usr/lib/x86_64-linux-gnu/libogg.so.0.8.4
7f663000d000-7f663000e000 ---p 0000a000 08:02 8921271                    /usr/lib/x86_64-linux-gnu/libogg.so.0.8.4
7f663000e000-7f663000f000 r--p 0000a000 08:02 8921271                    /usr/lib/x86_64-linux-gnu/libogg.so.0.8.4
7f663000f000-7f6630010000 rw-p 0000b000 08:02 8921271                    /usr/lib/x86_64-linux-gnu/libogg.so.0.8.4
7f6630010000-7f6630013000 r--p 00000000 08:02 8920361                    /usr/lib/x86_64-linux-gnu/libapparmor.so.1.6.1
7f6630013000-7f663001c000 r-xp 00003000 08:02 8920361                    /usr/lib/x86_64-linux-gnu/libapparmor.so.1.6.1
7f663001c000-7f6630023000 r--p 0000c000 08:02 8920361                    /usr/lib/x86_64-linux-gnu/libapparmor.so.1.6.1
7f6630023000-7f6630024000 r--p 00012000 08:02 8920361                    /usr/lib/x86_64-linux-gnu/libapparmor.so.1.6.1
7f6630024000-7f6630025000 rw-p 00013000 08:02 8920361                    /usr/lib/x86_64-linux-gnu/libapparmor.so.1.6.1
7f6630025000-7f6630028000 r--p 00000000 08:02 8921756                    /usr/lib/x86_64-linux-gnu/libwrap.so.0.7.6
7f6630028000-7f663002d000 r-xp 00003000 08:02 8921756                    /usr/lib/x86_64-linux-gnu/libwrap.so.0.7.6
7f663002d000-7f663002f000 r--p 00008000 08:02 8921756                    /usr/lib/x86_64-linux-gnu/libwrap.so.0.7.6
7f663002f000-7f6630030000 r--p 00009000 08:02 8921756                    /usr/lib/x86_64-linux-gnu/libwrap.so.0.7.6
7f6630030000-7f6630031000 rw-p 0000a000 08:02 8921756                    /usr/lib/x86_64-linux-gnu/libwrap.so.0.7.6
7f6630031000-7f6630033000 r--p 00000000 08:02 8913769                    /usr/lib/x86_64-linux-gnu/libpulse-simple.so.0.1.1
7f6630033000-7f6630035000 r-xp 00002000 08:02 8913769                    /usr/lib/x86_64-linux-gnu/libpulse-simple.so.0.1.1
7f6630035000-7f6630036000 r--p 00004000 08:02 8913769                    /usr/lib/x86_64-linux-gnu/libpulse-simple.so.0.1.1
7f6630036000-7f6630037000 r--p 00004000 08:02 8913769                    /usr/lib/x86_64-linux-gnu/libpulse-simple.so.0.1.1
7f6630037000-7f6630038000 rw-p 00005000 08:02 8913769                    /usr/lib/x86_64-linux-gnu/libpulse-simple.so.0.1.1
7f6630038000-7f6630078000 rw-p 00000000 00:00 0 
7f6630078000-7f6630278000 rw-s 129d1b000 00:05 707                       /dev/dri/renderD128
7f6630278000-7f6630478000 rw-s 143611000 00:05 707                       /dev/dri/renderD128
7f6630478000-7f6630479000 ---p 00000000 00:00 0 
7f6630479000-7f6630c79000 rw-p 00000000 00:00 0 
7f6630c79000-7f6630c7a000 ---p 00000000 00:00 0 
7f6630c7a000-7f663147a000 rw-p 00000000 00:00 0 
7f663147a000-7f663147b000 ---p 00000000 00:00 0 
7f663147b000-7f6631c7b000 rw-p 00000000 00:00 0 
7f6631c7b000-7f6631c7c000 ---p 00000000 00:00 0 
7f6631c7c000-7f663247c000 rw-p 00000000 00:00 0 
7f663247c000-7f663247d000 ---p 00000000 00:00 0 
7f663247d000-7f6632c7d000 rw-p 00000000 00:00 0 
7f6632c7d000-7f6632c7e000 ---p 00000000 00:00 0 
7f6632c7e000-7f663347e000 rw-p 00000000 00:00 0 
7f663347e000-7f663347f000 ---p 00000000 00:00 0 
7f663347f000-7f6633c7f000 rw-p 00000000 00:00 0 
7f6633c7f000-7f6633c80000 ---p 00000000 00:00 0 
7f6633c80000-7f6634480000 rw-p 00000000 00:00 0 
7f6634480000-7f66345c1000 rw-s 00000000 08:02 1310754                    /home/andrei/.cache/mesa_shader_cache/index
7f66345c1000-7f66345c4000 r--p 00000000 08:02 8914055                    /usr/lib/x86_64-linux-gnu/libnss_files-2.31.so
7f66345c4000-7f66345cb000 r-xp 00003000 08:02 8914055                    /usr/lib/x86_64-linux-gnu/libnss_files-2.31.so
7f66345cb000-7f66345cd000 r--p 0000a000 08:02 8914055                    /usr/lib/x86_64-linux-gnu/libnss_files-2.31.so
7f66345cd000-7f66345ce000 r--p 0000b000 08:02 8914055                    /usr/lib/x86_64-linux-gnu/libnss_files-2.31.so
7f66345ce000-7f66345cf000 rw-p 0000c000 08:02 8914055                    /usr/lib/x86_64-linux-gnu/libnss_files-2.31.so
7f66345cf000-7f66345d5000 rw-p 00000000 00:00 0 
7f66345d5000-7f66345d6000 ---p 00000000 00:00 0 
7f66345d6000-7f6634dd6000 rw-p 00000000 00:00 0 
7f6634dd6000-7f6634de4000 r--p 00000000 08:02 8921606                    /usr/lib/x86_64-linux-gnu/libtinfo.so.6.2
7f6634de4000-7f6634df3000 r-xp 0000e000 08:02 8921606                    /usr/lib/x86_64-linux-gnu/libtinfo.so.6.2
7f6634df3000-7f6634e01000 r--p 0001d000 08:02 8921606                    /usr/lib/x86_64-linux-gnu/libtinfo.so.6.2
7f6634e01000-7f6634e05000 r--p 0002a000 08:02 8921606                    /usr/lib/x86_64-linux-gnu/libtinfo.so.6.2
7f6634e05000-7f6634e06000 rw-p 0002e000 08:02 8921606                    /usr/lib/x86_64-linux-gnu/libtinfo.so.6.2
7f6634e06000-7f6634e0e000 r--p 00000000 08:02 8920653                    /usr/lib/x86_64-linux-gnu/libedit.so.2.0.63
7f6634e0e000-7f6634e29000 r-xp 00008000 08:02 8920653                    /usr/lib/x86_64-linux-gnu/libedit.so.2.0.63
7f6634e29000-7f6634e37000 r--p 00023000 08:02 8920653                    /usr/lib/x86_64-linux-gnu/libedit.so.2.0.63
7f6634e37000-7f6634e39000 r--p 00030000 08:02 8920653                    /usr/lib/x86_64-linux-gnu/libedit.so.2.0.63
7f6634e39000-7f6634e3a000 rw-p 00032000 08:02 8920653                    /usr/lib/x86_64-linux-gnu/libedit.so.2.0.63
7f6634e3a000-7f6634e3e000 rw-p 00000000 00:00 0 
7f6634e3e000-7f6634e40000 r--p 00000000 08:02 8920703                    /usr/lib/x86_64-linux-gnu/libffi.so.7.1.0
7f6634e40000-7f6634e46000 r-xp 00002000 08:02 8920703                    /usr/lib/x86_64-linux-gnu/libffi.so.7.1.0
7f6634e46000-7f6634e47000 r--p 00008000 08:02 8920703                    /usr/lib/x86_64-linux-gnu/libffi.so.7.1.0
7f6634e47000-7f6634e48000 ---p 00009000 08:02 8920703                    /usr/lib/x86_64-linux-gnu/libffi.so.7.1.0
7f6634e48000-7f6634e49000 r--p 00009000 08:02 8920703                    /usr/lib/x86_64-linux-gnu/libffi.so.7.1.0
7f6634e49000-7f6634e4a000 rw-p 0000a000 08:02 8920703                    /usr/lib/x86_64-linux-gnu/libffi.so.7.1.0
7f6634e4a000-7f6634ee0000 r--p 00000000 08:02 8921563                    /usr/lib/x86_64-linux-gnu/libstdc++.so.6.0.28
7f6634ee0000-7f6634fd1000 r-xp 00096000 08:02 8921563                    /usr/lib/x86_64-linux-gnu/libstdc++.so.6.0.28
7f6634fd1000-7f663501a000 r--p 00187000 08:02 8921563                    /usr/lib/x86_64-linux-gnu/libstdc++.so.6.0.28
7f663501a000-7f663501b000 ---p 001d0000 08:02 8921563                    /usr/lib/x86_64-linux-gnu/libstdc++.so.6.0.28
7f663501b000-7f6635026000 r--p 001d0000 08:02 8921563                    /usr/lib/x86_64-linux-gnu/libstdc++.so.6.0.28
7f6635026000-7f6635029000 rw-p 001db000 08:02 8921563                    /usr/lib/x86_64-linux-gnu/libstdc++.so.6.0.28
7f6635029000-7f663502c000 rw-p 00000000 00:00 0 
7f663502c000-7f663503b000 r--p 00000000 08:02 8921704                    /usr/lib/x86_64-linux-gnu/libvulkan.so.1.2.131
7f663503b000-7f663506d000 r-xp 0000f000 08:02 8921704                    /usr/lib/x86_64-linux-gnu/libvulkan.so.1.2.131
7f663506d000-7f6635080000 r--p 00041000 08:02 8921704                    /usr/lib/x86_64-linux-gnu/libvulkan.so.1.2.131
7f6635080000-7f6635081000 r--p 00053000 08:02 8921704                    /usr/lib/x86_64-linux-gnu/libvulkan.so.1.2.131
7f6635081000-7f6635082000 rw-p 00054000 08:02 8921704                    /usr/lib/x86_64-linux-gnu/libvulkan.so.1.2.131
7f6635082000-7f6635084000 r--p 00000000 08:02 8913259                    /usr/lib/x86_64-linux-gnu/libdrm_nouveau.so.2.0.0
7f6635084000-7f6635089000 r-xp 00002000 08:02 8913259                    /usr/lib/x86_64-linux-gnu/libdrm_nouveau.so.2.0.0
7f6635089000-7f663508b000 r--p 00007000 08:02 8913259                    /usr/lib/x86_64-linux-gnu/libdrm_nouveau.so.2.0.0
7f663508b000-7f663508c000 r--p 00008000 08:02 8913259                    /usr/lib/x86_64-linux-gnu/libdrm_nouveau.so.2.0.0
7f663508c000-7f663508d000 rw-p 00009000 08:02 8913259                    /usr/lib/x86_64-linux-gnu/libdrm_nouveau.so.2.0.0
7f663508d000-7f6635090000 r--p 00000000 08:02 8913112                    /usr/lib/x86_64-linux-gnu/libdrm_amdgpu.so.1.0.0
7f6635090000-7f6635095000 r-xp 00003000 08:02 8913112                    /usr/lib/x86_64-linux-gnu/libdrm_amdgpu.so.1.0.0
7f6635095000-7f6635097000 r--p 00008000 08:02 8913112                    /usr/lib/x86_64-linux-gnu/libdrm_amdgpu.so.1.0.0
7f6635097000-7f6635098000 r--p 00009000 08:02 8913112                    /usr/lib/x86_64-linux-gnu/libdrm_amdgpu.so.1.0.0
7f6635098000-7f6635099000 rw-p 0000a000 08:02 8913112                    /usr/lib/x86_64-linux-gnu/libdrm_amdgpu.so.1.0.0
7f6635099000-7f663509c000 r--p 00000000 08:02 8920658                    /usr/lib/x86_64-linux-gnu/libelf-0.176.so
7f663509c000-7f66350ae000 r-xp 00003000 08:02 8920658                    /usr/lib/x86_64-linux-gnu/libelf-0.176.so
7f66350ae000-7f66350b3000 r--p 00015000 08:02 8920658                    /usr/lib/x86_64-linux-gnu/libelf-0.176.so
7f66350b3000-7f66350b4000 r--p 00019000 08:02 8920658                    /usr/lib/x86_64-linux-gnu/libelf-0.176.so
7f66350b4000-7f66350b5000 rw-p 0001a000 08:02 8920658                    /usr/lib/x86_64-linux-gnu/libelf-0.176.so
7f66350b5000-7f66350b7000 r--p 00000000 08:02 8913261                    /usr/lib/x86_64-linux-gnu/libdrm_radeon.so.1.0.1
7f66350b7000-7f66350be000 r-xp 00002000 08:02 8913261                    /usr/lib/x86_64-linux-gnu/libdrm_radeon.so.1.0.1
7f66350be000-7f66350c2000 r--p 00009000 08:02 8913261                    /usr/lib/x86_64-linux-gnu/libdrm_radeon.so.1.0.1
7f66350c2000-7f66350c3000 r--p 0000c000 08:02 8913261                    /usr/lib/x86_64-linux-gnu/libdrm_radeon.so.1.0.1
7f66350c3000-7f66350c4000 rw-p 0000d000 08:02 8913261                    /usr/lib/x86_64-linux-gnu/libdrm_radeon.so.1.0.1
7f66350c4000-7f66350c7000 r--p 00000000 08:02 8921493                    /usr/lib/x86_64-linux-gnu/libsensors.so.5.0.0
7f66350c7000-7f66350ce000 r-xp 00003000 08:02 8921493                    /usr/lib/x86_64-linux-gnu/libsensors.so.5.0.0
7f66350ce000-7f66350d3000 r--p 0000a000 08:02 8921493                    /usr/lib/x86_64-linux-gnu/libsensors.so.5.0.0
7f66350d3000-7f66350d4000 r--p 0000e000 08:02 8921493                    /usr/lib/x86_64-linux-gnu/libsensors.so.5.0.0
7f66350d4000-7f66350d5000 rw-p 0000f000 08:02 8921493                    /usr/lib/x86_64-linux-gnu/libsensors.so.5.0.0
7f66350d5000-7f66350d9000 r--p 00000000 08:02 8921828                    /usr/lib/x86_64-linux-gnu/libzstd.so.1.4.4
7f66350d9000-7f663516b000 r-xp 00004000 08:02 8921828                    /usr/lib/x86_64-linux-gnu/libzstd.so.1.4.4
7f663516b000-7f663517c000 r--p 00096000 08:02 8921828                    /usr/lib/x86_64-linux-gnu/libzstd.so.1.4.4
7f663517c000-7f663517d000 r--p 000a6000 08:02 8921828                    /usr/lib/x86_64-linux-gnu/libzstd.so.1.4.4
7f663517d000-7f663517e000 rw-p 000a7000 08:02 8921828                    /usr/lib/x86_64-linux-gnu/libzstd.so.1.4.4
7f663517e000-7f6635180000 r--p 00000000 08:02 8919282                    /usr/lib/x86_64-linux-gnu/libz.so.1.2.11
7f6635180000-7f6635191000 r-xp 00002000 08:02 8919282                    /usr/lib/x86_64-linux-gnu/libz.so.1.2.11
7f6635191000-7f6635197000 r--p 00013000 08:02 8919282                    /usr/lib/x86_64-linux-gnu/libz.so.1.2.11
7f6635197000-7f6635198000 ---p 00019000 08:02 8919282                    /usr/lib/x86_64-linux-gnu/libz.so.1.2.11
7f6635198000-7f6635199000 r--p 00019000 08:02 8919282                    /usr/lib/x86_64-linux-gnu/libz.so.1.2.11
7f6635199000-7f663519a000 rw-p 0001a000 08:02 8919282                    /usr/lib/x86_64-linux-gnu/libz.so.1.2.11
7f663519a000-7f6635330000 r--p 00000000 08:02 9568713                    /usr/lib/x86_64-linux-gnu/dri/radeonsi_dri.so
7f6635330000-7f66363db000 r-xp 00196000 08:02 9568713                    /usr/lib/x86_64-linux-gnu/dri/radeonsi_dri.so
7f66363db000-7f66368a1000 r--p 01241000 08:02 9568713                    /usr/lib/x86_64-linux-gnu/dri/radeonsi_dri.so
7f66368a1000-7f66369cf000 r--p 01706000 08:02 9568713                    /usr/lib/x86_64-linux-gnu/dri/radeonsi_dri.so
7f66369cf000-7f6636b07000 rw-p 01834000 08:02 9568713                    /usr/lib/x86_64-linux-gnu/dri/radeonsi_dri.so
7f6636b07000-7f6636d25000 rw-p 00000000 00:00 0 
7f6636d25000-7f6636d28000 r--p 00000000 08:02 8921790                    /usr/lib/x86_64-linux-gnu/libxcb-xfixes.so.0.0.0
7f6636d28000-7f6636d2b000 r-xp 00003000 08:02 8921790                    /usr/lib/x86_64-linux-gnu/libxcb-xfixes.so.0.0.0
7f6636d2b000-7f6636d2c000 r--p 00006000 08:02 8921790                    /usr/lib/x86_64-linux-gnu/libxcb-xfixes.so.0.0.0
7f6636d2c000-7f6636d2d000 ---p 00007000 08:02 8921790                    /usr/lib/x86_64-linux-gnu/libxcb-xfixes.so.0.0.0
7f6636d2d000-7f6636d2e000 r--p 00007000 08:02 8921790                    /usr/lib/x86_64-linux-gnu/libxcb-xfixes.so.0.0.0
7f6636d2e000-7f6636d2f000 rw-p 00008000 08:02 8921790                    /usr/lib/x86_64-linux-gnu/libxcb-xfixes.so.0.0.0
7f6636d2f000-7f6636d30000 r-xp 00000000 08:02 8921814                    /usr/lib/x86_64-linux-gnu/libxshmfence.so.1.0.0
7f6636d30000-7f6636f2f000 ---p 00001000 08:02 8921814                    /usr/lib/x86_64-linux-gnu/libxshmfence.so.1.0.0
7f6636f2f000-7f6636f30000 r--p 00000000 08:02 8921814                    /usr/lib/x86_64-linux-gnu/libxshmfence.so.1.0.0
7f6636f30000-7f6636f31000 rw-p 00001000 08:02 8921814                    /usr/lib/x86_64-linux-gnu/libxshmfence.so.1.0.0
7f6636f31000-7f6636f34000 r--p 00000000 08:02 8921786                    /usr/lib/x86_64-linux-gnu/libxcb-sync.so.1.0.0
7f6636f34000-7f6636f37000 r-xp 00003000 08:02 8921786                    /usr/lib/x86_64-linux-gnu/libxcb-sync.so.1.0.0
7f6636f37000-7f6636f38000 r--p 00006000 08:02 8921786                    /usr/lib/x86_64-linux-gnu/libxcb-sync.so.1.0.0
7f6636f38000-7f6636f39000 ---p 00007000 08:02 8921786                    /usr/lib/x86_64-linux-gnu/libxcb-sync.so.1.0.0
7f6636f39000-7f6636f3a000 r--p 00007000 08:02 8921786                    /usr/lib/x86_64-linux-gnu/libxcb-sync.so.1.0.0
7f6636f3a000-7f6636f3b000 rw-p 00008000 08:02 8921786                    /usr/lib/x86_64-linux-gnu/libxcb-sync.so.1.0.0
7f6636f3b000-7f6636f3c000 r--p 00000000 08:02 8921772                    /usr/lib/x86_64-linux-gnu/libxcb-present.so.0.0.0
7f6636f3c000-7f6636f3d000 r-xp 00001000 08:02 8921772                    /usr/lib/x86_64-linux-gnu/libxcb-present.so.0.0.0
7f6636f3d000-7f6636f3e000 r--p 00002000 08:02 8921772                    /usr/lib/x86_64-linux-gnu/libxcb-present.so.0.0.0
7f6636f3e000-7f6636f3f000 r--p 00002000 08:02 8921772                    /usr/lib/x86_64-linux-gnu/libxcb-present.so.0.0.0
7f6636f3f000-7f6636f40000 rw-p 00003000 08:02 8921772                    /usr/lib/x86_64-linux-gnu/libxcb-present.so.0.0.0
7f6636f40000-7f6636f42000 r--p 00000000 08:02 8921762                    /usr/lib/x86_64-linux-gnu/libxcb-dri3.so.0.0.0
7f6636f42000-7f6636f43000 r-xp 00002000 08:02 8921762                    /usr/lib/x86_64-linux-gnu/libxcb-dri3.so.0.0.0
7f6636f43000-7f6636f44000 r--p 00003000 08:02 8921762                    /usr/lib/x86_64-linux-gnu/libxcb-dri3.so.0.0.0
7f6636f44000-7f6636f45000 r--p 00003000 08:02 8921762                    /usr/lib/x86_64-linux-gnu/libxcb-dri3.so.0.0.0
7f6636f45000-7f6636f46000 rw-p 00004000 08:02 8921762                    /usr/lib/x86_64-linux-gnu/libxcb-dri3.so.0.0.0
7f6636f46000-7f6636f4a000 r--p 00000000 08:02 8933051                    /usr/lib/x86_64-linux-gnu/libexpat.so.1.6.11
7f6636f4a000-7f6636f66000 r-xp 00004000 08:02 8933051                    /usr/lib/x86_64-linux-gnu/libexpat.so.1.6.11
7f6636f66000-7f6636f70000 r--p 00020000 08:02 8933051                    /usr/lib/x86_64-linux-gnu/libexpat.so.1.6.11
7f6636f70000-7f6636f71000 ---p 0002a000 08:02 8933051                    /usr/lib/x86_64-linux-gnu/libexpat.so.1.6.11
7f6636f71000-7f6636f73000 r--p 0002a000 08:02 8933051                    /usr/lib/x86_64-linux-gnu/libexpat.so.1.6.11
7f6636f73000-7f6636f74000 rw-p 0002c000 08:02 8933051                    /usr/lib/x86_64-linux-gnu/libexpat.so.1.6.11
7f6636f74000-7f6636f75000 r--p 00000000 08:02 8921784                    /usr/lib/x86_64-linux-gnu/libxcb-shm.so.0.0.0
7f6636f75000-7f6636f76000 r-xp 00001000 08:02 8921784                    /usr/lib/x86_64-linux-gnu/libxcb-shm.so.0.0.0
7f6636f76000-7f6636f77000 r--p 00002000 08:02 8921784                    /usr/lib/x86_64-linux-gnu/libxcb-shm.so.0.0.0
7f6636f77000-7f6636f78000 r--p 00002000 08:02 8921784                    /usr/lib/x86_64-linux-gnu/libxcb-shm.so.0.0.0
7f6636f78000-7f6636f79000 rw-p 00003000 08:02 8921784                    /usr/lib/x86_64-linux-gnu/libxcb-shm.so.0.0.0
7f6636f79000-7f6636f84000 r--p 00000000 08:02 8921764                    /usr/lib/x86_64-linux-gnu/libxcb-glx.so.0.0.0
7f6636f84000-7f6636f8d000 r-xp 0000b000 08:02 8921764                    /usr/lib/x86_64-linux-gnu/libxcb-glx.so.0.0.0
7f6636f8d000-7f6636f92000 r--p 00014000 08:02 8921764                    /usr/lib/x86_64-linux-gnu/libxcb-glx.so.0.0.0
7f6636f92000-7f6636f93000 ---p 00019000 08:02 8921764                    /usr/lib/x86_64-linux-gnu/libxcb-glx.so.0.0.0
7f6636f93000-7f6636f95000 r--p 00019000 08:02 8921764                    /usr/lib/x86_64-linux-gnu/libxcb-glx.so.0.0.0
7f6636f95000-7f6636f96000 rw-p 0001b000 08:02 8921764                    /usr/lib/x86_64-linux-gnu/libxcb-glx.so.0.0.0
7f6636f96000-7f663700a000 rw-p 00000000 00:00 0 
7f663700e000-7f6637010000 r--p 00000000 08:02 8921760                    /usr/lib/x86_64-linux-gnu/libxcb-dri2.so.0.0.0
7f6637010000-7f6637012000 r-xp 00002000 08:02 8921760                    /usr/lib/x86_64-linux-gnu/libxcb-dri2.so.0.0.0
7f6637012000-7f6637013000 r--p 00004000 08:02 8921760                    /usr/lib/x86_64-linux-gnu/libxcb-dri2.so.0.0.0
7f6637013000-7f6637014000 r--p 00004000 08:02 8921760                    /usr/lib/x86_64-linux-gnu/libxcb-dri2.so.0.0.0
7f6637014000-7f6637015000 rw-p 00005000 08:02 8921760                    /usr/lib/x86_64-linux-gnu/libxcb-dri2.so.0.0.0
7f6637015000-7f6637016000 r--p 00000000 08:02 8920288                    /usr/lib/x86_64-linux-gnu/libX11-xcb.so.1.0.0
7f6637016000-7f6637017000 r-xp 00001000 08:02 8920288                    /usr/lib/x86_64-linux-gnu/libX11-xcb.so.1.0.0
7f6637017000-7f6637018000 r--p 00002000 08:02 8920288                    /usr/lib/x86_64-linux-gnu/libX11-xcb.so.1.0.0
7f6637018000-7f6637019000 r--p 00002000 08:02 8920288                    /usr/lib/x86_64-linux-gnu/libX11-xcb.so.1.0.0
7f6637019000-7f663701a000 rw-p 00003000 08:02 8920288                    /usr/lib/x86_64-linux-gnu/libX11-xcb.so.1.0.0
7f663701a000-7f663701f000 r--p 00000000 08:02 8919164                    /usr/lib/x86_64-linux-gnu/libdrm.so.2.4.0
7f663701f000-7f663702a000 r-xp 00005000 08:02 8919164                    /usr/lib/x86_64-linux-gnu/libdrm.so.2.4.0
7f663702a000-7f663702e000 r--p 00010000 08:02 8919164                    /usr/lib/x86_64-linux-gnu/libdrm.so.2.4.0
7f663702e000-7f663702f000 r--p 00013000 08:02 8919164                    /usr/lib/x86_64-linux-gnu/libdrm.so.2.4.0
7f663702f000-7f6637030000 rw-p 00014000 08:02 8919164                    /usr/lib/x86_64-linux-gnu/libdrm.so.2.4.0
7f6637030000-7f663703d000 r--p 00000000 08:02 8919005                    /usr/lib/x86_64-linux-gnu/libglapi.so.0.0.0
7f663703d000-7f663704b000 r-xp 0000d000 08:02 8919005                    /usr/lib/x86_64-linux-gnu/libglapi.so.0.0.0
7f663704b000-7f6637064000 r--p 0001b000 08:02 8919005                    /usr/lib/x86_64-linux-gnu/libglapi.so.0.0.0
7f6637064000-7f6637065000 ---p 00034000 08:02 8919005                    /usr/lib/x86_64-linux-gnu/libglapi.so.0.0.0
7f6637065000-7f6637069000 r--p 00034000 08:02 8919005                    /usr/lib/x86_64-linux-gnu/libglapi.so.0.0.0
7f6637069000-7f663706a000 rw-p 00038000 08:02 8919005                    /usr/lib/x86_64-linux-gnu/libglapi.so.0.0.0
7f663706a000-7f663706b000 rw-p 00000000 00:00 0 
7f663706b000-7f6637084000 r--p 00000000 08:02 8919003                    /usr/lib/x86_64-linux-gnu/libGLX_mesa.so.0.0.0
7f6637084000-7f66370c8000 r-xp 00019000 08:02 8919003                    /usr/lib/x86_64-linux-gnu/libGLX_mesa.so.0.0.0
7f66370c8000-7f66370df000 r--p 0005d000 08:02 8919003                    /usr/lib/x86_64-linux-gnu/libGLX_mesa.so.0.0.0
7f66370df000-7f66370e2000 r--p 00073000 08:02 8919003                    /usr/lib/x86_64-linux-gnu/libGLX_mesa.so.0.0.0
7f66370e2000-7f66370e3000 rw-p 00076000 08:02 8919003                    /usr/lib/x86_64-linux-gnu/libGLX_mesa.so.0.0.0
7f66370e3000-7f66370e4000 rw-p 00000000 00:00 0 
7f66370e4000-7f6637920000 r--p 00000000 08:02 8913049                    /usr/lib/locale/locale-archive
7f6637920000-7f6637921000 r--p 00000000 08:02 8920343                    /usr/lib/x86_64-linux-gnu/libXxf86vm.so.1.0.0
7f6637921000-7f6637924000 r-xp 00001000 08:02 8920343                    /usr/lib/x86_64-linux-gnu/libXxf86vm.so.1.0.0
7f6637924000-7f6637925000 r--p 00004000 08:02 8920343                    /usr/lib/x86_64-linux-gnu/libXxf86vm.so.1.0.0
7f6637925000-7f6637926000 r--p 00004000 08:02 8920343                    /usr/lib/x86_64-linux-gnu/libXxf86vm.so.1.0.0
7f6637926000-7f6637927000 rw-p 00005000 08:02 8920343                    /usr/lib/x86_64-linux-gnu/libXxf86vm.so.1.0.0
7f6637927000-7f6637928000 r--p 00000000 08:02 8920329                    /usr/lib/x86_64-linux-gnu/libXss.so.1.0.0
7f6637928000-7f6637929000 r-xp 00001000 08:02 8920329                    /usr/lib/x86_64-linux-gnu/libXss.so.1.0.0
7f6637929000-7f663792a000 r--p 00002000 08:02 8920329                    /usr/lib/x86_64-linux-gnu/libXss.so.1.0.0
7f663792a000-7f663792b000 r--p 00002000 08:02 8920329                    /usr/lib/x86_64-linux-gnu/libXss.so.1.0.0
7f663792b000-7f663792c000 rw-p 00003000 08:02 8920329                    /usr/lib/x86_64-linux-gnu/libXss.so.1.0.0
7f663792c000-7f663792e000 r--p 00000000 08:02 8920325                    /usr/lib/x86_64-linux-gnu/libXrandr.so.2.2.0
7f663792e000-7f6637935000 r-xp 00002000 08:02 8920325                    /usr/lib/x86_64-linux-gnu/libXrandr.so.2.2.0
7f6637935000-7f6637937000 r--p 00009000 08:02 8920325                    /usr/lib/x86_64-linux-gnu/libXrandr.so.2.2.0
7f6637937000-7f6637938000 r--p 0000a000 08:02 8920325                    /usr/lib/x86_64-linux-gnu/libXrandr.so.2.2.0
7f6637938000-7f6637939000 rw-p 0000b000 08:02 8920325                    /usr/lib/x86_64-linux-gnu/libXrandr.so.2.2.0
7f6637939000-7f663793b000 r--p 00000000 08:02 8920315                    /usr/lib/x86_64-linux-gnu/libXi.so.6.1.0
7f663793b000-7f6637946000 r-xp 00002000 08:02 8920315                    /usr/lib/x86_64-linux-gnu/libXi.so.6.1.0
7f6637946000-7f6637949000 r--p 0000d000 08:02 8920315                    /usr/lib/x86_64-linux-gnu/libXi.so.6.1.0
7f6637949000-7f663794a000 r--p 0000f000 08:02 8920315                    /usr/lib/x86_64-linux-gnu/libXi.so.6.1.0
7f663794a000-7f663794b000 rw-p 00010000 08:02 8920315                    /usr/lib/x86_64-linux-gnu/libXi.so.6.1.0
7f663794b000-7f663794c000 r--p 00000000 08:02 8920317                    /usr/lib/x86_64-linux-gnu/libXinerama.so.1.0.0
7f663794c000-7f663794d000 r-xp 00001000 08:02 8920317                    /usr/lib/x86_64-linux-gnu/libXinerama.so.1.0.0
7f663794d000-7f663794e000 r--p 00002000 08:02 8920317                    /usr/lib/x86_64-linux-gnu/libXinerama.so.1.0.0
7f663794e000-7f663794f000 r--p 00002000 08:02 8920317                    /usr/lib/x86_64-linux-gnu/libXinerama.so.1.0.0
7f663794f000-7f6637950000 rw-p 00003000 08:02 8920317                    /usr/lib/x86_64-linux-gnu/libXinerama.so.1.0.0
7f6637950000-7f6637952000 r--p 00000000 08:02 8920309                    /usr/lib/x86_64-linux-gnu/libXfixes.so.3.1.0
7f6637952000-7f6637955000 r-xp 00002000 08:02 8920309                    /usr/lib/x86_64-linux-gnu/libXfixes.so.3.1.0
7f6637955000-7f6637956000 r--p 00005000 08:02 8920309                    /usr/lib/x86_64-linux-gnu/libXfixes.so.3.1.0
7f6637956000-7f6637957000 r--p 00005000 08:02 8920309                    /usr/lib/x86_64-linux-gnu/libXfixes.so.3.1.0
7f6637957000-7f6637958000 rw-p 00006000 08:02 8920309                    /usr/lib/x86_64-linux-gnu/libXfixes.so.3.1.0
7f6637958000-7f6637961000 r-xp 00000000 08:02 8920327                    /usr/lib/x86_64-linux-gnu/libXrender.so.1.3.0
7f6637961000-7f6637b60000 ---p 00009000 08:02 8920327                    /usr/lib/x86_64-linux-gnu/libXrender.so.1.3.0
7f6637b60000-7f6637b61000 r--p 00008000 08:02 8920327                    /usr/lib/x86_64-linux-gnu/libXrender.so.1.3.0
7f6637b61000-7f6637b62000 rw-p 00009000 08:02 8920327                    /usr/lib/x86_64-linux-gnu/libXrender.so.1.3.0
7f6637b62000-7f6637b65000 r--p 00000000 08:02 8920301                    /usr/lib/x86_64-linux-gnu/libXcursor.so.1.0.2
7f6637b65000-7f6637b6b000 r-xp 00003000 08:02 8920301                    /usr/lib/x86_64-linux-gnu/libXcursor.so.1.0.2
7f6637b6b000-7f6637b6d000 r--p 00009000 08:02 8920301                    /usr/lib/x86_64-linux-gnu/libXcursor.so.1.0.2
7f6637b6d000-7f6637b6e000 r--p 0000a000 08:02 8920301                    /usr/lib/x86_64-linux-gnu/libXcursor.so.1.0.2
7f6637b6e000-7f6637b6f000 rw-p 0000b000 08:02 8920301                    /usr/lib/x86_64-linux-gnu/libXcursor.so.1.0.2
7f6637b6f000-7f6637b73000 r--p 00000000 08:02 8920307                    /usr/lib/x86_64-linux-gnu/libXext.so.6.4.0
7f6637b73000-7f6637b7e000 r-xp 00004000 08:02 8920307                    /usr/lib/x86_64-linux-gnu/libXext.so.6.4.0
7f6637b7e000-7f6637b82000 r--p 0000f000 08:02 8920307                    /usr/lib/x86_64-linux-gnu/libXext.so.6.4.0
7f6637b82000-7f6637b83000 r--p 00012000 08:02 8920307                    /usr/lib/x86_64-linux-gnu/libXext.so.6.4.0
7f6637b83000-7f6637b84000 rw-p 00013000 08:02 8920307                    /usr/lib/x86_64-linux-gnu/libXext.so.6.4.0
7f6637b84000-7f6637b85000 ---p 00000000 00:00 0 
7f6637b85000-7f6638385000 rw-p 00000000 00:00 0 
7f6638385000-7f6638386000 ---p 00000000 00:00 0 
7f6638386000-7f6638b8c000 rw-p 00000000 00:00 0 
7f6638b8c000-7f6638b90000 r--p 00000000 08:02 8920463                    /usr/lib/x86_64-linux-gnu/libbsd.so.0.10.0
7f6638b90000-7f6638b9f000 r-xp 00004000 08:02 8920463                    /usr/lib/x86_64-linux-gnu/libbsd.so.0.10.0
7f6638b9f000-7f6638ba2000 r--p 00013000 08:02 8920463                    /usr/lib/x86_64-linux-gnu/libbsd.so.0.10.0
7f6638ba2000-7f6638ba3000 ---p 00016000 08:02 8920463                    /usr/lib/x86_64-linux-gnu/libbsd.so.0.10.0
7f6638ba3000-7f6638ba4000 r--p 00016000 08:02 8920463                    /usr/lib/x86_64-linux-gnu/libbsd.so.0.10.0
7f6638ba4000-7f6638ba5000 rw-p 00017000 08:02 8920463                    /usr/lib/x86_64-linux-gnu/libbsd.so.0.10.0
7f6638ba5000-7f6638ba6000 rw-p 00000000 00:00 0 
7f6638ba6000-7f6638ba8000 r--p 00000000 08:02 8920305                    /usr/lib/x86_64-linux-gnu/libXdmcp.so.6.0.0
7f6638ba8000-7f6638baa000 r-xp 00002000 08:02 8920305                    /usr/lib/x86_64-linux-gnu/libXdmcp.so.6.0.0
7f6638baa000-7f6638bac000 r--p 00004000 08:02 8920305                    /usr/lib/x86_64-linux-gnu/libXdmcp.so.6.0.0
7f6638bac000-7f6638bad000 r--p 00005000 08:02 8920305                    /usr/lib/x86_64-linux-gnu/libXdmcp.so.6.0.0
7f6638bad000-7f6638bae000 rw-p 00006000 08:02 8920305                    /usr/lib/x86_64-linux-gnu/libXdmcp.so.6.0.0
7f6638bae000-7f6638baf000 r--p 00000000 08:02 8920294                    /usr/lib/x86_64-linux-gnu/libXau.so.6.0.0
7f6638baf000-7f6638bb1000 r-xp 00001000 08:02 8920294                    /usr/lib/x86_64-linux-gnu/libXau.so.6.0.0
7f6638bb1000-7f6638bb2000 r--p 00003000 08:02 8920294                    /usr/lib/x86_64-linux-gnu/libXau.so.6.0.0
7f6638bb2000-7f6638bb3000 r--p 00003000 08:02 8920294                    /usr/lib/x86_64-linux-gnu/libXau.so.6.0.0
7f6638bb3000-7f6638bb4000 rw-p 00004000 08:02 8920294                    /usr/lib/x86_64-linux-gnu/libXau.so.6.0.0
7f6638bb4000-7f6638bbf000 r--p 00000000 08:02 8921796                    /usr/lib/x86_64-linux-gnu/libxcb.so.1.1.0
7f6638bbf000-7f6638bd3000 r-xp 0000b000 08:02 8921796                    /usr/lib/x86_64-linux-gnu/libxcb.so.1.1.0
7f6638bd3000-7f6638bdc000 r--p 0001f000 08:02 8921796                    /usr/lib/x86_64-linux-gnu/libxcb.so.1.1.0
7f6638bdc000-7f6638bdd000 r--p 00027000 08:02 8921796                    /usr/lib/x86_64-linux-gnu/libxcb.so.1.1.0
7f6638bdd000-7f6638bde000 rw-p 00028000 08:02 8921796                    /usr/lib/x86_64-linux-gnu/libxcb.so.1.1.0
7f6638bde000-7f6638bf6000 r--p 00000000 08:02 8920290                    /usr/lib/x86_64-linux-gnu/libX11.so.6.3.0
7f6638bf6000-7f6638c81000 r-xp 00018000 08:02 8920290                    /usr/lib/x86_64-linux-gnu/libX11.so.6.3.0
7f6638c81000-7f6638d15000 r--p 000a3000 08:02 8920290                    /usr/lib/x86_64-linux-gnu/libX11.so.6.3.0
7f6638d15000-7f6638d16000 ---p 00137000 08:02 8920290                    /usr/lib/x86_64-linux-gnu/libX11.so.6.3.0
7f6638d16000-7f6638d17000 r--p 00137000 08:02 8920290                    /usr/lib/x86_64-linux-gnu/libX11.so.6.3.0
7f6638d17000-7f6638d1b000 rw-p 00138000 08:02 8920290                    /usr/lib/x86_64-linux-gnu/libX11.so.6.3.0
7f6638d1b000-7f6638d1d000 rw-p 00000000 00:00 0 
7f6638d1d000-7f6638d20000 r--p 00000000 08:02 8915341                    /usr/lib/x86_64-linux-gnu/libGLX.so.0.0.0
7f6638d20000-7f6638d3b000 r-xp 00003000 08:02 8915341                    /usr/lib/x86_64-linux-gnu/libGLX.so.0.0.0
7f6638d3b000-7f6638d3f000 r--p 0001e000 08:02 8915341                    /usr/lib/x86_64-linux-gnu/libGLX.so.0.0.0
7f6638d3f000-7f6638d40000 r--p 00021000 08:02 8915341                    /usr/lib/x86_64-linux-gnu/libGLX.so.0.0.0
7f6638d40000-7f6638d41000 rw-p 00022000 08:02 8915341                    /usr/lib/x86_64-linux-gnu/libGLX.so.0.0.0
7f6638d41000-7f6638d51000 rw-p 00000000 00:00 0 
7f6638d51000-7f6638d91000 r--p 00000000 08:02 8920253                    /usr/lib/x86_64-linux-gnu/libGLdispatch.so.0.0.0
7f6638d91000-7f6638dd0000 r-xp 00040000 08:02 8920253                    /usr/lib/x86_64-linux-gnu/libGLdispatch.so.0.0.0
7f6638dd0000-7f6638de4000 r--p 0007f000 08:02 8920253                    /usr/lib/x86_64-linux-gnu/libGLdispatch.so.0.0.0
7f6638de4000-7f6638e00000 r--p 00092000 08:02 8920253                    /usr/lib/x86_64-linux-gnu/libGLdispatch.so.0.0.0
7f6638e00000-7f6638e01000 rw-p 000ae000 08:02 8920253                    /usr/lib/x86_64-linux-gnu/libGLdispatch.so.0.0.0
7f6638e01000-7f6638e09000 rw-p 00000000 00:00 0 
7f6638e09000-7f6638e0b000 r--p 00000000 08:02 8914197                    /usr/lib/x86_64-linux-gnu/librt-2.31.so
7f6638e0b000-7f6638e0f000 r-xp 00002000 08:02 8914197                    /usr/lib/x86_64-linux-gnu/librt-2.31.so
7f6638e0f000-7f6638e11000 r--p 00006000 08:02 8914197                    /usr/lib/x86_64-linux-gnu/librt-2.31.so
7f6638e11000-7f6638e12000 r--p 00007000 08:02 8914197                    /usr/lib/x86_64-linux-gnu/librt-2.31.so
7f6638e12000-7f6638e13000 rw-p 00008000 08:02 8914197                    /usr/lib/x86_64-linux-gnu/librt-2.31.so
7f6638e13000-7f6638e14000 r--p 00000000 08:02 8913979                    /usr/lib/x86_64-linux-gnu/libdl-2.31.so
7f6638e14000-7f6638e16000 r-xp 00001000 08:02 8913979                    /usr/lib/x86_64-linux-gnu/libdl-2.31.so
7f6638e16000-7f6638e17000 r--p 00003000 08:02 8913979                    /usr/lib/x86_64-linux-gnu/libdl-2.31.so
7f6638e17000-7f6638e18000 r--p 00003000 08:02 8913979                    /usr/lib/x86_64-linux-gnu/libdl-2.31.so
7f6638e18000-7f6638e19000 rw-p 00004000 08:02 8913979                    /usr/lib/x86_64-linux-gnu/libdl-2.31.so
7f6638e19000-7f6638e5c000 r--p 00000000 08:02 8915339                    /usr/lib/x86_64-linux-gnu/libGL.so.1.7.0
7f6638e5c000-7f6638e7c000 r-xp 00043000 08:02 8915339                    /usr/lib/x86_64-linux-gnu/libGL.so.1.7.0
7f6638e7c000-7f6638e91000 r--p 00063000 08:02 8915339                    /usr/lib/x86_64-linux-gnu/libGL.so.1.7.0
7f6638e91000-7f6638e9f000 r--p 00077000 08:02 8915339                    /usr/lib/x86_64-linux-gnu/libGL.so.1.7.0
7f6638e9f000-7f6638ea0000 rw-p 00085000 08:02 8915339                    /usr/lib/x86_64-linux-gnu/libGL.so.1.7.0
7f6638ea0000-7f6638ea1000 rw-p 00000000 00:00 0 
7f6638ea1000-7f6638ec3000 r--p 00000000 08:02 8913928                    /usr/lib/x86_64-linux-gnu/libc-2.31.so
7f6638ec3000-7f663903b000 r-xp 00022000 08:02 8913928                    /usr/lib/x86_64-linux-gnu/libc-2.31.so
7f663903b000-7f6639089000 r--p 0019a000 08:02 8913928                    /usr/lib/x86_64-linux-gnu/libc-2.31.so
7f6639089000-7f663908d000 r--p 001e7000 08:02 8913928                    /usr/lib/x86_64-linux-gnu/libc-2.31.so
7f663908d000-7f663908f000 rw-p 001eb000 08:02 8913928                    /usr/lib/x86_64-linux-gnu/libc-2.31.so
7f663908f000-7f6639095000 rw-p 00000000 00:00 0 
7f6639095000-7f663909b000 r--p 00000000 08:02 8914147                    /usr/lib/x86_64-linux-gnu/libpthread-2.31.so
7f663909b000-7f66390ac000 r-xp 00006000 08:02 8914147                    /usr/lib/x86_64-linux-gnu/libpthread-2.31.so
7f66390ac000-7f66390b2000 r--p 00017000 08:02 8914147                    /usr/lib/x86_64-linux-gnu/libpthread-2.31.so
7f66390b2000-7f66390b3000 r--p 0001c000 08:02 8914147                    /usr/lib/x86_64-linux-gnu/libpthread-2.31.so
7f66390b3000-7f66390b4000 rw-p 0001d000 08:02 8914147                    /usr/lib/x86_64-linux-gnu/libpthread-2.31.so
7f66390b4000-7f66390b8000 rw-p 00000000 00:00 0 
7f66390b8000-7f66390bb000 r--p 00000000 08:02 8920760                    /usr/lib/x86_64-linux-gnu/libgcc_s.so.1
7f66390bb000-7f66390cd000 r-xp 00003000 08:02 8920760                    /usr/lib/x86_64-linux-gnu/libgcc_s.so.1
7f66390cd000-7f66390d1000 r--p 00015000 08:02 8920760                    /usr/lib/x86_64-linux-gnu/libgcc_s.so.1
7f66390d1000-7f66390d2000 r--p 00018000 08:02 8920760                    /usr/lib/x86_64-linux-gnu/libgcc_s.so.1
7f66390d2000-7f66390d3000 rw-p 00019000 08:02 8920760                    /usr/lib/x86_64-linux-gnu/libgcc_s.so.1
7f66390d3000-7f66390e0000 r--p 00000000 08:02 8913984                    /usr/lib/x86_64-linux-gnu/libm-2.31.so
7f66390e0000-7f6639187000 r-xp 0000d000 08:02 8913984                    /usr/lib/x86_64-linux-gnu/libm-2.31.so
7f6639187000-7f6639220000 r--p 000b4000 08:02 8913984                    /usr/lib/x86_64-linux-gnu/libm-2.31.so
7f6639220000-7f6639221000 r--p 0014c000 08:02 8913984                    /usr/lib/x86_64-linux-gnu/libm-2.31.so
7f6639221000-7f6639222000 rw-p 0014d000 08:02 8913984                    /usr/lib/x86_64-linux-gnu/libm-2.31.so
7f6639225000-7f6639230000 rw-p 00000000 00:00 0 
7f6639230000-7f6639235000 r--p 00000000 08:02 8914086                    /usr/lib/x86_64-linux-gnu/libudev.so.1.6.17
7f6639235000-7f6639251000 r-xp 00005000 08:02 8914086                    /usr/lib/x86_64-linux-gnu/libudev.so.1.6.17
7f6639251000-7f663925b000 r--p 00021000 08:02 8914086                    /usr/lib/x86_64-linux-gnu/libudev.so.1.6.17
7f663925b000-7f663925c000 r--p 0002a000 08:02 8914086                    /usr/lib/x86_64-linux-gnu/libudev.so.1.6.17
7f663925c000-7f663925d000 rw-p 0002b000 08:02 8914086                    /usr/lib/x86_64-linux-gnu/libudev.so.1.6.17
7f663925d000-7f6639264000 r--s 00000000 08:02 9579809                    /usr/lib/x86_64-linux-gnu/gconv/gconv-modules.cache
7f6639264000-7f6639265000 rwxp 00000000 00:00 0 
7f6639265000-7f6639266000 rw-s 00000000 00:1a 27662                      /dev/shm/mono.40154
7f6639266000-7f6639e9e000 r--p 00000000 08:02 1859294                    /home/andrei/Duaro_ws/Unity_env/exe-env/env8/UnityPlayer.so
7f6639e9e000-7f663befe000 r-xp 00c38000 08:02 1859294                    /home/andrei/Duaro_ws/Unity_env/exe-env/env8/UnityPlayer.so
7f663befe000-7f663c022000 r--p 02c98000 08:02 1859294                    /home/andrei/Duaro_ws/Unity_env/exe-env/env8/UnityPlayer.so
7f663c022000-7f663c066000 rw-p 02dbc000 08:02 1859294                    /home/andrei/Duaro_ws/Unity_env/exe-env/env8/UnityPlayer.so
7f663c066000-7f663c1ce000 rw-p 00000000 00:00 0 
7f663c1ce000-7f663c221000 r--p 00000000 08:02 8923676                    /usr/lib/x86_64-linux-gnu/libGLEW.so.2.1.0
7f663c221000-7f663c24f000 r-xp 00053000 08:02 8923676                    /usr/lib/x86_64-linux-gnu/libGLEW.so.2.1.0
7f663c24f000-7f663c267000 r--p 00081000 08:02 8923676                    /usr/lib/x86_64-linux-gnu/libGLEW.so.2.1.0
7f663c267000-7f663c272000 r--p 00098000 08:02 8923676                    /usr/lib/x86_64-linux-gnu/libGLEW.so.2.1.0
7f663c272000-7f663c273000 rw-p 000a3000 08:02 8923676                    /usr/lib/x86_64-linux-gnu/libGLEW.so.2.1.0
7f663c273000-7f663c27a000 rw-p 00000000 00:00 0 
7f663c27a000-7f663c27b000 r--p 00000000 08:02 8913556                    /usr/lib/x86_64-linux-gnu/ld-2.31.so
7f663c27b000-7f663c29e000 r-xp 00001000 08:02 8913556                    /usr/lib/x86_64-linux-gnu/ld-2.31.so
7f663c29e000-7f663c2a6000 r--p 00024000 08:02 8913556                    /usr/lib/x86_64-linux-gnu/ld-2.31.so
7f663c2a6000-7f663c2a7000 rw-s 13c1f1000 00:05 707                       /dev/dri/renderD128
7f663c2a7000-7f663c2a8000 r--p 0002c000 08:02 8913556                    /usr/lib/x86_64-linux-gnu/ld-2.31.so
7f663c2a8000-7f663c2a9000 rw-p 0002d000 08:02 8913556                    /usr/lib/x86_64-linux-gnu/ld-2.31.so
7f663c2a9000-7f663c2aa000 rw-p 00000000 00:00 0 
7ffefe234000-7ffefe23c000 ---p 00000000 00:00 0 
7ffefea11000-7ffefea33000 rw-p 00000000 00:00 0                          [stack]
7ffefea38000-7ffefea3c000 r--p 00000000 00:00 0                          [vvar]
7ffefea3c000-7ffefea3e000 r-xp 00000000 00:00 0                          [vdso]
ffffffffff600000-ffffffffff601000 --xp 00000000 00:00 0                  [vsyscall]

Native stacktrace:

	/home/andrei/Duaro_ws/Unity_env/exe-env/env8/env8_Data/MonoBleedingEdge/x86_64/libmonobdwgc-2.0.so(+0xd8194) [0x7f654a756194]
	/home/andrei/Duaro_ws/Unity_env/exe-env/env8/env8_Data/MonoBleedingEdge/x86_64/libmonobdwgc-2.0.so(+0x5bf37) [0x7f654a6d9f37]
	/lib/x86_64-linux-gnu/libpthread.so.0(+0x143c0) [0x7f66390a93c0]
	/home/andrei/Duaro_ws/Unity_env/exe-env/env8/UnityPlayer.so(+0x19a87a8) [0x7f663ac0e7a8]
	/home/andrei/Duaro_ws/Unity_env/exe-env/env8/UnityPlayer.so(+0x12e18c7) [0x7f663a5478c7]
	/home/andrei/Duaro_ws/Unity_env/exe-env/env8/UnityPlayer.so(+0x12e243d) [0x7f663a54843d]
	/home/andrei/Duaro_ws/Unity_env/exe-env/env8/UnityPlayer.so(+0x12d2def) [0x7f663a538def]
	/home/andrei/Duaro_ws/Unity_env/exe-env/env8/UnityPlayer.so(+0x12d158e) [0x7f663a53758e]
	/home/andrei/Duaro_ws/Unity_env/exe-env/env8/UnityPlayer.so(+0x12f87c7) [0x7f663a55e7c7]
	/home/andrei/Duaro_ws/Unity_env/exe-env/env8/UnityPlayer.so(+0x1d33947) [0x7f663af99947]
	/home/andrei/Duaro_ws/Unity_env/exe-env/env8/UnityPlayer.so(+0x1d33887) [0x7f663af99887]
	/home/andrei/Duaro_ws/Unity_env/exe-env/env8/UnityPlayer.so(+0x28a0604) [0x7f663bb06604]
	/lib/x86_64-linux-gnu/libpthread.so.0(+0x8609) [0x7f663909d609]
	/lib/x86_64-linux-gnu/libc.so.6(clone+0x43) [0x7f6638fc0163]

Debug info from gdb:

Caught fatal signal - signo:11 code:1 errno:0 addr:0x24
Obtained 20 stack frames.
#0  0x007f66390a93c0 in funlockfile
#1  0x007f663ac0e7a8 in AtomicStack::Pop()
#2  0x007f663a5478c7 in BucketAllocator::Allocate(unsigned long, int)
#3  0x007f663a54843d in DualThreadAllocator<DynamicHeapAllocator>::Allocate(unsigned long, int)
#4  0x007f663a538def in MemoryManager::Allocate(unsigned long, unsigned long, MemLabelId const&, AllocateOptions, char const*, int)
#5  0x007f663a533961 in malloc_internal(unsigned long, unsigned long, MemLabelId const&, AllocateOptions, char const*, int)
#6  0x007f6639edf24b in core::StringStorageDefault<char>::reallocate(unsigned long)
#7  0x007f6639eea646 in void StreamedBinaryRead::TransferSTLStyleArray<core::basic_string<char, core::StringStorageDefault<char> > >(core::basic_string<char, core::StringStorageDefault<char> >&, TransferMetaFlags)
#8  0x007f663aaf7f0b in void StreamedBinaryRead::TransferSTLStyleMap<std::map<PPtr<Shader>, core::basic_string<char, core::StringStorageDefault<char> >, std::less<PPtr<Shader> >, std::allocator<std::pair<PPtr<Shader> const, core::basic_string<char, core::StringStorageDefault<char> > > > > >(std::map<PPtr<Shader>, core::basic_string<char, core::StringStorageDefault<char> >, std::less<PPtr<Shader> >, std::allocator<std::pair<PPtr<Shader> const, core::basic_string<char, core::StringStorageDefault<char> > > > >&, TransferMetaFlags)
#9  0x007f663aaebd16 in ScriptMapper::VirtualRedirectTransfer(StreamedBinaryRead&)
#10 0x007f663adab646 in SerializedFile::ReadObject(long, ObjectCreationMode, bool, TypeTree const**, bool*, Object&)
#11 0x007f663ad967ee in PersistentManager::ReadAndActivateObjectThreaded(int, SerializedObjectIdentifier const&, SerializedFile*, bool, bool, PersistentManager::LockFlags)
#12 0x007f663ad95db5 in PersistentManager::ReadObjectThreaded(int, PersistentManager::LockFlags)
#13 0x007f663ad95c60 in PersistentManager::ReadObject(int, AwakeFromLoadMode)
#14 0x007f663a5878b9 in LoadManager(core::basic_string<char, core::StringStorageDefault<char> > const&, int)
#15 0x007f663a587997 in PlayerLoadGlobalManagers(char const*, char const*, unsigned int)
#16 0x007f663aa71039 in PlayerInitEngineGraphics(bool)
#17 0x007f663adcb8a3 in PlayerMain(int, char**)
#18 0x007f6638ec50b3 in __libc_start_main
#19 0x00000000201029 in _start
/tmp/mono-gdb-commands.Q1k22A:1: Error in sourced command file:
Unable to attach: program terminated with signal SIGSEGV, Segmentation fault.
