Mono path[0] = '/home/andrei/Duaro_ws/Unity_env/exe-env/env8/env8_Data/Managed'
Mono config path = '/home/andrei/Duaro_ws/Unity_env/exe-env/env8/env8_Data/MonoBleedingEdge/etc'
PlayerConnection initialized from /home/andrei/Duaro_ws/Unity_env/exe-env/env8/env8_Data (debug = 0)
PlayerConnection initialized network socket : 0.0.0.0 55397
Multi-casting "[IP] 172.26.51.175 [Port] 55397 [Flags] 2 [Guid] 521159990 [EditorId] 4113913451 [Version] 1048832 [Id] LinuxPlayer(172.26.51.175) [Debug] 0 [PackageName] LinuxPlayer [ProjectName] Duaro" to [225.0.0.222:54997]...
Started listening to [0.0.0.0:55397]
Preloaded 'lib_burst_generated.so'
Preloaded 'libassimp.so'
Preloaded 'libgrpc_csharp_ext.x64.so'
Preloaded 'liblibvhacd.so'
PlayerConnection already initialized - listening to [0.0.0.0:55397]
Initialize engine version: 2020.3.29f1 (2ff179115da0)
[Subsystems] Discovering subsystems at path /home/andrei/Duaro_ws/Unity_env/exe-env/env8/env8_Data/UnitySubsystems
Forcing GfxDevice: Null
GfxDevice: creating device client; threaded=0
NullGfxDevice:
    Version:  NULL 1.0 [1.0]
    Renderer: Null Device
    Vendor:   Unity Technologies
ALSA lib pcm_dmix.c:1089:(snd_pcm_dmix_open) unable to open slave
FMOD failed to initialize the output device.: "Error initializing output device. " (60)
Forced to initialize FMOD to to the device driver's system output rate 48000, this may impact performance and/or give inconsistent experiences compared to selected sample rate 48000
ALSA lib pcm_dmix.c:1089:(snd_pcm_dmix_open) unable to open slave
FMOD failed to initialize the output device.: "Error initializing output device. " (60)
FMOD initialized on nosound output
Caught fatal signal - signo:11 code:1 errno:0 addr:0x28
/proc/self/maps:
00200000-00201000 r--p 00000000 08:02 1859291                            /home/andrei/Duaro_ws/Unity_env/exe-env/env8/env8.x86_64
00201000-00202000 r-xp 00001000 08:02 1859291                            /home/andrei/Duaro_ws/Unity_env/exe-env/env8/env8.x86_64
00202000-00203000 r--p 00002000 08:02 1859291                            /home/andrei/Duaro_ws/Unity_env/exe-env/env8/env8.x86_64
00203000-00204000 rw-p 00003000 08:02 1859291                            /home/andrei/Duaro_ws/Unity_env/exe-env/env8/env8.x86_64
01b1b000-01f4c000 rw-p 00000000 00:00 0                                  [heap]
40a92000-40aa2000 rwxp 00000000 00:00 0 
41c27000-41c37000 rwxp 00000000 00:00 0 
7f6d30000000-7f6d31000000 rw-p 00000000 00:00 0 
7f6d31000000-7f6d40000000 ---p 00000000 00:00 0 
7f6d48000000-7f6d48021000 rw-p 00000000 00:00 0 
7f6d48021000-7f6d4c000000 ---p 00000000 00:00 0 
7f6d4cfea000-7f6d4cfeb000 ---p 00000000 00:00 0 
7f6d4cfeb000-7f6d4d7eb000 rw-p 00000000 00:00 0 
7f6d4d7eb000-7f6d4d7ec000 ---p 00000000 00:00 0 
7f6d4d7ec000-7f6d4dfec000 rw-p 00000000 00:00 0 
7f6d4dfec000-7f6d4dfed000 ---p 00000000 00:00 0 
7f6d4dfed000-7f6d4e7ed000 rw-p 00000000 00:00 0 
7f6d4e7ed000-7f6d4e7ee000 ---p 00000000 00:00 0 
7f6d4e7ee000-7f6d4efee000 rw-p 00000000 00:00 0 
7f6d4efee000-7f6d4efef000 ---p 00000000 00:00 0 
7f6d4efef000-7f6d4f7ef000 rw-p 00000000 00:00 0 
7f6d4f7ef000-7f6d4f7f0000 ---p 00000000 00:00 0 
7f6d4f7f0000-7f6d4fff0000 rw-p 00000000 00:00 0 
7f6d4fff0000-7f6d4fff1000 ---p 00000000 00:00 0 
7f6d4fff1000-7f6d507f1000 rw-p 00000000 00:00 0 
7f6d507f1000-7f6d507f2000 ---p 00000000 00:00 0 
7f6d507f2000-7f6d50ff2000 rw-p 00000000 00:00 0 
7f6d50ff2000-7f6d50ff3000 ---p 00000000 00:00 0 
7f6d50ff3000-7f6d517f3000 rw-p 00000000 00:00 0 
7f6d517f3000-7f6d517f4000 ---p 00000000 00:00 0 
7f6d517f4000-7f6d51ff4000 rw-p 00000000 00:00 0 
7f6d51ff4000-7f6d51ff5000 ---p 00000000 00:00 0 
7f6d51ff5000-7f6d527f5000 rw-p 00000000 00:00 0 
7f6d527f5000-7f6d527f6000 ---p 00000000 00:00 0 
7f6d527f6000-7f6d52ff6000 rw-p 00000000 00:00 0 
7f6d52ff6000-7f6d52ff7000 ---p 00000000 00:00 0 
7f6d52ff7000-7f6d537f7000 rw-p 00000000 00:00 0 
7f6d537f7000-7f6d537f8000 ---p 00000000 00:00 0 
7f6d537f8000-7f6d53ff8000 rw-p 00000000 00:00 0 
7f6d53ff8000-7f6d53ff9000 ---p 00000000 00:00 0 
7f6d53ff9000-7f6d547f9000 rw-p 00000000 00:00 0 
7f6d547f9000-7f6d547fa000 ---p 00000000 00:00 0 
7f6d547fa000-7f6d54ffa000 rw-p 00000000 00:00 0 
7f6d54ffa000-7f6d54ffb000 ---p 00000000 00:00 0 
7f6d54ffb000-7f6d557fb000 rw-p 00000000 00:00 0 
7f6d557fb000-7f6d557fc000 ---p 00000000 00:00 0 
7f6d557fc000-7f6d55ffc000 rw-p 00000000 00:00 0 
7f6d55ffc000-7f6d55ffd000 ---p 00000000 00:00 0 
7f6d55ffd000-7f6d567fd000 rw-p 00000000 00:00 0 
7f6d567fd000-7f6d567fe000 ---p 00000000 00:00 0 
7f6d567fe000-7f6d56ffe000 rw-p 00000000 00:00 0 
7f6d56ffe000-7f6d56fff000 ---p 00000000 00:00 0 
7f6d56fff000-7f6d577ff000 rw-p 00000000 00:00 0 
7f6d577ff000-7f6d57800000 ---p 00000000 00:00 0 
7f6d57800000-7f6d58000000 rw-p 00000000 00:00 0 
7f6d58000000-7f6d58021000 rw-p 00000000 00:00 0 
7f6d58021000-7f6d5c000000 ---p 00000000 00:00 0 
7f6d5c000000-7f6d5c021000 rw-p 00000000 00:00 0 
7f6d5c021000-7f6d60000000 ---p 00000000 00:00 0 
7f6d60000000-7f6d60021000 rw-p 00000000 00:00 0 
7f6d60021000-7f6d64000000 ---p 00000000 00:00 0 
7f6d64000000-7f6d64021000 rw-p 00000000 00:00 0 
7f6d64021000-7f6d68000000 ---p 00000000 00:00 0 
7f6d68000000-7f6d68021000 rw-p 00000000 00:00 0 
7f6d68021000-7f6d6c000000 ---p 00000000 00:00 0 
7f6d6c000000-7f6d6c021000 rw-p 00000000 00:00 0 
7f6d6c021000-7f6d70000000 ---p 00000000 00:00 0 
7f6d70000000-7f6d70021000 rw-p 00000000 00:00 0 
7f6d70021000-7f6d74000000 ---p 00000000 00:00 0 
7f6d74000000-7f6d74021000 rw-p 00000000 00:00 0 
7f6d74021000-7f6d78000000 ---p 00000000 00:00 0 
7f6d78000000-7f6d78021000 rw-p 00000000 00:00 0 
7f6d78021000-7f6d7c000000 ---p 00000000 00:00 0 
7f6d7c000000-7f6d7c021000 rw-p 00000000 00:00 0 
7f6d7c021000-7f6d80000000 ---p 00000000 00:00 0 
7f6d80000000-7f6d80021000 rw-p 00000000 00:00 0 
7f6d80021000-7f6d84000000 ---p 00000000 00:00 0 
7f6d84000000-7f6d84021000 rw-p 00000000 00:00 0 
7f6d84021000-7f6d88000000 ---p 00000000 00:00 0 
7f6d8822e000-7f6d8822f000 ---p 00000000 00:00 0 
7f6d8822f000-7f6d8832f000 rw-p 00000000 00:00 0 
7f6d8832f000-7f6d88359000 r--p 00000000 08:02 8915485                    /usr/lib/x86_64-linux-gnu/libasound.so.2.0.0
7f6d88359000-7f6d883e8000 r-xp 0002a000 08:02 8915485                    /usr/lib/x86_64-linux-gnu/libasound.so.2.0.0
7f6d883e8000-7f6d88422000 r--p 000b9000 08:02 8915485                    /usr/lib/x86_64-linux-gnu/libasound.so.2.0.0
7f6d88422000-7f6d88429000 r--p 000f2000 08:02 8915485                    /usr/lib/x86_64-linux-gnu/libasound.so.2.0.0
7f6d88429000-7f6d8842a000 rw-p 000f9000 08:02 8915485                    /usr/lib/x86_64-linux-gnu/libasound.so.2.0.0
7f6d8842a000-7f6d8843e000 r--p 00000000 08:02 8921695                    /usr/lib/x86_64-linux-gnu/libvorbisenc.so.2.0.11
7f6d8843e000-7f6d88441000 r-xp 00014000 08:02 8921695                    /usr/lib/x86_64-linux-gnu/libvorbisenc.so.2.0.11
7f6d88441000-7f6d884b8000 r--p 00017000 08:02 8921695                    /usr/lib/x86_64-linux-gnu/libvorbisenc.so.2.0.11
7f6d884b8000-7f6d884d4000 r--p 0008d000 08:02 8921695                    /usr/lib/x86_64-linux-gnu/libvorbisenc.so.2.0.11
7f6d884d4000-7f6d884d5000 rw-p 000a9000 08:02 8921695                    /usr/lib/x86_64-linux-gnu/libvorbisenc.so.2.0.11
7f6d884d5000-7f6d884e1000 r--p 00000000 08:02 8913669                    /usr/lib/x86_64-linux-gnu/libgcrypt.so.20.2.5
7f6d884e1000-7f6d885af000 r-xp 0000c000 08:02 8913669                    /usr/lib/x86_64-linux-gnu/libgcrypt.so.20.2.5
7f6d885af000-7f6d885ec000 r--p 000da000 08:02 8913669                    /usr/lib/x86_64-linux-gnu/libgcrypt.so.20.2.5
7f6d885ec000-7f6d885ee000 r--p 00116000 08:02 8913669                    /usr/lib/x86_64-linux-gnu/libgcrypt.so.20.2.5
7f6d885ee000-7f6d885f3000 rw-p 00118000 08:02 8913669                    /usr/lib/x86_64-linux-gnu/libgcrypt.so.20.2.5
7f6d885f3000-7f6d885f8000 r-xp 00000000 08:02 8920382                    /usr/lib/x86_64-linux-gnu/libasyncns.so.0.3.1
7f6d885f8000-7f6d887f7000 ---p 00005000 08:02 8920382                    /usr/lib/x86_64-linux-gnu/libasyncns.so.0.3.1
7f6d887f7000-7f6d887f8000 r--p 00004000 08:02 8920382                    /usr/lib/x86_64-linux-gnu/libasyncns.so.0.3.1
7f6d887f8000-7f6d887f9000 rw-p 00005000 08:02 8920382                    /usr/lib/x86_64-linux-gnu/libasyncns.so.0.3.1
7f6d887f9000-7f6d887fa000 ---p 00000000 00:00 0 
7f6d887fa000-7f6d88ffa000 rw-p 00000000 00:00 0 
7f6d88ffa000-7f6d88ffb000 ---p 00000000 00:00 0 
7f6d88ffb000-7f6d897fb000 rw-p 00000000 00:00 0 
7f6d897fb000-7f6d897fc000 ---p 00000000 00:00 0 
7f6d897fc000-7f6d89ffc000 rw-p 00000000 00:00 0 
7f6d89ffc000-7f6d89ffd000 ---p 00000000 00:00 0 
7f6d89ffd000-7f6d8a7fd000 rw-p 00000000 00:00 0 
7f6d8a7fd000-7f6d8a7fe000 ---p 00000000 00:00 0 
7f6d8a7fe000-7f6d8affe000 rw-p 00000000 00:00 0 
7f6d8affe000-7f6d8afff000 ---p 00000000 00:00 0 
7f6d8afff000-7f6d8b7ff000 rw-p 00000000 00:00 0 
7f6d8b7ff000-7f6d8b800000 ---p 00000000 00:00 0 
7f6d8b800000-7f6d8c000000 rw-p 00000000 00:00 0 
7f6d8c000000-7f6d8c038000 rw-p 00000000 00:00 0 
7f6d8c038000-7f6d90000000 ---p 00000000 00:00 0 
7f6d90000000-7f6d90021000 rw-p 00000000 00:00 0 
7f6d90021000-7f6d94000000 ---p 00000000 00:00 0 
7f6d9401d000-7f6d94021000 r--p 00000000 08:02 8920851                    /usr/lib/x86_64-linux-gnu/libgpg-error.so.0.28.0
7f6d94021000-7f6d94034000 r-xp 00004000 08:02 8920851                    /usr/lib/x86_64-linux-gnu/libgpg-error.so.0.28.0
7f6d94034000-7f6d9403e000 r--p 00017000 08:02 8920851                    /usr/lib/x86_64-linux-gnu/libgpg-error.so.0.28.0
7f6d9403e000-7f6d9403f000 r--p 00020000 08:02 8920851                    /usr/lib/x86_64-linux-gnu/libgpg-error.so.0.28.0
7f6d9403f000-7f6d94040000 rw-p 00021000 08:02 8920851                    /usr/lib/x86_64-linux-gnu/libgpg-error.so.0.28.0
7f6d94040000-7f6d94044000 r--p 00000000 08:02 8914186                    /usr/lib/x86_64-linux-gnu/libresolv-2.31.so
7f6d94044000-7f6d94054000 r-xp 00004000 08:02 8914186                    /usr/lib/x86_64-linux-gnu/libresolv-2.31.so
7f6d94054000-7f6d94058000 r--p 00014000 08:02 8914186                    /usr/lib/x86_64-linux-gnu/libresolv-2.31.so
7f6d94058000-7f6d94059000 r--p 00017000 08:02 8914186                    /usr/lib/x86_64-linux-gnu/libresolv-2.31.so
7f6d94059000-7f6d9405a000 rw-p 00018000 08:02 8914186                    /usr/lib/x86_64-linux-gnu/libresolv-2.31.so
7f6d9405a000-7f6d9405c000 rw-p 00000000 00:00 0 
7f6d9405c000-7f6d9405f000 r--p 00000000 08:02 8921693                    /usr/lib/x86_64-linux-gnu/libvorbis.so.0.4.8
7f6d9405f000-7f6d94076000 r-xp 00003000 08:02 8921693                    /usr/lib/x86_64-linux-gnu/libvorbis.so.0.4.8
7f6d94076000-7f6d94087000 r--p 0001a000 08:02 8921693                    /usr/lib/x86_64-linux-gnu/libvorbis.so.0.4.8
7f6d94087000-7f6d94088000 ---p 0002b000 08:02 8921693                    /usr/lib/x86_64-linux-gnu/libvorbis.so.0.4.8
7f6d94088000-7f6d94089000 r--p 0002b000 08:02 8921693                    /usr/lib/x86_64-linux-gnu/libvorbis.so.0.4.8
7f6d94089000-7f6d9408a000 rw-p 0002c000 08:02 8921693                    /usr/lib/x86_64-linux-gnu/libvorbis.so.0.4.8
7f6d9408a000-7f6d9408c000 r--p 00000000 08:02 8921271                    /usr/lib/x86_64-linux-gnu/libogg.so.0.8.4
7f6d9408c000-7f6d94091000 r-xp 00002000 08:02 8921271                    /usr/lib/x86_64-linux-gnu/libogg.so.0.8.4
7f6d94091000-7f6d94094000 r--p 00007000 08:02 8921271                    /usr/lib/x86_64-linux-gnu/libogg.so.0.8.4
7f6d94094000-7f6d94095000 ---p 0000a000 08:02 8921271                    /usr/lib/x86_64-linux-gnu/libogg.so.0.8.4
7f6d94095000-7f6d94096000 r--p 0000a000 08:02 8921271                    /usr/lib/x86_64-linux-gnu/libogg.so.0.8.4
7f6d94096000-7f6d94097000 rw-p 0000b000 08:02 8921271                    /usr/lib/x86_64-linux-gnu/libogg.so.0.8.4
7f6d94097000-7f6d9409f000 r--p 00000000 08:02 8920258                    /usr/lib/x86_64-linux-gnu/libFLAC.so.8.3.0
7f6d9409f000-7f6d940c8000 r-xp 00008000 08:02 8920258                    /usr/lib/x86_64-linux-gnu/libFLAC.so.8.3.0
7f6d940c8000-7f6d940d2000 r--p 00031000 08:02 8920258                    /usr/lib/x86_64-linux-gnu/libFLAC.so.8.3.0
7f6d940d2000-7f6d940d3000 ---p 0003b000 08:02 8920258                    /usr/lib/x86_64-linux-gnu/libFLAC.so.8.3.0
7f6d940d3000-7f6d940d4000 r--p 0003b000 08:02 8920258                    /usr/lib/x86_64-linux-gnu/libFLAC.so.8.3.0
7f6d940d4000-7f6d940d5000 rw-p 0003c000 08:02 8920258                    /usr/lib/x86_64-linux-gnu/libFLAC.so.8.3.0
7f6d940d5000-7f6d940d9000 r--p 00000000 08:02 8914027                    /usr/lib/x86_64-linux-gnu/libnsl-2.31.so
7f6d940d9000-7f6d940e9000 r-xp 00004000 08:02 8914027                    /usr/lib/x86_64-linux-gnu/libnsl-2.31.so
7f6d940e9000-7f6d940ee000 r--p 00014000 08:02 8914027                    /usr/lib/x86_64-linux-gnu/libnsl-2.31.so
7f6d940ee000-7f6d940ef000 r--p 00018000 08:02 8914027                    /usr/lib/x86_64-linux-gnu/libnsl-2.31.so
7f6d940ef000-7f6d940f0000 rw-p 00019000 08:02 8914027                    /usr/lib/x86_64-linux-gnu/libnsl-2.31.so
7f6d940f0000-7f6d940f2000 rw-p 00000000 00:00 0 
7f6d940f2000-7f6d940f4000 r--p 00000000 08:02 8921116                    /usr/lib/x86_64-linux-gnu/liblz4.so.1.9.2
7f6d940f4000-7f6d9410e000 r-xp 00002000 08:02 8921116                    /usr/lib/x86_64-linux-gnu/liblz4.so.1.9.2
7f6d9410e000-7f6d94111000 r--p 0001c000 08:02 8921116                    /usr/lib/x86_64-linux-gnu/liblz4.so.1.9.2
7f6d94111000-7f6d94112000 r--p 0001e000 08:02 8921116                    /usr/lib/x86_64-linux-gnu/liblz4.so.1.9.2
7f6d94112000-7f6d94113000 rw-p 0001f000 08:02 8921116                    /usr/lib/x86_64-linux-gnu/liblz4.so.1.9.2
7f6d94113000-7f6d94116000 r--p 00000000 08:02 8923942                    /usr/lib/x86_64-linux-gnu/liblzma.so.5.2.4
7f6d94116000-7f6d9412e000 r-xp 00003000 08:02 8923942                    /usr/lib/x86_64-linux-gnu/liblzma.so.5.2.4
7f6d9412e000-7f6d94139000 r--p 0001b000 08:02 8923942                    /usr/lib/x86_64-linux-gnu/liblzma.so.5.2.4
7f6d94139000-7f6d9413a000 ---p 00026000 08:02 8923942                    /usr/lib/x86_64-linux-gnu/liblzma.so.5.2.4
7f6d9413a000-7f6d9413b000 r--p 00026000 08:02 8923942                    /usr/lib/x86_64-linux-gnu/liblzma.so.5.2.4
7f6d9413b000-7f6d9413c000 rw-p 00027000 08:02 8923942                    /usr/lib/x86_64-linux-gnu/liblzma.so.5.2.4
7f6d9413c000-7f6d9413f000 r--p 00000000 08:02 8920361                    /usr/lib/x86_64-linux-gnu/libapparmor.so.1.6.1
7f6d9413f000-7f6d94148000 r-xp 00003000 08:02 8920361                    /usr/lib/x86_64-linux-gnu/libapparmor.so.1.6.1
7f6d94148000-7f6d9414f000 r--p 0000c000 08:02 8920361                    /usr/lib/x86_64-linux-gnu/libapparmor.so.1.6.1
7f6d9414f000-7f6d94150000 r--p 00012000 08:02 8920361                    /usr/lib/x86_64-linux-gnu/libapparmor.so.1.6.1
7f6d94150000-7f6d94151000 rw-p 00013000 08:02 8920361                    /usr/lib/x86_64-linux-gnu/libapparmor.so.1.6.1
7f6d94151000-7f6d94158000 r--p 00000000 08:02 8921524                    /usr/lib/x86_64-linux-gnu/libsndfile.so.1.0.28
7f6d94158000-7f6d941ab000 r-xp 00007000 08:02 8921524                    /usr/lib/x86_64-linux-gnu/libsndfile.so.1.0.28
7f6d941ab000-7f6d941c8000 r--p 0005a000 08:02 8921524                    /usr/lib/x86_64-linux-gnu/libsndfile.so.1.0.28
7f6d941c8000-7f6d941c9000 ---p 00077000 08:02 8921524                    /usr/lib/x86_64-linux-gnu/libsndfile.so.1.0.28
7f6d941c9000-7f6d941cc000 r--p 00077000 08:02 8921524                    /usr/lib/x86_64-linux-gnu/libsndfile.so.1.0.28
7f6d941cc000-7f6d941cd000 rw-p 0007a000 08:02 8921524                    /usr/lib/x86_64-linux-gnu/libsndfile.so.1.0.28
7f6d941cd000-7f6d941cf000 rw-p 00000000 00:00 0 
7f6d941cf000-7f6d941d2000 r--p 00000000 08:02 8921756                    /usr/lib/x86_64-linux-gnu/libwrap.so.0.7.6
7f6d941d2000-7f6d941d7000 r-xp 00003000 08:02 8921756                    /usr/lib/x86_64-linux-gnu/libwrap.so.0.7.6
7f6d941d7000-7f6d941d9000 r--p 00008000 08:02 8921756                    /usr/lib/x86_64-linux-gnu/libwrap.so.0.7.6
7f6d941d9000-7f6d941da000 r--p 00009000 08:02 8921756                    /usr/lib/x86_64-linux-gnu/libwrap.so.0.7.6
7f6d941da000-7f6d941db000 rw-p 0000a000 08:02 8921756                    /usr/lib/x86_64-linux-gnu/libwrap.so.0.7.6
7f6d941db000-7f6d941eb000 r--p 00000000 08:02 8913004                    /usr/lib/x86_64-linux-gnu/libsystemd.so.0.28.0
7f6d941eb000-7f6d94260000 r-xp 00010000 08:02 8913004                    /usr/lib/x86_64-linux-gnu/libsystemd.so.0.28.0
7f6d94260000-7f6d94285000 r--p 00085000 08:02 8913004                    /usr/lib/x86_64-linux-gnu/libsystemd.so.0.28.0
7f6d94285000-7f6d94288000 r--p 000a9000 08:02 8913004                    /usr/lib/x86_64-linux-gnu/libsystemd.so.0.28.0
7f6d94288000-7f6d94289000 rw-p 000ac000 08:02 8913004                    /usr/lib/x86_64-linux-gnu/libsystemd.so.0.28.0
7f6d94289000-7f6d9428a000 rw-p 00000000 00:00 0 
7f6d9428a000-7f6d94295000 r--p 00000000 08:02 8920573                    /usr/lib/x86_64-linux-gnu/libdbus-1.so.3.19.11
7f6d94295000-7f6d942c3000 r-xp 0000b000 08:02 8920573                    /usr/lib/x86_64-linux-gnu/libdbus-1.so.3.19.11
7f6d942c3000-7f6d942d8000 r--p 00039000 08:02 8920573                    /usr/lib/x86_64-linux-gnu/libdbus-1.so.3.19.11
7f6d942d8000-7f6d942d9000 ---p 0004e000 08:02 8920573                    /usr/lib/x86_64-linux-gnu/libdbus-1.so.3.19.11
7f6d942d9000-7f6d942da000 r--p 0004e000 08:02 8920573                    /usr/lib/x86_64-linux-gnu/libdbus-1.so.3.19.11
7f6d942da000-7f6d942db000 rw-p 0004f000 08:02 8920573                    /usr/lib/x86_64-linux-gnu/libdbus-1.so.3.19.11
7f6d942db000-7f6d942ec000 r--p 00000000 08:02 9568377                    /usr/lib/x86_64-linux-gnu/pulseaudio/libpulsecommon-13.99.so
7f6d942ec000-7f6d94334000 r-xp 00011000 08:02 9568377                    /usr/lib/x86_64-linux-gnu/pulseaudio/libpulsecommon-13.99.so
7f6d94334000-7f6d94359000 r--p 00059000 08:02 9568377                    /usr/lib/x86_64-linux-gnu/pulseaudio/libpulsecommon-13.99.so
7f6d94359000-7f6d9435a000 ---p 0007e000 08:02 9568377                    /usr/lib/x86_64-linux-gnu/pulseaudio/libpulsecommon-13.99.so
7f6d9435a000-7f6d9435c000 r--p 0007e000 08:02 9568377                    /usr/lib/x86_64-linux-gnu/pulseaudio/libpulsecommon-13.99.so
7f6d9435c000-7f6d9435d000 rw-p 00080000 08:02 9568377                    /usr/lib/x86_64-linux-gnu/pulseaudio/libpulsecommon-13.99.so
7f6d9435d000-7f6d94369000 r--p 00000000 08:02 8913770                    /usr/lib/x86_64-linux-gnu/libpulse.so.0.21.2
7f6d94369000-7f6d94399000 r-xp 0000c000 08:02 8913770                    /usr/lib/x86_64-linux-gnu/libpulse.so.0.21.2
7f6d94399000-7f6d943af000 r--p 0003c000 08:02 8913770                    /usr/lib/x86_64-linux-gnu/libpulse.so.0.21.2
7f6d943af000-7f6d943b1000 r--p 00051000 08:02 8913770                    /usr/lib/x86_64-linux-gnu/libpulse.so.0.21.2
7f6d943b1000-7f6d943b2000 rw-p 00053000 08:02 8913770                    /usr/lib/x86_64-linux-gnu/libpulse.so.0.21.2
7f6d943b2000-7f6d943bb000 r--p 00000000 08:02 8920849                    /usr/lib/x86_64-linux-gnu/libgomp.so.1.0.0
7f6d943bb000-7f6d943e6000 r-xp 00009000 08:02 8920849                    /usr/lib/x86_64-linux-gnu/libgomp.so.1.0.0
7f6d943e6000-7f6d943f2000 r--p 00034000 08:02 8920849                    /usr/lib/x86_64-linux-gnu/libgomp.so.1.0.0
7f6d943f2000-7f6d943f3000 r--p 0003f000 08:02 8920849                    /usr/lib/x86_64-linux-gnu/libgomp.so.1.0.0
7f6d943f3000-7f6d943f4000 rw-p 00040000 08:02 8920849                    /usr/lib/x86_64-linux-gnu/libgomp.so.1.0.0
7f6d943f4000-7f6d94493000 r-xp 00000000 08:02 1859287                    /home/andrei/Duaro_ws/Unity_env/exe-env/env8/env8_Data/Plugins/liblibvhacd.so
7f6d94493000-7f6d94693000 ---p 0009f000 08:02 1859287                    /home/andrei/Duaro_ws/Unity_env/exe-env/env8/env8_Data/Plugins/liblibvhacd.so
7f6d94693000-7f6d94694000 r--p 0009f000 08:02 1859287                    /home/andrei/Duaro_ws/Unity_env/exe-env/env8/env8_Data/Plugins/liblibvhacd.so
7f6d94694000-7f6d94697000 rw-p 000a0000 08:02 1859287                    /home/andrei/Duaro_ws/Unity_env/exe-env/env8/env8_Data/Plugins/liblibvhacd.so
7f6d94697000-7f6d948cc000 r-xp 00000000 08:02 1859288                    /home/andrei/Duaro_ws/Unity_env/exe-env/env8/env8_Data/Plugins/libgrpc_csharp_ext.x64.so
7f6d948cc000-7f6d94acc000 ---p 00235000 08:02 1859288                    /home/andrei/Duaro_ws/Unity_env/exe-env/env8/env8_Data/Plugins/libgrpc_csharp_ext.x64.so
7f6d94acc000-7f6d94ae7000 rw-p 00235000 08:02 1859288                    /home/andrei/Duaro_ws/Unity_env/exe-env/env8/env8_Data/Plugins/libgrpc_csharp_ext.x64.so
7f6d94ae7000-7f6d94aed000 rw-p 00000000 00:00 0 
7f6d94aed000-7f6d94af7000 r-xp 00000000 08:02 8922868                    /usr/lib/x86_64-linux-gnu/libminizip.so.1.0.0
7f6d94af7000-7f6d94cf6000 ---p 0000a000 08:02 8922868                    /usr/lib/x86_64-linux-gnu/libminizip.so.1.0.0
7f6d94cf6000-7f6d94cf7000 r--p 00009000 08:02 8922868                    /usr/lib/x86_64-linux-gnu/libminizip.so.1.0.0
7f6d94cf7000-7f6d94cf8000 rw-p 0000a000 08:02 8922868                    /usr/lib/x86_64-linux-gnu/libminizip.so.1.0.0
7f6d94cf8000-7f6d953e8000 r-xp 00000000 08:02 1859289                    /home/andrei/Duaro_ws/Unity_env/exe-env/env8/env8_Data/Plugins/libassimp.so
7f6d953e8000-7f6d955e8000 ---p 006f0000 08:02 1859289                    /home/andrei/Duaro_ws/Unity_env/exe-env/env8/env8_Data/Plugins/libassimp.so
7f6d955e8000-7f6d956ba000 r--p 006f0000 08:02 1859289                    /home/andrei/Duaro_ws/Unity_env/exe-env/env8/env8_Data/Plugins/libassimp.so
7f6d956ba000-7f6d956bc000 rw-p 007c2000 08:02 1859289                    /home/andrei/Duaro_ws/Unity_env/exe-env/env8/env8_Data/Plugins/libassimp.so
7f6d956bc000-7f6d956c3000 rw-p 00000000 00:00 0 
7f6d956c3000-7f6d95a7d000 r--p 00000000 08:02 1859277                    /home/andrei/Duaro_ws/Unity_env/exe-env/env8/env8_Data/Managed/mscorlib.dll
7f6d95a7d000-7f6d95dd4000 r-xp 00000000 08:02 1859315                    /home/andrei/Duaro_ws/Unity_env/exe-env/env8/env8_Data/MonoBleedingEdge/x86_64/libmonobdwgc-2.0.so
7f6d95dd4000-7f6d95fd4000 ---p 00357000 08:02 1859315                    /home/andrei/Duaro_ws/Unity_env/exe-env/env8/env8_Data/MonoBleedingEdge/x86_64/libmonobdwgc-2.0.so
7f6d95fd4000-7f6d95fdb000 r--p 00357000 08:02 1859315                    /home/andrei/Duaro_ws/Unity_env/exe-env/env8/env8_Data/MonoBleedingEdge/x86_64/libmonobdwgc-2.0.so
7f6d95fdb000-7f6d95fe2000 rw-p 0035e000 08:02 1859315                    /home/andrei/Duaro_ws/Unity_env/exe-env/env8/env8_Data/MonoBleedingEdge/x86_64/libmonobdwgc-2.0.so
7f6d95fe2000-7f6d961fd000 rw-p 00000000 00:00 0 
7f6d961fd000-7f6d963fd000 rw-s 141881000 00:05 707                       /dev/dri/renderD128
7f6d963fd000-7f6d963fe000 ---p 00000000 00:00 0 
7f6d963fe000-7f6d963ff000 rw-p 00000000 00:00 0 
7f6d963ff000-7f6d96407000 ---p 00000000 00:00 0 
7f6d96407000-7f6d96bfe000 rw-p 00000000 00:00 0 
7f6d96bfe000-7f6d96dfe000 rw-s 10808b000 00:05 707                       /dev/dri/renderD128
7f6d96dfe000-7f6d96ffe000 rw-s 13c306000 00:05 707                       /dev/dri/renderD128
7f6d96ffe000-7f6d96fff000 ---p 00000000 00:00 0 
7f6d96fff000-7f6d977ff000 rw-p 00000000 00:00 0 
7f6d977ff000-7f6d97800000 ---p 00000000 00:00 0 
7f6d97800000-7f6d98000000 rw-p 00000000 00:00 0 
7f6d98000000-7f6d98021000 rw-p 00000000 00:00 0 
7f6d98021000-7f6d9c000000 ---p 00000000 00:00 0 
7f6d9c000000-7f6d9c021000 rw-p 00000000 00:00 0 
7f6d9c021000-7f6da0000000 ---p 00000000 00:00 0 
7f6da0000000-7f6da1000000 rw-p 00000000 00:00 0 
7f6da1000000-7f6db0000000 ---p 00000000 00:00 0 
7f6db0000000-7f6db1000000 rw-p 00000000 00:00 0 
7f6db1000000-7f6dc0000000 ---p 00000000 00:00 0 
7f6dc0000000-7f6dc1000000 rw-p 00000000 00:00 0 
7f6dc1000000-7f6dd0000000 ---p 00000000 00:00 0 
7f6dd0000000-7f6dd0800000 rw-p 00000000 00:00 0 
7f6dd0800000-7f6de0000000 ---p 00000000 00:00 0 
7f6de0000000-7f6de1000000 rw-p 00000000 00:00 0 
7f6de1000000-7f6df0000000 ---p 00000000 00:00 0 
7f6df0000000-7f6df0400000 rw-p 00000000 00:00 0 
7f6df0400000-7f6df0800000 ---p 00000000 00:00 0 
7f6df0800000-7f6df0810000 rw-p 00000000 00:00 0 
7f6df0810000-7f6df0820000 ---p 00000000 00:00 0 
7f6df0820000-7f6df0860000 rw-p 00000000 00:00 0 
7f6df0860000-7f6df08a0000 ---p 00000000 00:00 0 
7f6df08a0000-7f6df08e0000 rw-p 00000000 00:00 0 
7f6df08e0000-7f6df0920000 ---p 00000000 00:00 0 
7f6df0920000-7f6df0960000 rw-p 00000000 00:00 0 
7f6df0960000-7f6df09a0000 ---p 00000000 00:00 0 
7f6df09a0000-7f6df09e0000 rw-p 00000000 00:00 0 
7f6df09e0000-7f6df0a20000 ---p 00000000 00:00 0 
7f6df0a20000-7f6df0a60000 rw-p 00000000 00:00 0 
7f6df0a60000-7f6df0aa0000 ---p 00000000 00:00 0 
7f6df0aa0000-7f6df0ae0000 rw-p 00000000 00:00 0 
7f6df0ae0000-7f6df0b20000 ---p 00000000 00:00 0 
7f6df0b20000-7f6df0b60000 rw-p 00000000 00:00 0 
7f6df0b60000-7f6df0ba0000 ---p 00000000 00:00 0 
7f6df0ba0000-7f6df0be0000 rw-p 00000000 00:00 0 
7f6df0be0000-7f6df0c20000 ---p 00000000 00:00 0 
7f6df0c20000-7f6df0c60000 rw-p 00000000 00:00 0 
7f6df0c60000-7f6df0ca0000 ---p 00000000 00:00 0 
7f6df0ca0000-7f6df0ce0000 rw-p 00000000 00:00 0 
7f6df0ce0000-7f6df0d20000 ---p 00000000 00:00 0 
7f6df0d20000-7f6df0d60000 rw-p 00000000 00:00 0 
7f6df0d60000-7f6df0da0000 ---p 00000000 00:00 0 
7f6df0da0000-7f6df0da8000 rw-p 00000000 00:00 0 
7f6df0da8000-7f6df0db0000 ---p 00000000 00:00 0 
7f6df0db0000-7f6df0db8000 rw-p 00000000 00:00 0 
7f6df0db8000-7f6df0dc0000 ---p 00000000 00:00 0 
7f6df0dc0000-7f6df0dc8000 rw-p 00000000 00:00 0 
7f6df0dc8000-7f6df0dd0000 ---p 00000000 00:00 0 
7f6df0dd0000-7f6df0dd8000 rw-p 00000000 00:00 0 
7f6df0dd8000-7f6df0de0000 ---p 00000000 00:00 0 
7f6df0de0000-7f6df0de8000 rw-p 00000000 00:00 0 
7f6df0de8000-7f6df0df0000 ---p 00000000 00:00 0 
7f6df0df0000-7f6df0df8000 rw-p 00000000 00:00 0 
7f6df0df8000-7f6df0e00000 ---p 00000000 00:00 0 
7f6df0e00000-7f6df0e08000 rw-p 00000000 00:00 0 
7f6df0e08000-7f6df0e10000 ---p 00000000 00:00 0 
7f6df0e10000-7f6df0e18000 rw-p 00000000 00:00 0 
7f6df0e18000-7f6df0e20000 ---p 00000000 00:00 0 
7f6df0e20000-7f6df0e28000 rw-p 00000000 00:00 0 
7f6df0e28000-7f6df0e30000 ---p 00000000 00:00 0 
7f6df0e30000-7f6df0e38000 rw-p 00000000 00:00 0 
7f6df0e38000-7f6df0e40000 ---p 00000000 00:00 0 
7f6df0e40000-7f6df0e48000 rw-p 00000000 00:00 0 
7f6df0e48000-7f6df0e50000 ---p 00000000 00:00 0 
7f6df0e50000-7f6df0e58000 rw-p 00000000 00:00 0 
7f6df0e58000-7f6df0e60000 ---p 00000000 00:00 0 
7f6df0e60000-7f6df0e68000 rw-p 00000000 00:00 0 
7f6df0e68000-7f6df0e70000 ---p 00000000 00:00 0 
7f6df0e70000-7f6df0e78000 rw-p 00000000 00:00 0 
7f6df0e78000-7f6df0e80000 ---p 00000000 00:00 0 
7f6df0e80000-7f6df0e88000 rw-p 00000000 00:00 0 
7f6df0e88000-7f6df0e90000 ---p 00000000 00:00 0 
7f6df0e90000-7f6df0e98000 rw-p 00000000 00:00 0 
7f6df0e98000-7f6df0ea0000 ---p 00000000 00:00 0 
7f6df0ea0000-7f6df0eb0000 rw-p 00000000 00:00 0 
7f6df0eb0000-7f6df0ec0000 ---p 00000000 00:00 0 
7f6df0ec0000-7f6df0ed0000 rw-p 00000000 00:00 0 
7f6df0ed0000-7f6e00000000 ---p 00000000 00:00 0 
7f6e00000000-7f6e03000000 rw-p 00000000 00:00 0 
7f6e03000000-7f6e10000000 ---p 00000000 00:00 0 
7f6e10000000-7f6e11001000 rw-p 00000000 00:00 0 
7f6e11001000-7f6e20000000 ---p 00000000 00:00 0 
7f6e20000000-7f6e20102000 rw-p 00000000 00:00 0 
7f6e20102000-7f6e30000000 ---p 00000000 00:00 0 
7f6e30000000-7f6e30102000 rw-p 00000000 00:00 0 
7f6e30102000-7f6e40000000 ---p 00000000 00:00 0 
7f6e40000000-7f6e40102000 rw-p 00000000 00:00 0 
7f6e40102000-7f6e50000000 ---p 00000000 00:00 0 
7f6e50000000-7f6e50102000 rw-p 00000000 00:00 0 
7f6e50102000-7f6e60000000 ---p 00000000 00:00 0 
7f6e60000000-7f6e60100000 rw-p 00000000 00:00 0 
7f6e60100000-7f6e70000000 ---p 00000000 00:00 0 
7f6e7000b000-7f6e7000d000 r--p 00000000 08:02 8913769                    /usr/lib/x86_64-linux-gnu/libpulse-simple.so.0.1.1
7f6e7000d000-7f6e7000f000 r-xp 00002000 08:02 8913769                    /usr/lib/x86_64-linux-gnu/libpulse-simple.so.0.1.1
7f6e7000f000-7f6e70010000 r--p 00004000 08:02 8913769                    /usr/lib/x86_64-linux-gnu/libpulse-simple.so.0.1.1
7f6e70010000-7f6e70011000 r--p 00004000 08:02 8913769                    /usr/lib/x86_64-linux-gnu/libpulse-simple.so.0.1.1
7f6e70011000-7f6e70012000 rw-p 00005000 08:02 8913769                    /usr/lib/x86_64-linux-gnu/libpulse-simple.so.0.1.1
7f6e70015000-7f6e70016000 ---p 00000000 00:00 0 
7f6e70016000-7f6e70056000 rw-p 00000000 00:00 0 
7f6e70056000-7f6e70065000 r--p 00000000 08:02 1859293                    /home/andrei/Duaro_ws/Unity_env/exe-env/env8/env8_Data/Plugins/lib_burst_generated.so
7f6e70065000-7f6e70099000 r-xp 0000e000 08:02 1859293                    /home/andrei/Duaro_ws/Unity_env/exe-env/env8/env8_Data/Plugins/lib_burst_generated.so
7f6e70099000-7f6e7009a000 r--p 00041000 08:02 1859293                    /home/andrei/Duaro_ws/Unity_env/exe-env/env8/env8_Data/Plugins/lib_burst_generated.so
7f6e7009a000-7f6e7009b000 rw-p 00041000 08:02 1859293                    /home/andrei/Duaro_ws/Unity_env/exe-env/env8/env8_Data/Plugins/lib_burst_generated.so
7f6e7009b000-7f6e7009c000 rw-p 00000000 00:00 0 
7f6e7009c000-7f6e700fb000 ---p 00000000 00:00 0 
7f6e700fb000-7f6e701fb000 rw-p 00000000 00:00 0 
7f6e701fb000-7f6e701fc000 ---p 00000000 00:00 0 
7f6e701fc000-7f6e709fc000 rw-p 00000000 00:00 0 
7f6e709fc000-7f6e709fd000 ---p 00000000 00:00 0 
7f6e709fd000-7f6e711fd000 rw-p 00000000 00:00 0 
7f6e711fd000-7f6e711fe000 ---p 00000000 00:00 0 
7f6e711fe000-7f6e719fe000 rw-p 00000000 00:00 0 
7f6e719fe000-7f6e719ff000 ---p 00000000 00:00 0 
7f6e719ff000-7f6e721ff000 rw-p 00000000 00:00 0 
7f6e721ff000-7f6e72200000 ---p 00000000 00:00 0 
7f6e72200000-7f6e72a00000 rw-p 00000000 00:00 0 
7f6e72a00000-7f6e72a01000 ---p 00000000 00:00 0 
7f6e72a01000-7f6e73201000 rw-p 00000000 00:00 0 
7f6e73201000-7f6e73202000 ---p 00000000 00:00 0 
7f6e73202000-7f6e73a02000 rw-p 00000000 00:00 0 
7f6e73a02000-7f6e73a03000 ---p 00000000 00:00 0 
7f6e73a03000-7f6e74203000 rw-p 00000000 00:00 0 
7f6e74203000-7f6e74204000 ---p 00000000 00:00 0 
7f6e74204000-7f6e74a04000 rw-p 00000000 00:00 0 
7f6e74a04000-7f6e74a05000 ---p 00000000 00:00 0 
7f6e74a05000-7f6e75205000 rw-p 00000000 00:00 0 
7f6e75205000-7f6e75206000 ---p 00000000 00:00 0 
7f6e75206000-7f6e75a06000 rw-p 00000000 00:00 0 
7f6e75a06000-7f6e75b47000 rw-s 00000000 08:02 1310754                    /home/andrei/.cache/mesa_shader_cache/index
7f6e75b47000-7f6e75b4a000 r--p 00000000 08:02 8914055                    /usr/lib/x86_64-linux-gnu/libnss_files-2.31.so
7f6e75b4a000-7f6e75b51000 r-xp 00003000 08:02 8914055                    /usr/lib/x86_64-linux-gnu/libnss_files-2.31.so
7f6e75b51000-7f6e75b53000 r--p 0000a000 08:02 8914055                    /usr/lib/x86_64-linux-gnu/libnss_files-2.31.so
7f6e75b53000-7f6e75b54000 r--p 0000b000 08:02 8914055                    /usr/lib/x86_64-linux-gnu/libnss_files-2.31.so
7f6e75b54000-7f6e75b55000 rw-p 0000c000 08:02 8914055                    /usr/lib/x86_64-linux-gnu/libnss_files-2.31.so
7f6e75b55000-7f6e75b5b000 rw-p 00000000 00:00 0 
7f6e75b5b000-7f6e75b5c000 ---p 00000000 00:00 0 
7f6e75b5c000-7f6e7635c000 rw-p 00000000 00:00 0 
7f6e7635c000-7f6e7636a000 r--p 00000000 08:02 8921606                    /usr/lib/x86_64-linux-gnu/libtinfo.so.6.2
7f6e7636a000-7f6e76379000 r-xp 0000e000 08:02 8921606                    /usr/lib/x86_64-linux-gnu/libtinfo.so.6.2
7f6e76379000-7f6e76387000 r--p 0001d000 08:02 8921606                    /usr/lib/x86_64-linux-gnu/libtinfo.so.6.2
7f6e76387000-7f6e7638b000 r--p 0002a000 08:02 8921606                    /usr/lib/x86_64-linux-gnu/libtinfo.so.6.2
7f6e7638b000-7f6e7638c000 rw-p 0002e000 08:02 8921606                    /usr/lib/x86_64-linux-gnu/libtinfo.so.6.2
7f6e7638c000-7f6e76394000 r--p 00000000 08:02 8920653                    /usr/lib/x86_64-linux-gnu/libedit.so.2.0.63
7f6e76394000-7f6e763af000 r-xp 00008000 08:02 8920653                    /usr/lib/x86_64-linux-gnu/libedit.so.2.0.63
7f6e763af000-7f6e763bd000 r--p 00023000 08:02 8920653                    /usr/lib/x86_64-linux-gnu/libedit.so.2.0.63
7f6e763bd000-7f6e763bf000 r--p 00030000 08:02 8920653                    /usr/lib/x86_64-linux-gnu/libedit.so.2.0.63
7f6e763bf000-7f6e763c0000 rw-p 00032000 08:02 8920653                    /usr/lib/x86_64-linux-gnu/libedit.so.2.0.63
7f6e763c0000-7f6e763c4000 rw-p 00000000 00:00 0 
7f6e763c4000-7f6e763c6000 r--p 00000000 08:02 8920703                    /usr/lib/x86_64-linux-gnu/libffi.so.7.1.0
7f6e763c6000-7f6e763cc000 r-xp 00002000 08:02 8920703                    /usr/lib/x86_64-linux-gnu/libffi.so.7.1.0
7f6e763cc000-7f6e763cd000 r--p 00008000 08:02 8920703                    /usr/lib/x86_64-linux-gnu/libffi.so.7.1.0
7f6e763cd000-7f6e763ce000 ---p 00009000 08:02 8920703                    /usr/lib/x86_64-linux-gnu/libffi.so.7.1.0
7f6e763ce000-7f6e763cf000 r--p 00009000 08:02 8920703                    /usr/lib/x86_64-linux-gnu/libffi.so.7.1.0
7f6e763cf000-7f6e763d0000 rw-p 0000a000 08:02 8920703                    /usr/lib/x86_64-linux-gnu/libffi.so.7.1.0
7f6e763d0000-7f6e76466000 r--p 00000000 08:02 8921563                    /usr/lib/x86_64-linux-gnu/libstdc++.so.6.0.28
7f6e76466000-7f6e76557000 r-xp 00096000 08:02 8921563                    /usr/lib/x86_64-linux-gnu/libstdc++.so.6.0.28
7f6e76557000-7f6e765a0000 r--p 00187000 08:02 8921563                    /usr/lib/x86_64-linux-gnu/libstdc++.so.6.0.28
7f6e765a0000-7f6e765a1000 ---p 001d0000 08:02 8921563                    /usr/lib/x86_64-linux-gnu/libstdc++.so.6.0.28
7f6e765a1000-7f6e765ac000 r--p 001d0000 08:02 8921563                    /usr/lib/x86_64-linux-gnu/libstdc++.so.6.0.28
7f6e765ac000-7f6e765af000 rw-p 001db000 08:02 8921563                    /usr/lib/x86_64-linux-gnu/libstdc++.so.6.0.28
7f6e765af000-7f6e765b2000 rw-p 00000000 00:00 0 
7f6e765b2000-7f6e765c1000 r--p 00000000 08:02 8921704                    /usr/lib/x86_64-linux-gnu/libvulkan.so.1.2.131
7f6e765c1000-7f6e765f3000 r-xp 0000f000 08:02 8921704                    /usr/lib/x86_64-linux-gnu/libvulkan.so.1.2.131
7f6e765f3000-7f6e76606000 r--p 00041000 08:02 8921704                    /usr/lib/x86_64-linux-gnu/libvulkan.so.1.2.131
7f6e76606000-7f6e76607000 r--p 00053000 08:02 8921704                    /usr/lib/x86_64-linux-gnu/libvulkan.so.1.2.131
7f6e76607000-7f6e76608000 rw-p 00054000 08:02 8921704                    /usr/lib/x86_64-linux-gnu/libvulkan.so.1.2.131
7f6e76608000-7f6e7660a000 r--p 00000000 08:02 8913259                    /usr/lib/x86_64-linux-gnu/libdrm_nouveau.so.2.0.0
7f6e7660a000-7f6e7660f000 r-xp 00002000 08:02 8913259                    /usr/lib/x86_64-linux-gnu/libdrm_nouveau.so.2.0.0
7f6e7660f000-7f6e76611000 r--p 00007000 08:02 8913259                    /usr/lib/x86_64-linux-gnu/libdrm_nouveau.so.2.0.0
7f6e76611000-7f6e76612000 r--p 00008000 08:02 8913259                    /usr/lib/x86_64-linux-gnu/libdrm_nouveau.so.2.0.0
7f6e76612000-7f6e76613000 rw-p 00009000 08:02 8913259                    /usr/lib/x86_64-linux-gnu/libdrm_nouveau.so.2.0.0
7f6e76613000-7f6e76616000 r--p 00000000 08:02 8913112                    /usr/lib/x86_64-linux-gnu/libdrm_amdgpu.so.1.0.0
7f6e76616000-7f6e7661b000 r-xp 00003000 08:02 8913112                    /usr/lib/x86_64-linux-gnu/libdrm_amdgpu.so.1.0.0
7f6e7661b000-7f6e7661d000 r--p 00008000 08:02 8913112                    /usr/lib/x86_64-linux-gnu/libdrm_amdgpu.so.1.0.0
7f6e7661d000-7f6e7661e000 r--p 00009000 08:02 8913112                    /usr/lib/x86_64-linux-gnu/libdrm_amdgpu.so.1.0.0
7f6e7661e000-7f6e7661f000 rw-p 0000a000 08:02 8913112                    /usr/lib/x86_64-linux-gnu/libdrm_amdgpu.so.1.0.0
7f6e7661f000-7f6e76622000 r--p 00000000 08:02 8920658                    /usr/lib/x86_64-linux-gnu/libelf-0.176.so
7f6e76622000-7f6e76634000 r-xp 00003000 08:02 8920658                    /usr/lib/x86_64-linux-gnu/libelf-0.176.so
7f6e76634000-7f6e76639000 r--p 00015000 08:02 8920658                    /usr/lib/x86_64-linux-gnu/libelf-0.176.so
7f6e76639000-7f6e7663a000 r--p 00019000 08:02 8920658                    /usr/lib/x86_64-linux-gnu/libelf-0.176.so
7f6e7663a000-7f6e7663b000 rw-p 0001a000 08:02 8920658                    /usr/lib/x86_64-linux-gnu/libelf-0.176.so
7f6e7663b000-7f6e7663d000 r--p 00000000 08:02 8913261                    /usr/lib/x86_64-linux-gnu/libdrm_radeon.so.1.0.1
7f6e7663d000-7f6e76644000 r-xp 00002000 08:02 8913261                    /usr/lib/x86_64-linux-gnu/libdrm_radeon.so.1.0.1
7f6e76644000-7f6e76648000 r--p 00009000 08:02 8913261                    /usr/lib/x86_64-linux-gnu/libdrm_radeon.so.1.0.1
7f6e76648000-7f6e76649000 r--p 0000c000 08:02 8913261                    /usr/lib/x86_64-linux-gnu/libdrm_radeon.so.1.0.1
7f6e76649000-7f6e7664a000 rw-p 0000d000 08:02 8913261                    /usr/lib/x86_64-linux-gnu/libdrm_radeon.so.1.0.1
7f6e7664a000-7f6e7664d000 r--p 00000000 08:02 8921493                    /usr/lib/x86_64-linux-gnu/libsensors.so.5.0.0
7f6e7664d000-7f6e76654000 r-xp 00003000 08:02 8921493                    /usr/lib/x86_64-linux-gnu/libsensors.so.5.0.0
7f6e76654000-7f6e76659000 r--p 0000a000 08:02 8921493                    /usr/lib/x86_64-linux-gnu/libsensors.so.5.0.0
7f6e76659000-7f6e7665a000 r--p 0000e000 08:02 8921493                    /usr/lib/x86_64-linux-gnu/libsensors.so.5.0.0
7f6e7665a000-7f6e7665b000 rw-p 0000f000 08:02 8921493                    /usr/lib/x86_64-linux-gnu/libsensors.so.5.0.0
7f6e7665b000-7f6e7665f000 r--p 00000000 08:02 8921828                    /usr/lib/x86_64-linux-gnu/libzstd.so.1.4.4
7f6e7665f000-7f6e766f1000 r-xp 00004000 08:02 8921828                    /usr/lib/x86_64-linux-gnu/libzstd.so.1.4.4
7f6e766f1000-7f6e76702000 r--p 00096000 08:02 8921828                    /usr/lib/x86_64-linux-gnu/libzstd.so.1.4.4
7f6e76702000-7f6e76703000 r--p 000a6000 08:02 8921828                    /usr/lib/x86_64-linux-gnu/libzstd.so.1.4.4
7f6e76703000-7f6e76704000 rw-p 000a7000 08:02 8921828                    /usr/lib/x86_64-linux-gnu/libzstd.so.1.4.4
7f6e76704000-7f6e76706000 r--p 00000000 08:02 8919282                    /usr/lib/x86_64-linux-gnu/libz.so.1.2.11
7f6e76706000-7f6e76717000 r-xp 00002000 08:02 8919282                    /usr/lib/x86_64-linux-gnu/libz.so.1.2.11
7f6e76717000-7f6e7671d000 r--p 00013000 08:02 8919282                    /usr/lib/x86_64-linux-gnu/libz.so.1.2.11
7f6e7671d000-7f6e7671e000 ---p 00019000 08:02 8919282                    /usr/lib/x86_64-linux-gnu/libz.so.1.2.11
7f6e7671e000-7f6e7671f000 r--p 00019000 08:02 8919282                    /usr/lib/x86_64-linux-gnu/libz.so.1.2.11
7f6e7671f000-7f6e76720000 rw-p 0001a000 08:02 8919282                    /usr/lib/x86_64-linux-gnu/libz.so.1.2.11
7f6e76720000-7f6e7b941000 r-xp 00000000 08:02 8919001                    /usr/lib/x86_64-linux-gnu/libLLVM-12.so.1
7f6e7b941000-7f6e7be5a000 r--p 05220000 08:02 8919001                    /usr/lib/x86_64-linux-gnu/libLLVM-12.so.1
7f6e7be5a000-7f6e7be61000 rw-p 05739000 08:02 8919001                    /usr/lib/x86_64-linux-gnu/libLLVM-12.so.1
7f6e7be61000-7f6e7bed6000 rw-p 00000000 00:00 0 
7f6e7bed6000-7f6e7c06c000 r--p 00000000 08:02 9568713                    /usr/lib/x86_64-linux-gnu/dri/radeonsi_dri.so
7f6e7c06c000-7f6e7d117000 r-xp 00196000 08:02 9568713                    /usr/lib/x86_64-linux-gnu/dri/radeonsi_dri.so
7f6e7d117000-7f6e7d5dd000 r--p 01241000 08:02 9568713                    /usr/lib/x86_64-linux-gnu/dri/radeonsi_dri.so
7f6e7d5dd000-7f6e7d70b000 r--p 01706000 08:02 9568713                    /usr/lib/x86_64-linux-gnu/dri/radeonsi_dri.so
7f6e7d70b000-7f6e7d843000 rw-p 01834000 08:02 9568713                    /usr/lib/x86_64-linux-gnu/dri/radeonsi_dri.so
7f6e7d843000-7f6e7da61000 rw-p 00000000 00:00 0 
7f6e7da61000-7f6e7da64000 r--p 00000000 08:02 8921790                    /usr/lib/x86_64-linux-gnu/libxcb-xfixes.so.0.0.0
7f6e7da64000-7f6e7da67000 r-xp 00003000 08:02 8921790                    /usr/lib/x86_64-linux-gnu/libxcb-xfixes.so.0.0.0
7f6e7da67000-7f6e7da68000 r--p 00006000 08:02 8921790                    /usr/lib/x86_64-linux-gnu/libxcb-xfixes.so.0.0.0
7f6e7da68000-7f6e7da69000 ---p 00007000 08:02 8921790                    /usr/lib/x86_64-linux-gnu/libxcb-xfixes.so.0.0.0
7f6e7da69000-7f6e7da6a000 r--p 00007000 08:02 8921790                    /usr/lib/x86_64-linux-gnu/libxcb-xfixes.so.0.0.0
7f6e7da6a000-7f6e7da6b000 rw-p 00008000 08:02 8921790                    /usr/lib/x86_64-linux-gnu/libxcb-xfixes.so.0.0.0
7f6e7da6b000-7f6e7da6c000 r-xp 00000000 08:02 8921814                    /usr/lib/x86_64-linux-gnu/libxshmfence.so.1.0.0
7f6e7da6c000-7f6e7dc6b000 ---p 00001000 08:02 8921814                    /usr/lib/x86_64-linux-gnu/libxshmfence.so.1.0.0
7f6e7dc6b000-7f6e7dc6c000 r--p 00000000 08:02 8921814                    /usr/lib/x86_64-linux-gnu/libxshmfence.so.1.0.0
7f6e7dc6c000-7f6e7dc6d000 rw-p 00001000 08:02 8921814                    /usr/lib/x86_64-linux-gnu/libxshmfence.so.1.0.0
7f6e7dc6d000-7f6e7dc70000 r--p 00000000 08:02 8921786                    /usr/lib/x86_64-linux-gnu/libxcb-sync.so.1.0.0
7f6e7dc70000-7f6e7dc73000 r-xp 00003000 08:02 8921786                    /usr/lib/x86_64-linux-gnu/libxcb-sync.so.1.0.0
7f6e7dc73000-7f6e7dc74000 r--p 00006000 08:02 8921786                    /usr/lib/x86_64-linux-gnu/libxcb-sync.so.1.0.0
7f6e7dc74000-7f6e7dc75000 ---p 00007000 08:02 8921786                    /usr/lib/x86_64-linux-gnu/libxcb-sync.so.1.0.0
7f6e7dc75000-7f6e7dc76000 r--p 00007000 08:02 8921786                    /usr/lib/x86_64-linux-gnu/libxcb-sync.so.1.0.0
7f6e7dc76000-7f6e7dc77000 rw-p 00008000 08:02 8921786                    /usr/lib/x86_64-linux-gnu/libxcb-sync.so.1.0.0
7f6e7dc77000-7f6e7dc78000 r--p 00000000 08:02 8921772                    /usr/lib/x86_64-linux-gnu/libxcb-present.so.0.0.0
7f6e7dc78000-7f6e7dc79000 r-xp 00001000 08:02 8921772                    /usr/lib/x86_64-linux-gnu/libxcb-present.so.0.0.0
7f6e7dc79000-7f6e7dc7a000 r--p 00002000 08:02 8921772                    /usr/lib/x86_64-linux-gnu/libxcb-present.so.0.0.0
7f6e7dc7a000-7f6e7dc7b000 r--p 00002000 08:02 8921772                    /usr/lib/x86_64-linux-gnu/libxcb-present.so.0.0.0
7f6e7dc7b000-7f6e7dc7c000 rw-p 00003000 08:02 8921772                    /usr/lib/x86_64-linux-gnu/libxcb-present.so.0.0.0
7f6e7dc7c000-7f6e7dc7e000 r--p 00000000 08:02 8921762                    /usr/lib/x86_64-linux-gnu/libxcb-dri3.so.0.0.0
7f6e7dc7e000-7f6e7dc7f000 r-xp 00002000 08:02 8921762                    /usr/lib/x86_64-linux-gnu/libxcb-dri3.so.0.0.0
7f6e7dc7f000-7f6e7dc80000 r--p 00003000 08:02 8921762                    /usr/lib/x86_64-linux-gnu/libxcb-dri3.so.0.0.0
7f6e7dc80000-7f6e7dc81000 r--p 00003000 08:02 8921762                    /usr/lib/x86_64-linux-gnu/libxcb-dri3.so.0.0.0
7f6e7dc81000-7f6e7dc82000 rw-p 00004000 08:02 8921762                    /usr/lib/x86_64-linux-gnu/libxcb-dri3.so.0.0.0
7f6e7dc82000-7f6e7dc86000 r--p 00000000 08:02 8933051                    /usr/lib/x86_64-linux-gnu/libexpat.so.1.6.11
7f6e7dc86000-7f6e7dca2000 r-xp 00004000 08:02 8933051                    /usr/lib/x86_64-linux-gnu/libexpat.so.1.6.11
7f6e7dca2000-7f6e7dcac000 r--p 00020000 08:02 8933051                    /usr/lib/x86_64-linux-gnu/libexpat.so.1.6.11
7f6e7dcac000-7f6e7dcad000 ---p 0002a000 08:02 8933051                    /usr/lib/x86_64-linux-gnu/libexpat.so.1.6.11
7f6e7dcad000-7f6e7dcaf000 r--p 0002a000 08:02 8933051                    /usr/lib/x86_64-linux-gnu/libexpat.so.1.6.11
7f6e7dcaf000-7f6e7dcb0000 rw-p 0002c000 08:02 8933051                    /usr/lib/x86_64-linux-gnu/libexpat.so.1.6.11
7f6e7dcb0000-7f6e7dcb1000 r--p 00000000 08:02 8921784                    /usr/lib/x86_64-linux-gnu/libxcb-shm.so.0.0.0
7f6e7dcb1000-7f6e7dcb2000 r-xp 00001000 08:02 8921784                    /usr/lib/x86_64-linux-gnu/libxcb-shm.so.0.0.0
7f6e7dcb2000-7f6e7dcb3000 r--p 00002000 08:02 8921784                    /usr/lib/x86_64-linux-gnu/libxcb-shm.so.0.0.0
7f6e7dcb3000-7f6e7dcb4000 r--p 00002000 08:02 8921784                    /usr/lib/x86_64-linux-gnu/libxcb-shm.so.0.0.0
7f6e7dcb4000-7f6e7dcb5000 rw-p 00003000 08:02 8921784                    /usr/lib/x86_64-linux-gnu/libxcb-shm.so.0.0.0
7f6e7dcb5000-7f6e7dcc0000 r--p 00000000 08:02 8921764                    /usr/lib/x86_64-linux-gnu/libxcb-glx.so.0.0.0
7f6e7dcc0000-7f6e7dcc9000 r-xp 0000b000 08:02 8921764                    /usr/lib/x86_64-linux-gnu/libxcb-glx.so.0.0.0
7f6e7dcc9000-7f6e7dcce000 r--p 00014000 08:02 8921764                    /usr/lib/x86_64-linux-gnu/libxcb-glx.so.0.0.0
7f6e7dcce000-7f6e7dccf000 ---p 00019000 08:02 8921764                    /usr/lib/x86_64-linux-gnu/libxcb-glx.so.0.0.0
7f6e7dccf000-7f6e7dcd1000 r--p 00019000 08:02 8921764                    /usr/lib/x86_64-linux-gnu/libxcb-glx.so.0.0.0
7f6e7dcd1000-7f6e7dcd2000 rw-p 0001b000 08:02 8921764                    /usr/lib/x86_64-linux-gnu/libxcb-glx.so.0.0.0
7f6e7dcd2000-7f6e7dd46000 rw-p 00000000 00:00 0 
7f6e7dd4a000-7f6e7dd4c000 r--p 00000000 08:02 8921760                    /usr/lib/x86_64-linux-gnu/libxcb-dri2.so.0.0.0
7f6e7dd4c000-7f6e7dd4e000 r-xp 00002000 08:02 8921760                    /usr/lib/x86_64-linux-gnu/libxcb-dri2.so.0.0.0
7f6e7dd4e000-7f6e7dd4f000 r--p 00004000 08:02 8921760                    /usr/lib/x86_64-linux-gnu/libxcb-dri2.so.0.0.0
7f6e7dd4f000-7f6e7dd50000 r--p 00004000 08:02 8921760                    /usr/lib/x86_64-linux-gnu/libxcb-dri2.so.0.0.0
7f6e7dd50000-7f6e7dd51000 rw-p 00005000 08:02 8921760                    /usr/lib/x86_64-linux-gnu/libxcb-dri2.so.0.0.0
7f6e7dd51000-7f6e7dd52000 r--p 00000000 08:02 8920288                    /usr/lib/x86_64-linux-gnu/libX11-xcb.so.1.0.0
7f6e7dd52000-7f6e7dd53000 r-xp 00001000 08:02 8920288                    /usr/lib/x86_64-linux-gnu/libX11-xcb.so.1.0.0
7f6e7dd53000-7f6e7dd54000 r--p 00002000 08:02 8920288                    /usr/lib/x86_64-linux-gnu/libX11-xcb.so.1.0.0
7f6e7dd54000-7f6e7dd55000 r--p 00002000 08:02 8920288                    /usr/lib/x86_64-linux-gnu/libX11-xcb.so.1.0.0
7f6e7dd55000-7f6e7dd56000 rw-p 00003000 08:02 8920288                    /usr/lib/x86_64-linux-gnu/libX11-xcb.so.1.0.0
7f6e7dd56000-7f6e7dd5b000 r--p 00000000 08:02 8919164                    /usr/lib/x86_64-linux-gnu/libdrm.so.2.4.0
7f6e7dd5b000-7f6e7dd66000 r-xp 00005000 08:02 8919164                    /usr/lib/x86_64-linux-gnu/libdrm.so.2.4.0
7f6e7dd66000-7f6e7dd6a000 r--p 00010000 08:02 8919164                    /usr/lib/x86_64-linux-gnu/libdrm.so.2.4.0
7f6e7dd6a000-7f6e7dd6b000 r--p 00013000 08:02 8919164                    /usr/lib/x86_64-linux-gnu/libdrm.so.2.4.0
7f6e7dd6b000-7f6e7dd6c000 rw-p 00014000 08:02 8919164                    /usr/lib/x86_64-linux-gnu/libdrm.so.2.4.0
7f6e7dd6c000-7f6e7dd79000 r--p 00000000 08:02 8919005                    /usr/lib/x86_64-linux-gnu/libglapi.so.0.0.0
7f6e7dd79000-7f6e7dd87000 r-xp 0000d000 08:02 8919005                    /usr/lib/x86_64-linux-gnu/libglapi.so.0.0.0
7f6e7dd87000-7f6e7dda0000 r--p 0001b000 08:02 8919005                    /usr/lib/x86_64-linux-gnu/libglapi.so.0.0.0
7f6e7dda0000-7f6e7dda1000 ---p 00034000 08:02 8919005                    /usr/lib/x86_64-linux-gnu/libglapi.so.0.0.0
7f6e7dda1000-7f6e7dda5000 r--p 00034000 08:02 8919005                    /usr/lib/x86_64-linux-gnu/libglapi.so.0.0.0
7f6e7dda5000-7f6e7dda6000 rw-p 00038000 08:02 8919005                    /usr/lib/x86_64-linux-gnu/libglapi.so.0.0.0
7f6e7dda6000-7f6e7dda7000 rw-p 00000000 00:00 0 
7f6e7dda7000-7f6e7ddc0000 r--p 00000000 08:02 8919003                    /usr/lib/x86_64-linux-gnu/libGLX_mesa.so.0.0.0
7f6e7ddc0000-7f6e7de04000 r-xp 00019000 08:02 8919003                    /usr/lib/x86_64-linux-gnu/libGLX_mesa.so.0.0.0
7f6e7de04000-7f6e7de1b000 r--p 0005d000 08:02 8919003                    /usr/lib/x86_64-linux-gnu/libGLX_mesa.so.0.0.0
7f6e7de1b000-7f6e7de1e000 r--p 00073000 08:02 8919003                    /usr/lib/x86_64-linux-gnu/libGLX_mesa.so.0.0.0
7f6e7de1e000-7f6e7de1f000 rw-p 00076000 08:02 8919003                    /usr/lib/x86_64-linux-gnu/libGLX_mesa.so.0.0.0
7f6e7de1f000-7f6e7de20000 rw-p 00000000 00:00 0 
7f6e7de20000-7f6e7e65c000 r--p 00000000 08:02 8913049                    /usr/lib/locale/locale-archive
7f6e7e65c000-7f6e7e65d000 r--p 00000000 08:02 8920343                    /usr/lib/x86_64-linux-gnu/libXxf86vm.so.1.0.0
7f6e7e65d000-7f6e7e660000 r-xp 00001000 08:02 8920343                    /usr/lib/x86_64-linux-gnu/libXxf86vm.so.1.0.0
7f6e7e660000-7f6e7e661000 r--p 00004000 08:02 8920343                    /usr/lib/x86_64-linux-gnu/libXxf86vm.so.1.0.0
7f6e7e661000-7f6e7e662000 r--p 00004000 08:02 8920343                    /usr/lib/x86_64-linux-gnu/libXxf86vm.so.1.0.0
7f6e7e662000-7f6e7e663000 rw-p 00005000 08:02 8920343                    /usr/lib/x86_64-linux-gnu/libXxf86vm.so.1.0.0
7f6e7e663000-7f6e7e664000 r--p 00000000 08:02 8920329                    /usr/lib/x86_64-linux-gnu/libXss.so.1.0.0
7f6e7e664000-7f6e7e665000 r-xp 00001000 08:02 8920329                    /usr/lib/x86_64-linux-gnu/libXss.so.1.0.0
7f6e7e665000-7f6e7e666000 r--p 00002000 08:02 8920329                    /usr/lib/x86_64-linux-gnu/libXss.so.1.0.0
7f6e7e666000-7f6e7e667000 r--p 00002000 08:02 8920329                    /usr/lib/x86_64-linux-gnu/libXss.so.1.0.0
7f6e7e667000-7f6e7e668000 rw-p 00003000 08:02 8920329                    /usr/lib/x86_64-linux-gnu/libXss.so.1.0.0
7f6e7e668000-7f6e7e66a000 r--p 00000000 08:02 8920325                    /usr/lib/x86_64-linux-gnu/libXrandr.so.2.2.0
7f6e7e66a000-7f6e7e671000 r-xp 00002000 08:02 8920325                    /usr/lib/x86_64-linux-gnu/libXrandr.so.2.2.0
7f6e7e671000-7f6e7e673000 r--p 00009000 08:02 8920325                    /usr/lib/x86_64-linux-gnu/libXrandr.so.2.2.0
7f6e7e673000-7f6e7e674000 r--p 0000a000 08:02 8920325                    /usr/lib/x86_64-linux-gnu/libXrandr.so.2.2.0
7f6e7e674000-7f6e7e675000 rw-p 0000b000 08:02 8920325                    /usr/lib/x86_64-linux-gnu/libXrandr.so.2.2.0
7f6e7e675000-7f6e7e677000 r--p 00000000 08:02 8920315                    /usr/lib/x86_64-linux-gnu/libXi.so.6.1.0
7f6e7e677000-7f6e7e682000 r-xp 00002000 08:02 8920315                    /usr/lib/x86_64-linux-gnu/libXi.so.6.1.0
7f6e7e682000-7f6e7e685000 r--p 0000d000 08:02 8920315                    /usr/lib/x86_64-linux-gnu/libXi.so.6.1.0
7f6e7e685000-7f6e7e686000 r--p 0000f000 08:02 8920315                    /usr/lib/x86_64-linux-gnu/libXi.so.6.1.0
7f6e7e686000-7f6e7e687000 rw-p 00010000 08:02 8920315                    /usr/lib/x86_64-linux-gnu/libXi.so.6.1.0
7f6e7e687000-7f6e7e688000 r--p 00000000 08:02 8920317                    /usr/lib/x86_64-linux-gnu/libXinerama.so.1.0.0
7f6e7e688000-7f6e7e689000 r-xp 00001000 08:02 8920317                    /usr/lib/x86_64-linux-gnu/libXinerama.so.1.0.0
7f6e7e689000-7f6e7e68a000 r--p 00002000 08:02 8920317                    /usr/lib/x86_64-linux-gnu/libXinerama.so.1.0.0
7f6e7e68a000-7f6e7e68b000 r--p 00002000 08:02 8920317                    /usr/lib/x86_64-linux-gnu/libXinerama.so.1.0.0
7f6e7e68b000-7f6e7e68c000 rw-p 00003000 08:02 8920317                    /usr/lib/x86_64-linux-gnu/libXinerama.so.1.0.0
7f6e7e68c000-7f6e7e68e000 r--p 00000000 08:02 8920309                    /usr/lib/x86_64-linux-gnu/libXfixes.so.3.1.0
7f6e7e68e000-7f6e7e691000 r-xp 00002000 08:02 8920309                    /usr/lib/x86_64-linux-gnu/libXfixes.so.3.1.0
7f6e7e691000-7f6e7e692000 r--p 00005000 08:02 8920309                    /usr/lib/x86_64-linux-gnu/libXfixes.so.3.1.0
7f6e7e692000-7f6e7e693000 r--p 00005000 08:02 8920309                    /usr/lib/x86_64-linux-gnu/libXfixes.so.3.1.0
7f6e7e693000-7f6e7e694000 rw-p 00006000 08:02 8920309                    /usr/lib/x86_64-linux-gnu/libXfixes.so.3.1.0
7f6e7e694000-7f6e7e69d000 r-xp 00000000 08:02 8920327                    /usr/lib/x86_64-linux-gnu/libXrender.so.1.3.0
7f6e7e69d000-7f6e7e89c000 ---p 00009000 08:02 8920327                    /usr/lib/x86_64-linux-gnu/libXrender.so.1.3.0
7f6e7e89c000-7f6e7e89d000 r--p 00008000 08:02 8920327                    /usr/lib/x86_64-linux-gnu/libXrender.so.1.3.0
7f6e7e89d000-7f6e7e89e000 rw-p 00009000 08:02 8920327                    /usr/lib/x86_64-linux-gnu/libXrender.so.1.3.0
7f6e7e89e000-7f6e7e8a1000 r--p 00000000 08:02 8920301                    /usr/lib/x86_64-linux-gnu/libXcursor.so.1.0.2
7f6e7e8a1000-7f6e7e8a7000 r-xp 00003000 08:02 8920301                    /usr/lib/x86_64-linux-gnu/libXcursor.so.1.0.2
7f6e7e8a7000-7f6e7e8a9000 r--p 00009000 08:02 8920301                    /usr/lib/x86_64-linux-gnu/libXcursor.so.1.0.2
7f6e7e8a9000-7f6e7e8aa000 r--p 0000a000 08:02 8920301                    /usr/lib/x86_64-linux-gnu/libXcursor.so.1.0.2
7f6e7e8aa000-7f6e7e8ab000 rw-p 0000b000 08:02 8920301                    /usr/lib/x86_64-linux-gnu/libXcursor.so.1.0.2
7f6e7e8ab000-7f6e7e8af000 r--p 00000000 08:02 8920307                    /usr/lib/x86_64-linux-gnu/libXext.so.6.4.0
7f6e7e8af000-7f6e7e8ba000 r-xp 00004000 08:02 8920307                    /usr/lib/x86_64-linux-gnu/libXext.so.6.4.0
7f6e7e8ba000-7f6e7e8be000 r--p 0000f000 08:02 8920307                    /usr/lib/x86_64-linux-gnu/libXext.so.6.4.0
7f6e7e8be000-7f6e7e8bf000 r--p 00012000 08:02 8920307                    /usr/lib/x86_64-linux-gnu/libXext.so.6.4.0
7f6e7e8bf000-7f6e7e8c0000 rw-p 00013000 08:02 8920307                    /usr/lib/x86_64-linux-gnu/libXext.so.6.4.0
7f6e7e8c0000-7f6e7e8c1000 ---p 00000000 00:00 0 
7f6e7e8c1000-7f6e7f0c1000 rw-p 00000000 00:00 0 
7f6e7f0c1000-7f6e7f0c2000 ---p 00000000 00:00 0 
7f6e7f0c2000-7f6e7f8c8000 rw-p 00000000 00:00 0 
7f6e7f8c8000-7f6e7f8cc000 r--p 00000000 08:02 8920463                    /usr/lib/x86_64-linux-gnu/libbsd.so.0.10.0
7f6e7f8cc000-7f6e7f8db000 r-xp 00004000 08:02 8920463                    /usr/lib/x86_64-linux-gnu/libbsd.so.0.10.0
7f6e7f8db000-7f6e7f8de000 r--p 00013000 08:02 8920463                    /usr/lib/x86_64-linux-gnu/libbsd.so.0.10.0
7f6e7f8de000-7f6e7f8df000 ---p 00016000 08:02 8920463                    /usr/lib/x86_64-linux-gnu/libbsd.so.0.10.0
7f6e7f8df000-7f6e7f8e0000 r--p 00016000 08:02 8920463                    /usr/lib/x86_64-linux-gnu/libbsd.so.0.10.0
7f6e7f8e0000-7f6e7f8e1000 rw-p 00017000 08:02 8920463                    /usr/lib/x86_64-linux-gnu/libbsd.so.0.10.0
7f6e7f8e1000-7f6e7f8e2000 rw-p 00000000 00:00 0 
7f6e7f8e2000-7f6e7f8e4000 r--p 00000000 08:02 8920305                    /usr/lib/x86_64-linux-gnu/libXdmcp.so.6.0.0
7f6e7f8e4000-7f6e7f8e6000 r-xp 00002000 08:02 8920305                    /usr/lib/x86_64-linux-gnu/libXdmcp.so.6.0.0
7f6e7f8e6000-7f6e7f8e8000 r--p 00004000 08:02 8920305                    /usr/lib/x86_64-linux-gnu/libXdmcp.so.6.0.0
7f6e7f8e8000-7f6e7f8e9000 r--p 00005000 08:02 8920305                    /usr/lib/x86_64-linux-gnu/libXdmcp.so.6.0.0
7f6e7f8e9000-7f6e7f8ea000 rw-p 00006000 08:02 8920305                    /usr/lib/x86_64-linux-gnu/libXdmcp.so.6.0.0
7f6e7f8ea000-7f6e7f8eb000 r--p 00000000 08:02 8920294                    /usr/lib/x86_64-linux-gnu/libXau.so.6.0.0
7f6e7f8eb000-7f6e7f8ed000 r-xp 00001000 08:02 8920294                    /usr/lib/x86_64-linux-gnu/libXau.so.6.0.0
7f6e7f8ed000-7f6e7f8ee000 r--p 00003000 08:02 8920294                    /usr/lib/x86_64-linux-gnu/libXau.so.6.0.0
7f6e7f8ee000-7f6e7f8ef000 r--p 00003000 08:02 8920294                    /usr/lib/x86_64-linux-gnu/libXau.so.6.0.0
7f6e7f8ef000-7f6e7f8f0000 rw-p 00004000 08:02 8920294                    /usr/lib/x86_64-linux-gnu/libXau.so.6.0.0
7f6e7f8f0000-7f6e7f8fb000 r--p 00000000 08:02 8921796                    /usr/lib/x86_64-linux-gnu/libxcb.so.1.1.0
7f6e7f8fb000-7f6e7f90f000 r-xp 0000b000 08:02 8921796                    /usr/lib/x86_64-linux-gnu/libxcb.so.1.1.0
7f6e7f90f000-7f6e7f918000 r--p 0001f000 08:02 8921796                    /usr/lib/x86_64-linux-gnu/libxcb.so.1.1.0
7f6e7f918000-7f6e7f919000 r--p 00027000 08:02 8921796                    /usr/lib/x86_64-linux-gnu/libxcb.so.1.1.0
7f6e7f919000-7f6e7f91a000 rw-p 00028000 08:02 8921796                    /usr/lib/x86_64-linux-gnu/libxcb.so.1.1.0
7f6e7f91a000-7f6e7f932000 r--p 00000000 08:02 8920290                    /usr/lib/x86_64-linux-gnu/libX11.so.6.3.0
7f6e7f932000-7f6e7f9bd000 r-xp 00018000 08:02 8920290                    /usr/lib/x86_64-linux-gnu/libX11.so.6.3.0
7f6e7f9bd000-7f6e7fa51000 r--p 000a3000 08:02 8920290                    /usr/lib/x86_64-linux-gnu/libX11.so.6.3.0
7f6e7fa51000-7f6e7fa52000 ---p 00137000 08:02 8920290                    /usr/lib/x86_64-linux-gnu/libX11.so.6.3.0
7f6e7fa52000-7f6e7fa53000 r--p 00137000 08:02 8920290                    /usr/lib/x86_64-linux-gnu/libX11.so.6.3.0
7f6e7fa53000-7f6e7fa57000 rw-p 00138000 08:02 8920290                    /usr/lib/x86_64-linux-gnu/libX11.so.6.3.0
7f6e7fa57000-7f6e7fa59000 rw-p 00000000 00:00 0 
7f6e7fa59000-7f6e7fa5c000 r--p 00000000 08:02 8915341                    /usr/lib/x86_64-linux-gnu/libGLX.so.0.0.0
7f6e7fa5c000-7f6e7fa77000 r-xp 00003000 08:02 8915341                    /usr/lib/x86_64-linux-gnu/libGLX.so.0.0.0
7f6e7fa77000-7f6e7fa7b000 r--p 0001e000 08:02 8915341                    /usr/lib/x86_64-linux-gnu/libGLX.so.0.0.0
7f6e7fa7b000-7f6e7fa7c000 r--p 00021000 08:02 8915341                    /usr/lib/x86_64-linux-gnu/libGLX.so.0.0.0
7f6e7fa7c000-7f6e7fa7d000 rw-p 00022000 08:02 8915341                    /usr/lib/x86_64-linux-gnu/libGLX.so.0.0.0
7f6e7fa7d000-7f6e7fa8d000 rw-p 00000000 00:00 0 
7f6e7fa8d000-7f6e7facd000 r--p 00000000 08:02 8920253                    /usr/lib/x86_64-linux-gnu/libGLdispatch.so.0.0.0
7f6e7facd000-7f6e7fb0c000 r-xp 00040000 08:02 8920253                    /usr/lib/x86_64-linux-gnu/libGLdispatch.so.0.0.0
7f6e7fb0c000-7f6e7fb20000 r--p 0007f000 08:02 8920253                    /usr/lib/x86_64-linux-gnu/libGLdispatch.so.0.0.0
7f6e7fb20000-7f6e7fb3c000 r--p 00092000 08:02 8920253                    /usr/lib/x86_64-linux-gnu/libGLdispatch.so.0.0.0
7f6e7fb3c000-7f6e7fb3d000 rw-p 000ae000 08:02 8920253                    /usr/lib/x86_64-linux-gnu/libGLdispatch.so.0.0.0
7f6e7fb3d000-7f6e7fb45000 rw-p 00000000 00:00 0 
7f6e7fb45000-7f6e7fb47000 r--p 00000000 08:02 8914197                    /usr/lib/x86_64-linux-gnu/librt-2.31.so
7f6e7fb47000-7f6e7fb4b000 r-xp 00002000 08:02 8914197                    /usr/lib/x86_64-linux-gnu/librt-2.31.so
7f6e7fb4b000-7f6e7fb4d000 r--p 00006000 08:02 8914197                    /usr/lib/x86_64-linux-gnu/librt-2.31.so
7f6e7fb4d000-7f6e7fb4e000 r--p 00007000 08:02 8914197                    /usr/lib/x86_64-linux-gnu/librt-2.31.so
7f6e7fb4e000-7f6e7fb4f000 rw-p 00008000 08:02 8914197                    /usr/lib/x86_64-linux-gnu/librt-2.31.so
7f6e7fb4f000-7f6e7fb50000 r--p 00000000 08:02 8913979                    /usr/lib/x86_64-linux-gnu/libdl-2.31.so
7f6e7fb50000-7f6e7fb52000 r-xp 00001000 08:02 8913979                    /usr/lib/x86_64-linux-gnu/libdl-2.31.so
7f6e7fb52000-7f6e7fb53000 r--p 00003000 08:02 8913979                    /usr/lib/x86_64-linux-gnu/libdl-2.31.so
7f6e7fb53000-7f6e7fb54000 r--p 00003000 08:02 8913979                    /usr/lib/x86_64-linux-gnu/libdl-2.31.so
7f6e7fb54000-7f6e7fb55000 rw-p 00004000 08:02 8913979                    /usr/lib/x86_64-linux-gnu/libdl-2.31.so
7f6e7fb55000-7f6e7fb98000 r--p 00000000 08:02 8915339                    /usr/lib/x86_64-linux-gnu/libGL.so.1.7.0
7f6e7fb98000-7f6e7fbb8000 r-xp 00043000 08:02 8915339                    /usr/lib/x86_64-linux-gnu/libGL.so.1.7.0
7f6e7fbb8000-7f6e7fbcd000 r--p 00063000 08:02 8915339                    /usr/lib/x86_64-linux-gnu/libGL.so.1.7.0
7f6e7fbcd000-7f6e7fbdb000 r--p 00077000 08:02 8915339                    /usr/lib/x86_64-linux-gnu/libGL.so.1.7.0
7f6e7fbdb000-7f6e7fbdc000 rw-p 00085000 08:02 8915339                    /usr/lib/x86_64-linux-gnu/libGL.so.1.7.0
7f6e7fbdc000-7f6e7fbdd000 rw-p 00000000 00:00 0 
7f6e7fbdd000-7f6e7fbff000 r--p 00000000 08:02 8913928                    /usr/lib/x86_64-linux-gnu/libc-2.31.so
7f6e7fbff000-7f6e7fd77000 r-xp 00022000 08:02 8913928                    /usr/lib/x86_64-linux-gnu/libc-2.31.so
7f6e7fd77000-7f6e7fdc5000 r--p 0019a000 08:02 8913928                    /usr/lib/x86_64-linux-gnu/libc-2.31.so
7f6e7fdc5000-7f6e7fdc9000 r--p 001e7000 08:02 8913928                    /usr/lib/x86_64-linux-gnu/libc-2.31.so
7f6e7fdc9000-7f6e7fdcb000 rw-p 001eb000 08:02 8913928                    /usr/lib/x86_64-linux-gnu/libc-2.31.so
7f6e7fdcb000-7f6e7fdd1000 rw-p 00000000 00:00 0 
7f6e7fdd1000-7f6e7fdd7000 r--p 00000000 08:02 8914147                    /usr/lib/x86_64-linux-gnu/libpthread-2.31.so
7f6e7fdd7000-7f6e7fde8000 r-xp 00006000 08:02 8914147                    /usr/lib/x86_64-linux-gnu/libpthread-2.31.so
7f6e7fde8000-7f6e7fdee000 r--p 00017000 08:02 8914147                    /usr/lib/x86_64-linux-gnu/libpthread-2.31.so
7f6e7fdee000-7f6e7fdef000 r--p 0001c000 08:02 8914147                    /usr/lib/x86_64-linux-gnu/libpthread-2.31.so
7f6e7fdef000-7f6e7fdf0000 rw-p 0001d000 08:02 8914147                    /usr/lib/x86_64-linux-gnu/libpthread-2.31.so
7f6e7fdf0000-7f6e7fdf4000 rw-p 00000000 00:00 0 
7f6e7fdf4000-7f6e7fdf7000 r--p 00000000 08:02 8920760                    /usr/lib/x86_64-linux-gnu/libgcc_s.so.1
7f6e7fdf7000-7f6e7fe09000 r-xp 00003000 08:02 8920760                    /usr/lib/x86_64-linux-gnu/libgcc_s.so.1
7f6e7fe09000-7f6e7fe0d000 r--p 00015000 08:02 8920760                    /usr/lib/x86_64-linux-gnu/libgcc_s.so.1
7f6e7fe0d000-7f6e7fe0e000 r--p 00018000 08:02 8920760                    /usr/lib/x86_64-linux-gnu/libgcc_s.so.1
7f6e7fe0e000-7f6e7fe0f000 rw-p 00019000 08:02 8920760                    /usr/lib/x86_64-linux-gnu/libgcc_s.so.1
7f6e7fe0f000-7f6e7fe1c000 r--p 00000000 08:02 8913984                    /usr/lib/x86_64-linux-gnu/libm-2.31.so
7f6e7fe1c000-7f6e7fec3000 r-xp 0000d000 08:02 8913984                    /usr/lib/x86_64-linux-gnu/libm-2.31.so
7f6e7fec3000-7f6e7ff5c000 r--p 000b4000 08:02 8913984                    /usr/lib/x86_64-linux-gnu/libm-2.31.so
7f6e7ff5c000-7f6e7ff5d000 r--p 0014c000 08:02 8913984                    /usr/lib/x86_64-linux-gnu/libm-2.31.so
7f6e7ff5d000-7f6e7ff5e000 rw-p 0014d000 08:02 8913984                    /usr/lib/x86_64-linux-gnu/libm-2.31.so
7f6e7ff61000-7f6e7ff6c000 rw-p 00000000 00:00 0 
7f6e7ff6c000-7f6e7ff71000 r--p 00000000 08:02 8914086                    /usr/lib/x86_64-linux-gnu/libudev.so.1.6.17
7f6e7ff71000-7f6e7ff8d000 r-xp 00005000 08:02 8914086                    /usr/lib/x86_64-linux-gnu/libudev.so.1.6.17
7f6e7ff8d000-7f6e7ff97000 r--p 00021000 08:02 8914086                    /usr/lib/x86_64-linux-gnu/libudev.so.1.6.17
7f6e7ff97000-7f6e7ff98000 r--p 0002a000 08:02 8914086                    /usr/lib/x86_64-linux-gnu/libudev.so.1.6.17
7f6e7ff98000-7f6e7ff99000 rw-p 0002b000 08:02 8914086                    /usr/lib/x86_64-linux-gnu/libudev.so.1.6.17
7f6e7ff99000-7f6e7ffa0000 r--s 00000000 08:02 9579809                    /usr/lib/x86_64-linux-gnu/gconv/gconv-modules.cache
7f6e7ffa0000-7f6e7ffa1000 rwxp 00000000 00:00 0 
7f6e7ffa1000-7f6e7ffa2000 rw-s 00000000 00:1a 27657                      /dev/shm/mono.40085
7f6e7ffa2000-7f6e80bda000 r--p 00000000 08:02 1859294                    /home/andrei/Duaro_ws/Unity_env/exe-env/env8/UnityPlayer.so
7f6e80bda000-7f6e82c3a000 r-xp 00c38000 08:02 1859294                    /home/andrei/Duaro_ws/Unity_env/exe-env/env8/UnityPlayer.so
7f6e82c3a000-7f6e82d5e000 r--p 02c98000 08:02 1859294                    /home/andrei/Duaro_ws/Unity_env/exe-env/env8/UnityPlayer.so
7f6e82d5e000-7f6e82da2000 rw-p 02dbc000 08:02 1859294                    /home/andrei/Duaro_ws/Unity_env/exe-env/env8/UnityPlayer.so
7f6e82da2000-7f6e82f0a000 rw-p 00000000 00:00 0 
7f6e82f0a000-7f6e82f5d000 r--p 00000000 08:02 8923676                    /usr/lib/x86_64-linux-gnu/libGLEW.so.2.1.0
7f6e82f5d000-7f6e82f8b000 r-xp 00053000 08:02 8923676                    /usr/lib/x86_64-linux-gnu/libGLEW.so.2.1.0
7f6e82f8b000-7f6e82fa3000 r--p 00081000 08:02 8923676                    /usr/lib/x86_64-linux-gnu/libGLEW.so.2.1.0
7f6e82fa3000-7f6e82fae000 r--p 00098000 08:02 8923676                    /usr/lib/x86_64-linux-gnu/libGLEW.so.2.1.0
7f6e82fae000-7f6e82faf000 rw-p 000a3000 08:02 8923676                    /usr/lib/x86_64-linux-gnu/libGLEW.so.2.1.0
7f6e82faf000-7f6e82fb6000 rw-p 00000000 00:00 0 
7f6e82fb6000-7f6e82fb7000 r--p 00000000 08:02 8913556                    /usr/lib/x86_64-linux-gnu/ld-2.31.so
7f6e82fb7000-7f6e82fda000 r-xp 00001000 08:02 8913556                    /usr/lib/x86_64-linux-gnu/ld-2.31.so
7f6e82fda000-7f6e82fe2000 r--p 00024000 08:02 8913556                    /usr/lib/x86_64-linux-gnu/ld-2.31.so
7f6e82fe2000-7f6e82fe3000 rw-s 124266000 00:05 707                       /dev/dri/renderD128
7f6e82fe3000-7f6e82fe4000 r--p 0002c000 08:02 8913556                    /usr/lib/x86_64-linux-gnu/ld-2.31.so
7f6e82fe4000-7f6e82fe5000 rw-p 0002d000 08:02 8913556                    /usr/lib/x86_64-linux-gnu/ld-2.31.so
7f6e82fe5000-7f6e82fe6000 rw-p 00000000 00:00 0 
7fff31db9000-7fff31dc1000 ---p 00000000 00:00 0 
7fff32596000-7fff325b8000 rw-p 00000000 00:00 0                          [stack]
7fff325f1000-7fff325f5000 r--p 00000000 00:00 0                          [vvar]
7fff325f5000-7fff325f7000 r-xp 00000000 00:00 0                          [vdso]
ffffffffff600000-ffffffffff601000 --xp 00000000 00:00 0                  [vsyscall]

Native stacktrace:

	/home/andrei/Duaro_ws/Unity_env/exe-env/env8/env8_Data/MonoBleedingEdge/x86_64/libmonobdwgc-2.0.so(+0xd8194) [0x7f6d95b55194]
	/home/andrei/Duaro_ws/Unity_env/exe-env/env8/env8_Data/MonoBleedingEdge/x86_64/libmonobdwgc-2.0.so(+0x5bf37) [0x7f6d95ad8f37]
	/lib/x86_64-linux-gnu/libpthread.so.0(+0x143c0) [0x7f6e7fde53c0]
	/home/andrei/Duaro_ws/Unity_env/exe-env/env8/UnityPlayer.so(+0x19a87a8) [0x7f6e8194a7a8]
	/home/andrei/Duaro_ws/Unity_env/exe-env/env8/UnityPlayer.so(+0x12e18c7) [0x7f6e812838c7]
	/home/andrei/Duaro_ws/Unity_env/exe-env/env8/UnityPlayer.so(+0x12e243d) [0x7f6e8128443d]
	/home/andrei/Duaro_ws/Unity_env/exe-env/env8/UnityPlayer.so(+0x12d2def) [0x7f6e81274def]
	/home/andrei/Duaro_ws/Unity_env/exe-env/env8/UnityPlayer.so(+0x12d158e) [0x7f6e8127358e]
	/home/andrei/Duaro_ws/Unity_env/exe-env/env8/UnityPlayer.so(+0x12f87c7) [0x7f6e8129a7c7]
	/home/andrei/Duaro_ws/Unity_env/exe-env/env8/UnityPlayer.so(+0x1d33947) [0x7f6e81cd5947]
	/home/andrei/Duaro_ws/Unity_env/exe-env/env8/UnityPlayer.so(+0x1d33887) [0x7f6e81cd5887]
	/home/andrei/Duaro_ws/Unity_env/exe-env/env8/UnityPlayer.so(+0x28a0604) [0x7f6e82842604]
	/lib/x86_64-linux-gnu/libpthread.so.0(+0x8609) [0x7f6e7fdd9609]
	/lib/x86_64-linux-gnu/libc.so.6(clone+0x43) [0x7f6e7fcfc163]

Debug info from gdb:

Caught fatal signal - signo:11 code:1 errno:0 addr:0x28
Obtained 20 stack frames.
#0  0x007f6e7fde53c0 in funlockfile
#1  0x007f6e8194a7a8 in AtomicStack::Pop()
#2  0x007f6e812838c7 in BucketAllocator::Allocate(unsigned long, int)
#3  0x007f6e8128443d in DualThreadAllocator<DynamicHeapAllocator>::Allocate(unsigned long, int)
#4  0x007f6e81274def in MemoryManager::Allocate(unsigned long, unsigned long, MemLabelId const&, AllocateOptions, char const*, int)
#5  0x007f6e8126f961 in malloc_internal(unsigned long, unsigned long, MemLabelId const&, AllocateOptions, char const*, int)
#6  0x007f6e80c1b24b in core::StringStorageDefault<char>::reallocate(unsigned long)
#7  0x007f6e80c26646 in void StreamedBinaryRead::TransferSTLStyleArray<core::basic_string<char, core::StringStorageDefault<char> > >(core::basic_string<char, core::StringStorageDefault<char> >&, TransferMetaFlags)
#8  0x007f6e81833f0b in void StreamedBinaryRead::TransferSTLStyleMap<std::map<PPtr<Shader>, core::basic_string<char, core::StringStorageDefault<char> >, std::less<PPtr<Shader> >, std::allocator<std::pair<PPtr<Shader> const, core::basic_string<char, core::StringStorageDefault<char> > > > > >(std::map<PPtr<Shader>, core::basic_string<char, core::StringStorageDefault<char> >, std::less<PPtr<Shader> >, std::allocator<std::pair<PPtr<Shader> const, core::basic_string<char, core::StringStorageDefault<char> > > > >&, TransferMetaFlags)
#9  0x007f6e81827d16 in ScriptMapper::VirtualRedirectTransfer(StreamedBinaryRead&)
#10 0x007f6e81ae7646 in SerializedFile::ReadObject(long, ObjectCreationMode, bool, TypeTree const**, bool*, Object&)
#11 0x007f6e81ad27ee in PersistentManager::ReadAndActivateObjectThreaded(int, SerializedObjectIdentifier const&, SerializedFile*, bool, bool, PersistentManager::LockFlags)
#12 0x007f6e81ad1db5 in PersistentManager::ReadObjectThreaded(int, PersistentManager::LockFlags)
#13 0x007f6e81ad1c60 in PersistentManager::ReadObject(int, AwakeFromLoadMode)
#14 0x007f6e812c38b9 in LoadManager(core::basic_string<char, core::StringStorageDefault<char> > const&, int)
#15 0x007f6e812c3997 in PlayerLoadGlobalManagers(char const*, char const*, unsigned int)
#16 0x007f6e817ad039 in PlayerInitEngineGraphics(bool)
#17 0x007f6e81b078a3 in PlayerMain(int, char**)
#18 0x007f6e7fc010b3 in __libc_start_main
#19 0x00000000201029 in _start
/tmp/mono-gdb-commands.y5G1by:1: Error in sourced command file:
Unable to attach: program terminated with signal SIGSEGV, Segmentation fault.
